[ 2014-08-27T00:19:32+08:00 ] 127.0.0.1 /Home/Match/teamUp.html?mod=597:%E5%AE%89%E6%A0%BC%E6%96%AF;4596:%E9%98%BF%E5%B0%94%E5%8B%92
ERR: 1062:Duplicate entry '4596' for key 'PRIMARY'
 [ SQLè¯­å¥ ] : INSERT INTO `m_team` (`tid`,`qtname`) VALUES (4596,'é˜¿å°”å‹\’')

[ 2014-08-27T00:25:15+08:00 ] 127.0.0.1 /Home/Match/teamUp.html
ERR: 1062:Duplicate entry '4596' for key 'PRIMARY'
 [ SQLè¯­å¥ ] : INSERT INTO `m_team` (`tid`,`qtname`) VALUES (4596,'é˜¿å°”å‹\’')

[ 2014-08-27T00:25:32+08:00 ] 127.0.0.1 /Home/Match/teamUp.html?mod=mod:597:%E6%98%82%E7%83%AD:%E5%AE%89%E6%A0%BC%E6%96%AF;4596:%E9%98%BF%E5%B0%94%E5%8B%92:%E9%98%BF%E5%B0%94%E5%8B%92
ERR: 1062:Duplicate entry '4596' for key 'PRIMARY'
 [ SQLè¯­å¥ ] : INSERT INTO `m_team` (`tid`,`qtname`) VALUES (4596,'é˜¿å°”å‹\’')

[ 2014-08-27T00:34:45+08:00 ] 127.0.0.1 /Home/Match/teamUp.html?mod=597:%E6%98%82%E7%83%AD:%E5%AE%89%E6%A0%BC%E6%96%AF;4596:%E9%98%BF%E5%B0%94%E5%8B%92:%E9%98%BF%E5%B0%94%E5%8B%92
ERR: 1062:Duplicate entry '4596' for key 'PRIMARY'
 [ SQLè¯­å¥ ] : INSERT INTO `m_team` (`tid`,`tname`,`qtname`) VALUES (4596,'é˜¿å°”å‹\’','é˜¿å°”å‹\’')

[ 2014-08-27T00:35:22+08:00 ] 127.0.0.1 /Home/Match/teamUp.html?mod=597:%E6%98%82%E7%83%AD:%E5%AE%89%E6%A0%BC%E6%96%AF;4596:%E9%98%BF%E5%B0%94%E5%8B%92:%E9%98%BF%E5%B0%94%E5%8B%92
ERR: 1062:Duplicate entry '597' for key 'PRIMARY'
 [ SQLè¯­å¥ ] : INSERT INTO `m_team` (`tid`,`tname`,`qtname`) VALUES (597,'æ˜‚çƒ­','å®‰æ ¼æ–\¯')
ERR: 1062:Duplicate entry '4596' for key 'PRIMARY'
 [ SQLè¯­å¥ ] : INSERT INTO `m_team` (`tid`,`tname`,`qtname`) VALUES (4596,'é˜¿å°”å‹\’','é˜¿å°”å‹\’')

[ 2014-08-27T00:41:27+08:00 ] 127.0.0.1 /Home/Match/Index.html
ERR: 1064:You have an error in your SQL syntax; check the manual that corresponds to your MySQL server version for the right syntax to use near ') )' at line 1
 [ SQLè¯­å¥ ] : SELECT `tid`,`qtname` FROM `m_team` WHERE ( `tid` IN () ) 

[ 2014-08-27T00:41:30+08:00 ] 127.0.0.1 /Home/Match/Index.html
ERR: 1064:You have an error in your SQL syntax; check the manual that corresponds to your MySQL server version for the right syntax to use near ') )' at line 1
 [ SQLè¯­å¥ ] : SELECT `tid`,`qtname` FROM `m_team` WHERE ( `tid` IN () ) 

[ 2014-08-27T00:43:18+08:00 ] 127.0.0.1 /Home/Match/teamUpAll.html
ERR: 1062:Duplicate entry '560' for key 'PRIMARY'
 [ SQLè¯­å¥ ] : INSERT INTO `m_team` (`tid`,`tname`,`qtname`) VALUES (560,'é˜¿é›…å…‹è‚–','é˜¿é›…å…‹è‚–')
ERR: 1062:Duplicate entry '1225' for key 'PRIMARY'
 [ SQLè¯­å¥ ] : INSERT INTO `m_team` (`tid`,`tname`,`qtname`) VALUES (1225,'ç‰¹é²ç“\¦','ç‰¹é²ç“\¦')
ERR: 1062:Duplicate entry '560' for key 'PRIMARY'
 [ SQLè¯­å¥ ] : INSERT INTO `m_team` (`tid`,`tname`,`qtname`) VALUES (560,'é˜¿é›…å…‹è‚–','é˜¿é›…å…‹è‚–')
ERR: 1062:Duplicate entry '485' for key 'PRIMARY'
 [ SQLè¯­å¥ ] : INSERT INTO `m_team` (`tid`,`tname`,`qtname`) VALUES (485,'æ²™æ‰˜é²\','æ²™æ‰˜é²\')
ERR: 1062:Duplicate entry '944' for key 'PRIMARY'
 [ SQLè¯­å¥ ] : INSERT INTO `m_team` (`tid`,`tname`,`qtname`) VALUES (944,'å…‹è±è’\™','å…‹è±è’\™')
ERR: 1062:Duplicate entry '485' for key 'PRIMARY'
 [ SQLè¯­å¥ ] : INSERT INTO `m_team` (`tid`,`tname`,`qtname`) VALUES (485,'æ²™æ‰˜é²\','æ²™æ‰˜é²\')
ERR: 1062:Duplicate entry '944' for key 'PRIMARY'
 [ SQLè¯­å¥ ] : INSERT INTO `m_team` (`tid`,`tname`,`qtname`) VALUES (944,'å…‹è±è’\™','å…‹è±è’\™')
ERR: 1062:Duplicate entry '4596' for key 'PRIMARY'
 [ SQLè¯­å¥ ] : INSERT INTO `m_team` (`tid`,`tname`,`qtname`) VALUES (4596,'é˜¿å°”å‹\’','é˜¿å°”å‹\’')
ERR: 1062:Duplicate entry '4596' for key 'PRIMARY'
 [ SQLè¯­å¥ ] : INSERT INTO `m_team` (`tid`,`tname`,`qtname`) VALUES (4596,'é˜¿å°”å‹\’','é˜¿å°”å‹\’')
ERR: 1062:Duplicate entry '966' for key 'PRIMARY'
 [ SQLè¯­å¥ ] : INSERT INTO `m_team` (`tid`,`tname`,`qtname`) VALUES (966,'æ‹‰ç“¦å‹\’','æ‹‰ç“¦å‹\’')
ERR: 1062:Duplicate entry '774' for key 'PRIMARY'
 [ SQLè¯­å¥ ] : INSERT INTO `m_team` (`tid`,`tname`,`qtname`) VALUES (774,'ç¬¬æˆ','ç¬¬æˆ')
ERR: 1062:Duplicate entry '966' for key 'PRIMARY'
 [ SQLè¯­å¥ ] : INSERT INTO `m_team` (`tid`,`tname`,`qtname`) VALUES (966,'æ‹‰ç“¦å‹\’','æ‹‰ç“¦å‹\’')
ERR: 1062:Duplicate entry '774' for key 'PRIMARY'
 [ SQLè¯­å¥ ] : INSERT INTO `m_team` (`tid`,`tname`,`qtname`) VALUES (774,'ç¬¬æˆ','ç¬¬æˆ')
ERR: 1062:Duplicate entry '5468' for key 'PRIMARY'
 [ SQLè¯­å¥ ] : INSERT INTO `m_team` (`tid`,`tname`,`qtname`) VALUES (5468,'åŸƒå› éœæ¸©é’å¹´é˜\Ÿ','åŸƒå› éœæ¸©é’å¹´é˜\Ÿ')
ERR: 1062:Duplicate entry '3542' for key 'PRIMARY'
 [ SQLè¯­å¥ ] : INSERT INTO `m_team` (`tid`,`tname`,`qtname`) VALUES (3542,'æ‘©é¡¿','æ‘©é¡¿')
ERR: 1062:Duplicate entry '1148' for key 'PRIMARY'
 [ SQLè¯­å¥ ] : INSERT INTO `m_team` (`tid`,`tname`,`qtname`) VALUES (1148,'å¸•å°”è’‚å…‹','å¸•å°”è’‚å…‹')
ERR: 1062:Duplicate entry '604' for key 'PRIMARY'
 [ SQLè¯­å¥ ] : INSERT INTO `m_team` (`tid`,`tname`,`qtname`) VALUES (604,'å¥¥å°”å \¡','å¥¥å°”å \¡')
ERR: 1062:Duplicate entry '2510' for key 'PRIMARY'
 [ SQLè¯­å¥ ] : INSERT INTO `m_team` (`tid`,`tname`,`qtname`) VALUES (2510,'å¸Œè…Šäººç«æŠ€','å¸Œè…Šäººç«æŠ€')
ERR: 1062:Duplicate entry '604' for key 'PRIMARY'
 [ SQLè¯­å¥ ] : INSERT INTO `m_team` (`tid`,`tname`,`qtname`) VALUES (604,'å¥¥å°”å \¡','å¥¥å°”å \¡')
ERR: 1062:Duplicate entry '1474' for key 'PRIMARY'
 [ SQLè¯­å¥ ] : INSERT INTO `m_team` (`tid`,`tname`,`qtname`) VALUES (1474,'å¸ƒæ‹‰è¿ªæ–¯æ‹‰å‘','å¸ƒæ‹‰è¿ªæ–¯æ‹‰å‘')
ERR: 1062:Duplicate entry '926' for key 'PRIMARY'
 [ SQLè¯­å¥ ] : INSERT INTO `m_team` (`tid`,`tname`,`qtname`) VALUES (926,'å‡¯å°”ç‰¹äºº','å‡¯å°”ç‰¹äºº')
ERR: 1062:Duplicate entry '1523' for key 'PRIMARY'
 [ SQLè¯­å¥ ] : INSERT INTO `m_team` (`tid`,`tname`,`qtname`) VALUES (1523,'é©¬é‡Œåšå°”','é©¬é‡Œåšå°”')
ERR: 1062:Duplicate entry '998' for key 'PRIMARY'
 [ SQLè¯­å¥ ] : INSERT INTO `m_team` (`tid`,`tname`,`qtname`) VALUES (998,'é‡Œå°”','é‡Œå°”')
ERR: 1062:Duplicate entry '694' for key 'PRIMARY'
 [ SQLè¯­å¥ ] : INSERT INTO `m_team` (`tid`,`tname`,`qtname`) VALUES (694,'æ³¢å°”å›\¾','æ³¢å°”å›\¾')
ERR: 1062:Duplicate entry '998' for key 'PRIMARY'
 [ SQLè¯­å¥ ] : INSERT INTO `m_team` (`tid`,`tname`,`qtname`) VALUES (998,'é‡Œå°”','é‡Œå°”')
ERR: 1062:Duplicate entry '667' for key 'PRIMARY'
 [ SQLè¯­å¥ ] : INSERT INTO `m_team` (`tid`,`tname`,`qtname`) VALUES (667,'ä¼¯æ©èŒ…æ–¯','ä¼¯æ©èŒ…æ–¯')
ERR: 1062:Duplicate entry '1145' for key 'PRIMARY'
 [ SQLè¯­å¥ ] : INSERT INTO `m_team` (`tid`,`tname`,`qtname`) VALUES (1145,'åŒ—å®‰æ™®æ•¦','åŒ—å®‰æ™®æ•¦')
ERR: 1062:Duplicate entry '1361' for key 'PRIMARY'
 [ SQLè¯­å¥ ] : INSERT INTO `m_team` (`tid`,`tname`,`qtname`) VALUES (1361,'å¸ƒä¼¦ç‰¹ç¦å¾\·','å¸ƒä¼¦ç‰¹ç¦å¾\·')
ERR: 1062:Duplicate entry '811' for key 'PRIMARY'
 [ SQLè¯­å¥ ] : INSERT INTO `m_team` (`tid`,`tname`,`qtname`) VALUES (811,'å¯Œå‹’å§\†','å¯Œå‹’å§\†')
ERR: 1062:Duplicate entry '700' for key 'PRIMARY'
 [ SQLè¯­å¥ ] : INSERT INTO `m_team` (`tid`,`tname`,`qtname`) VALUES (700,'ä¼¯æ©åˆ\©','ä¼¯æ©åˆ\©')
ERR: 1062:Duplicate entry '700' for key 'PRIMARY'
 [ SQLè¯­å¥ ] : INSERT INTO `m_team` (`tid`,`tname`,`qtname`) VALUES (700,'ä¼¯æ©åˆ\©','ä¼¯æ©åˆ\©')
ERR: 1062:Duplicate entry '704' for key 'PRIMARY'
 [ SQLè¯­å¥ ] : INSERT INTO `m_team` (`tid`,`tname`,`qtname`) VALUES (704,'åšå°”é¡\¿','åšå°”é¡\¿')
ERR: 1062:Duplicate entry '946' for key 'PRIMARY'
 [ SQLè¯­å¥ ] : INSERT INTO `m_team` (`tid`,`tname`,`qtname`) VALUES (946,'å…‹é²','å…‹é²')
ERR: 1062:Duplicate entry '704' for key 'PRIMARY'
 [ SQLè¯­å¥ ] : INSERT INTO `m_team` (`tid`,`tname`,`qtname`) VALUES (704,'åšå°”é¡\¿','åšå°”é¡\¿')
ERR: 1062:Duplicate entry '740' for key 'PRIMARY'
 [ SQLè¯­å¥ ] : INSERT INTO `m_team` (`tid`,`tname`,`qtname`) VALUES (740,'æŸ¥å°”é¡\¿','æŸ¥å°”é¡\¿')
ERR: 1062:Duplicate entry '760' for key 'PRIMARY'
 [ SQLè¯­å¥ ] : INSERT INTO `m_team` (`tid`,`tname`,`qtname`) VALUES (760,'å¾·æ¯”éƒ\¡','å¾·æ¯”éƒ\¡')
ERR: 1062:Duplicate entry '760' for key 'PRIMARY'
 [ SQLè¯­å¥ ] : INSERT INTO `m_team` (`tid`,`tname`,`qtname`) VALUES (760,'å¾·æ¯”éƒ\¡','å¾·æ¯”éƒ\¡')
ERR: 1062:Duplicate entry '740' for key 'PRIMARY'
 [ SQLè¯­å¥ ] : INSERT INTO `m_team` (`tid`,`tname`,`qtname`) VALUES (740,'æŸ¥å°”é¡\¿','æŸ¥å°”é¡\¿')
ERR: 1062:Duplicate entry '1137' for key 'PRIMARY'
 [ SQLè¯­å¥ ] : INSERT INTO `m_team` (`tid`,`tname`,`qtname`) VALUES (1137,'çº½å¡æ–¯å°”è\”','çº½å¡æ–¯å°”è\”')
ERR: 1062:Duplicate entry '1142' for key 'PRIMARY'
 [ SQLè¯­å¥ ] : INSERT INTO `m_team` (`tid`,`tname`,`qtname`) VALUES (1142,'è¯ºä¸æ±‰æ£®æ\—','è¯ºä¸æ±‰æ£®æ\—')
ERR: 1062:Duplicate entry '847' for key 'PRIMARY'
 [ SQLè¯­å¥ ] : INSERT INTO `m_team` (`tid`,`tname`,`qtname`) VALUES (847,'å“ˆå¾·æ–¯è²å°”å¾·','å“ˆå¾·æ–¯è²å°”å¾·')
ERR: 1062:Duplicate entry '1142' for key 'PRIMARY'
 [ SQLè¯­å¥ ] : INSERT INTO `m_team` (`tid`,`tname`,`qtname`) VALUES (1142,'è¯ºä¸æ±‰æ£®æ\—','è¯ºä¸æ±‰æ£®æ\—')
ERR: 1062:Duplicate entry '973' for key 'PRIMARY'
 [ SQLè¯­å¥ ] : INSERT INTO `m_team` (`tid`,`tname`,`qtname`) VALUES (973,'è±åˆ‡æ–¯ç‰¹åŸ\','è±åˆ‡æ–¯ç‰¹åŸ\')
ERR: 1062:Duplicate entry '973' for key 'PRIMARY'
 [ SQLè¯­å¥ ] : INSERT INTO `m_team` (`tid`,`tname`,`qtname`) VALUES (973,'è±åˆ‡æ–¯ç‰¹åŸ\','è±åˆ‡æ–¯ç‰¹åŸ\')
ERR: 1062:Duplicate entry '1095' for key 'PRIMARY'
 [ SQLè¯­å¥ ] : INSERT INTO `m_team` (`tid`,`tname`,`qtname`) VALUES (1095,'ç±³å¾·å°”æ–¯å \¡','ç±³å¾·å°”æ–¯å \¡')
ERR: 1062:Duplicate entry '1095' for key 'PRIMARY'
 [ SQLè¯­å¥ ] : INSERT INTO `m_team` (`tid`,`tname`,`qtname`) VALUES (1095,'ç±³å¾·å°”æ–¯å \¡','ç±³å¾·å°”æ–¯å \¡')
ERR: 1062:Duplicate entry '1165' for key 'PRIMARY'
 [ SQLè¯­å¥ ] : INSERT INTO `m_team` (`tid`,`tname`,`qtname`) VALUES (1165,'æ™®é›·æ–¯é¡¿','æ™®é›·æ–¯é¡¿')
ERR: 1062:Duplicate entry '1128' for key 'PRIMARY'
 [ SQLè¯­å¥ ] : INSERT INTO `m_team` (`tid`,`tname`,`qtname`) VALUES (1128,'å—å®‰æ™®æ•¦','å—å®‰æ™®æ•¦')
ERR: 1062:Duplicate entry '1097' for key 'PRIMARY'
 [ SQLè¯­å¥ ] : INSERT INTO `m_team` (`tid`,`tname`,`qtname`) VALUES (1097,'ç±³å°”æ²ƒå°”','ç±³å°”æ²ƒå°”')
ERR: 1062:Duplicate entry '1097' for key 'PRIMARY'
 [ SQLè¯­å¥ ] : INSERT INTO `m_team` (`tid`,`tname`,`qtname`) VALUES (1097,'ç±³å°”æ²ƒå°”','ç±³å°”æ²ƒå°”')
ERR: 1062:Duplicate entry '1128' for key 'PRIMARY'
 [ SQLè¯­å¥ ] : INSERT INTO `m_team` (`tid`,`tname`,`qtname`) VALUES (1128,'å—å®‰æ™®æ•¦','å—å®‰æ™®æ•¦')
ERR: 1062:Duplicate entry '1144' for key 'PRIMARY'
 [ SQLè¯­å¥ ] : INSERT INTO `m_team` (`tid`,`tname`,`qtname`) VALUES (1144,'è¯ºç»´å¥\‡','è¯ºç»´å¥\‡')
ERR: 1062:Duplicate entry '1956' for key 'PRIMARY'
 [ SQLè¯­å¥ ] : INSERT INTO `m_team` (`tid`,`tname`,`qtname`) VALUES (1956,'å…‹åŠ³åˆ\©','å…‹åŠ³åˆ\©')
ERR: 1062:Duplicate entry '1144' for key 'PRIMARY'
 [ SQLè¯­å¥ ] : INSERT INTO `m_team` (`tid`,`tname`,`qtname`) VALUES (1144,'è¯ºç»´å¥\‡','è¯ºç»´å¥\‡')
ERR: 1062:Duplicate entry '1956' for key 'PRIMARY'
 [ SQLè¯­å¥ ] : INSERT INTO `m_team` (`tid`,`tname`,`qtname`) VALUES (1956,'å…‹åŠ³åˆ\©','å…‹åŠ³åˆ\©')
ERR: 1062:Duplicate entry '1257' for key 'PRIMARY'
 [ SQLè¯­å¥ ] : INSERT INTO `m_team` (`tid`,`tname`,`qtname`) VALUES (1257,'ç»´å°”æ¸\¯','ç»´å°”æ¸\¯')
ERR: 1062:Duplicate entry '1257' for key 'PRIMARY'
 [ SQLè¯­å¥ ] : INSERT INTO `m_team` (`tid`,`tname`,`qtname`) VALUES (1257,'ç»´å°”æ¸\¯','ç»´å°”æ¸\¯')
ERR: 1062:Duplicate entry '989' for key 'PRIMARY'
 [ SQLè¯­å¥ ] : INSERT INTO `m_team` (`tid`,`tname`,`qtname`) VALUES (989,'é›·ä¸','é›·ä¸')
ERR: 1062:Duplicate entry '989' for key 'PRIMARY'
 [ SQLè¯­å¥ ] : INSERT INTO `m_team` (`tid`,`tname`,`qtname`) VALUES (989,'é›·ä¸','é›·ä¸')
ERR: 1062:Duplicate entry '511' for key 'PRIMARY'
 [ SQLè¯­å¥ ] : INSERT INTO `m_team` (`tid`,`tname`,`qtname`) VALUES (511,'æ–¯æ—ºè¥\¿','æ–¯æ—ºè¥\¿')
ERR: 1062:Duplicate entry '511' for key 'PRIMARY'
 [ SQLè¯­å¥ ] : INSERT INTO `m_team` (`tid`,`tname`,`qtname`) VALUES (511,'æ–¯æ—ºè¥\¿','æ–¯æ—ºè¥\¿')
ERR: 1062:Duplicate entry '1037' for key 'PRIMARY'
 [ SQLè¯­å¥ ] : INSERT INTO `m_team` (`tid`,`tname`,`qtname`) VALUES (1037,'ç½—ç‘Ÿæ±‰å§†','ç½—ç‘Ÿæ±‰å§†')
ERR: 1062:Duplicate entry '510' for key 'PRIMARY'
 [ SQLè¯­å¥ ] : INSERT INTO `m_team` (`tid`,`tname`,`qtname`) VALUES (510,'æ–¯æ–‡ç™\»','æ–¯æ–‡ç™\»')
ERR: 1062:Duplicate entry '510' for key 'PRIMARY'
 [ SQLè¯­å¥ ] : INSERT INTO `m_team` (`tid`,`tname`,`qtname`) VALUES (510,'æ–¯æ–‡ç™\»','æ–¯æ–‡ç™\»')
ERR: 1062:Duplicate entry '516' for key 'PRIMARY'
 [ SQLè¯­å¥ ] : INSERT INTO `m_team` (`tid`,`tname`,`qtname`) VALUES (516,'æ°´æ™¶å®\«','æ°´æ™¶å®\«')
ERR: 1062:Duplicate entry '1272' for key 'PRIMARY'
 [ SQLè¯­å¥ ] : INSERT INTO `m_team` (`tid`,`tname`,`qtname`) VALUES (1272,'æ²ƒå°”ç´¢å°”','æ²ƒå°”ç´¢å°”')
ERR: 1062:Duplicate entry '516' for key 'PRIMARY'
 [ SQLè¯­å¥ ] : INSERT INTO `m_team` (`tid`,`tname`,`qtname`) VALUES (516,'æ°´æ™¶å®\«','æ°´æ™¶å®\«')
ERR: 1062:Duplicate entry '1274' for key 'PRIMARY'
 [ SQLè¯­å¥ ] : INSERT INTO `m_team` (`tid`,`tname`,`qtname`) VALUES (1274,'æ²ƒç‰¹ç¦å¾·','æ²ƒç‰¹ç¦å¾·')
ERR: 1062:Duplicate entry '1274' for key 'PRIMARY'
 [ SQLè¯­å¥ ] : INSERT INTO `m_team` (`tid`,`tname`,`qtname`) VALUES (1274,'æ²ƒç‰¹ç¦å¾·','æ²ƒç‰¹ç¦å¾·')
ERR: 1062:Duplicate entry '1218' for key 'PRIMARY'
 [ SQLè¯­å¥ ] : INSERT INTO `m_team` (`tid`,`tname`,`qtname`) VALUES (1218,'å”å¡æ–¯ç‰¹','å”å¡æ–¯ç‰¹')
ERR: 1062:Duplicate entry '1286' for key 'PRIMARY'
 [ SQLè¯­å¥ ] : INSERT INTO `m_team` (`tid`,`tname`,`qtname`) VALUES (1286,'è¥¿æ±‰å§†è”','è¥¿æ±‰å§†è”')
ERR: 1062:Duplicate entry '1286' for key 'PRIMARY'
 [ SQLè¯­å¥ ] : INSERT INTO `m_team` (`tid`,`tname`,`qtname`) VALUES (1286,'è¥¿æ±‰å§†è”','è¥¿æ±‰å§†è”')
ERR: 1062:Duplicate entry '784' for key 'PRIMARY'
 [ SQLè¯­å¥ ] : INSERT INTO `m_team` (`tid`,`tname`,`qtname`) VALUES (784,'é‚“è¿ªFC','é‚“è¿ªFC')
ERR: 1062:Duplicate entry '1930' for key 'PRIMARY'
 [ SQLè¯­å¥ ] : INSERT INTO `m_team` (`tid`,`tname`,`qtname`) VALUES (1930,'è‰¾å°”è\”','è‰¾å°”è\”')
ERR: 1062:Duplicate entry '402' for key 'PRIMARY'
 [ SQLè¯­å¥ ] : INSERT INTO `m_team` (`tid`,`tname`,`qtname`) VALUES (402,'åœ£ç±³ä¼\¦','åœ£ç±³ä¼\¦')
ERR: 1062:Duplicate entry '766' for key 'PRIMARY'
 [ SQLè¯­å¥ ] : INSERT INTO `m_team` (`tid`,`tname`,`qtname`) VALUES (766,'é‚“å¼—å§†æ—','é‚“å¼—å§†æ—')
ERR: 1062:Duplicate entry '1734' for key 'PRIMARY'
 [ SQLè¯­å¥ ] : INSERT INTO `m_team` (`tid`,`tname`,`qtname`) VALUES (1734,'æ–¯ç‰¹å…°æ‹‰å°\”','æ–¯ç‰¹å…°æ‹‰å°\”')
ERR: 1062:Duplicate entry '1719' for key 'PRIMARY'
 [ SQLè¯­å¥ ] : INSERT INTO `m_team` (`tid`,`tname`,`qtname`) VALUES (1719,'ç½—æ–¯éƒ\¡','ç½—æ–¯éƒ\¡')
ERR: 1062:Duplicate entry '1284' for key 'PRIMARY'
 [ SQLè¯­å¥ ] : INSERT INTO `m_team` (`tid`,`tname`,`qtname`) VALUES (1284,'è¥¿å¸ƒç½—å§†ç»´å¥‡','è¥¿å¸ƒç½—å§†ç»´å¥‡')
ERR: 1062:Duplicate entry '1075' for key 'PRIMARY'
 [ SQLè¯­å¥ ] : INSERT INTO `m_team` (`tid`,`tname`,`qtname`) VALUES (1075,'æ›¼å½»æ–¯ç‰¹è\”','æ›¼å½»æ–¯ç‰¹è\”')
ERR: 1062:Duplicate entry '2023' for key 'PRIMARY'
 [ SQLè¯­å¥ ] : INSERT INTO `m_team` (`tid`,`tname`,`qtname`) VALUES (2023,'ç±³å°”é¡¿å‡¯æ©æ–¯','ç±³å°”é¡¿å‡¯æ©æ–¯')
ERR: 1062:Duplicate entry '2023' for key 'PRIMARY'
 [ SQLè¯­å¥ ] : INSERT INTO `m_team` (`tid`,`tname`,`qtname`) VALUES (2023,'ç±³å°”é¡¿å‡¯æ©æ–¯','ç±³å°”é¡¿å‡¯æ©æ–¯')
ERR: 1062:Duplicate entry '1075' for key 'PRIMARY'
 [ SQLè¯­å¥ ] : INSERT INTO `m_team` (`tid`,`tname`,`qtname`) VALUES (1075,'æ›¼å½»æ–¯ç‰¹è\”','æ›¼å½»æ–¯ç‰¹è\”')
ERR: 1062:Duplicate entry '1908' for key 'PRIMARY'
 [ SQLè¯­å¥ ] : INSERT INTO `m_team` (`tid`,`tname`,`qtname`) VALUES (1908,'ç“¦å¥‡å·´æ‰˜','ç“¦å¥‡å·´æ‰˜')
ERR: 1062:Duplicate entry '676' for key 'PRIMARY'
 [ SQLè¯­å¥ ] : INSERT INTO `m_team` (`tid`,`tname`,`qtname`) VALUES (676,'è´å°”æ ¼æ‹‰è¯\º','è´å°”æ ¼æ‹‰è¯\º')
ERR: 1062:Duplicate entry '835' for key 'PRIMARY'
 [ SQLè¯­å¥ ] : INSERT INTO `m_team` (`tid`,`tname`,`qtname`) VALUES (835,'æ‹‰æ™®æ‹‰å¡”ä½“æ“','æ‹‰æ™®æ‹‰å¡”ä½“æ“')
ERR: 1062:Duplicate entry '5241' for key 'PRIMARY'
 [ SQLè¯­å¥ ] : INSERT INTO `m_team` (`tid`,`tname`,`qtname`) VALUES (5241,'å¥¥æ—åŒ¹å¥¥','å¥¥æ—åŒ¹å¥¥')
ERR: 1062:Duplicate entry '1322' for key 'PRIMARY'
 [ SQLè¯­å¥ ] : INSERT INTO `m_team` (`tid`,`tname`,`qtname`) VALUES (1322,'é˜¿æ ¹å»·ç‹¬ç«\‹','é˜¿æ ¹å»·ç‹¬ç«\‹')
ERR: 1062:Duplicate entry '4710' for key 'PRIMARY'
 [ SQLè¯­å¥ ] : INSERT INTO `m_team` (`tid`,`tname`,`qtname`) VALUES (4710,'å®‰ç´¢é˜¿ç‰¹å\‰','å®‰ç´¢é˜¿ç‰¹å\‰')
ERR: 1062:Duplicate entry '5181' for key 'PRIMARY'
 [ SQLè¯­å¥ ] : INSERT INTO `m_team` (`tid`,`tname`,`qtname`) VALUES (5181,'åŸºå¤šå¤©ä¸»å¤§å­¦','åŸºå¤šå¤©ä¸»å¤§å­¦')
ERR: 1062:Duplicate entry '3585' for key 'PRIMARY'
 [ SQLè¯­å¥ ] : INSERT INTO `m_team` (`tid`,`tname`,`qtname`) VALUES (3585,'åŸƒæ¢…è±å…‹','åŸƒæ¢…è±å…‹')
ERR: 1062:Duplicate entry '1588' for key 'PRIMARY'
 [ SQLè¯­å¥ ] : INSERT INTO `m_team` (`tid`,`tname`,`qtname`) VALUES (1588,'ç“¦æ–¯ç§‘è¾¾ä¼½é©¬','ç“¦æ–¯ç§‘è¾¾ä¼½é©¬')
ERR: 1062:Duplicate entry '1139' for key 'PRIMARY'
 [ SQLè¯­å¥ ] : INSERT INTO `m_team` (`tid`,`tname`,`qtname`) VALUES (1139,'çº½çº¦çº¢ç‰›','çº½çº¦çº¢ç‰›')
ERR: 1062:Duplicate entry '558' for key 'PRIMARY'
 [ SQLè¯­å¥ ] : INSERT INTO `m_team` (`tid`,`tname`,`qtname`) VALUES (558,'ç«æŠ€ä¿±ä¹éƒ\¨','ç«æŠ€ä¿±ä¹éƒ\¨')
ERR: 1062:Duplicate entry '2062' for key 'PRIMARY'
 [ SQLè¯­å¥ ] : INSERT INTO `m_team` (`tid`,`tname`,`qtname`) VALUES (2062,'æ³¢ç‰¹è¯ºå±±ä¸\˜','æ³¢ç‰¹è¯ºå±±ä¸\˜')
ERR: 1062:Duplicate entry '533' for key 'PRIMARY'
 [ SQLè¯­å¥ ] : INSERT INTO `m_team` (`tid`,`tname`,`qtname`) VALUES (533,'å¢¨è¥¿å“¥ç¾æ´\²','å¢¨è¥¿å“¥ç¾æ´\²')
ERR: 1062:Duplicate entry '845' for key 'PRIMARY'
 [ SQLè¯­å¥ ] : INSERT INTO `m_team` (`tid`,`tname`,`qtname`) VALUES (845,'å¹¿å²›ä¸‰ç®­','å¹¿å²›ä¸‰ç®­')
ERR: 1062:Duplicate entry '4127' for key 'PRIMARY'
 [ SQLè¯­å¥ ] : INSERT INTO `m_team` (`tid`,`tname`,`qtname`) VALUES (4127,'æ°´æˆ·èœ€è‘\µ','æ°´æˆ·èœ€è‘\µ')
ERR: 1062:Duplicate entry '1608' for key 'PRIMARY'
 [ SQLè¯­å¥ ] : INSERT INTO `m_team` (`tid`,`tname`,`qtname`) VALUES (1608,'æµ¦é¡¹åˆ¶é“','æµ¦é¡¹åˆ¶é“')
ERR: 1062:Duplicate entry '1560' for key 'PRIMARY'
 [ SQLè¯­å¥ ] : INSERT INTO `m_team` (`tid`,`tname`,`qtname`) VALUES (1560,'å¹¿å·æ’å¤§','å¹¿å·æ’å¤§')
ERR: 1062:Duplicate entry '688' for key 'PRIMARY'
 [ SQLè¯­å¥ ] : INSERT INTO `m_team` (`tid`,`tname`,`qtname`) VALUES (688,'è´è¥¿å…‹å¡”æ–\¯','è´è¥¿å…‹å¡”æ–\¯')
ERR: 1062:Duplicate entry '554' for key 'PRIMARY'
 [ SQLè¯­å¥ ] : INSERT INTO `m_team` (`tid`,`tname`,`qtname`) VALUES (554,'é˜¿æ£®çº\³','é˜¿æ£®çº\³')
ERR: 1062:Duplicate entry '688' for key 'PRIMARY'
 [ SQLè¯­å¥ ] : INSERT INTO `m_team` (`tid`,`tname`,`qtname`) VALUES (688,'è´è¥¿å…‹å¡”æ–\¯','è´è¥¿å…‹å¡”æ–\¯')
ERR: 1062:Duplicate entry '690' for key 'PRIMARY'
 [ SQLè¯­å¥ ] : INSERT INTO `m_team` (`tid`,`tname`,`qtname`) VALUES (690,'æ¯•å°”å·´é„‚ç«æŠ€','æ¯•å°”å·´é„‚ç«æŠ€')
ERR: 1062:Duplicate entry '1125' for key 'PRIMARY'
 [ SQLè¯­å¥ ] : INSERT INTO `m_team` (`tid`,`tname`,`qtname`) VALUES (1125,'é‚£ä¸å‹’æ–¯','é‚£ä¸å‹’æ–¯')
ERR: 1062:Duplicate entry '690' for key 'PRIMARY'
 [ SQLè¯­å¥ ] : INSERT INTO `m_team` (`tid`,`tname`,`qtname`) VALUES (690,'æ¯•å°”å·´é„‚ç«æŠ€','æ¯•å°”å·´é„‚ç«æŠ€')
ERR: 1062:Duplicate entry '1125' for key 'PRIMARY'
 [ SQLè¯­å¥ ] : INSERT INTO `m_team` (`tid`,`tname`,`qtname`) VALUES (1125,'é‚£ä¸å‹’æ–¯','é‚£ä¸å‹’æ–¯')
ERR: 1062:Duplicate entry '986' for key 'PRIMARY'
 [ SQLè¯­å¥ ] : INSERT INTO `m_team` (`tid`,`tname`,`qtname`) VALUES (986,'å‹’æ²ƒåº“æ£®','å‹’æ²ƒåº“æ£®')
ERR: 1062:Duplicate entry '819' for key 'PRIMARY'
 [ SQLè¯­å¥ ] : INSERT INTO `m_team` (`tid`,`tname`,`qtname`) VALUES (819,'å“¥æœ¬å“ˆæ ¹','å“¥æœ¬å“ˆæ ¹')
ERR: 1062:Duplicate entry '986' for key 'PRIMARY'
 [ SQLè¯­å¥ ] : INSERT INTO `m_team` (`tid`,`tname`,`qtname`) VALUES (986,'å‹’æ²ƒåº“æ£®','å‹’æ²ƒåº“æ£®')
ERR: 1062:Duplicate entry '819' for key 'PRIMARY'
 [ SQLè¯­å¥ ] : INSERT INTO `m_team` (`tid`,`tname`,`qtname`) VALUES (819,'å“¥æœ¬å“ˆæ ¹','å“¥æœ¬å“ˆæ ¹')
ERR: 1062:Duplicate entry '712' for key 'PRIMARY'
 [ SQLè¯­å¥ ] : INSERT INTO `m_team` (`tid`,`tname`,`qtname`) VALUES (712,'å¸ƒåŠ å‹’æ–¯ç‰¹æ˜Ÿ','å¸ƒåŠ å‹’æ–¯ç‰¹æ˜Ÿ')
ERR: 1062:Duplicate entry '712' for key 'PRIMARY'
 [ SQLè¯­å¥ ] : INSERT INTO `m_team` (`tid`,`tname`,`qtname`) VALUES (712,'å¸ƒåŠ å‹’æ–¯ç‰¹æ˜Ÿ','å¸ƒåŠ å‹’æ–¯ç‰¹æ˜Ÿ')
ERR: 1062:Duplicate entry '1051' for key 'PRIMARY'
 [ SQLè¯­å¥ ] : INSERT INTO `m_team` (`tid`,`tname`,`qtname`) VALUES (1051,'é©¬å°”é»\˜','é©¬å°”é»\˜')
ERR: 1062:Duplicate entry '446' for key 'PRIMARY'
 [ SQLè¯­å¥ ] : INSERT INTO `m_team` (`tid`,`tname`,`qtname`) VALUES (446,'è¨å°”èŒ¨å ¡','è¨å°”èŒ¨å ¡')
ERR: 1062:Duplicate entry '555' for key 'PRIMARY'
 [ SQLè¯­å¥ ] : INSERT INTO `m_team` (`tid`,`tname`,`qtname`) VALUES (555,'é˜¿æ–¯é¡¿ç»´æ‹\‰','é˜¿æ–¯é¡¿ç»´æ‹\‰')
ERR: 1062:Duplicate entry '1626' for key 'PRIMARY'
 [ SQLè¯­å¥ ] : INSERT INTO `m_team` (`tid`,`tname`,`qtname`) VALUES (1626,'è±é¡¿ä¸œæ–¹','è±é¡¿ä¸œæ–¹')
ERR: 1062:Duplicate entry '555' for key 'PRIMARY'
 [ SQLè¯­å¥ ] : INSERT INTO `m_team` (`tid`,`tname`,`qtname`) VALUES (555,'é˜¿æ–¯é¡¿ç»´æ‹\‰','é˜¿æ–¯é¡¿ç»´æ‹\‰')
ERR: 1062:Duplicate entry '1626' for key 'PRIMARY'
 [ SQLè¯­å¥ ] : INSERT INTO `m_team` (`tid`,`tname`,`qtname`) VALUES (1626,'è±é¡¿ä¸œæ–¹','è±é¡¿ä¸œæ–¹')
ERR: 1062:Duplicate entry '466' for key 'PRIMARY'
 [ SQLè¯­å¥ ] : INSERT INTO `m_team` (`tid`,`tname`,`qtname`) VALUES (466,'æ¡‘å¾·å…\°','æ¡‘å¾·å…\°')
ERR: 1062:Duplicate entry '701' for key 'PRIMARY'
 [ SQLè¯­å¥ ] : INSERT INTO `m_team` (`tid`,`tname`,`qtname`) VALUES (701,'ä¼¯æ˜ç¿\°','ä¼¯æ˜ç¿\°')
ERR: 1062:Duplicate entry '466' for key 'PRIMARY'
 [ SQLè¯­å¥ ] : INSERT INTO `m_team` (`tid`,`tname`,`qtname`) VALUES (466,'æ¡‘å¾·å…\°','æ¡‘å¾·å…\°')
ERR: 1062:Duplicate entry '2351' for key 'PRIMARY'
 [ SQLè¯­å¥ ] : INSERT INTO `m_team` (`tid`,`tname`,`qtname`) VALUES (2351,'ä¼¯é¡¿','ä¼¯é¡¿')
ERR: 1062:Duplicate entry '954' for key 'PRIMARY'
 [ SQLè¯­å¥ ] : INSERT INTO `m_team` (`tid`,`tname`,`qtname`) VALUES (954,'å¥³ç‹å…¬å›­å·¡æ¸¸è€\…','å¥³ç‹å…¬å›­å·¡æ¸¸è€\…')
ERR: 1062:Duplicate entry '1197' for key 'PRIMARY'
 [ SQLè¯­å¥ ] : INSERT INTO `m_team` (`tid`,`tname`,`qtname`) VALUES (1197,'æ–¯æ‰˜å…‹åŸ','æ–¯æ‰˜å…‹åŸ')
ERR: 1062:Duplicate entry '716' for key 'PRIMARY'
 [ SQLè¯­å¥ ] : INSERT INTO `m_team` (`tid`,`tname`,`qtname`) VALUES (716,'å¸ƒæ‹‰å¾·ç¦å¾\·','å¸ƒæ‹‰å¾·ç¦å¾\·')
ERR: 1062:Duplicate entry '1015' for key 'PRIMARY'
 [ SQLè¯­å¥ ] : INSERT INTO `m_team` (`tid`,`tname`,`qtname`) VALUES (1015,'åˆ©å…¹è\”','åˆ©å…¹è\”')
ERR: 1062:Duplicate entry '1183' for key 'PRIMARY'
 [ SQLè¯­å¥ ] : INSERT INTO `m_team` (`tid`,`tname`,`qtname`) VALUES (1183,'æ‹‰æ–æ‹‰ç«æŠ€','æ‹‰æ–æ‹‰ç«æŠ€')
ERR: 1062:Duplicate entry '1136' for key 'PRIMARY'
 [ SQLè¯­å¥ ] : INSERT INTO `m_team` (`tid`,`tname`,`qtname`) VALUES (1136,'çº½ç»´å°”è€ç”·å­\©','çº½ç»´å°”è€ç”·å­\©')
ERR: 1062:Duplicate entry '1034' for key 'PRIMARY'
 [ SQLè¯­å¥ ] : INSERT INTO `m_team` (`tid`,`tname`,`qtname`) VALUES (1034,'ç½—è¨é‡Œå¥¥ä¸­å¤®','ç½—è¨é‡Œå¥¥ä¸­å¤®')
ERR: 1062:Duplicate entry '3608' for key 'PRIMARY'
 [ SQLè¯­å¥ ] : INSERT INTO `m_team` (`tid`,`tname`,`qtname`) VALUES (3608,'æˆˆå¤šä¼Šå…‹é²æ–¯','æˆˆå¤šä¼Šå…‹é²æ–¯')
ERR: 1062:Duplicate entry '864' for key 'PRIMARY'
 [ SQLè¯­å¥ ] : INSERT INTO `m_team` (`tid`,`tname`,`qtname`) VALUES (864,'æ²³åºŠ','æ²³åºŠ')
ERR: 1062:Duplicate entry '1571' for key 'PRIMARY'
 [ SQLè¯­å¥ ] : INSERT INTO `m_team` (`tid`,`tname`,`qtname`) VALUES (1571,'å·´æ‹‰çº³ç«æŠ€','å·´æ‹‰çº³ç«æŠ€')
ERR: 1062:Duplicate entry '6945' for key 'PRIMARY'
 [ SQLè¯­å¥ ] : INSERT INTO `m_team` (`tid`,`tname`,`qtname`) VALUES (6945,'è±æ˜‚','è±æ˜‚')
ERR: 1062:Duplicate entry '6945' for key 'PRIMARY'
 [ SQLè¯­å¥ ] : INSERT INTO `m_team` (`tid`,`tname`,`qtname`) VALUES (6945,'è±æ˜‚','è±æ˜‚')
ERR: 1062:Duplicate entry '569' for key 'PRIMARY'
 [ SQLè¯­å¥ ] : INSERT INTO `m_team` (`tid`,`tname`,`qtname`) VALUES (569,'æ‹‰æ™®æ‹‰å¡”å¤§å­¦ç”\Ÿ','æ‹‰æ™®æ‹‰å¡”å¤§å­¦ç”\Ÿ')
ERR: 1062:Duplicate entry '705' for key 'PRIMARY'
 [ SQLè¯­å¥ ] : INSERT INTO `m_team` (`tid`,`tname`,`qtname`) VALUES (705,'åšå¡é’å¹´','åšå¡é’å¹´')
ERR: 1062:Duplicate entry '1568' for key 'PRIMARY'
 [ SQLè¯­å¥ ] : INSERT INTO `m_team` (`tid`,`tname`,`qtname`) VALUES (1568,'åšå¡”å¼—æˆˆ','åšå¡”å¼—æˆˆ')
ERR: 1062:Duplicate entry '2407' for key 'PRIMARY'
 [ SQLè¯­å¥ ] : INSERT INTO `m_team` (`tid`,`tname`,`qtname`) VALUES (2407,'å¡é˜¿æ‹\‰','å¡é˜¿æ‹\‰')
ERR: 1062:Duplicate entry '1572' for key 'PRIMARY'
 [ SQLè¯­å¥ ] : INSERT INTO `m_team` (`tid`,`tname`,`qtname`) VALUES (1572,'ç§‘æ—è’‚å®‰','ç§‘æ—è’‚å®‰')
ERR: 1062:Duplicate entry '1573' for key 'PRIMARY'
 [ SQLè¯­å¥ ] : INSERT INTO `m_team` (`tid`,`tname`,`qtname`) VALUES (1573,'ç§‘é‡Œè’‚å·´','ç§‘é‡Œè’‚å·´')
ERR: 1062:Duplicate entry '1577' for key 'PRIMARY'
 [ SQLè¯­å¥ ] : INSERT INTO `m_team` (`tid`,`tname`,`qtname`) VALUES (1577,'å¼—æ‹‰é—¨æˆˆ','å¼—æ‹‰é—¨æˆˆ')
ERR: 1062:Duplicate entry '2258' for key 'PRIMARY'
 [ SQLè¯­å¥ ] : INSERT INTO `m_team` (`tid`,`tname`,`qtname`) VALUES (2258,'åˆ©é©¬è”ç›Ÿ','åˆ©é©¬è”ç›Ÿ')
ERR: 1062:Duplicate entry '1888' for key 'PRIMARY'
 [ SQLè¯­å¥ ] : INSERT INTO `m_team` (`tid`,`tname`,`qtname`) VALUES (1888,'å¸•ä¸˜å\¡','å¸•ä¸˜å\¡')
ERR: 1062:Duplicate entry '1888' for key 'PRIMARY'
 [ SQLè¯­å¥ ] : INSERT INTO `m_team` (`tid`,`tname`,`qtname`) VALUES (1888,'å¸•ä¸˜å\¡','å¸•ä¸˜å\¡')
ERR: 1062:Duplicate entry '1044' for key 'PRIMARY'
 [ SQLè¯­å¥ ] : INSERT INTO `m_team` (`tid`,`tname`,`qtname`) VALUES (1044,'æ´›æ‰çŸ¶é“¶æ²\³','æ´›æ‰çŸ¶é“¶æ²\³')
ERR: 1062:Duplicate entry '881' for key 'PRIMARY'
 [ SQLè¯­å¥ ] : INSERT INTO `m_team` (`tid`,`tname`,`qtname`) VALUES (881,'åç››é¡¿è”','åç››é¡¿è”')
ERR: 1062:Duplicate entry '1113' for key 'PRIMARY'
 [ SQLè¯­å¥ ] : INSERT INTO `m_team` (`tid`,`tname`,`qtname`) VALUES (1113,'è«æ–¯ç§‘ç«è½¦å¤´','è«æ–¯ç§‘ç«è½¦å¤´')
ERR: 1062:Duplicate entry '1113' for key 'PRIMARY'
 [ SQLè¯­å¥ ] : INSERT INTO `m_team` (`tid`,`tname`,`qtname`) VALUES (1113,'è«æ–¯ç§‘ç«è½¦å¤´','è«æ–¯ç§‘ç«è½¦å¤´')
ERR: 1062:Duplicate entry '1112' for key 'PRIMARY'
 [ SQLè¯­å¥ ] : INSERT INTO `m_team` (`tid`,`tname`,`qtname`) VALUES (1112,'è«æ–¯ç§‘è¿ªçº³æ‘©','è«æ–¯ç§‘è¿ªçº³æ‘©')
ERR: 1062:Duplicate entry '1112' for key 'PRIMARY'
 [ SQLè¯­å¥ ] : INSERT INTO `m_team` (`tid`,`tname`,`qtname`) VALUES (1112,'è«æ–¯ç§‘è¿ªçº³æ‘©','è«æ–¯ç§‘è¿ªçº³æ‘©')
ERR: 1062:Duplicate entry '5872' for key 'PRIMARY'
 [ SQLè¯­å¥ ] : INSERT INTO `m_team` (`tid`,`tname`,`qtname`) VALUES (5872,'å…‹æ‹‰æ–¯è¯ºè¾¾å°”','å…‹æ‹‰æ–¯è¯ºè¾¾å°”')
ERR: 1062:Duplicate entry '5872' for key 'PRIMARY'
 [ SQLè¯­å¥ ] : INSERT INTO `m_team` (`tid`,`tname`,`qtname`) VALUES (5872,'å…‹æ‹‰æ–¯è¯ºè¾¾å°”','å…‹æ‹‰æ–¯è¯ºè¾¾å°”')
ERR: 1062:Duplicate entry '885' for key 'PRIMARY'
 [ SQLè¯­å¥ ] : INSERT INTO `m_team` (`tid`,`tname`,`qtname`) VALUES (885,'çš‡å®¶ç¤¾ä¼š','çš‡å®¶ç¤¾ä¼š')
ERR: 1062:Duplicate entry '997' for key 'PRIMARY'
 [ SQLè¯­å¥ ] : INSERT INTO `m_team` (`tid`,`tname`,`qtname`) VALUES (997,'é‡Œæ˜‚','é‡Œæ˜‚')
ERR: 1062:Duplicate entry '997' for key 'PRIMARY'
 [ SQLè¯­å¥ ] : INSERT INTO `m_team` (`tid`,`tname`,`qtname`) VALUES (997,'é‡Œæ˜‚','é‡Œæ˜‚')
ERR: 1062:Duplicate entry '1219' for key 'PRIMARY'
 [ SQLè¯­å¥ ] : INSERT INTO `m_team` (`tid`,`tname`,`qtname`) VALUES (1219,'ç‰¹æ‹‰å¸ƒå®—ä½“è‚²','ç‰¹æ‹‰å¸ƒå®—ä½“è‚²')
ERR: 1062:Duplicate entry '1219' for key 'PRIMARY'
 [ SQLè¯­å¥ ] : INSERT INTO `m_team` (`tid`,`tname`,`qtname`) VALUES (1219,'ç‰¹æ‹‰å¸ƒå®—ä½“è‚²','ç‰¹æ‹‰å¸ƒå®—ä½“è‚²')
ERR: 1062:Duplicate entry '1231' for key 'PRIMARY'
 [ SQLè¯­å¥ ] : INSERT INTO `m_team` (`tid`,`tname`,`qtname`) VALUES (1231,'ç‰¹æ¸©ç‰\¹','ç‰¹æ¸©ç‰\¹')
ERR: 1062:Duplicate entry '1231' for key 'PRIMARY'
 [ SQLè¯­å¥ ] : INSERT INTO `m_team` (`tid`,`tname`,`qtname`) VALUES (1231,'ç‰¹æ¸©ç‰\¹','ç‰¹æ¸©ç‰\¹')
ERR: 1062:Duplicate entry '801' for key 'PRIMARY'
 [ SQLè¯­å¥ ] : INSERT INTO `m_team` (`tid`,`tname`,`qtname`) VALUES (801,'è´¹è€¶è¯ºå¾\·','è´¹è€¶è¯ºå¾\·')
ERR: 1062:Duplicate entry '776' for key 'PRIMARY'
 [ SQLè¯­å¥ ] : INSERT INTO `m_team` (`tid`,`tname`,`qtname`) VALUES (776,'éƒ½çµ','éƒ½çµ')
ERR: 1062:Duplicate entry '776' for key 'PRIMARY'
 [ SQLè¯­å¥ ] : INSERT INTO `m_team` (`tid`,`tname`,`qtname`) VALUES (776,'éƒ½çµ','éƒ½çµ')
ERR: 1062:Duplicate entry '915' for key 'PRIMARY'
 [ SQLè¯­å¥ ] : INSERT INTO `m_team` (`tid`,`tname`,`qtname`) VALUES (915,'å¡æ‹‰æ¯”å…‹ä½“è‚²','å¡æ‹‰æ¯”å…‹ä½“è‚²')
ERR: 1062:Duplicate entry '494' for key 'PRIMARY'
 [ SQLè¯­å¥ ] : INSERT INTO `m_team` (`tid`,`tname`,`qtname`) VALUES (494,'åœ£åŸƒè’‚å®‰','åœ£åŸƒè’‚å®‰')
ERR: 1062:Duplicate entry '915' for key 'PRIMARY'
 [ SQLè¯­å¥ ] : INSERT INTO `m_team` (`tid`,`tname`,`qtname`) VALUES (915,'å¡æ‹‰æ¯”å…‹ä½“è‚²','å¡æ‹‰æ¯”å…‹ä½“è‚²')
ERR: 1062:Duplicate entry '1089' for key 'PRIMARY'
 [ SQLè¯­å¥ ] : INSERT INTO `m_team` (`tid`,`tname`,`qtname`) VALUES (1089,'é—¨å…´æ ¼æ‹‰å¾·å·´èµ\«','é—¨å…´æ ¼æ‹‰å¾·å·´èµ\«')
ERR: 1062:Duplicate entry '1099' for key 'PRIMARY'
 [ SQLè¯­å¥ ] : INSERT INTO `m_team` (`tid`,`tname`,`qtname`) VALUES (1099,'è‘¡è„ç‰™å›½æ°\‘','è‘¡è„ç‰™å›½æ°\‘')
ERR: 1062:Duplicate entry '683' for key 'PRIMARY'
 [ SQLè¯­å¥ ] : INSERT INTO `m_team` (`tid`,`tname`,`qtname`) VALUES (683,'æ¯”åˆ©äºšé›·äºšå°”','æ¯”åˆ©äºšé›·äºšå°”')
ERR: 1062:Duplicate entry '683' for key 'PRIMARY'
 [ SQLè¯­å¥ ] : INSERT INTO `m_team` (`tid`,`tname`,`qtname`) VALUES (683,'æ¯”åˆ©äºšé›·äºšå°”','æ¯”åˆ©äºšé›·äºšå°”')
ERR: 1062:Duplicate entry '872' for key 'PRIMARY'
 [ SQLè¯­å¥ ] : INSERT INTO `m_team` (`tid`,`tname`,`qtname`) VALUES (872,'èµ«å°”åŸ\','èµ«å°”åŸ\')
ERR: 1062:Duplicate entry '1238' for key 'PRIMARY'
 [ SQLè¯­å¥ ] : INSERT INTO `m_team` (`tid`,`tname`,`qtname`) VALUES (1238,'æ‰˜ç‰¹çº³å§†çƒ­åˆº','æ‰˜ç‰¹çº³å§†çƒ­åˆº')
ERR: 1062:Duplicate entry '1238' for key 'PRIMARY'
 [ SQLè¯­å¥ ] : INSERT INTO `m_team` (`tid`,`tname`,`qtname`) VALUES (1238,'æ‰˜ç‰¹çº³å§†çƒ­åˆº','æ‰˜ç‰¹çº³å§†çƒ­åˆº')
ERR: 1062:Duplicate entry '729' for key 'PRIMARY'
 [ SQLè¯­å¥ ] : INSERT INTO `m_team` (`tid`,`tname`,`qtname`) VALUES (729,'å¸ƒé²æ—\¥','å¸ƒé²æ—\¥')
ERR: 1062:Duplicate entry '729' for key 'PRIMARY'
 [ SQLè¯­å¥ ] : INSERT INTO `m_team` (`tid`,`tname`,`qtname`) VALUES (729,'å¸ƒé²æ—\¥','å¸ƒé²æ—\¥')
ERR: 1062:Duplicate entry '1002' for key 'PRIMARY'
 [ SQLè¯­å¥ ] : INSERT INTO `m_team` (`tid`,`tname`,`qtname`) VALUES (1002,'é‡Œå¥¥é˜¿ç»´','é‡Œå¥¥é˜¿ç»´')
ERR: 1062:Duplicate entry '563' for key 'PRIMARY'
 [ SQLè¯­å¥ ] : INSERT INTO `m_team` (`tid`,`tname`,`qtname`) VALUES (563,'åŸƒå°”å¤«æ–¯å \¡','åŸƒå°”å¤«æ–¯å \¡')

[ 2014-08-27T01:00:37+08:00 ] 127.0.0.1 /Home/Match/teamUp.html
ERR: 1062:Duplicate entry '5468' for key 'PRIMARY'
 [ SQLè¯­å¥ ] : INSERT INTO `m_team` (`tid`,`tname`,`qtname`) VALUES (5468,'åŸƒå› éœæ¸©é’å¹´é˜\Ÿ','åŸƒå› éœæ¸©é’å¹´é˜\Ÿ')

[ 2014-08-27T01:01:16+08:00 ] 127.0.0.1 /Home/Match/teamUp.html
ERR: 1062:Duplicate entry '700' for key 'PRIMARY'
 [ SQLè¯­å¥ ] : INSERT INTO `m_team` (`tid`,`tname`,`qtname`) VALUES (700,'ä¼¯æ©åˆ\©','ä¼¯æ©åˆ\©')

[ 2014-08-27T01:01:44+08:00 ] 127.0.0.1 /Home/Match/teamUp.html
ERR: 1062:Duplicate entry '1137' for key 'PRIMARY'
 [ SQLè¯­å¥ ] : INSERT INTO `m_team` (`tid`,`tname`,`qtname`) VALUES (1137,'çº½å¡æ–¯å°”è\”','çº½å¡æ–¯å°”è\”')

[ 2014-08-27T01:02:09+08:00 ] 127.0.0.1 /Home/Match/teamUp.html
ERR: 1062:Duplicate entry '973' for key 'PRIMARY'
 [ SQLè¯­å¥ ] : INSERT INTO `m_team` (`tid`,`tname`,`qtname`) VALUES (973,'è±åˆ‡æ–¯ç‰¹åŸ\','è±åˆ‡æ–¯ç‰¹åŸ\')

[ 2014-08-27T01:02:32+08:00 ] 127.0.0.1 /Home/Match/teamUp.html
ERR: 1062:Duplicate entry '1257' for key 'PRIMARY'
 [ SQLè¯­å¥ ] : INSERT INTO `m_team` (`tid`,`tname`,`qtname`) VALUES (1257,'ç»´å°”æ¸\¯','ç»´å°”æ¸\¯')

[ 2014-08-27T01:02:49+08:00 ] 127.0.0.1 /Home/Match/teamUp.html
ERR: 1062:Duplicate entry '989' for key 'PRIMARY'
 [ SQLè¯­å¥ ] : INSERT INTO `m_team` (`tid`,`tname`,`qtname`) VALUES (989,'é›·ä¸','é›·ä¸')

[ 2014-08-27T01:03:02+08:00 ] 127.0.0.1 /Home/Match/teamUp.html
ERR: 1062:Duplicate entry '510' for key 'PRIMARY'
 [ SQLè¯­å¥ ] : INSERT INTO `m_team` (`tid`,`tname`,`qtname`) VALUES (510,'æ–¯æ–‡ç™\»','æ–¯æ–‡ç™\»')

[ 2014-08-27T01:03:18+08:00 ] 127.0.0.1 /Home/Match/teamUp.html
ERR: 1062:Duplicate entry '1286' for key 'PRIMARY'
 [ SQLè¯­å¥ ] : INSERT INTO `m_team` (`tid`,`tname`,`qtname`) VALUES (1286,'è¥¿æ±‰å§†è”','è¥¿æ±‰å§†è”')

[ 2014-08-27T01:03:42+08:00 ] 127.0.0.1 /Home/Match/teamUp.html
ERR: 1062:Duplicate entry '784' for key 'PRIMARY'
 [ SQLè¯­å¥ ] : INSERT INTO `m_team` (`tid`,`tname`,`qtname`) VALUES (784,'é‚“è¿ªFC','é‚“è¿ªFC')

[ 2014-08-27T01:04:13+08:00 ] 127.0.0.1 /Home/Match/teamUp.html
ERR: 1062:Duplicate entry '1930' for key 'PRIMARY'
 [ SQLè¯­å¥ ] : INSERT INTO `m_team` (`tid`,`tname`,`qtname`) VALUES (1930,'è‰¾å°”è\”','è‰¾å°”è\”')

[ 2014-08-27T01:04:26+08:00 ] 127.0.0.1 /Home/Match/teamUp.html
ERR: 1062:Duplicate entry '1474' for key 'PRIMARY'
 [ SQLè¯­å¥ ] : INSERT INTO `m_team` (`tid`,`tname`,`qtname`) VALUES (1474,'å¸ƒæ‹‰è¿ªæ–¯æ‹‰å‘','å¸ƒæ‹‰è¿ªæ–¯æ‹‰å‘')

[ 2014-08-27T01:04:37+08:00 ] 127.0.0.1 /Home/Match/teamUp.html
ERR: 1062:Duplicate entry '1284' for key 'PRIMARY'
 [ SQLè¯­å¥ ] : INSERT INTO `m_team` (`tid`,`tname`,`qtname`) VALUES (1284,'è¥¿å¸ƒç½—å§†ç»´å¥‡','è¥¿å¸ƒç½—å§†ç»´å¥‡')

[ 2014-08-27T01:04:48+08:00 ] 127.0.0.1 /Home/Match/teamUp.html
ERR: 1062:Duplicate entry '1908' for key 'PRIMARY'
 [ SQLè¯­å¥ ] : INSERT INTO `m_team` (`tid`,`tname`,`qtname`) VALUES (1908,'ç“¦å¥‡å·´æ‰˜','ç“¦å¥‡å·´æ‰˜')

[ 2014-08-27T01:05:09+08:00 ] 127.0.0.1 /Home/Match/teamUp.html
ERR: 1062:Duplicate entry '3585' for key 'PRIMARY'
 [ SQLè¯­å¥ ] : INSERT INTO `m_team` (`tid`,`tname`,`qtname`) VALUES (3585,'åŸƒæ¢…è±å…‹','åŸƒæ¢…è±å…‹')

[ 2014-08-27T01:05:10+08:00 ] 127.0.0.1 /Home/Match/teamUp.html
ERR: 1062:Duplicate entry '5241' for key 'PRIMARY'
 [ SQLè¯­å¥ ] : INSERT INTO `m_team` (`tid`,`tname`,`qtname`) VALUES (5241,'å¥¥æ—åŒ¹å¥¥','å¥¥æ—åŒ¹å¥¥')
ERR: 1062:Duplicate entry '1322' for key 'PRIMARY'
 [ SQLè¯­å¥ ] : INSERT INTO `m_team` (`tid`,`tname`,`qtname`) VALUES (1322,'é˜¿æ ¹å»·ç‹¬ç«\‹','é˜¿æ ¹å»·ç‹¬ç«\‹')

[ 2014-08-27T01:05:21+08:00 ] 127.0.0.1 /Home/Match/teamUp.html
ERR: 1062:Duplicate entry '1588' for key 'PRIMARY'
 [ SQLè¯­å¥ ] : INSERT INTO `m_team` (`tid`,`tname`,`qtname`) VALUES (1588,'ç“¦æ–¯ç§‘è¾¾ä¼½é©¬','ç“¦æ–¯ç§‘è¾¾ä¼½é©¬')

[ 2014-08-27T01:05:31+08:00 ] 127.0.0.1 /Home/Match/teamUp.html
ERR: 1062:Duplicate entry '1139' for key 'PRIMARY'
 [ SQLè¯­å¥ ] : INSERT INTO `m_team` (`tid`,`tname`,`qtname`) VALUES (1139,'çº½çº¦çº¢ç‰›','çº½çº¦çº¢ç‰›')

[ 2014-08-27T01:05:45+08:00 ] 127.0.0.1 /Home/Match/teamUp.html
ERR: 1062:Duplicate entry '558' for key 'PRIMARY'
 [ SQLè¯­å¥ ] : INSERT INTO `m_team` (`tid`,`tname`,`qtname`) VALUES (558,'ç«æŠ€ä¿±ä¹éƒ\¨','ç«æŠ€ä¿±ä¹éƒ\¨')

[ 2014-08-27T01:06:34+08:00 ] 127.0.0.1 /Home/Match/teamUp.html
ERR: 1062:Duplicate entry '2062' for key 'PRIMARY'
 [ SQLè¯­å¥ ] : INSERT INTO `m_team` (`tid`,`tname`,`qtname`) VALUES (2062,'æ³¢ç‰¹è¯ºå±±ä¸\˜','æ³¢ç‰¹è¯ºå±±ä¸\˜')

[ 2014-08-27T01:06:45+08:00 ] 127.0.0.1 /Home/Match/teamUp.html
ERR: 1062:Duplicate entry '533' for key 'PRIMARY'
 [ SQLè¯­å¥ ] : INSERT INTO `m_team` (`tid`,`tname`,`qtname`) VALUES (533,'å¢¨è¥¿å“¥ç¾æ´\²','å¢¨è¥¿å“¥ç¾æ´\²')

[ 2014-08-27T01:06:56+08:00 ] 127.0.0.1 /Home/Match/teamUp.html
ERR: 1062:Duplicate entry '1608' for key 'PRIMARY'
 [ SQLè¯­å¥ ] : INSERT INTO `m_team` (`tid`,`tname`,`qtname`) VALUES (1608,'æµ¦é¡¹åˆ¶é“','æµ¦é¡¹åˆ¶é“')

[ 2014-08-27T01:07:06+08:00 ] 127.0.0.1 /Home/Match/teamUp.html
ERR: 1062:Duplicate entry '1560' for key 'PRIMARY'
 [ SQLè¯­å¥ ] : INSERT INTO `m_team` (`tid`,`tname`,`qtname`) VALUES (1560,'å¹¿å·æ’å¤§','å¹¿å·æ’å¤§')

[ 2014-08-27T01:07:16+08:00 ] 127.0.0.1 /Home/Match/teamUp.html
ERR: 1062:Duplicate entry '712' for key 'PRIMARY'
 [ SQLè¯­å¥ ] : INSERT INTO `m_team` (`tid`,`tname`,`qtname`) VALUES (712,'å¸ƒåŠ å‹’æ–¯ç‰¹æ˜Ÿ','å¸ƒåŠ å‹’æ–¯ç‰¹æ˜Ÿ')

[ 2014-08-27T01:07:30+08:00 ] 127.0.0.1 /Home/Match/teamUp.html
ERR: 1062:Duplicate entry '1197' for key 'PRIMARY'
 [ SQLè¯­å¥ ] : INSERT INTO `m_team` (`tid`,`tname`,`qtname`) VALUES (1197,'æ–¯æ‰˜å…‹åŸ','æ–¯æ‰˜å…‹åŸ')

[ 2014-08-27T01:07:47+08:00 ] 127.0.0.1 /Home/Match/teamUp.html
ERR: 1062:Duplicate entry '864' for key 'PRIMARY'
 [ SQLè¯­å¥ ] : INSERT INTO `m_team` (`tid`,`tname`,`qtname`) VALUES (864,'æ²³åºŠ','æ²³åºŠ')

[ 2014-08-27T01:09:15+08:00 ] 127.0.0.1 /Home/Match/teamUp.html
ERR: 1062:Duplicate entry '6945' for key 'PRIMARY'
 [ SQLè¯­å¥ ] : INSERT INTO `m_team` (`tid`,`tname`,`qtname`) VALUES (6945,'è±æ˜‚','è±æ˜‚')

[ 2014-08-27T01:10:13+08:00 ] 127.0.0.1 /Home/Match/teamUpAll.html
ERR: 1062:Duplicate entry '560' for key 'PRIMARY'
 [ SQLè¯­å¥ ] : INSERT INTO `m_team` (`tid`,`tname`,`qtname`) VALUES (560,'é˜¿é›…å…‹è‚–','é˜¿é›…å…‹è‚–')
ERR: 1062:Duplicate entry '1225' for key 'PRIMARY'
 [ SQLè¯­å¥ ] : INSERT INTO `m_team` (`tid`,`tname`,`qtname`) VALUES (1225,'ç‰¹é²ç“\¦','ç‰¹é²ç“\¦')
ERR: 1062:Duplicate entry '560' for key 'PRIMARY'
 [ SQLè¯­å¥ ] : INSERT INTO `m_team` (`tid`,`tname`,`qtname`) VALUES (560,'é˜¿é›…å…‹è‚–','é˜¿é›…å…‹è‚–')
ERR: 1062:Duplicate entry '485' for key 'PRIMARY'
 [ SQLè¯­å¥ ] : INSERT INTO `m_team` (`tid`,`tname`,`qtname`) VALUES (485,'æ²™æ‰˜é²\','æ²™æ‰˜é²\')
ERR: 1062:Duplicate entry '944' for key 'PRIMARY'
 [ SQLè¯­å¥ ] : INSERT INTO `m_team` (`tid`,`tname`,`qtname`) VALUES (944,'å…‹è±è’\™','å…‹è±è’\™')
ERR: 1062:Duplicate entry '485' for key 'PRIMARY'
 [ SQLè¯­å¥ ] : INSERT INTO `m_team` (`tid`,`tname`,`qtname`) VALUES (485,'æ²™æ‰˜é²\','æ²™æ‰˜é²\')
ERR: 1062:Duplicate entry '944' for key 'PRIMARY'
 [ SQLè¯­å¥ ] : INSERT INTO `m_team` (`tid`,`tname`,`qtname`) VALUES (944,'å…‹è±è’\™','å…‹è±è’\™')
ERR: 1062:Duplicate entry '4596' for key 'PRIMARY'
 [ SQLè¯­å¥ ] : INSERT INTO `m_team` (`tid`,`tname`,`qtname`) VALUES (4596,'é˜¿å°”å‹\’','é˜¿å°”å‹\’')
ERR: 1062:Duplicate entry '4596' for key 'PRIMARY'
 [ SQLè¯­å¥ ] : INSERT INTO `m_team` (`tid`,`tname`,`qtname`) VALUES (4596,'é˜¿å°”å‹\’','é˜¿å°”å‹\’')
ERR: 1062:Duplicate entry '966' for key 'PRIMARY'
 [ SQLè¯­å¥ ] : INSERT INTO `m_team` (`tid`,`tname`,`qtname`) VALUES (966,'æ‹‰ç“¦å‹\’','æ‹‰ç“¦å‹\’')
ERR: 1062:Duplicate entry '774' for key 'PRIMARY'
 [ SQLè¯­å¥ ] : INSERT INTO `m_team` (`tid`,`tname`,`qtname`) VALUES (774,'ç¬¬æˆ','ç¬¬æˆ')
ERR: 1062:Duplicate entry '966' for key 'PRIMARY'
 [ SQLè¯­å¥ ] : INSERT INTO `m_team` (`tid`,`tname`,`qtname`) VALUES (966,'æ‹‰ç“¦å‹\’','æ‹‰ç“¦å‹\’')
ERR: 1062:Duplicate entry '774' for key 'PRIMARY'
 [ SQLè¯­å¥ ] : INSERT INTO `m_team` (`tid`,`tname`,`qtname`) VALUES (774,'ç¬¬æˆ','ç¬¬æˆ')
ERR: 1062:Duplicate entry '5468' for key 'PRIMARY'
 [ SQLè¯­å¥ ] : INSERT INTO `m_team` (`tid`,`tname`,`qtname`) VALUES (5468,'åŸƒå› éœæ¸©é’å¹´é˜\Ÿ','åŸƒå› éœæ¸©é’å¹´é˜\Ÿ')
ERR: 1062:Duplicate entry '3542' for key 'PRIMARY'
 [ SQLè¯­å¥ ] : INSERT INTO `m_team` (`tid`,`tname`,`qtname`) VALUES (3542,'æ‘©é¡¿','æ‘©é¡¿')
ERR: 1062:Duplicate entry '1148' for key 'PRIMARY'
 [ SQLè¯­å¥ ] : INSERT INTO `m_team` (`tid`,`tname`,`qtname`) VALUES (1148,'å¸•å°”è’‚å…‹','å¸•å°”è’‚å…‹')
ERR: 1062:Duplicate entry '604' for key 'PRIMARY'
 [ SQLè¯­å¥ ] : INSERT INTO `m_team` (`tid`,`tname`,`qtname`) VALUES (604,'å¥¥å°”å \¡','å¥¥å°”å \¡')
ERR: 1062:Duplicate entry '2510' for key 'PRIMARY'
 [ SQLè¯­å¥ ] : INSERT INTO `m_team` (`tid`,`tname`,`qtname`) VALUES (2510,'å¸Œè…Šäººç«æŠ€','å¸Œè…Šäººç«æŠ€')
ERR: 1062:Duplicate entry '604' for key 'PRIMARY'
 [ SQLè¯­å¥ ] : INSERT INTO `m_team` (`tid`,`tname`,`qtname`) VALUES (604,'å¥¥å°”å \¡','å¥¥å°”å \¡')
ERR: 1062:Duplicate entry '1474' for key 'PRIMARY'
 [ SQLè¯­å¥ ] : INSERT INTO `m_team` (`tid`,`tname`,`qtname`) VALUES (1474,'å¸ƒæ‹‰è¿ªæ–¯æ‹‰å‘','å¸ƒæ‹‰è¿ªæ–¯æ‹‰å‘')
ERR: 1062:Duplicate entry '926' for key 'PRIMARY'
 [ SQLè¯­å¥ ] : INSERT INTO `m_team` (`tid`,`tname`,`qtname`) VALUES (926,'å‡¯å°”ç‰¹äºº','å‡¯å°”ç‰¹äºº')
ERR: 1062:Duplicate entry '1523' for key 'PRIMARY'
 [ SQLè¯­å¥ ] : INSERT INTO `m_team` (`tid`,`tname`,`qtname`) VALUES (1523,'é©¬é‡Œåšå°”','é©¬é‡Œåšå°”')
ERR: 1062:Duplicate entry '998' for key 'PRIMARY'
 [ SQLè¯­å¥ ] : INSERT INTO `m_team` (`tid`,`tname`,`qtname`) VALUES (998,'é‡Œå°”','é‡Œå°”')
ERR: 1062:Duplicate entry '694' for key 'PRIMARY'
 [ SQLè¯­å¥ ] : INSERT INTO `m_team` (`tid`,`tname`,`qtname`) VALUES (694,'æ³¢å°”å›\¾','æ³¢å°”å›\¾')
ERR: 1062:Duplicate entry '998' for key 'PRIMARY'
 [ SQLè¯­å¥ ] : INSERT INTO `m_team` (`tid`,`tname`,`qtname`) VALUES (998,'é‡Œå°”','é‡Œå°”')
ERR: 1062:Duplicate entry '667' for key 'PRIMARY'
 [ SQLè¯­å¥ ] : INSERT INTO `m_team` (`tid`,`tname`,`qtname`) VALUES (667,'ä¼¯æ©èŒ…æ–¯','ä¼¯æ©èŒ…æ–¯')
ERR: 1062:Duplicate entry '1145' for key 'PRIMARY'
 [ SQLè¯­å¥ ] : INSERT INTO `m_team` (`tid`,`tname`,`qtname`) VALUES (1145,'åŒ—å®‰æ™®æ•¦','åŒ—å®‰æ™®æ•¦')
ERR: 1062:Duplicate entry '1361' for key 'PRIMARY'
 [ SQLè¯­å¥ ] : INSERT INTO `m_team` (`tid`,`tname`,`qtname`) VALUES (1361,'å¸ƒä¼¦ç‰¹ç¦å¾\·','å¸ƒä¼¦ç‰¹ç¦å¾\·')
ERR: 1062:Duplicate entry '811' for key 'PRIMARY'
 [ SQLè¯­å¥ ] : INSERT INTO `m_team` (`tid`,`tname`,`qtname`) VALUES (811,'å¯Œå‹’å§\†','å¯Œå‹’å§\†')
ERR: 1062:Duplicate entry '700' for key 'PRIMARY'
 [ SQLè¯­å¥ ] : INSERT INTO `m_team` (`tid`,`tname`,`qtname`) VALUES (700,'ä¼¯æ©åˆ\©','ä¼¯æ©åˆ\©')
ERR: 1062:Duplicate entry '700' for key 'PRIMARY'
 [ SQLè¯­å¥ ] : INSERT INTO `m_team` (`tid`,`tname`,`qtname`) VALUES (700,'ä¼¯æ©åˆ\©','ä¼¯æ©åˆ\©')
ERR: 1062:Duplicate entry '704' for key 'PRIMARY'
 [ SQLè¯­å¥ ] : INSERT INTO `m_team` (`tid`,`tname`,`qtname`) VALUES (704,'åšå°”é¡\¿','åšå°”é¡\¿')
ERR: 1062:Duplicate entry '946' for key 'PRIMARY'
 [ SQLè¯­å¥ ] : INSERT INTO `m_team` (`tid`,`tname`,`qtname`) VALUES (946,'å…‹é²','å…‹é²')
ERR: 1062:Duplicate entry '704' for key 'PRIMARY'
 [ SQLè¯­å¥ ] : INSERT INTO `m_team` (`tid`,`tname`,`qtname`) VALUES (704,'åšå°”é¡\¿','åšå°”é¡\¿')
ERR: 1062:Duplicate entry '740' for key 'PRIMARY'
 [ SQLè¯­å¥ ] : INSERT INTO `m_team` (`tid`,`tname`,`qtname`) VALUES (740,'æŸ¥å°”é¡\¿','æŸ¥å°”é¡\¿')
ERR: 1062:Duplicate entry '760' for key 'PRIMARY'
 [ SQLè¯­å¥ ] : INSERT INTO `m_team` (`tid`,`tname`,`qtname`) VALUES (760,'å¾·æ¯”éƒ\¡','å¾·æ¯”éƒ\¡')
ERR: 1062:Duplicate entry '760' for key 'PRIMARY'
 [ SQLè¯­å¥ ] : INSERT INTO `m_team` (`tid`,`tname`,`qtname`) VALUES (760,'å¾·æ¯”éƒ\¡','å¾·æ¯”éƒ\¡')
ERR: 1062:Duplicate entry '740' for key 'PRIMARY'
 [ SQLè¯­å¥ ] : INSERT INTO `m_team` (`tid`,`tname`,`qtname`) VALUES (740,'æŸ¥å°”é¡\¿','æŸ¥å°”é¡\¿')
ERR: 1062:Duplicate entry '1137' for key 'PRIMARY'
 [ SQLè¯­å¥ ] : INSERT INTO `m_team` (`tid`,`tname`,`qtname`) VALUES (1137,'çº½å¡æ–¯å°”è\”','çº½å¡æ–¯å°”è\”')
ERR: 1062:Duplicate entry '1142' for key 'PRIMARY'
 [ SQLè¯­å¥ ] : INSERT INTO `m_team` (`tid`,`tname`,`qtname`) VALUES (1142,'è¯ºä¸æ±‰æ£®æ\—','è¯ºä¸æ±‰æ£®æ\—')
ERR: 1062:Duplicate entry '847' for key 'PRIMARY'
 [ SQLè¯­å¥ ] : INSERT INTO `m_team` (`tid`,`tname`,`qtname`) VALUES (847,'å“ˆå¾·æ–¯è²å°”å¾·','å“ˆå¾·æ–¯è²å°”å¾·')
ERR: 1062:Duplicate entry '1142' for key 'PRIMARY'
 [ SQLè¯­å¥ ] : INSERT INTO `m_team` (`tid`,`tname`,`qtname`) VALUES (1142,'è¯ºä¸æ±‰æ£®æ\—','è¯ºä¸æ±‰æ£®æ\—')
ERR: 1062:Duplicate entry '973' for key 'PRIMARY'
 [ SQLè¯­å¥ ] : INSERT INTO `m_team` (`tid`,`tname`,`qtname`) VALUES (973,'è±åˆ‡æ–¯ç‰¹åŸ\','è±åˆ‡æ–¯ç‰¹åŸ\')
ERR: 1062:Duplicate entry '973' for key 'PRIMARY'
 [ SQLè¯­å¥ ] : INSERT INTO `m_team` (`tid`,`tname`,`qtname`) VALUES (973,'è±åˆ‡æ–¯ç‰¹åŸ\','è±åˆ‡æ–¯ç‰¹åŸ\')
ERR: 1062:Duplicate entry '1095' for key 'PRIMARY'
 [ SQLè¯­å¥ ] : INSERT INTO `m_team` (`tid`,`tname`,`qtname`) VALUES (1095,'ç±³å¾·å°”æ–¯å \¡','ç±³å¾·å°”æ–¯å \¡')
ERR: 1062:Duplicate entry '1095' for key 'PRIMARY'
 [ SQLè¯­å¥ ] : INSERT INTO `m_team` (`tid`,`tname`,`qtname`) VALUES (1095,'ç±³å¾·å°”æ–¯å \¡','ç±³å¾·å°”æ–¯å \¡')
ERR: 1062:Duplicate entry '1165' for key 'PRIMARY'
 [ SQLè¯­å¥ ] : INSERT INTO `m_team` (`tid`,`tname`,`qtname`) VALUES (1165,'æ™®é›·æ–¯é¡¿','æ™®é›·æ–¯é¡¿')
ERR: 1062:Duplicate entry '1128' for key 'PRIMARY'
 [ SQLè¯­å¥ ] : INSERT INTO `m_team` (`tid`,`tname`,`qtname`) VALUES (1128,'å—å®‰æ™®æ•¦','å—å®‰æ™®æ•¦')
ERR: 1062:Duplicate entry '1097' for key 'PRIMARY'
 [ SQLè¯­å¥ ] : INSERT INTO `m_team` (`tid`,`tname`,`qtname`) VALUES (1097,'ç±³å°”æ²ƒå°”','ç±³å°”æ²ƒå°”')
ERR: 1062:Duplicate entry '1097' for key 'PRIMARY'
 [ SQLè¯­å¥ ] : INSERT INTO `m_team` (`tid`,`tname`,`qtname`) VALUES (1097,'ç±³å°”æ²ƒå°”','ç±³å°”æ²ƒå°”')
ERR: 1062:Duplicate entry '1128' for key 'PRIMARY'
 [ SQLè¯­å¥ ] : INSERT INTO `m_team` (`tid`,`tname`,`qtname`) VALUES (1128,'å—å®‰æ™®æ•¦','å—å®‰æ™®æ•¦')
ERR: 1062:Duplicate entry '1144' for key 'PRIMARY'
 [ SQLè¯­å¥ ] : INSERT INTO `m_team` (`tid`,`tname`,`qtname`) VALUES (1144,'è¯ºç»´å¥\‡','è¯ºç»´å¥\‡')
ERR: 1062:Duplicate entry '1956' for key 'PRIMARY'
 [ SQLè¯­å¥ ] : INSERT INTO `m_team` (`tid`,`tname`,`qtname`) VALUES (1956,'å…‹åŠ³åˆ\©','å…‹åŠ³åˆ\©')
ERR: 1062:Duplicate entry '1144' for key 'PRIMARY'
 [ SQLè¯­å¥ ] : INSERT INTO `m_team` (`tid`,`tname`,`qtname`) VALUES (1144,'è¯ºç»´å¥\‡','è¯ºç»´å¥\‡')
ERR: 1062:Duplicate entry '1956' for key 'PRIMARY'
 [ SQLè¯­å¥ ] : INSERT INTO `m_team` (`tid`,`tname`,`qtname`) VALUES (1956,'å…‹åŠ³åˆ\©','å…‹åŠ³åˆ\©')
ERR: 1062:Duplicate entry '1257' for key 'PRIMARY'
 [ SQLè¯­å¥ ] : INSERT INTO `m_team` (`tid`,`tname`,`qtname`) VALUES (1257,'ç»´å°”æ¸\¯','ç»´å°”æ¸\¯')
ERR: 1062:Duplicate entry '1257' for key 'PRIMARY'
 [ SQLè¯­å¥ ] : INSERT INTO `m_team` (`tid`,`tname`,`qtname`) VALUES (1257,'ç»´å°”æ¸\¯','ç»´å°”æ¸\¯')
ERR: 1062:Duplicate entry '989' for key 'PRIMARY'
 [ SQLè¯­å¥ ] : INSERT INTO `m_team` (`tid`,`tname`,`qtname`) VALUES (989,'é›·ä¸','é›·ä¸')
ERR: 1062:Duplicate entry '989' for key 'PRIMARY'
 [ SQLè¯­å¥ ] : INSERT INTO `m_team` (`tid`,`tname`,`qtname`) VALUES (989,'é›·ä¸','é›·ä¸')
ERR: 1062:Duplicate entry '511' for key 'PRIMARY'
 [ SQLè¯­å¥ ] : INSERT INTO `m_team` (`tid`,`tname`,`qtname`) VALUES (511,'æ–¯æ—ºè¥\¿','æ–¯æ—ºè¥\¿')
ERR: 1062:Duplicate entry '511' for key 'PRIMARY'
 [ SQLè¯­å¥ ] : INSERT INTO `m_team` (`tid`,`tname`,`qtname`) VALUES (511,'æ–¯æ—ºè¥\¿','æ–¯æ—ºè¥\¿')
ERR: 1062:Duplicate entry '1037' for key 'PRIMARY'
 [ SQLè¯­å¥ ] : INSERT INTO `m_team` (`tid`,`tname`,`qtname`) VALUES (1037,'ç½—ç‘Ÿæ±‰å§†','ç½—ç‘Ÿæ±‰å§†')
ERR: 1062:Duplicate entry '510' for key 'PRIMARY'
 [ SQLè¯­å¥ ] : INSERT INTO `m_team` (`tid`,`tname`,`qtname`) VALUES (510,'æ–¯æ–‡ç™\»','æ–¯æ–‡ç™\»')
ERR: 1062:Duplicate entry '510' for key 'PRIMARY'
 [ SQLè¯­å¥ ] : INSERT INTO `m_team` (`tid`,`tname`,`qtname`) VALUES (510,'æ–¯æ–‡ç™\»','æ–¯æ–‡ç™\»')
ERR: 1062:Duplicate entry '516' for key 'PRIMARY'
 [ SQLè¯­å¥ ] : INSERT INTO `m_team` (`tid`,`tname`,`qtname`) VALUES (516,'æ°´æ™¶å®\«','æ°´æ™¶å®\«')
ERR: 1062:Duplicate entry '1272' for key 'PRIMARY'
 [ SQLè¯­å¥ ] : INSERT INTO `m_team` (`tid`,`tname`,`qtname`) VALUES (1272,'æ²ƒå°”ç´¢å°”','æ²ƒå°”ç´¢å°”')
ERR: 1062:Duplicate entry '516' for key 'PRIMARY'
 [ SQLè¯­å¥ ] : INSERT INTO `m_team` (`tid`,`tname`,`qtname`) VALUES (516,'æ°´æ™¶å®\«','æ°´æ™¶å®\«')
ERR: 1062:Duplicate entry '1274' for key 'PRIMARY'
 [ SQLè¯­å¥ ] : INSERT INTO `m_team` (`tid`,`tname`,`qtname`) VALUES (1274,'æ²ƒç‰¹ç¦å¾·','æ²ƒç‰¹ç¦å¾·')
ERR: 1062:Duplicate entry '1274' for key 'PRIMARY'
 [ SQLè¯­å¥ ] : INSERT INTO `m_team` (`tid`,`tname`,`qtname`) VALUES (1274,'æ²ƒç‰¹ç¦å¾·','æ²ƒç‰¹ç¦å¾·')
ERR: 1062:Duplicate entry '1218' for key 'PRIMARY'
 [ SQLè¯­å¥ ] : INSERT INTO `m_team` (`tid`,`tname`,`qtname`) VALUES (1218,'å”å¡æ–¯ç‰¹','å”å¡æ–¯ç‰¹')
ERR: 1062:Duplicate entry '1286' for key 'PRIMARY'
 [ SQLè¯­å¥ ] : INSERT INTO `m_team` (`tid`,`tname`,`qtname`) VALUES (1286,'è¥¿æ±‰å§†è”','è¥¿æ±‰å§†è”')
ERR: 1062:Duplicate entry '1286' for key 'PRIMARY'
 [ SQLè¯­å¥ ] : INSERT INTO `m_team` (`tid`,`tname`,`qtname`) VALUES (1286,'è¥¿æ±‰å§†è”','è¥¿æ±‰å§†è”')
ERR: 1062:Duplicate entry '784' for key 'PRIMARY'
 [ SQLè¯­å¥ ] : INSERT INTO `m_team` (`tid`,`tname`,`qtname`) VALUES (784,'é‚“è¿ªFC','é‚“è¿ªFC')
ERR: 1062:Duplicate entry '1930' for key 'PRIMARY'
 [ SQLè¯­å¥ ] : INSERT INTO `m_team` (`tid`,`tname`,`qtname`) VALUES (1930,'è‰¾å°”è\”','è‰¾å°”è\”')
ERR: 1062:Duplicate entry '402' for key 'PRIMARY'
 [ SQLè¯­å¥ ] : INSERT INTO `m_team` (`tid`,`tname`,`qtname`) VALUES (402,'åœ£ç±³ä¼\¦','åœ£ç±³ä¼\¦')
ERR: 1062:Duplicate entry '766' for key 'PRIMARY'
 [ SQLè¯­å¥ ] : INSERT INTO `m_team` (`tid`,`tname`,`qtname`) VALUES (766,'é‚“å¼—å§†æ—','é‚“å¼—å§†æ—')
ERR: 1062:Duplicate entry '1734' for key 'PRIMARY'
 [ SQLè¯­å¥ ] : INSERT INTO `m_team` (`tid`,`tname`,`qtname`) VALUES (1734,'æ–¯ç‰¹å…°æ‹‰å°\”','æ–¯ç‰¹å…°æ‹‰å°\”')
ERR: 1062:Duplicate entry '1719' for key 'PRIMARY'
 [ SQLè¯­å¥ ] : INSERT INTO `m_team` (`tid`,`tname`,`qtname`) VALUES (1719,'ç½—æ–¯éƒ\¡','ç½—æ–¯éƒ\¡')
ERR: 1062:Duplicate entry '1284' for key 'PRIMARY'
 [ SQLè¯­å¥ ] : INSERT INTO `m_team` (`tid`,`tname`,`qtname`) VALUES (1284,'è¥¿å¸ƒç½—å§†ç»´å¥‡','è¥¿å¸ƒç½—å§†ç»´å¥‡')
ERR: 1062:Duplicate entry '1075' for key 'PRIMARY'
 [ SQLè¯­å¥ ] : INSERT INTO `m_team` (`tid`,`tname`,`qtname`) VALUES (1075,'æ›¼å½»æ–¯ç‰¹è\”','æ›¼å½»æ–¯ç‰¹è\”')
ERR: 1062:Duplicate entry '2023' for key 'PRIMARY'
 [ SQLè¯­å¥ ] : INSERT INTO `m_team` (`tid`,`tname`,`qtname`) VALUES (2023,'ç±³å°”é¡¿å‡¯æ©æ–¯','ç±³å°”é¡¿å‡¯æ©æ–¯')
ERR: 1062:Duplicate entry '2023' for key 'PRIMARY'
 [ SQLè¯­å¥ ] : INSERT INTO `m_team` (`tid`,`tname`,`qtname`) VALUES (2023,'ç±³å°”é¡¿å‡¯æ©æ–¯','ç±³å°”é¡¿å‡¯æ©æ–¯')
ERR: 1062:Duplicate entry '1075' for key 'PRIMARY'
 [ SQLè¯­å¥ ] : INSERT INTO `m_team` (`tid`,`tname`,`qtname`) VALUES (1075,'æ›¼å½»æ–¯ç‰¹è\”','æ›¼å½»æ–¯ç‰¹è\”')
ERR: 1062:Duplicate entry '1908' for key 'PRIMARY'
 [ SQLè¯­å¥ ] : INSERT INTO `m_team` (`tid`,`tname`,`qtname`) VALUES (1908,'ç“¦å¥‡å·´æ‰˜','ç“¦å¥‡å·´æ‰˜')
ERR: 1062:Duplicate entry '676' for key 'PRIMARY'
 [ SQLè¯­å¥ ] : INSERT INTO `m_team` (`tid`,`tname`,`qtname`) VALUES (676,'è´å°”æ ¼æ‹‰è¯\º','è´å°”æ ¼æ‹‰è¯\º')
ERR: 1062:Duplicate entry '835' for key 'PRIMARY'
 [ SQLè¯­å¥ ] : INSERT INTO `m_team` (`tid`,`tname`,`qtname`) VALUES (835,'æ‹‰æ™®æ‹‰å¡”ä½“æ“','æ‹‰æ™®æ‹‰å¡”ä½“æ“')
ERR: 1062:Duplicate entry '5241' for key 'PRIMARY'
 [ SQLè¯­å¥ ] : INSERT INTO `m_team` (`tid`,`tname`,`qtname`) VALUES (5241,'å¥¥æ—åŒ¹å¥¥','å¥¥æ—åŒ¹å¥¥')
ERR: 1062:Duplicate entry '1322' for key 'PRIMARY'
 [ SQLè¯­å¥ ] : INSERT INTO `m_team` (`tid`,`tname`,`qtname`) VALUES (1322,'é˜¿æ ¹å»·ç‹¬ç«\‹','é˜¿æ ¹å»·ç‹¬ç«\‹')
ERR: 1062:Duplicate entry '4710' for key 'PRIMARY'
 [ SQLè¯­å¥ ] : INSERT INTO `m_team` (`tid`,`tname`,`qtname`) VALUES (4710,'å®‰ç´¢é˜¿ç‰¹å\‰','å®‰ç´¢é˜¿ç‰¹å\‰')
ERR: 1062:Duplicate entry '5181' for key 'PRIMARY'
 [ SQLè¯­å¥ ] : INSERT INTO `m_team` (`tid`,`tname`,`qtname`) VALUES (5181,'åŸºå¤šå¤©ä¸»å¤§å­¦','åŸºå¤šå¤©ä¸»å¤§å­¦')
ERR: 1062:Duplicate entry '3585' for key 'PRIMARY'
 [ SQLè¯­å¥ ] : INSERT INTO `m_team` (`tid`,`tname`,`qtname`) VALUES (3585,'åŸƒæ¢…è±å…‹','åŸƒæ¢…è±å…‹')
ERR: 1062:Duplicate entry '1588' for key 'PRIMARY'
 [ SQLè¯­å¥ ] : INSERT INTO `m_team` (`tid`,`tname`,`qtname`) VALUES (1588,'ç“¦æ–¯ç§‘è¾¾ä¼½é©¬','ç“¦æ–¯ç§‘è¾¾ä¼½é©¬')
ERR: 1062:Duplicate entry '1139' for key 'PRIMARY'
 [ SQLè¯­å¥ ] : INSERT INTO `m_team` (`tid`,`tname`,`qtname`) VALUES (1139,'çº½çº¦çº¢ç‰›','çº½çº¦çº¢ç‰›')
ERR: 1062:Duplicate entry '558' for key 'PRIMARY'
 [ SQLè¯­å¥ ] : INSERT INTO `m_team` (`tid`,`tname`,`qtname`) VALUES (558,'ç«æŠ€ä¿±ä¹éƒ\¨','ç«æŠ€ä¿±ä¹éƒ\¨')
ERR: 1062:Duplicate entry '2062' for key 'PRIMARY'
 [ SQLè¯­å¥ ] : INSERT INTO `m_team` (`tid`,`tname`,`qtname`) VALUES (2062,'æ³¢ç‰¹è¯ºå±±ä¸\˜','æ³¢ç‰¹è¯ºå±±ä¸\˜')
ERR: 1062:Duplicate entry '533' for key 'PRIMARY'
 [ SQLè¯­å¥ ] : INSERT INTO `m_team` (`tid`,`tname`,`qtname`) VALUES (533,'å¢¨è¥¿å“¥ç¾æ´\²','å¢¨è¥¿å“¥ç¾æ´\²')
ERR: 1062:Duplicate entry '845' for key 'PRIMARY'
 [ SQLè¯­å¥ ] : INSERT INTO `m_team` (`tid`,`tname`,`qtname`) VALUES (845,'å¹¿å²›ä¸‰ç®­','å¹¿å²›ä¸‰ç®­')
ERR: 1062:Duplicate entry '4127' for key 'PRIMARY'
 [ SQLè¯­å¥ ] : INSERT INTO `m_team` (`tid`,`tname`,`qtname`) VALUES (4127,'æ°´æˆ·èœ€è‘\µ','æ°´æˆ·èœ€è‘\µ')
ERR: 1062:Duplicate entry '1608' for key 'PRIMARY'
 [ SQLè¯­å¥ ] : INSERT INTO `m_team` (`tid`,`tname`,`qtname`) VALUES (1608,'æµ¦é¡¹åˆ¶é“','æµ¦é¡¹åˆ¶é“')
ERR: 1062:Duplicate entry '1560' for key 'PRIMARY'
 [ SQLè¯­å¥ ] : INSERT INTO `m_team` (`tid`,`tname`,`qtname`) VALUES (1560,'å¹¿å·æ’å¤§','å¹¿å·æ’å¤§')
ERR: 1062:Duplicate entry '688' for key 'PRIMARY'
 [ SQLè¯­å¥ ] : INSERT INTO `m_team` (`tid`,`tname`,`qtname`) VALUES (688,'è´è¥¿å…‹å¡”æ–\¯','è´è¥¿å…‹å¡”æ–\¯')
ERR: 1062:Duplicate entry '554' for key 'PRIMARY'
 [ SQLè¯­å¥ ] : INSERT INTO `m_team` (`tid`,`tname`,`qtname`) VALUES (554,'é˜¿æ£®çº\³','é˜¿æ£®çº\³')
ERR: 1062:Duplicate entry '688' for key 'PRIMARY'
 [ SQLè¯­å¥ ] : INSERT INTO `m_team` (`tid`,`tname`,`qtname`) VALUES (688,'è´è¥¿å…‹å¡”æ–\¯','è´è¥¿å…‹å¡”æ–\¯')
ERR: 1062:Duplicate entry '690' for key 'PRIMARY'
 [ SQLè¯­å¥ ] : INSERT INTO `m_team` (`tid`,`tname`,`qtname`) VALUES (690,'æ¯•å°”å·´é„‚ç«æŠ€','æ¯•å°”å·´é„‚ç«æŠ€')
ERR: 1062:Duplicate entry '1125' for key 'PRIMARY'
 [ SQLè¯­å¥ ] : INSERT INTO `m_team` (`tid`,`tname`,`qtname`) VALUES (1125,'é‚£ä¸å‹’æ–¯','é‚£ä¸å‹’æ–¯')
ERR: 1062:Duplicate entry '690' for key 'PRIMARY'
 [ SQLè¯­å¥ ] : INSERT INTO `m_team` (`tid`,`tname`,`qtname`) VALUES (690,'æ¯•å°”å·´é„‚ç«æŠ€','æ¯•å°”å·´é„‚ç«æŠ€')
ERR: 1062:Duplicate entry '1125' for key 'PRIMARY'
 [ SQLè¯­å¥ ] : INSERT INTO `m_team` (`tid`,`tname`,`qtname`) VALUES (1125,'é‚£ä¸å‹’æ–¯','é‚£ä¸å‹’æ–¯')
ERR: 1062:Duplicate entry '986' for key 'PRIMARY'
 [ SQLè¯­å¥ ] : INSERT INTO `m_team` (`tid`,`tname`,`qtname`) VALUES (986,'å‹’æ²ƒåº“æ£®','å‹’æ²ƒåº“æ£®')
ERR: 1062:Duplicate entry '819' for key 'PRIMARY'
 [ SQLè¯­å¥ ] : INSERT INTO `m_team` (`tid`,`tname`,`qtname`) VALUES (819,'å“¥æœ¬å“ˆæ ¹','å“¥æœ¬å“ˆæ ¹')
ERR: 1062:Duplicate entry '986' for key 'PRIMARY'
 [ SQLè¯­å¥ ] : INSERT INTO `m_team` (`tid`,`tname`,`qtname`) VALUES (986,'å‹’æ²ƒåº“æ£®','å‹’æ²ƒåº“æ£®')
ERR: 1062:Duplicate entry '819' for key 'PRIMARY'
 [ SQLè¯­å¥ ] : INSERT INTO `m_team` (`tid`,`tname`,`qtname`) VALUES (819,'å“¥æœ¬å“ˆæ ¹','å“¥æœ¬å“ˆæ ¹')
ERR: 1062:Duplicate entry '712' for key 'PRIMARY'
 [ SQLè¯­å¥ ] : INSERT INTO `m_team` (`tid`,`tname`,`qtname`) VALUES (712,'å¸ƒåŠ å‹’æ–¯ç‰¹æ˜Ÿ','å¸ƒåŠ å‹’æ–¯ç‰¹æ˜Ÿ')
ERR: 1062:Duplicate entry '712' for key 'PRIMARY'
 [ SQLè¯­å¥ ] : INSERT INTO `m_team` (`tid`,`tname`,`qtname`) VALUES (712,'å¸ƒåŠ å‹’æ–¯ç‰¹æ˜Ÿ','å¸ƒåŠ å‹’æ–¯ç‰¹æ˜Ÿ')
ERR: 1062:Duplicate entry '1051' for key 'PRIMARY'
 [ SQLè¯­å¥ ] : INSERT INTO `m_team` (`tid`,`tname`,`qtname`) VALUES (1051,'é©¬å°”é»\˜','é©¬å°”é»\˜')
ERR: 1062:Duplicate entry '446' for key 'PRIMARY'
 [ SQLè¯­å¥ ] : INSERT INTO `m_team` (`tid`,`tname`,`qtname`) VALUES (446,'è¨å°”èŒ¨å ¡','è¨å°”èŒ¨å ¡')
ERR: 1062:Duplicate entry '555' for key 'PRIMARY'
 [ SQLè¯­å¥ ] : INSERT INTO `m_team` (`tid`,`tname`,`qtname`) VALUES (555,'é˜¿æ–¯é¡¿ç»´æ‹\‰','é˜¿æ–¯é¡¿ç»´æ‹\‰')
ERR: 1062:Duplicate entry '1626' for key 'PRIMARY'
 [ SQLè¯­å¥ ] : INSERT INTO `m_team` (`tid`,`tname`,`qtname`) VALUES (1626,'è±é¡¿ä¸œæ–¹','è±é¡¿ä¸œæ–¹')
ERR: 1062:Duplicate entry '555' for key 'PRIMARY'
 [ SQLè¯­å¥ ] : INSERT INTO `m_team` (`tid`,`tname`,`qtname`) VALUES (555,'é˜¿æ–¯é¡¿ç»´æ‹\‰','é˜¿æ–¯é¡¿ç»´æ‹\‰')
ERR: 1062:Duplicate entry '1626' for key 'PRIMARY'
 [ SQLè¯­å¥ ] : INSERT INTO `m_team` (`tid`,`tname`,`qtname`) VALUES (1626,'è±é¡¿ä¸œæ–¹','è±é¡¿ä¸œæ–¹')
ERR: 1062:Duplicate entry '466' for key 'PRIMARY'
 [ SQLè¯­å¥ ] : INSERT INTO `m_team` (`tid`,`tname`,`qtname`) VALUES (466,'æ¡‘å¾·å…\°','æ¡‘å¾·å…\°')
ERR: 1062:Duplicate entry '701' for key 'PRIMARY'
 [ SQLè¯­å¥ ] : INSERT INTO `m_team` (`tid`,`tname`,`qtname`) VALUES (701,'ä¼¯æ˜ç¿\°','ä¼¯æ˜ç¿\°')
ERR: 1062:Duplicate entry '466' for key 'PRIMARY'
 [ SQLè¯­å¥ ] : INSERT INTO `m_team` (`tid`,`tname`,`qtname`) VALUES (466,'æ¡‘å¾·å…\°','æ¡‘å¾·å…\°')
ERR: 1062:Duplicate entry '2351' for key 'PRIMARY'
 [ SQLè¯­å¥ ] : INSERT INTO `m_team` (`tid`,`tname`,`qtname`) VALUES (2351,'ä¼¯é¡¿','ä¼¯é¡¿')
ERR: 1062:Duplicate entry '954' for key 'PRIMARY'
 [ SQLè¯­å¥ ] : INSERT INTO `m_team` (`tid`,`tname`,`qtname`) VALUES (954,'å¥³ç‹å…¬å›­å·¡æ¸¸è€\…','å¥³ç‹å…¬å›­å·¡æ¸¸è€\…')
ERR: 1062:Duplicate entry '1197' for key 'PRIMARY'
 [ SQLè¯­å¥ ] : INSERT INTO `m_team` (`tid`,`tname`,`qtname`) VALUES (1197,'æ–¯æ‰˜å…‹åŸ','æ–¯æ‰˜å…‹åŸ')
ERR: 1062:Duplicate entry '716' for key 'PRIMARY'
 [ SQLè¯­å¥ ] : INSERT INTO `m_team` (`tid`,`tname`,`qtname`) VALUES (716,'å¸ƒæ‹‰å¾·ç¦å¾\·','å¸ƒæ‹‰å¾·ç¦å¾\·')
ERR: 1062:Duplicate entry '1015' for key 'PRIMARY'
 [ SQLè¯­å¥ ] : INSERT INTO `m_team` (`tid`,`tname`,`qtname`) VALUES (1015,'åˆ©å…¹è\”','åˆ©å…¹è\”')
ERR: 1062:Duplicate entry '1183' for key 'PRIMARY'
 [ SQLè¯­å¥ ] : INSERT INTO `m_team` (`tid`,`tname`,`qtname`) VALUES (1183,'æ‹‰æ–æ‹‰ç«æŠ€','æ‹‰æ–æ‹‰ç«æŠ€')
ERR: 1062:Duplicate entry '1136' for key 'PRIMARY'
 [ SQLè¯­å¥ ] : INSERT INTO `m_team` (`tid`,`tname`,`qtname`) VALUES (1136,'çº½ç»´å°”è€ç”·å­\©','çº½ç»´å°”è€ç”·å­\©')
ERR: 1062:Duplicate entry '1034' for key 'PRIMARY'
 [ SQLè¯­å¥ ] : INSERT INTO `m_team` (`tid`,`tname`,`qtname`) VALUES (1034,'ç½—è¨é‡Œå¥¥ä¸­å¤®','ç½—è¨é‡Œå¥¥ä¸­å¤®')
ERR: 1062:Duplicate entry '3608' for key 'PRIMARY'
 [ SQLè¯­å¥ ] : INSERT INTO `m_team` (`tid`,`tname`,`qtname`) VALUES (3608,'æˆˆå¤šä¼Šå…‹é²æ–¯','æˆˆå¤šä¼Šå…‹é²æ–¯')
ERR: 1062:Duplicate entry '864' for key 'PRIMARY'
 [ SQLè¯­å¥ ] : INSERT INTO `m_team` (`tid`,`tname`,`qtname`) VALUES (864,'æ²³åºŠ','æ²³åºŠ')
ERR: 1062:Duplicate entry '1571' for key 'PRIMARY'
 [ SQLè¯­å¥ ] : INSERT INTO `m_team` (`tid`,`tname`,`qtname`) VALUES (1571,'å·´æ‹‰çº³ç«æŠ€','å·´æ‹‰çº³ç«æŠ€')
ERR: 1062:Duplicate entry '6945' for key 'PRIMARY'
 [ SQLè¯­å¥ ] : INSERT INTO `m_team` (`tid`,`tname`,`qtname`) VALUES (6945,'è±æ˜‚','è±æ˜‚')
ERR: 1062:Duplicate entry '6945' for key 'PRIMARY'
 [ SQLè¯­å¥ ] : INSERT INTO `m_team` (`tid`,`tname`,`qtname`) VALUES (6945,'è±æ˜‚','è±æ˜‚')
ERR: 1062:Duplicate entry '569' for key 'PRIMARY'
 [ SQLè¯­å¥ ] : INSERT INTO `m_team` (`tid`,`tname`,`qtname`) VALUES (569,'æ‹‰æ™®æ‹‰å¡”å¤§å­¦ç”\Ÿ','æ‹‰æ™®æ‹‰å¡”å¤§å­¦ç”\Ÿ')
ERR: 1062:Duplicate entry '705' for key 'PRIMARY'
 [ SQLè¯­å¥ ] : INSERT INTO `m_team` (`tid`,`tname`,`qtname`) VALUES (705,'åšå¡é’å¹´','åšå¡é’å¹´')
ERR: 1062:Duplicate entry '1568' for key 'PRIMARY'
 [ SQLè¯­å¥ ] : INSERT INTO `m_team` (`tid`,`tname`,`qtname`) VALUES (1568,'åšå¡”å¼—æˆˆ','åšå¡”å¼—æˆˆ')
ERR: 1062:Duplicate entry '2407' for key 'PRIMARY'
 [ SQLè¯­å¥ ] : INSERT INTO `m_team` (`tid`,`tname`,`qtname`) VALUES (2407,'å¡é˜¿æ‹\‰','å¡é˜¿æ‹\‰')
ERR: 1062:Duplicate entry '1572' for key 'PRIMARY'
 [ SQLè¯­å¥ ] : INSERT INTO `m_team` (`tid`,`tname`,`qtname`) VALUES (1572,'ç§‘æ—è’‚å®‰','ç§‘æ—è’‚å®‰')
ERR: 1062:Duplicate entry '1573' for key 'PRIMARY'
 [ SQLè¯­å¥ ] : INSERT INTO `m_team` (`tid`,`tname`,`qtname`) VALUES (1573,'ç§‘é‡Œè’‚å·´','ç§‘é‡Œè’‚å·´')
ERR: 1062:Duplicate entry '1577' for key 'PRIMARY'
 [ SQLè¯­å¥ ] : INSERT INTO `m_team` (`tid`,`tname`,`qtname`) VALUES (1577,'å¼—æ‹‰é—¨æˆˆ','å¼—æ‹‰é—¨æˆˆ')
ERR: 1062:Duplicate entry '2258' for key 'PRIMARY'
 [ SQLè¯­å¥ ] : INSERT INTO `m_team` (`tid`,`tname`,`qtname`) VALUES (2258,'åˆ©é©¬è”ç›Ÿ','åˆ©é©¬è”ç›Ÿ')
ERR: 1062:Duplicate entry '1888' for key 'PRIMARY'
 [ SQLè¯­å¥ ] : INSERT INTO `m_team` (`tid`,`tname`,`qtname`) VALUES (1888,'å¸•ä¸˜å\¡','å¸•ä¸˜å\¡')
ERR: 1062:Duplicate entry '1888' for key 'PRIMARY'
 [ SQLè¯­å¥ ] : INSERT INTO `m_team` (`tid`,`tname`,`qtname`) VALUES (1888,'å¸•ä¸˜å\¡','å¸•ä¸˜å\¡')
ERR: 1062:Duplicate entry '1044' for key 'PRIMARY'
 [ SQLè¯­å¥ ] : INSERT INTO `m_team` (`tid`,`tname`,`qtname`) VALUES (1044,'æ´›æ‰çŸ¶é“¶æ²\³','æ´›æ‰çŸ¶é“¶æ²\³')
ERR: 1062:Duplicate entry '881' for key 'PRIMARY'
 [ SQLè¯­å¥ ] : INSERT INTO `m_team` (`tid`,`tname`,`qtname`) VALUES (881,'åç››é¡¿è”','åç››é¡¿è”')
ERR: 1062:Duplicate entry '1113' for key 'PRIMARY'
 [ SQLè¯­å¥ ] : INSERT INTO `m_team` (`tid`,`tname`,`qtname`) VALUES (1113,'è«æ–¯ç§‘ç«è½¦å¤´','è«æ–¯ç§‘ç«è½¦å¤´')
ERR: 1062:Duplicate entry '1113' for key 'PRIMARY'
 [ SQLè¯­å¥ ] : INSERT INTO `m_team` (`tid`,`tname`,`qtname`) VALUES (1113,'è«æ–¯ç§‘ç«è½¦å¤´','è«æ–¯ç§‘ç«è½¦å¤´')
ERR: 1062:Duplicate entry '1112' for key 'PRIMARY'
 [ SQLè¯­å¥ ] : INSERT INTO `m_team` (`tid`,`tname`,`qtname`) VALUES (1112,'è«æ–¯ç§‘è¿ªçº³æ‘©','è«æ–¯ç§‘è¿ªçº³æ‘©')
ERR: 1062:Duplicate entry '2513' for key 'PRIMARY'
 [ SQLè¯­å¥ ] : INSERT INTO `m_team` (`tid`,`tname`,`qtname`) VALUES (2513,'å¥¥è«å°¼äºš','å¥¥è«å°¼äºš')
ERR: 1062:Duplicate entry '1112' for key 'PRIMARY'
 [ SQLè¯­å¥ ] : INSERT INTO `m_team` (`tid`,`tname`,`qtname`) VALUES (1112,'è«æ–¯ç§‘è¿ªçº³æ‘©','è«æ–¯ç§‘è¿ªçº³æ‘©')
ERR: 1062:Duplicate entry '5872' for key 'PRIMARY'
 [ SQLè¯­å¥ ] : INSERT INTO `m_team` (`tid`,`tname`,`qtname`) VALUES (5872,'å…‹æ‹‰æ–¯è¯ºè¾¾å°”','å…‹æ‹‰æ–¯è¯ºè¾¾å°”')
ERR: 1062:Duplicate entry '5872' for key 'PRIMARY'
 [ SQLè¯­å¥ ] : INSERT INTO `m_team` (`tid`,`tname`,`qtname`) VALUES (5872,'å…‹æ‹‰æ–¯è¯ºè¾¾å°”','å…‹æ‹‰æ–¯è¯ºè¾¾å°”')
ERR: 1062:Duplicate entry '885' for key 'PRIMARY'
 [ SQLè¯­å¥ ] : INSERT INTO `m_team` (`tid`,`tname`,`qtname`) VALUES (885,'çš‡å®¶ç¤¾ä¼š','çš‡å®¶ç¤¾ä¼š')
ERR: 1062:Duplicate entry '997' for key 'PRIMARY'
 [ SQLè¯­å¥ ] : INSERT INTO `m_team` (`tid`,`tname`,`qtname`) VALUES (997,'é‡Œæ˜‚','é‡Œæ˜‚')
ERR: 1062:Duplicate entry '997' for key 'PRIMARY'
 [ SQLè¯­å¥ ] : INSERT INTO `m_team` (`tid`,`tname`,`qtname`) VALUES (997,'é‡Œæ˜‚','é‡Œæ˜‚')
ERR: 1062:Duplicate entry '2694' for key 'PRIMARY'
 [ SQLè¯­å¥ ] : INSERT INTO `m_team` (`tid`,`tname`,`qtname`) VALUES (2694,'ç´¢åˆ©æˆˆå°”æ–¯å…‹çŸ¿å·¥','ç´¢åˆ©æˆˆå°”æ–¯å…‹çŸ¿å·¥')
ERR: 1062:Duplicate entry '1295' for key 'PRIMARY'
 [ SQLè¯­å¥ ] : INSERT INTO `m_team` (`tid`,`tname`,`qtname`) VALUES (1295,'æ–¯æ™®åˆ©ç‰¹æµ·æœå…\‹','æ–¯æ™®åˆ©ç‰¹æµ·æœå…\‹')
ERR: 1062:Duplicate entry '1219' for key 'PRIMARY'
 [ SQLè¯­å¥ ] : INSERT INTO `m_team` (`tid`,`tname`,`qtname`) VALUES (1219,'ç‰¹æ‹‰å¸ƒå®—ä½“è‚²','ç‰¹æ‹‰å¸ƒå®—ä½“è‚²')
ERR: 1062:Duplicate entry '1038' for key 'PRIMARY'
 [ SQLè¯­å¥ ] : INSERT INTO `m_team` (`tid`,`tname`,`qtname`) VALUES (1038,'ç½—æ–¯æ‰˜å¤«','ç½—æ–¯æ‰˜å¤«')
ERR: 1062:Duplicate entry '1219' for key 'PRIMARY'
 [ SQLè¯­å¥ ] : INSERT INTO `m_team` (`tid`,`tname`,`qtname`) VALUES (1219,'ç‰¹æ‹‰å¸ƒå®—ä½“è‚²','ç‰¹æ‹‰å¸ƒå®—ä½“è‚²')
ERR: 1062:Duplicate entry '1231' for key 'PRIMARY'
 [ SQLè¯­å¥ ] : INSERT INTO `m_team` (`tid`,`tname`,`qtname`) VALUES (1231,'ç‰¹æ¸©ç‰\¹','ç‰¹æ¸©ç‰\¹')
ERR: 1062:Duplicate entry '1231' for key 'PRIMARY'
 [ SQLè¯­å¥ ] : INSERT INTO `m_team` (`tid`,`tname`,`qtname`) VALUES (1231,'ç‰¹æ¸©ç‰\¹','ç‰¹æ¸©ç‰\¹')
ERR: 1062:Duplicate entry '1160' for key 'PRIMARY'
 [ SQLè¯­å¥ ] : INSERT INTO `m_team` (`tid`,`tname`,`qtname`) VALUES (1160,'å¸•çº³è¾›çº³ç§‘æ–¯','å¸•çº³è¾›çº³ç§‘æ–¯')
ERR: 1062:Duplicate entry '801' for key 'PRIMARY'
 [ SQLè¯­å¥ ] : INSERT INTO `m_team` (`tid`,`tname`,`qtname`) VALUES (801,'è´¹è€¶è¯ºå¾\·','è´¹è€¶è¯ºå¾\·')
ERR: 1062:Duplicate entry '776' for key 'PRIMARY'
 [ SQLè¯­å¥ ] : INSERT INTO `m_team` (`tid`,`tname`,`qtname`) VALUES (776,'éƒ½çµ','éƒ½çµ')
ERR: 1062:Duplicate entry '776' for key 'PRIMARY'
 [ SQLè¯­å¥ ] : INSERT INTO `m_team` (`tid`,`tname`,`qtname`) VALUES (776,'éƒ½çµ','éƒ½çµ')
ERR: 1062:Duplicate entry '6017' for key 'PRIMARY'
 [ SQLè¯­å¥ ] : INSERT INTO `m_team` (`tid`,`tname`,`qtname`) VALUES (6017,'RNKæ–¯æ™®åˆ©ç‰¹','RNKæ–¯æ™®åˆ©ç‰¹')
ERR: 1062:Duplicate entry '717' for key 'PRIMARY'
 [ SQLè¯­å¥ ] : INSERT INTO `m_team` (`tid`,`tname`,`qtname`) VALUES (717,'å¸ƒæ‹‰æ ¼æ–¯å·´è¾¾','å¸ƒæ‹‰æ ¼æ–¯å·´è¾¾')
ERR: 1062:Duplicate entry '915' for key 'PRIMARY'
 [ SQLè¯­å¥ ] : INSERT INTO `m_team` (`tid`,`tname`,`qtname`) VALUES (915,'å¡æ‹‰æ¯”å…‹ä½“è‚²','å¡æ‹‰æ¯”å…‹ä½“è‚²')
ERR: 1062:Duplicate entry '494' for key 'PRIMARY'
 [ SQLè¯­å¥ ] : INSERT INTO `m_team` (`tid`,`tname`,`qtname`) VALUES (494,'åœ£åŸƒè’‚å®‰','åœ£åŸƒè’‚å®‰')
ERR: 1062:Duplicate entry '915' for key 'PRIMARY'
 [ SQLè¯­å¥ ] : INSERT INTO `m_team` (`tid`,`tname`,`qtname`) VALUES (915,'å¡æ‹‰æ¯”å…‹ä½“è‚²','å¡æ‹‰æ¯”å…‹ä½“è‚²')
ERR: 1062:Duplicate entry '1089' for key 'PRIMARY'
 [ SQLè¯­å¥ ] : INSERT INTO `m_team` (`tid`,`tname`,`qtname`) VALUES (1089,'é—¨å…´æ ¼æ‹‰å¾·å·´èµ\«','é—¨å…´æ ¼æ‹‰å¾·å·´èµ\«')
ERR: 1062:Duplicate entry '480' for key 'PRIMARY'
 [ SQLè¯­å¥ ] : INSERT INTO `m_team` (`tid`,`tname`,`qtname`) VALUES (480,'è¨æ‹‰çƒ­çª','è¨æ‹‰çƒ­çª')
ERR: 1062:Duplicate entry '1099' for key 'PRIMARY'
 [ SQLè¯­å¥ ] : INSERT INTO `m_team` (`tid`,`tname`,`qtname`) VALUES (1099,'è‘¡è„ç‰™å›½æ°\‘','è‘¡è„ç‰™å›½æ°\‘')
ERR: 1062:Duplicate entry '683' for key 'PRIMARY'
 [ SQLè¯­å¥ ] : INSERT INTO `m_team` (`tid`,`tname`,`qtname`) VALUES (683,'æ¯”åˆ©äºšé›·äºšå°”','æ¯”åˆ©äºšé›·äºšå°”')
ERR: 1062:Duplicate entry '683' for key 'PRIMARY'
 [ SQLè¯­å¥ ] : INSERT INTO `m_team` (`tid`,`tname`,`qtname`) VALUES (683,'æ¯”åˆ©äºšé›·äºšå°”','æ¯”åˆ©äºšé›·äºšå°”')
ERR: 1062:Duplicate entry '872' for key 'PRIMARY'
 [ SQLè¯­å¥ ] : INSERT INTO `m_team` (`tid`,`tname`,`qtname`) VALUES (872,'èµ«å°”åŸ\','èµ«å°”åŸ\')
ERR: 1062:Duplicate entry '1042' for key 'PRIMARY'
 [ SQLè¯­å¥ ] : INSERT INTO `m_team` (`tid`,`tname`,`qtname`) VALUES (1042,'æ´›å…‹ä¼\¦','æ´›å…‹ä¼\¦')
ERR: 1062:Duplicate entry '1238' for key 'PRIMARY'
 [ SQLè¯­å¥ ] : INSERT INTO `m_team` (`tid`,`tname`,`qtname`) VALUES (1238,'æ‰˜ç‰¹çº³å§†çƒ­åˆº','æ‰˜ç‰¹çº³å§†çƒ­åˆº')
ERR: 1062:Duplicate entry '1238' for key 'PRIMARY'
 [ SQLè¯­å¥ ] : INSERT INTO `m_team` (`tid`,`tname`,`qtname`) VALUES (1238,'æ‰˜ç‰¹çº³å§†çƒ­åˆº','æ‰˜ç‰¹çº³å§†çƒ­åˆº')
ERR: 1062:Duplicate entry '2514' for key 'PRIMARY'
 [ SQLè¯­å¥ ] : INSERT INTO `m_team` (`tid`,`tname`,`qtname`) VALUES (2514,'AELåˆ©é©¬ç´¢å°”','AELåˆ©é©¬ç´¢å°”')
ERR: 1062:Duplicate entry '729' for key 'PRIMARY'
 [ SQLè¯­å¥ ] : INSERT INTO `m_team` (`tid`,`tname`,`qtname`) VALUES (729,'å¸ƒé²æ—\¥','å¸ƒé²æ—\¥')
ERR: 1062:Duplicate entry '729' for key 'PRIMARY'
 [ SQLè¯­å¥ ] : INSERT INTO `m_team` (`tid`,`tname`,`qtname`) VALUES (729,'å¸ƒé²æ—\¥','å¸ƒé²æ—\¥')
ERR: 1062:Duplicate entry '737' for key 'PRIMARY'
 [ SQLè¯­å¥ ] : INSERT INTO `m_team` (`tid`,`tname`,`qtname`) VALUES (737,'è‰èœ¢','è‰èœ¢')
ERR: 1062:Duplicate entry '1002' for key 'PRIMARY'
 [ SQLè¯­å¥ ] : INSERT INTO `m_team` (`tid`,`tname`,`qtname`) VALUES (1002,'é‡Œå¥¥é˜¿ç»´','é‡Œå¥¥é˜¿ç»´')
ERR: 1062:Duplicate entry '563' for key 'PRIMARY'
 [ SQLè¯­å¥ ] : INSERT INTO `m_team` (`tid`,`tname`,`qtname`) VALUES (563,'åŸƒå°”å¤«æ–¯å \¡','åŸƒå°”å¤«æ–¯å \¡')

[ 2014-08-27T01:10:27+08:00 ] 127.0.0.1 /Home/Match/teamUp.html
ERR: 1062:Duplicate entry '1572' for key 'PRIMARY'
 [ SQLè¯­å¥ ] : INSERT INTO `m_team` (`tid`,`tname`,`qtname`) VALUES (1572,'ç§‘æ—è’‚å®‰','ç§‘æ—è’‚å®‰')

[ 2014-08-27T01:11:14+08:00 ] 127.0.0.1 /Home/Match/teamUp.html
ERR: 1062:Duplicate entry '2258' for key 'PRIMARY'
 [ SQLè¯­å¥ ] : INSERT INTO `m_team` (`tid`,`tname`,`qtname`) VALUES (2258,'åˆ©é©¬è”ç›Ÿ','åˆ©é©¬è”ç›Ÿ')

[ 2014-08-27T01:11:54+08:00 ] 127.0.0.1 /Home/Match/teamUp.html
ERR: 1062:Duplicate entry '1888' for key 'PRIMARY'
 [ SQLè¯­å¥ ] : INSERT INTO `m_team` (`tid`,`tname`,`qtname`) VALUES (1888,'å¸•ä¸˜å\¡','å¸•ä¸˜å\¡')

[ 2014-08-27T01:12:29+08:00 ] 127.0.0.1 /Home/Match/teamUp.html
ERR: 1062:Duplicate entry '1113' for key 'PRIMARY'
 [ SQLè¯­å¥ ] : INSERT INTO `m_team` (`tid`,`tname`,`qtname`) VALUES (1113,'è«æ–¯ç§‘ç«è½¦å¤´','è«æ–¯ç§‘ç«è½¦å¤´')

[ 2014-08-27T01:13:35+08:00 ] 127.0.0.1 /Home/Match/teamUp.html
ERR: 1062:Duplicate entry '2694' for key 'PRIMARY'
 [ SQLè¯­å¥ ] : INSERT INTO `m_team` (`tid`,`tname`,`qtname`) VALUES (2694,'ç´¢åˆ©æˆˆå°”æ–¯å…‹çŸ¿å·¥','ç´¢åˆ©æˆˆå°”æ–¯å…‹çŸ¿å·¥')

[ 2014-08-27T01:13:47+08:00 ] 127.0.0.1 /Home/Match/teamUp.html
ERR: 1062:Duplicate entry '1295' for key 'PRIMARY'
 [ SQLè¯­å¥ ] : INSERT INTO `m_team` (`tid`,`tname`,`qtname`) VALUES (1295,'æ–¯æ™®åˆ©ç‰¹æµ·æœå…\‹','æ–¯æ™®åˆ©ç‰¹æµ·æœå…\‹')

[ 2014-08-27T01:13:57+08:00 ] 127.0.0.1 /Home/Match/teamUp.html
ERR: 1062:Duplicate entry '1231' for key 'PRIMARY'
 [ SQLè¯­å¥ ] : INSERT INTO `m_team` (`tid`,`tname`,`qtname`) VALUES (1231,'ç‰¹æ¸©ç‰\¹','ç‰¹æ¸©ç‰\¹')

[ 2014-08-27T01:14:16+08:00 ] 127.0.0.1 /Home/Match/teamUp.html
ERR: 1062:Duplicate entry '1160' for key 'PRIMARY'
 [ SQLè¯­å¥ ] : INSERT INTO `m_team` (`tid`,`tname`,`qtname`) VALUES (1160,'å¸•çº³è¾›çº³ç§‘æ–¯','å¸•çº³è¾›çº³ç§‘æ–¯')

[ 2014-08-27T01:14:32+08:00 ] 127.0.0.1 /Home/Match/teamUp.html
ERR: 1062:Duplicate entry '801' for key 'PRIMARY'
 [ SQLè¯­å¥ ] : INSERT INTO `m_team` (`tid`,`tname`,`qtname`) VALUES (801,'è´¹è€¶è¯ºå¾\·','è´¹è€¶è¯ºå¾\·')

[ 2014-08-27T01:15:24+08:00 ] 127.0.0.1 /Home/Match/teamUp.html
ERR: 1062:Duplicate entry '717' for key 'PRIMARY'
 [ SQLè¯­å¥ ] : INSERT INTO `m_team` (`tid`,`tname`,`qtname`) VALUES (717,'å¸ƒæ‹‰æ ¼æ–¯å·´è¾¾','å¸ƒæ‹‰æ ¼æ–¯å·´è¾¾')

[ 2014-08-27T01:15:35+08:00 ] 127.0.0.1 /Home/Match/teamUp.html
ERR: 1062:Duplicate entry '1099' for key 'PRIMARY'
 [ SQLè¯­å¥ ] : INSERT INTO `m_team` (`tid`,`tname`,`qtname`) VALUES (1099,'è‘¡è„ç‰™å›½æ°\‘','è‘¡è„ç‰™å›½æ°\‘')

[ 2014-08-27T01:16:00+08:00 ] 127.0.0.1 /Home/Match/teamUp.html
ERR: 1062:Duplicate entry '683' for key 'PRIMARY'
 [ SQLè¯­å¥ ] : INSERT INTO `m_team` (`tid`,`tname`,`qtname`) VALUES (683,'æ¯”åˆ©äºšé›·äºšå°”','æ¯”åˆ©äºšé›·äºšå°”')

[ 2014-08-27T01:46:16+08:00 ] 127.0.0.1 /Home/Match/teamUpAll.html
ERR: 1062:Duplicate entry '560' for key 'PRIMARY'
 [ SQLè¯­å¥ ] : INSERT INTO `m_team` (`tid`,`tname`,`qtname`) VALUES (560,'é˜¿é›…å…‹è‚–','é˜¿é›…å…‹è‚–')
ERR: 1062:Duplicate entry '1225' for key 'PRIMARY'
 [ SQLè¯­å¥ ] : INSERT INTO `m_team` (`tid`,`tname`,`qtname`) VALUES (1225,'ç‰¹é²ç“\¦','ç‰¹é²ç“\¦')
ERR: 1062:Duplicate entry '560' for key 'PRIMARY'
 [ SQLè¯­å¥ ] : INSERT INTO `m_team` (`tid`,`tname`,`qtname`) VALUES (560,'é˜¿é›…å…‹è‚–','é˜¿é›…å…‹è‚–')
ERR: 1062:Duplicate entry '485' for key 'PRIMARY'
 [ SQLè¯­å¥ ] : INSERT INTO `m_team` (`tid`,`tname`,`qtname`) VALUES (485,'æ²™æ‰˜é²\','æ²™æ‰˜é²\')
ERR: 1062:Duplicate entry '944' for key 'PRIMARY'
 [ SQLè¯­å¥ ] : INSERT INTO `m_team` (`tid`,`tname`,`qtname`) VALUES (944,'å…‹è±è’\™','å…‹è±è’\™')
ERR: 1062:Duplicate entry '485' for key 'PRIMARY'
 [ SQLè¯­å¥ ] : INSERT INTO `m_team` (`tid`,`tname`,`qtname`) VALUES (485,'æ²™æ‰˜é²\','æ²™æ‰˜é²\')
ERR: 1062:Duplicate entry '944' for key 'PRIMARY'
 [ SQLè¯­å¥ ] : INSERT INTO `m_team` (`tid`,`tname`,`qtname`) VALUES (944,'å…‹è±è’\™','å…‹è±è’\™')
ERR: 1062:Duplicate entry '4596' for key 'PRIMARY'
 [ SQLè¯­å¥ ] : INSERT INTO `m_team` (`tid`,`tname`,`qtname`) VALUES (4596,'é˜¿å°”å‹\’','é˜¿å°”å‹\’')
ERR: 1062:Duplicate entry '4596' for key 'PRIMARY'
 [ SQLè¯­å¥ ] : INSERT INTO `m_team` (`tid`,`tname`,`qtname`) VALUES (4596,'é˜¿å°”å‹\’','é˜¿å°”å‹\’')
ERR: 1062:Duplicate entry '966' for key 'PRIMARY'
 [ SQLè¯­å¥ ] : INSERT INTO `m_team` (`tid`,`tname`,`qtname`) VALUES (966,'æ‹‰ç“¦å‹\’','æ‹‰ç“¦å‹\’')
ERR: 1062:Duplicate entry '774' for key 'PRIMARY'
 [ SQLè¯­å¥ ] : INSERT INTO `m_team` (`tid`,`tname`,`qtname`) VALUES (774,'ç¬¬æˆ','ç¬¬æˆ')
ERR: 1062:Duplicate entry '966' for key 'PRIMARY'
 [ SQLè¯­å¥ ] : INSERT INTO `m_team` (`tid`,`tname`,`qtname`) VALUES (966,'æ‹‰ç“¦å‹\’','æ‹‰ç“¦å‹\’')
ERR: 1062:Duplicate entry '774' for key 'PRIMARY'
 [ SQLè¯­å¥ ] : INSERT INTO `m_team` (`tid`,`tname`,`qtname`) VALUES (774,'ç¬¬æˆ','ç¬¬æˆ')
ERR: 1062:Duplicate entry '5468' for key 'PRIMARY'
 [ SQLè¯­å¥ ] : INSERT INTO `m_team` (`tid`,`tname`,`qtname`) VALUES (5468,'åŸƒå› éœæ¸©é’å¹´é˜\Ÿ','åŸƒå› éœæ¸©é’å¹´é˜\Ÿ')
ERR: 1062:Duplicate entry '3542' for key 'PRIMARY'
 [ SQLè¯­å¥ ] : INSERT INTO `m_team` (`tid`,`tname`,`qtname`) VALUES (3542,'æ‘©é¡¿','æ‘©é¡¿')
ERR: 1062:Duplicate entry '1148' for key 'PRIMARY'
 [ SQLè¯­å¥ ] : INSERT INTO `m_team` (`tid`,`tname`,`qtname`) VALUES (1148,'å¸•å°”è’‚å…‹','å¸•å°”è’‚å…‹')
ERR: 1062:Duplicate entry '604' for key 'PRIMARY'
 [ SQLè¯­å¥ ] : INSERT INTO `m_team` (`tid`,`tname`,`qtname`) VALUES (604,'å¥¥å°”å \¡','å¥¥å°”å \¡')
ERR: 1062:Duplicate entry '2510' for key 'PRIMARY'
 [ SQLè¯­å¥ ] : INSERT INTO `m_team` (`tid`,`tname`,`qtname`) VALUES (2510,'å¸Œè…Šäººç«æŠ€','å¸Œè…Šäººç«æŠ€')
ERR: 1062:Duplicate entry '604' for key 'PRIMARY'
 [ SQLè¯­å¥ ] : INSERT INTO `m_team` (`tid`,`tname`,`qtname`) VALUES (604,'å¥¥å°”å \¡','å¥¥å°”å \¡')
ERR: 1062:Duplicate entry '1474' for key 'PRIMARY'
 [ SQLè¯­å¥ ] : INSERT INTO `m_team` (`tid`,`tname`,`qtname`) VALUES (1474,'å¸ƒæ‹‰è¿ªæ–¯æ‹‰å‘','å¸ƒæ‹‰è¿ªæ–¯æ‹‰å‘')
ERR: 1062:Duplicate entry '926' for key 'PRIMARY'
 [ SQLè¯­å¥ ] : INSERT INTO `m_team` (`tid`,`tname`,`qtname`) VALUES (926,'å‡¯å°”ç‰¹äºº','å‡¯å°”ç‰¹äºº')
ERR: 1062:Duplicate entry '1523' for key 'PRIMARY'
 [ SQLè¯­å¥ ] : INSERT INTO `m_team` (`tid`,`tname`,`qtname`) VALUES (1523,'é©¬é‡Œåšå°”','é©¬é‡Œåšå°”')
ERR: 1062:Duplicate entry '998' for key 'PRIMARY'
 [ SQLè¯­å¥ ] : INSERT INTO `m_team` (`tid`,`tname`,`qtname`) VALUES (998,'é‡Œå°”','é‡Œå°”')
ERR: 1062:Duplicate entry '694' for key 'PRIMARY'
 [ SQLè¯­å¥ ] : INSERT INTO `m_team` (`tid`,`tname`,`qtname`) VALUES (694,'æ³¢å°”å›\¾','æ³¢å°”å›\¾')
ERR: 1062:Duplicate entry '998' for key 'PRIMARY'
 [ SQLè¯­å¥ ] : INSERT INTO `m_team` (`tid`,`tname`,`qtname`) VALUES (998,'é‡Œå°”','é‡Œå°”')
ERR: 1062:Duplicate entry '667' for key 'PRIMARY'
 [ SQLè¯­å¥ ] : INSERT INTO `m_team` (`tid`,`tname`,`qtname`) VALUES (667,'ä¼¯æ©èŒ…æ–¯','ä¼¯æ©èŒ…æ–¯')
ERR: 1062:Duplicate entry '1145' for key 'PRIMARY'
 [ SQLè¯­å¥ ] : INSERT INTO `m_team` (`tid`,`tname`,`qtname`) VALUES (1145,'åŒ—å®‰æ™®æ•¦','åŒ—å®‰æ™®æ•¦')
ERR: 1062:Duplicate entry '1361' for key 'PRIMARY'
 [ SQLè¯­å¥ ] : INSERT INTO `m_team` (`tid`,`tname`,`qtname`) VALUES (1361,'å¸ƒä¼¦ç‰¹ç¦å¾\·','å¸ƒä¼¦ç‰¹ç¦å¾\·')
ERR: 1062:Duplicate entry '811' for key 'PRIMARY'
 [ SQLè¯­å¥ ] : INSERT INTO `m_team` (`tid`,`tname`,`qtname`) VALUES (811,'å¯Œå‹’å§\†','å¯Œå‹’å§\†')
ERR: 1062:Duplicate entry '700' for key 'PRIMARY'
 [ SQLè¯­å¥ ] : INSERT INTO `m_team` (`tid`,`tname`,`qtname`) VALUES (700,'ä¼¯æ©åˆ\©','ä¼¯æ©åˆ\©')
ERR: 1062:Duplicate entry '700' for key 'PRIMARY'
 [ SQLè¯­å¥ ] : INSERT INTO `m_team` (`tid`,`tname`,`qtname`) VALUES (700,'ä¼¯æ©åˆ\©','ä¼¯æ©åˆ\©')
ERR: 1062:Duplicate entry '704' for key 'PRIMARY'
 [ SQLè¯­å¥ ] : INSERT INTO `m_team` (`tid`,`tname`,`qtname`) VALUES (704,'åšå°”é¡\¿','åšå°”é¡\¿')
ERR: 1062:Duplicate entry '946' for key 'PRIMARY'
 [ SQLè¯­å¥ ] : INSERT INTO `m_team` (`tid`,`tname`,`qtname`) VALUES (946,'å…‹é²','å…‹é²')
ERR: 1062:Duplicate entry '704' for key 'PRIMARY'
 [ SQLè¯­å¥ ] : INSERT INTO `m_team` (`tid`,`tname`,`qtname`) VALUES (704,'åšå°”é¡\¿','åšå°”é¡\¿')
ERR: 1062:Duplicate entry '740' for key 'PRIMARY'
 [ SQLè¯­å¥ ] : INSERT INTO `m_team` (`tid`,`tname`,`qtname`) VALUES (740,'æŸ¥å°”é¡\¿','æŸ¥å°”é¡\¿')
ERR: 1062:Duplicate entry '760' for key 'PRIMARY'
 [ SQLè¯­å¥ ] : INSERT INTO `m_team` (`tid`,`tname`,`qtname`) VALUES (760,'å¾·æ¯”éƒ\¡','å¾·æ¯”éƒ\¡')
ERR: 1062:Duplicate entry '760' for key 'PRIMARY'
 [ SQLè¯­å¥ ] : INSERT INTO `m_team` (`tid`,`tname`,`qtname`) VALUES (760,'å¾·æ¯”éƒ\¡','å¾·æ¯”éƒ\¡')
ERR: 1062:Duplicate entry '740' for key 'PRIMARY'
 [ SQLè¯­å¥ ] : INSERT INTO `m_team` (`tid`,`tname`,`qtname`) VALUES (740,'æŸ¥å°”é¡\¿','æŸ¥å°”é¡\¿')
ERR: 1062:Duplicate entry '1137' for key 'PRIMARY'
 [ SQLè¯­å¥ ] : INSERT INTO `m_team` (`tid`,`tname`,`qtname`) VALUES (1137,'çº½å¡æ–¯å°”è\”','çº½å¡æ–¯å°”è\”')
ERR: 1062:Duplicate entry '1142' for key 'PRIMARY'
 [ SQLè¯­å¥ ] : INSERT INTO `m_team` (`tid`,`tname`,`qtname`) VALUES (1142,'è¯ºä¸æ±‰æ£®æ\—','è¯ºä¸æ±‰æ£®æ\—')
ERR: 1062:Duplicate entry '847' for key 'PRIMARY'
 [ SQLè¯­å¥ ] : INSERT INTO `m_team` (`tid`,`tname`,`qtname`) VALUES (847,'å“ˆå¾·æ–¯è²å°”å¾·','å“ˆå¾·æ–¯è²å°”å¾·')
ERR: 1062:Duplicate entry '1142' for key 'PRIMARY'
 [ SQLè¯­å¥ ] : INSERT INTO `m_team` (`tid`,`tname`,`qtname`) VALUES (1142,'è¯ºä¸æ±‰æ£®æ\—','è¯ºä¸æ±‰æ£®æ\—')
ERR: 1062:Duplicate entry '973' for key 'PRIMARY'
 [ SQLè¯­å¥ ] : INSERT INTO `m_team` (`tid`,`tname`,`qtname`) VALUES (973,'è±åˆ‡æ–¯ç‰¹åŸ\','è±åˆ‡æ–¯ç‰¹åŸ\')
ERR: 1062:Duplicate entry '973' for key 'PRIMARY'
 [ SQLè¯­å¥ ] : INSERT INTO `m_team` (`tid`,`tname`,`qtname`) VALUES (973,'è±åˆ‡æ–¯ç‰¹åŸ\','è±åˆ‡æ–¯ç‰¹åŸ\')
ERR: 1062:Duplicate entry '1095' for key 'PRIMARY'
 [ SQLè¯­å¥ ] : INSERT INTO `m_team` (`tid`,`tname`,`qtname`) VALUES (1095,'ç±³å¾·å°”æ–¯å \¡','ç±³å¾·å°”æ–¯å \¡')
ERR: 1062:Duplicate entry '1095' for key 'PRIMARY'
 [ SQLè¯­å¥ ] : INSERT INTO `m_team` (`tid`,`tname`,`qtname`) VALUES (1095,'ç±³å¾·å°”æ–¯å \¡','ç±³å¾·å°”æ–¯å \¡')
ERR: 1062:Duplicate entry '1165' for key 'PRIMARY'
 [ SQLè¯­å¥ ] : INSERT INTO `m_team` (`tid`,`tname`,`qtname`) VALUES (1165,'æ™®é›·æ–¯é¡¿','æ™®é›·æ–¯é¡¿')
ERR: 1062:Duplicate entry '1128' for key 'PRIMARY'
 [ SQLè¯­å¥ ] : INSERT INTO `m_team` (`tid`,`tname`,`qtname`) VALUES (1128,'å—å®‰æ™®æ•¦','å—å®‰æ™®æ•¦')
ERR: 1062:Duplicate entry '1097' for key 'PRIMARY'
 [ SQLè¯­å¥ ] : INSERT INTO `m_team` (`tid`,`tname`,`qtname`) VALUES (1097,'ç±³å°”æ²ƒå°”','ç±³å°”æ²ƒå°”')
ERR: 1062:Duplicate entry '1097' for key 'PRIMARY'
 [ SQLè¯­å¥ ] : INSERT INTO `m_team` (`tid`,`tname`,`qtname`) VALUES (1097,'ç±³å°”æ²ƒå°”','ç±³å°”æ²ƒå°”')
ERR: 1062:Duplicate entry '1128' for key 'PRIMARY'
 [ SQLè¯­å¥ ] : INSERT INTO `m_team` (`tid`,`tname`,`qtname`) VALUES (1128,'å—å®‰æ™®æ•¦','å—å®‰æ™®æ•¦')
ERR: 1062:Duplicate entry '1144' for key 'PRIMARY'
 [ SQLè¯­å¥ ] : INSERT INTO `m_team` (`tid`,`tname`,`qtname`) VALUES (1144,'è¯ºç»´å¥\‡','è¯ºç»´å¥\‡')
ERR: 1062:Duplicate entry '1956' for key 'PRIMARY'
 [ SQLè¯­å¥ ] : INSERT INTO `m_team` (`tid`,`tname`,`qtname`) VALUES (1956,'å…‹åŠ³åˆ\©','å…‹åŠ³åˆ\©')
ERR: 1062:Duplicate entry '1144' for key 'PRIMARY'
 [ SQLè¯­å¥ ] : INSERT INTO `m_team` (`tid`,`tname`,`qtname`) VALUES (1144,'è¯ºç»´å¥\‡','è¯ºç»´å¥\‡')
ERR: 1062:Duplicate entry '1956' for key 'PRIMARY'
 [ SQLè¯­å¥ ] : INSERT INTO `m_team` (`tid`,`tname`,`qtname`) VALUES (1956,'å…‹åŠ³åˆ\©','å…‹åŠ³åˆ\©')
ERR: 1062:Duplicate entry '1257' for key 'PRIMARY'
 [ SQLè¯­å¥ ] : INSERT INTO `m_team` (`tid`,`tname`,`qtname`) VALUES (1257,'ç»´å°”æ¸\¯','ç»´å°”æ¸\¯')
ERR: 1062:Duplicate entry '1257' for key 'PRIMARY'
 [ SQLè¯­å¥ ] : INSERT INTO `m_team` (`tid`,`tname`,`qtname`) VALUES (1257,'ç»´å°”æ¸\¯','ç»´å°”æ¸\¯')
ERR: 1062:Duplicate entry '989' for key 'PRIMARY'
 [ SQLè¯­å¥ ] : INSERT INTO `m_team` (`tid`,`tname`,`qtname`) VALUES (989,'é›·ä¸','é›·ä¸')
ERR: 1062:Duplicate entry '989' for key 'PRIMARY'
 [ SQLè¯­å¥ ] : INSERT INTO `m_team` (`tid`,`tname`,`qtname`) VALUES (989,'é›·ä¸','é›·ä¸')
ERR: 1062:Duplicate entry '511' for key 'PRIMARY'
 [ SQLè¯­å¥ ] : INSERT INTO `m_team` (`tid`,`tname`,`qtname`) VALUES (511,'æ–¯æ—ºè¥\¿','æ–¯æ—ºè¥\¿')
ERR: 1062:Duplicate entry '511' for key 'PRIMARY'
 [ SQLè¯­å¥ ] : INSERT INTO `m_team` (`tid`,`tname`,`qtname`) VALUES (511,'æ–¯æ—ºè¥\¿','æ–¯æ—ºè¥\¿')
ERR: 1062:Duplicate entry '1037' for key 'PRIMARY'
 [ SQLè¯­å¥ ] : INSERT INTO `m_team` (`tid`,`tname`,`qtname`) VALUES (1037,'ç½—ç‘Ÿæ±‰å§†','ç½—ç‘Ÿæ±‰å§†')
ERR: 1062:Duplicate entry '510' for key 'PRIMARY'
 [ SQLè¯­å¥ ] : INSERT INTO `m_team` (`tid`,`tname`,`qtname`) VALUES (510,'æ–¯æ–‡ç™\»','æ–¯æ–‡ç™\»')
ERR: 1062:Duplicate entry '510' for key 'PRIMARY'
 [ SQLè¯­å¥ ] : INSERT INTO `m_team` (`tid`,`tname`,`qtname`) VALUES (510,'æ–¯æ–‡ç™\»','æ–¯æ–‡ç™\»')
ERR: 1062:Duplicate entry '516' for key 'PRIMARY'
 [ SQLè¯­å¥ ] : INSERT INTO `m_team` (`tid`,`tname`,`qtname`) VALUES (516,'æ°´æ™¶å®\«','æ°´æ™¶å®\«')
ERR: 1062:Duplicate entry '1272' for key 'PRIMARY'
 [ SQLè¯­å¥ ] : INSERT INTO `m_team` (`tid`,`tname`,`qtname`) VALUES (1272,'æ²ƒå°”ç´¢å°”','æ²ƒå°”ç´¢å°”')
ERR: 1062:Duplicate entry '516' for key 'PRIMARY'
 [ SQLè¯­å¥ ] : INSERT INTO `m_team` (`tid`,`tname`,`qtname`) VALUES (516,'æ°´æ™¶å®\«','æ°´æ™¶å®\«')
ERR: 1062:Duplicate entry '1274' for key 'PRIMARY'
 [ SQLè¯­å¥ ] : INSERT INTO `m_team` (`tid`,`tname`,`qtname`) VALUES (1274,'æ²ƒç‰¹ç¦å¾·','æ²ƒç‰¹ç¦å¾·')
ERR: 1062:Duplicate entry '1274' for key 'PRIMARY'
 [ SQLè¯­å¥ ] : INSERT INTO `m_team` (`tid`,`tname`,`qtname`) VALUES (1274,'æ²ƒç‰¹ç¦å¾·','æ²ƒç‰¹ç¦å¾·')
ERR: 1062:Duplicate entry '1218' for key 'PRIMARY'
 [ SQLè¯­å¥ ] : INSERT INTO `m_team` (`tid`,`tname`,`qtname`) VALUES (1218,'å”å¡æ–¯ç‰¹','å”å¡æ–¯ç‰¹')
ERR: 1062:Duplicate entry '1286' for key 'PRIMARY'
 [ SQLè¯­å¥ ] : INSERT INTO `m_team` (`tid`,`tname`,`qtname`) VALUES (1286,'è¥¿æ±‰å§†è”','è¥¿æ±‰å§†è”')
ERR: 1062:Duplicate entry '1286' for key 'PRIMARY'
 [ SQLè¯­å¥ ] : INSERT INTO `m_team` (`tid`,`tname`,`qtname`) VALUES (1286,'è¥¿æ±‰å§†è”','è¥¿æ±‰å§†è”')
ERR: 1062:Duplicate entry '784' for key 'PRIMARY'
 [ SQLè¯­å¥ ] : INSERT INTO `m_team` (`tid`,`tname`,`qtname`) VALUES (784,'é‚“è¿ªFC','é‚“è¿ªFC')
ERR: 1062:Duplicate entry '1930' for key 'PRIMARY'
 [ SQLè¯­å¥ ] : INSERT INTO `m_team` (`tid`,`tname`,`qtname`) VALUES (1930,'è‰¾å°”è\”','è‰¾å°”è\”')
ERR: 1062:Duplicate entry '402' for key 'PRIMARY'
 [ SQLè¯­å¥ ] : INSERT INTO `m_team` (`tid`,`tname`,`qtname`) VALUES (402,'åœ£ç±³ä¼\¦','åœ£ç±³ä¼\¦')
ERR: 1062:Duplicate entry '766' for key 'PRIMARY'
 [ SQLè¯­å¥ ] : INSERT INTO `m_team` (`tid`,`tname`,`qtname`) VALUES (766,'é‚“å¼—å§†æ—','é‚“å¼—å§†æ—')
ERR: 1062:Duplicate entry '1734' for key 'PRIMARY'
 [ SQLè¯­å¥ ] : INSERT INTO `m_team` (`tid`,`tname`,`qtname`) VALUES (1734,'æ–¯ç‰¹å…°æ‹‰å°\”','æ–¯ç‰¹å…°æ‹‰å°\”')
ERR: 1062:Duplicate entry '1719' for key 'PRIMARY'
 [ SQLè¯­å¥ ] : INSERT INTO `m_team` (`tid`,`tname`,`qtname`) VALUES (1719,'ç½—æ–¯éƒ\¡','ç½—æ–¯éƒ\¡')
ERR: 1062:Duplicate entry '1284' for key 'PRIMARY'
 [ SQLè¯­å¥ ] : INSERT INTO `m_team` (`tid`,`tname`,`qtname`) VALUES (1284,'è¥¿å¸ƒç½—å§†ç»´å¥‡','è¥¿å¸ƒç½—å§†ç»´å¥‡')
ERR: 1062:Duplicate entry '1075' for key 'PRIMARY'
 [ SQLè¯­å¥ ] : INSERT INTO `m_team` (`tid`,`tname`,`qtname`) VALUES (1075,'æ›¼å½»æ–¯ç‰¹è\”','æ›¼å½»æ–¯ç‰¹è\”')
ERR: 1062:Duplicate entry '2023' for key 'PRIMARY'
 [ SQLè¯­å¥ ] : INSERT INTO `m_team` (`tid`,`tname`,`qtname`) VALUES (2023,'ç±³å°”é¡¿å‡¯æ©æ–¯','ç±³å°”é¡¿å‡¯æ©æ–¯')
ERR: 1062:Duplicate entry '2023' for key 'PRIMARY'
 [ SQLè¯­å¥ ] : INSERT INTO `m_team` (`tid`,`tname`,`qtname`) VALUES (2023,'ç±³å°”é¡¿å‡¯æ©æ–¯','ç±³å°”é¡¿å‡¯æ©æ–¯')
ERR: 1062:Duplicate entry '1075' for key 'PRIMARY'
 [ SQLè¯­å¥ ] : INSERT INTO `m_team` (`tid`,`tname`,`qtname`) VALUES (1075,'æ›¼å½»æ–¯ç‰¹è\”','æ›¼å½»æ–¯ç‰¹è\”')
ERR: 1062:Duplicate entry '1908' for key 'PRIMARY'
 [ SQLè¯­å¥ ] : INSERT INTO `m_team` (`tid`,`tname`,`qtname`) VALUES (1908,'ç“¦å¥‡å·´æ‰˜','ç“¦å¥‡å·´æ‰˜')
ERR: 1062:Duplicate entry '676' for key 'PRIMARY'
 [ SQLè¯­å¥ ] : INSERT INTO `m_team` (`tid`,`tname`,`qtname`) VALUES (676,'è´å°”æ ¼æ‹‰è¯\º','è´å°”æ ¼æ‹‰è¯\º')
ERR: 1062:Duplicate entry '835' for key 'PRIMARY'
 [ SQLè¯­å¥ ] : INSERT INTO `m_team` (`tid`,`tname`,`qtname`) VALUES (835,'æ‹‰æ™®æ‹‰å¡”ä½“æ“','æ‹‰æ™®æ‹‰å¡”ä½“æ“')
ERR: 1062:Duplicate entry '5241' for key 'PRIMARY'
 [ SQLè¯­å¥ ] : INSERT INTO `m_team` (`tid`,`tname`,`qtname`) VALUES (5241,'å¥¥æ—åŒ¹å¥¥','å¥¥æ—åŒ¹å¥¥')
ERR: 1062:Duplicate entry '1322' for key 'PRIMARY'
 [ SQLè¯­å¥ ] : INSERT INTO `m_team` (`tid`,`tname`,`qtname`) VALUES (1322,'é˜¿æ ¹å»·ç‹¬ç«\‹','é˜¿æ ¹å»·ç‹¬ç«\‹')
ERR: 1062:Duplicate entry '4710' for key 'PRIMARY'
 [ SQLè¯­å¥ ] : INSERT INTO `m_team` (`tid`,`tname`,`qtname`) VALUES (4710,'å®‰ç´¢é˜¿ç‰¹å\‰','å®‰ç´¢é˜¿ç‰¹å\‰')
ERR: 1062:Duplicate entry '5181' for key 'PRIMARY'
 [ SQLè¯­å¥ ] : INSERT INTO `m_team` (`tid`,`tname`,`qtname`) VALUES (5181,'åŸºå¤šå¤©ä¸»å¤§å­¦','åŸºå¤šå¤©ä¸»å¤§å­¦')
ERR: 1062:Duplicate entry '3585' for key 'PRIMARY'
 [ SQLè¯­å¥ ] : INSERT INTO `m_team` (`tid`,`tname`,`qtname`) VALUES (3585,'åŸƒæ¢…è±å…‹','åŸƒæ¢…è±å…‹')
ERR: 1062:Duplicate entry '1588' for key 'PRIMARY'
 [ SQLè¯­å¥ ] : INSERT INTO `m_team` (`tid`,`tname`,`qtname`) VALUES (1588,'ç“¦æ–¯ç§‘è¾¾ä¼½é©¬','ç“¦æ–¯ç§‘è¾¾ä¼½é©¬')
ERR: 1062:Duplicate entry '1139' for key 'PRIMARY'
 [ SQLè¯­å¥ ] : INSERT INTO `m_team` (`tid`,`tname`,`qtname`) VALUES (1139,'çº½çº¦çº¢ç‰›','çº½çº¦çº¢ç‰›')
ERR: 1062:Duplicate entry '558' for key 'PRIMARY'
 [ SQLè¯­å¥ ] : INSERT INTO `m_team` (`tid`,`tname`,`qtname`) VALUES (558,'ç«æŠ€ä¿±ä¹éƒ\¨','ç«æŠ€ä¿±ä¹éƒ\¨')
ERR: 1062:Duplicate entry '2062' for key 'PRIMARY'
 [ SQLè¯­å¥ ] : INSERT INTO `m_team` (`tid`,`tname`,`qtname`) VALUES (2062,'æ³¢ç‰¹è¯ºå±±ä¸\˜','æ³¢ç‰¹è¯ºå±±ä¸\˜')
ERR: 1062:Duplicate entry '533' for key 'PRIMARY'
 [ SQLè¯­å¥ ] : INSERT INTO `m_team` (`tid`,`tname`,`qtname`) VALUES (533,'å¢¨è¥¿å“¥ç¾æ´\²','å¢¨è¥¿å“¥ç¾æ´\²')
ERR: 1062:Duplicate entry '845' for key 'PRIMARY'
 [ SQLè¯­å¥ ] : INSERT INTO `m_team` (`tid`,`tname`,`qtname`) VALUES (845,'å¹¿å²›ä¸‰ç®­','å¹¿å²›ä¸‰ç®­')
ERR: 1062:Duplicate entry '4127' for key 'PRIMARY'
 [ SQLè¯­å¥ ] : INSERT INTO `m_team` (`tid`,`tname`,`qtname`) VALUES (4127,'æ°´æˆ·èœ€è‘\µ','æ°´æˆ·èœ€è‘\µ')
ERR: 1062:Duplicate entry '1608' for key 'PRIMARY'
 [ SQLè¯­å¥ ] : INSERT INTO `m_team` (`tid`,`tname`,`qtname`) VALUES (1608,'æµ¦é¡¹åˆ¶é“','æµ¦é¡¹åˆ¶é“')
ERR: 1062:Duplicate entry '1560' for key 'PRIMARY'
 [ SQLè¯­å¥ ] : INSERT INTO `m_team` (`tid`,`tname`,`qtname`) VALUES (1560,'å¹¿å·æ’å¤§','å¹¿å·æ’å¤§')
ERR: 1062:Duplicate entry '688' for key 'PRIMARY'
 [ SQLè¯­å¥ ] : INSERT INTO `m_team` (`tid`,`tname`,`qtname`) VALUES (688,'è´è¥¿å…‹å¡”æ–\¯','è´è¥¿å…‹å¡”æ–\¯')
ERR: 1062:Duplicate entry '554' for key 'PRIMARY'
 [ SQLè¯­å¥ ] : INSERT INTO `m_team` (`tid`,`tname`,`qtname`) VALUES (554,'é˜¿æ£®çº\³','é˜¿æ£®çº\³')
ERR: 1062:Duplicate entry '688' for key 'PRIMARY'
 [ SQLè¯­å¥ ] : INSERT INTO `m_team` (`tid`,`tname`,`qtname`) VALUES (688,'è´è¥¿å…‹å¡”æ–\¯','è´è¥¿å…‹å¡”æ–\¯')
ERR: 1062:Duplicate entry '690' for key 'PRIMARY'
 [ SQLè¯­å¥ ] : INSERT INTO `m_team` (`tid`,`tname`,`qtname`) VALUES (690,'æ¯•å°”å·´é„‚ç«æŠ€','æ¯•å°”å·´é„‚ç«æŠ€')
ERR: 1062:Duplicate entry '1125' for key 'PRIMARY'
 [ SQLè¯­å¥ ] : INSERT INTO `m_team` (`tid`,`tname`,`qtname`) VALUES (1125,'é‚£ä¸å‹’æ–¯','é‚£ä¸å‹’æ–¯')
ERR: 1062:Duplicate entry '690' for key 'PRIMARY'
 [ SQLè¯­å¥ ] : INSERT INTO `m_team` (`tid`,`tname`,`qtname`) VALUES (690,'æ¯•å°”å·´é„‚ç«æŠ€','æ¯•å°”å·´é„‚ç«æŠ€')
ERR: 1062:Duplicate entry '1125' for key 'PRIMARY'
 [ SQLè¯­å¥ ] : INSERT INTO `m_team` (`tid`,`tname`,`qtname`) VALUES (1125,'é‚£ä¸å‹’æ–¯','é‚£ä¸å‹’æ–¯')
ERR: 1062:Duplicate entry '986' for key 'PRIMARY'
 [ SQLè¯­å¥ ] : INSERT INTO `m_team` (`tid`,`tname`,`qtname`) VALUES (986,'å‹’æ²ƒåº“æ£®','å‹’æ²ƒåº“æ£®')
ERR: 1062:Duplicate entry '819' for key 'PRIMARY'
 [ SQLè¯­å¥ ] : INSERT INTO `m_team` (`tid`,`tname`,`qtname`) VALUES (819,'å“¥æœ¬å“ˆæ ¹','å“¥æœ¬å“ˆæ ¹')
ERR: 1062:Duplicate entry '986' for key 'PRIMARY'
 [ SQLè¯­å¥ ] : INSERT INTO `m_team` (`tid`,`tname`,`qtname`) VALUES (986,'å‹’æ²ƒåº“æ£®','å‹’æ²ƒåº“æ£®')
ERR: 1062:Duplicate entry '819' for key 'PRIMARY'
 [ SQLè¯­å¥ ] : INSERT INTO `m_team` (`tid`,`tname`,`qtname`) VALUES (819,'å“¥æœ¬å“ˆæ ¹','å“¥æœ¬å“ˆæ ¹')
ERR: 1062:Duplicate entry '712' for key 'PRIMARY'
 [ SQLè¯­å¥ ] : INSERT INTO `m_team` (`tid`,`tname`,`qtname`) VALUES (712,'å¸ƒåŠ å‹’æ–¯ç‰¹æ˜Ÿ','å¸ƒåŠ å‹’æ–¯ç‰¹æ˜Ÿ')
ERR: 1062:Duplicate entry '712' for key 'PRIMARY'
 [ SQLè¯­å¥ ] : INSERT INTO `m_team` (`tid`,`tname`,`qtname`) VALUES (712,'å¸ƒåŠ å‹’æ–¯ç‰¹æ˜Ÿ','å¸ƒåŠ å‹’æ–¯ç‰¹æ˜Ÿ')
ERR: 1062:Duplicate entry '1051' for key 'PRIMARY'
 [ SQLè¯­å¥ ] : INSERT INTO `m_team` (`tid`,`tname`,`qtname`) VALUES (1051,'é©¬å°”é»\˜','é©¬å°”é»\˜')
ERR: 1062:Duplicate entry '446' for key 'PRIMARY'
 [ SQLè¯­å¥ ] : INSERT INTO `m_team` (`tid`,`tname`,`qtname`) VALUES (446,'è¨å°”èŒ¨å ¡','è¨å°”èŒ¨å ¡')
ERR: 1062:Duplicate entry '555' for key 'PRIMARY'
 [ SQLè¯­å¥ ] : INSERT INTO `m_team` (`tid`,`tname`,`qtname`) VALUES (555,'é˜¿æ–¯é¡¿ç»´æ‹\‰','é˜¿æ–¯é¡¿ç»´æ‹\‰')
ERR: 1062:Duplicate entry '1626' for key 'PRIMARY'
 [ SQLè¯­å¥ ] : INSERT INTO `m_team` (`tid`,`tname`,`qtname`) VALUES (1626,'è±é¡¿ä¸œæ–¹','è±é¡¿ä¸œæ–¹')
ERR: 1062:Duplicate entry '555' for key 'PRIMARY'
 [ SQLè¯­å¥ ] : INSERT INTO `m_team` (`tid`,`tname`,`qtname`) VALUES (555,'é˜¿æ–¯é¡¿ç»´æ‹\‰','é˜¿æ–¯é¡¿ç»´æ‹\‰')
ERR: 1062:Duplicate entry '1626' for key 'PRIMARY'
 [ SQLè¯­å¥ ] : INSERT INTO `m_team` (`tid`,`tname`,`qtname`) VALUES (1626,'è±é¡¿ä¸œæ–¹','è±é¡¿ä¸œæ–¹')
ERR: 1062:Duplicate entry '466' for key 'PRIMARY'
 [ SQLè¯­å¥ ] : INSERT INTO `m_team` (`tid`,`tname`,`qtname`) VALUES (466,'æ¡‘å¾·å…\°','æ¡‘å¾·å…\°')
ERR: 1062:Duplicate entry '701' for key 'PRIMARY'
 [ SQLè¯­å¥ ] : INSERT INTO `m_team` (`tid`,`tname`,`qtname`) VALUES (701,'ä¼¯æ˜ç¿\°','ä¼¯æ˜ç¿\°')
ERR: 1062:Duplicate entry '466' for key 'PRIMARY'
 [ SQLè¯­å¥ ] : INSERT INTO `m_team` (`tid`,`tname`,`qtname`) VALUES (466,'æ¡‘å¾·å…\°','æ¡‘å¾·å…\°')
ERR: 1062:Duplicate entry '2351' for key 'PRIMARY'
 [ SQLè¯­å¥ ] : INSERT INTO `m_team` (`tid`,`tname`,`qtname`) VALUES (2351,'ä¼¯é¡¿','ä¼¯é¡¿')
ERR: 1062:Duplicate entry '954' for key 'PRIMARY'
 [ SQLè¯­å¥ ] : INSERT INTO `m_team` (`tid`,`tname`,`qtname`) VALUES (954,'å¥³ç‹å…¬å›­å·¡æ¸¸è€\…','å¥³ç‹å…¬å›­å·¡æ¸¸è€\…')
ERR: 1062:Duplicate entry '1197' for key 'PRIMARY'
 [ SQLè¯­å¥ ] : INSERT INTO `m_team` (`tid`,`tname`,`qtname`) VALUES (1197,'æ–¯æ‰˜å…‹åŸ','æ–¯æ‰˜å…‹åŸ')
ERR: 1062:Duplicate entry '716' for key 'PRIMARY'
 [ SQLè¯­å¥ ] : INSERT INTO `m_team` (`tid`,`tname`,`qtname`) VALUES (716,'å¸ƒæ‹‰å¾·ç¦å¾\·','å¸ƒæ‹‰å¾·ç¦å¾\·')
ERR: 1062:Duplicate entry '1015' for key 'PRIMARY'
 [ SQLè¯­å¥ ] : INSERT INTO `m_team` (`tid`,`tname`,`qtname`) VALUES (1015,'åˆ©å…¹è\”','åˆ©å…¹è\”')
ERR: 1062:Duplicate entry '1183' for key 'PRIMARY'
 [ SQLè¯­å¥ ] : INSERT INTO `m_team` (`tid`,`tname`,`qtname`) VALUES (1183,'æ‹‰æ–æ‹‰ç«æŠ€','æ‹‰æ–æ‹‰ç«æŠ€')
ERR: 1062:Duplicate entry '1136' for key 'PRIMARY'
 [ SQLè¯­å¥ ] : INSERT INTO `m_team` (`tid`,`tname`,`qtname`) VALUES (1136,'çº½ç»´å°”è€ç”·å­\©','çº½ç»´å°”è€ç”·å­\©')
ERR: 1062:Duplicate entry '1034' for key 'PRIMARY'
 [ SQLè¯­å¥ ] : INSERT INTO `m_team` (`tid`,`tname`,`qtname`) VALUES (1034,'ç½—è¨é‡Œå¥¥ä¸­å¤®','ç½—è¨é‡Œå¥¥ä¸­å¤®')
ERR: 1062:Duplicate entry '3608' for key 'PRIMARY'
 [ SQLè¯­å¥ ] : INSERT INTO `m_team` (`tid`,`tname`,`qtname`) VALUES (3608,'æˆˆå¤šä¼Šå…‹é²æ–¯','æˆˆå¤šä¼Šå…‹é²æ–¯')
ERR: 1062:Duplicate entry '864' for key 'PRIMARY'
 [ SQLè¯­å¥ ] : INSERT INTO `m_team` (`tid`,`tname`,`qtname`) VALUES (864,'æ²³åºŠ','æ²³åºŠ')
ERR: 1062:Duplicate entry '1571' for key 'PRIMARY'
 [ SQLè¯­å¥ ] : INSERT INTO `m_team` (`tid`,`tname`,`qtname`) VALUES (1571,'å·´æ‹‰çº³ç«æŠ€','å·´æ‹‰çº³ç«æŠ€')
ERR: 1062:Duplicate entry '6945' for key 'PRIMARY'
 [ SQLè¯­å¥ ] : INSERT INTO `m_team` (`tid`,`tname`,`qtname`) VALUES (6945,'è±æ˜‚','è±æ˜‚')
ERR: 1062:Duplicate entry '6945' for key 'PRIMARY'
 [ SQLè¯­å¥ ] : INSERT INTO `m_team` (`tid`,`tname`,`qtname`) VALUES (6945,'è±æ˜‚','è±æ˜‚')
ERR: 1062:Duplicate entry '569' for key 'PRIMARY'
 [ SQLè¯­å¥ ] : INSERT INTO `m_team` (`tid`,`tname`,`qtname`) VALUES (569,'æ‹‰æ™®æ‹‰å¡”å¤§å­¦ç”\Ÿ','æ‹‰æ™®æ‹‰å¡”å¤§å­¦ç”\Ÿ')
ERR: 1062:Duplicate entry '705' for key 'PRIMARY'
 [ SQLè¯­å¥ ] : INSERT INTO `m_team` (`tid`,`tname`,`qtname`) VALUES (705,'åšå¡é’å¹´','åšå¡é’å¹´')
ERR: 1062:Duplicate entry '1568' for key 'PRIMARY'
 [ SQLè¯­å¥ ] : INSERT INTO `m_team` (`tid`,`tname`,`qtname`) VALUES (1568,'åšå¡”å¼—æˆˆ','åšå¡”å¼—æˆˆ')
ERR: 1062:Duplicate entry '2407' for key 'PRIMARY'
 [ SQLè¯­å¥ ] : INSERT INTO `m_team` (`tid`,`tname`,`qtname`) VALUES (2407,'å¡é˜¿æ‹\‰','å¡é˜¿æ‹\‰')
ERR: 1062:Duplicate entry '1572' for key 'PRIMARY'
 [ SQLè¯­å¥ ] : INSERT INTO `m_team` (`tid`,`tname`,`qtname`) VALUES (1572,'ç§‘æ—è’‚å®‰','ç§‘æ—è’‚å®‰')
ERR: 1062:Duplicate entry '1573' for key 'PRIMARY'
 [ SQLè¯­å¥ ] : INSERT INTO `m_team` (`tid`,`tname`,`qtname`) VALUES (1573,'ç§‘é‡Œè’‚å·´','ç§‘é‡Œè’‚å·´')
ERR: 1062:Duplicate entry '1577' for key 'PRIMARY'
 [ SQLè¯­å¥ ] : INSERT INTO `m_team` (`tid`,`tname`,`qtname`) VALUES (1577,'å¼—æ‹‰é—¨æˆˆ','å¼—æ‹‰é—¨æˆˆ')
ERR: 1062:Duplicate entry '2258' for key 'PRIMARY'
 [ SQLè¯­å¥ ] : INSERT INTO `m_team` (`tid`,`tname`,`qtname`) VALUES (2258,'åˆ©é©¬è”ç›Ÿ','åˆ©é©¬è”ç›Ÿ')
ERR: 1062:Duplicate entry '1888' for key 'PRIMARY'
 [ SQLè¯­å¥ ] : INSERT INTO `m_team` (`tid`,`tname`,`qtname`) VALUES (1888,'å¸•ä¸˜å\¡','å¸•ä¸˜å\¡')
ERR: 1062:Duplicate entry '1888' for key 'PRIMARY'
 [ SQLè¯­å¥ ] : INSERT INTO `m_team` (`tid`,`tname`,`qtname`) VALUES (1888,'å¸•ä¸˜å\¡','å¸•ä¸˜å\¡')
ERR: 1062:Duplicate entry '1044' for key 'PRIMARY'
 [ SQLè¯­å¥ ] : INSERT INTO `m_team` (`tid`,`tname`,`qtname`) VALUES (1044,'æ´›æ‰çŸ¶é“¶æ²\³','æ´›æ‰çŸ¶é“¶æ²\³')
ERR: 1062:Duplicate entry '881' for key 'PRIMARY'
 [ SQLè¯­å¥ ] : INSERT INTO `m_team` (`tid`,`tname`,`qtname`) VALUES (881,'åç››é¡¿è”','åç››é¡¿è”')
ERR: 1062:Duplicate entry '1113' for key 'PRIMARY'
 [ SQLè¯­å¥ ] : INSERT INTO `m_team` (`tid`,`tname`,`qtname`) VALUES (1113,'è«æ–¯ç§‘ç«è½¦å¤´','è«æ–¯ç§‘ç«è½¦å¤´')
ERR: 1062:Duplicate entry '1113' for key 'PRIMARY'
 [ SQLè¯­å¥ ] : INSERT INTO `m_team` (`tid`,`tname`,`qtname`) VALUES (1113,'è«æ–¯ç§‘ç«è½¦å¤´','è«æ–¯ç§‘ç«è½¦å¤´')
ERR: 1062:Duplicate entry '1112' for key 'PRIMARY'
 [ SQLè¯­å¥ ] : INSERT INTO `m_team` (`tid`,`tname`,`qtname`) VALUES (1112,'è«æ–¯ç§‘è¿ªçº³æ‘©','è«æ–¯ç§‘è¿ªçº³æ‘©')
ERR: 1062:Duplicate entry '2513' for key 'PRIMARY'
 [ SQLè¯­å¥ ] : INSERT INTO `m_team` (`tid`,`tname`,`qtname`) VALUES (2513,'å¥¥è«å°¼äºš','å¥¥è«å°¼äºš')
ERR: 1062:Duplicate entry '1112' for key 'PRIMARY'
 [ SQLè¯­å¥ ] : INSERT INTO `m_team` (`tid`,`tname`,`qtname`) VALUES (1112,'è«æ–¯ç§‘è¿ªçº³æ‘©','è«æ–¯ç§‘è¿ªçº³æ‘©')
ERR: 1062:Duplicate entry '5872' for key 'PRIMARY'
 [ SQLè¯­å¥ ] : INSERT INTO `m_team` (`tid`,`tname`,`qtname`) VALUES (5872,'å…‹æ‹‰æ–¯è¯ºè¾¾å°”','å…‹æ‹‰æ–¯è¯ºè¾¾å°”')
ERR: 1062:Duplicate entry '5872' for key 'PRIMARY'
 [ SQLè¯­å¥ ] : INSERT INTO `m_team` (`tid`,`tname`,`qtname`) VALUES (5872,'å…‹æ‹‰æ–¯è¯ºè¾¾å°”','å…‹æ‹‰æ–¯è¯ºè¾¾å°”')
ERR: 1062:Duplicate entry '885' for key 'PRIMARY'
 [ SQLè¯­å¥ ] : INSERT INTO `m_team` (`tid`,`tname`,`qtname`) VALUES (885,'çš‡å®¶ç¤¾ä¼š','çš‡å®¶ç¤¾ä¼š')
ERR: 1062:Duplicate entry '997' for key 'PRIMARY'
 [ SQLè¯­å¥ ] : INSERT INTO `m_team` (`tid`,`tname`,`qtname`) VALUES (997,'é‡Œæ˜‚','é‡Œæ˜‚')
ERR: 1062:Duplicate entry '997' for key 'PRIMARY'
 [ SQLè¯­å¥ ] : INSERT INTO `m_team` (`tid`,`tname`,`qtname`) VALUES (997,'é‡Œæ˜‚','é‡Œæ˜‚')
ERR: 1062:Duplicate entry '2694' for key 'PRIMARY'
 [ SQLè¯­å¥ ] : INSERT INTO `m_team` (`tid`,`tname`,`qtname`) VALUES (2694,'ç´¢åˆ©æˆˆå°”æ–¯å…‹çŸ¿å·¥','ç´¢åˆ©æˆˆå°”æ–¯å…‹çŸ¿å·¥')
ERR: 1062:Duplicate entry '1295' for key 'PRIMARY'
 [ SQLè¯­å¥ ] : INSERT INTO `m_team` (`tid`,`tname`,`qtname`) VALUES (1295,'æ–¯æ™®åˆ©ç‰¹æµ·æœå…\‹','æ–¯æ™®åˆ©ç‰¹æµ·æœå…\‹')
ERR: 1062:Duplicate entry '1219' for key 'PRIMARY'
 [ SQLè¯­å¥ ] : INSERT INTO `m_team` (`tid`,`tname`,`qtname`) VALUES (1219,'ç‰¹æ‹‰å¸ƒå®—ä½“è‚²','ç‰¹æ‹‰å¸ƒå®—ä½“è‚²')
ERR: 1062:Duplicate entry '1038' for key 'PRIMARY'
 [ SQLè¯­å¥ ] : INSERT INTO `m_team` (`tid`,`tname`,`qtname`) VALUES (1038,'ç½—æ–¯æ‰˜å¤«','ç½—æ–¯æ‰˜å¤«')
ERR: 1062:Duplicate entry '1219' for key 'PRIMARY'
 [ SQLè¯­å¥ ] : INSERT INTO `m_team` (`tid`,`tname`,`qtname`) VALUES (1219,'ç‰¹æ‹‰å¸ƒå®—ä½“è‚²','ç‰¹æ‹‰å¸ƒå®—ä½“è‚²')
ERR: 1062:Duplicate entry '1231' for key 'PRIMARY'
 [ SQLè¯­å¥ ] : INSERT INTO `m_team` (`tid`,`tname`,`qtname`) VALUES (1231,'ç‰¹æ¸©ç‰\¹','ç‰¹æ¸©ç‰\¹')
ERR: 1062:Duplicate entry '1231' for key 'PRIMARY'
 [ SQLè¯­å¥ ] : INSERT INTO `m_team` (`tid`,`tname`,`qtname`) VALUES (1231,'ç‰¹æ¸©ç‰\¹','ç‰¹æ¸©ç‰\¹')
ERR: 1062:Duplicate entry '1160' for key 'PRIMARY'
 [ SQLè¯­å¥ ] : INSERT INTO `m_team` (`tid`,`tname`,`qtname`) VALUES (1160,'å¸•çº³è¾›çº³ç§‘æ–¯','å¸•çº³è¾›çº³ç§‘æ–¯')
ERR: 1062:Duplicate entry '801' for key 'PRIMARY'
 [ SQLè¯­å¥ ] : INSERT INTO `m_team` (`tid`,`tname`,`qtname`) VALUES (801,'è´¹è€¶è¯ºå¾\·','è´¹è€¶è¯ºå¾\·')
ERR: 1062:Duplicate entry '776' for key 'PRIMARY'
 [ SQLè¯­å¥ ] : INSERT INTO `m_team` (`tid`,`tname`,`qtname`) VALUES (776,'éƒ½çµ','éƒ½çµ')
ERR: 1062:Duplicate entry '776' for key 'PRIMARY'
 [ SQLè¯­å¥ ] : INSERT INTO `m_team` (`tid`,`tname`,`qtname`) VALUES (776,'éƒ½çµ','éƒ½çµ')
ERR: 1062:Duplicate entry '6017' for key 'PRIMARY'
 [ SQLè¯­å¥ ] : INSERT INTO `m_team` (`tid`,`tname`,`qtname`) VALUES (6017,'RNKæ–¯æ™®åˆ©ç‰¹','RNKæ–¯æ™®åˆ©ç‰¹')
ERR: 1062:Duplicate entry '717' for key 'PRIMARY'
 [ SQLè¯­å¥ ] : INSERT INTO `m_team` (`tid`,`tname`,`qtname`) VALUES (717,'å¸ƒæ‹‰æ ¼æ–¯å·´è¾¾','å¸ƒæ‹‰æ ¼æ–¯å·´è¾¾')
ERR: 1062:Duplicate entry '915' for key 'PRIMARY'
 [ SQLè¯­å¥ ] : INSERT INTO `m_team` (`tid`,`tname`,`qtname`) VALUES (915,'å¡æ‹‰æ¯”å…‹ä½“è‚²','å¡æ‹‰æ¯”å…‹ä½“è‚²')
ERR: 1062:Duplicate entry '494' for key 'PRIMARY'
 [ SQLè¯­å¥ ] : INSERT INTO `m_team` (`tid`,`tname`,`qtname`) VALUES (494,'åœ£åŸƒè’‚å®‰','åœ£åŸƒè’‚å®‰')
ERR: 1062:Duplicate entry '915' for key 'PRIMARY'
 [ SQLè¯­å¥ ] : INSERT INTO `m_team` (`tid`,`tname`,`qtname`) VALUES (915,'å¡æ‹‰æ¯”å…‹ä½“è‚²','å¡æ‹‰æ¯”å…‹ä½“è‚²')
ERR: 1062:Duplicate entry '1089' for key 'PRIMARY'
 [ SQLè¯­å¥ ] : INSERT INTO `m_team` (`tid`,`tname`,`qtname`) VALUES (1089,'é—¨å…´æ ¼æ‹‰å¾·å·´èµ\«','é—¨å…´æ ¼æ‹‰å¾·å·´èµ\«')
ERR: 1062:Duplicate entry '480' for key 'PRIMARY'
 [ SQLè¯­å¥ ] : INSERT INTO `m_team` (`tid`,`tname`,`qtname`) VALUES (480,'è¨æ‹‰çƒ­çª','è¨æ‹‰çƒ­çª')
ERR: 1062:Duplicate entry '1099' for key 'PRIMARY'
 [ SQLè¯­å¥ ] : INSERT INTO `m_team` (`tid`,`tname`,`qtname`) VALUES (1099,'è‘¡è„ç‰™å›½æ°\‘','è‘¡è„ç‰™å›½æ°\‘')
ERR: 1062:Duplicate entry '683' for key 'PRIMARY'
 [ SQLè¯­å¥ ] : INSERT INTO `m_team` (`tid`,`tname`,`qtname`) VALUES (683,'æ¯”åˆ©äºšé›·äºšå°”','æ¯”åˆ©äºšé›·äºšå°”')
ERR: 1062:Duplicate entry '683' for key 'PRIMARY'
 [ SQLè¯­å¥ ] : INSERT INTO `m_team` (`tid`,`tname`,`qtname`) VALUES (683,'æ¯”åˆ©äºšé›·äºšå°”','æ¯”åˆ©äºšé›·äºšå°”')
ERR: 1062:Duplicate entry '872' for key 'PRIMARY'
 [ SQLè¯­å¥ ] : INSERT INTO `m_team` (`tid`,`tname`,`qtname`) VALUES (872,'èµ«å°”åŸ\','èµ«å°”åŸ\')
ERR: 1062:Duplicate entry '1042' for key 'PRIMARY'
 [ SQLè¯­å¥ ] : INSERT INTO `m_team` (`tid`,`tname`,`qtname`) VALUES (1042,'æ´›å…‹ä¼\¦','æ´›å…‹ä¼\¦')
ERR: 1062:Duplicate entry '1238' for key 'PRIMARY'
 [ SQLè¯­å¥ ] : INSERT INTO `m_team` (`tid`,`tname`,`qtname`) VALUES (1238,'æ‰˜ç‰¹çº³å§†çƒ­åˆº','æ‰˜ç‰¹çº³å§†çƒ­åˆº')
ERR: 1062:Duplicate entry '1238' for key 'PRIMARY'
 [ SQLè¯­å¥ ] : INSERT INTO `m_team` (`tid`,`tname`,`qtname`) VALUES (1238,'æ‰˜ç‰¹çº³å§†çƒ­åˆº','æ‰˜ç‰¹çº³å§†çƒ­åˆº')
ERR: 1062:Duplicate entry '2514' for key 'PRIMARY'
 [ SQLè¯­å¥ ] : INSERT INTO `m_team` (`tid`,`tname`,`qtname`) VALUES (2514,'AELåˆ©é©¬ç´¢å°”','AELåˆ©é©¬ç´¢å°”')
ERR: 1062:Duplicate entry '729' for key 'PRIMARY'
 [ SQLè¯­å¥ ] : INSERT INTO `m_team` (`tid`,`tname`,`qtname`) VALUES (729,'å¸ƒé²æ—\¥','å¸ƒé²æ—\¥')
ERR: 1062:Duplicate entry '729' for key 'PRIMARY'
 [ SQLè¯­å¥ ] : INSERT INTO `m_team` (`tid`,`tname`,`qtname`) VALUES (729,'å¸ƒé²æ—\¥','å¸ƒé²æ—\¥')
ERR: 1062:Duplicate entry '737' for key 'PRIMARY'
 [ SQLè¯­å¥ ] : INSERT INTO `m_team` (`tid`,`tname`,`qtname`) VALUES (737,'è‰èœ¢','è‰èœ¢')
ERR: 1062:Duplicate entry '1002' for key 'PRIMARY'
 [ SQLè¯­å¥ ] : INSERT INTO `m_team` (`tid`,`tname`,`qtname`) VALUES (1002,'é‡Œå¥¥é˜¿ç»´','é‡Œå¥¥é˜¿ç»´')
ERR: 1062:Duplicate entry '563' for key 'PRIMARY'
 [ SQLè¯­å¥ ] : INSERT INTO `m_team` (`tid`,`tname`,`qtname`) VALUES (563,'åŸƒå°”å¤«æ–¯å \¡','åŸƒå°”å¤«æ–¯å \¡')
ERR: 1062:Duplicate entry '1580' for key 'PRIMARY'
 [ SQLè¯­å¥ ] : INSERT INTO `m_team` (`tid`,`tname`,`qtname`) VALUES (1580,'æ ¼é›·ç±³å¥¥','æ ¼é›·ç±³å¥¥')
ERR: 1062:Duplicate entry '472' for key 'PRIMARY'
 [ SQLè¯­å¥ ] : INSERT INTO `m_team` (`tid`,`tname`,`qtname`) VALUES (472,'æ¡‘æ‰˜æ–\¯','æ¡‘æ‰˜æ–\¯')

