[ 2014-09-06T23:25:13+08:00 ] 127.0.0.1 /Home/Match/teamUpAll.html
ERR: 1062:Duplicate entry '6563' for key 'PRIMARY'
 [ SQLè¯­å¥ ] : INSERT INTO `m_team` (`tid`,`tname`,`oname`) VALUES (6563,'å¤šä¼¦å¤šFC','å¤šä¼¦å¤šFC')
ERR: 1062:Duplicate entry '6186' for key 'PRIMARY'
 [ SQLè¯­å¥ ] : INSERT INTO `m_team` (`tid`,`tname`,`oname`) VALUES (6186,'è´¹åŸè”åˆ','è´¹åŸè”åˆ')
ERR: 1062:Duplicate entry '455' for key 'PRIMARY'
 [ SQLè¯­å¥ ] : INSERT INTO `m_team` (`tid`,`tname`,`oname`) VALUES (455,'è¨æ–¯è²å°”å¾\·','è¨æ–¯è²å°”å¾\·')
ERR: 1062:Duplicate entry '676' for key 'PRIMARY'
 [ SQLè¯­å¥ ] : INSERT INTO `m_team` (`tid`,`tname`,`oname`) VALUES (676,'è´å°”æ ¼æ‹‰è¯\º','è´å°”æ ¼æ‹‰è¯\º')
ERR: 1062:Duplicate entry '1589' for key 'PRIMARY'
 [ SQLè¯­å¥ ] : INSERT INTO `m_team` (`tid`,`tname`,`oname`) VALUES (1589,'ç»´å¤šåˆ©äºš','ç»´å¤šåˆ©äºš')
ERR: 1062:Duplicate entry '1139' for key 'PRIMARY'
 [ SQLè¯­å¥ ] : INSERT INTO `m_team` (`tid`,`tname`,`oname`) VALUES (1139,'çº½çº¦çº¢ç‰›','çº½çº¦çº¢ç‰›')
ERR: 1062:Duplicate entry '4293' for key 'PRIMARY'
 [ SQLè¯­å¥ ] : INSERT INTO `m_team` (`tid`,`tname`,`oname`) VALUES (4293,'è’™ç‰¹åˆ©å°”å†²å‡»','è’™ç‰¹åˆ©å°”å†²å‡»')
ERR: 1062:Duplicate entry '16' for key 'PRIMARY'
 [ SQLè¯­å¥ ] : INSERT INTO `m_team` (`tid`,`tname`,`oname`) VALUES (16,'å¢¨è¥¿å“\¥','å¢¨è¥¿å“\¥')
ERR: 1062:Duplicate entry '4285' for key 'PRIMARY'
 [ SQLè¯­å¥ ] : INSERT INTO `m_team` (`tid`,`tname`,`oname`) VALUES (4285,'æ¸©å“¥åç™½å¸\½','æ¸©å“¥åç™½å¸\½')
ERR: 1062:Duplicate entry '881' for key 'PRIMARY'
 [ SQLè¯­å¥ ] : INSERT INTO `m_team` (`tid`,`tname`,`oname`) VALUES (881,'åç››é¡¿è”','åç››é¡¿è”')
ERR: 1062:Duplicate entry '2440' for key 'PRIMARY'
 [ SQLè¯­å¥ ] : INSERT INTO `m_team` (`tid`,`tname`,`oname`) VALUES (2440,'çš‡å®¶ç›æ¹–åŸ\','çš‡å®¶ç›æ¹–åŸ\')
ERR: 1062:Duplicate entry '492' for key 'PRIMARY'
 [ SQLè¯­å¥ ] : INSERT INTO `m_team` (`tid`,`tname`,`oname`) VALUES (492,'ç¥æˆ·èƒœåˆ©èˆ\¹','ç¥æˆ·èƒœåˆ©èˆ\¹')
ERR: 1062:Duplicate entry '1164' for key 'PRIMARY'
 [ SQLè¯­å¥ ] : INSERT INTO `m_team` (`tid`,`tname`,`oname`) VALUES (1164,'æµ¦å’Œçº¢é’»','æµ¦å’Œçº¢é’»')
ERR: 1062:Duplicate entry '845' for key 'PRIMARY'
 [ SQLè¯­å¥ ] : INSERT INTO `m_team` (`tid`,`tname`,`oname`) VALUES (845,'å¹¿å²›ä¸‰ç®­','å¹¿å²›ä¸‰ç®­')
ERR: 1062:Duplicate entry '870' for key 'PRIMARY'
 [ SQLè¯­å¥ ] : INSERT INTO `m_team` (`tid`,`tname`,`oname`) VALUES (870,'æ¨ªæ»¨æ°´æ‰‹','æ¨ªæ»¨æ°´æ‰‹')
ERR: 1062:Duplicate entry '2272' for key 'PRIMARY'
 [ SQLè¯­å¥ ] : INSERT INTO `m_team` (`tid`,`tname`,`oname`) VALUES (2272,'å·å´å‰é”‹','å·å´å‰é”‹')
ERR: 1062:Duplicate entry '753' for key 'PRIMARY'
 [ SQLè¯­å¥ ] : INSERT INTO `m_team` (`tid`,`tname`,`oname`) VALUES (753,'å¤§é˜ªæ¨±èŠ±','å¤§é˜ªæ¨±èŠ±')
ERR: 1062:Duplicate entry '77' for key 'PRIMARY'
 [ SQLè¯­å¥ ] : INSERT INTO `m_team` (`tid`,`tname`,`oname`) VALUES (77,'æ ¼é²å‰äºš','æ ¼é²å‰äºš')
ERR: 1062:Duplicate entry '21' for key 'PRIMARY'
 [ SQLè¯­å¥ ] : INSERT INTO `m_team` (`tid`,`tname`,`oname`) VALUES (21,'çˆ±å°”å…\°','çˆ±å°”å…\°')
ERR: 1062:Duplicate entry '55' for key 'PRIMARY'
 [ SQLè¯­å¥ ] : INSERT INTO `m_team` (`tid`,`tname`,`oname`) VALUES (55,'åŒˆç‰™åˆ\©','åŒˆç‰™åˆ\©')
ERR: 1062:Duplicate entry '97' for key 'PRIMARY'
 [ SQLè¯­å¥ ] : INSERT INTO `m_team` (`tid`,`tname`,`oname`) VALUES (97,'åŒ—çˆ±å°”å…°','åŒ—çˆ±å°”å…°')
ERR: 1062:Duplicate entry '3' for key 'PRIMARY'
 [ SQLè¯­å¥ ] : INSERT INTO `m_team` (`tid`,`tname`,`oname`) VALUES (3,'ä¸¹éº¦','ä¸¹éº¦')
ERR: 1062:Duplicate entry '101' for key 'PRIMARY'
 [ SQLè¯­å¥ ] : INSERT INTO `m_team` (`tid`,`tname`,`oname`) VALUES (101,'äºšç¾å°¼äºš','äºšç¾å°¼äºš')
ERR: 1062:Duplicate entry '49' for key 'PRIMARY'
 [ SQLè¯­å¥ ] : INSERT INTO `m_team` (`tid`,`tname`,`oname`) VALUES (49,'å¸Œè…Š','å¸Œè…Š')
ERR: 1062:Duplicate entry '26' for key 'PRIMARY'
 [ SQLè¯­å¥ ] : INSERT INTO `m_team` (`tid`,`tname`,`oname`) VALUES (26,'ç½—é©¬å°¼äºš','ç½—é©¬å°¼äºš')
ERR: 1062:Duplicate entry '1570' for key 'PRIMARY'
 [ SQLè¯­å¥ ] : INSERT INTO `m_team` (`tid`,`tname`,`oname`) VALUES (1570,'ç±³å†…ç½—ç«æŠ€','ç±³å†…ç½—ç«æŠ€')
ERR: 1062:Duplicate entry '1568' for key 'PRIMARY'
 [ SQLè¯­å¥ ] : INSERT INTO `m_team` (`tid`,`tname`,`oname`) VALUES (1568,'åšå¡”å¼—æˆˆ','åšå¡”å¼—æˆˆ')
ERR: 1062:Duplicate entry '1572' for key 'PRIMARY'
 [ SQLè¯­å¥ ] : INSERT INTO `m_team` (`tid`,`tname`,`oname`) VALUES (1572,'ç§‘æ—è’‚å®‰','ç§‘æ—è’‚å®‰')
ERR: 1062:Duplicate entry '1575' for key 'PRIMARY'
 [ SQLè¯­å¥ ] : INSERT INTO `m_team` (`tid`,`tname`,`oname`) VALUES (1575,'å…‹é²å¡ç½—','å…‹é²å¡ç½—')
ERR: 1062:Duplicate entry '1385' for key 'PRIMARY'
 [ SQLè¯­å¥ ] : INSERT INTO `m_team` (`tid`,`tname`,`oname`) VALUES (1385,'åœ£ä¿ç½\—','åœ£ä¿ç½\—')
ERR: 1062:Duplicate entry '821' for key 'PRIMARY'
 [ SQLè¯­å¥ ] : INSERT INTO `m_team` (`tid`,`tname`,`oname`) VALUES (821,'å“¥ä¼¦å¸ƒæœºå‘\˜','å“¥ä¼¦å¸ƒæœºå‘\˜')
ERR: 1062:Duplicate entry '2439' for key 'PRIMARY'
 [ SQLè¯­å¥ ] : INSERT INTO `m_team` (`tid`,`tname`,`oname`) VALUES (2439,'ç¾å›½èŠåå£\«','ç¾å›½èŠåå£\«')
ERR: 1062:Duplicate entry '963' for key 'PRIMARY'
 [ SQLè¯­å¥ ] : INSERT INTO `m_team` (`tid`,`tname`,`oname`) VALUES (963,'æ‹‰åŠªæ–\¯','æ‹‰åŠªæ–\¯')
ERR: 1062:Duplicate entry '864' for key 'PRIMARY'
 [ SQLè¯­å¥ ] : INSERT INTO `m_team` (`tid`,`tname`,`oname`) VALUES (864,'æ²³åºŠ','æ²³åºŠ')
ERR: 1062:Duplicate entry '1571' for key 'PRIMARY'
 [ SQLè¯­å¥ ] : INSERT INTO `m_team` (`tid`,`tname`,`oname`) VALUES (1571,'å·´æ‹‰çº³ç«æŠ€','å·´æ‹‰çº³ç«æŠ€')
ERR: 1062:Duplicate entry '1567' for key 'PRIMARY'
 [ SQLè¯­å¥ ] : INSERT INTO `m_team` (`tid`,`tname`,`oname`) VALUES (1567,'å¸•å°”æ¢…æ‹‰æ–\¯','å¸•å°”æ¢…æ‹‰æ–\¯')
ERR: 1062:Duplicate entry '1576' for key 'PRIMARY'
 [ SQLè¯­å¥ ] : INSERT INTO `m_team` (`tid`,`tname`,`oname`) VALUES (1576,'è´¹å¤åŸƒä¼¦æ–\¯','è´¹å¤åŸƒä¼¦æ–\¯')
ERR: 1062:Duplicate entry '1349' for key 'PRIMARY'
 [ SQLè¯­å¥ ] : INSERT INTO `m_team` (`tid`,`tname`,`oname`) VALUES (1349,'èŠåŠ å“¥ç«ç„\°','èŠåŠ å“¥ç«ç„\°')
ERR: 1062:Duplicate entry '705' for key 'PRIMARY'
 [ SQLè¯­å¥ ] : INSERT INTO `m_team` (`tid`,`tname`,`oname`) VALUES (705,'åšå¡é’å¹´','åšå¡é’å¹´')
ERR: 1062:Duplicate entry '146' for key 'PRIMARY'
 [ SQLè¯­å¥ ] : INSERT INTO `m_team` (`tid`,`tname`,`oname`) VALUES (146,'å¢æ£®å \¡','å¢æ£®å \¡')
ERR: 1062:Duplicate entry '74' for key 'PRIMARY'
 [ SQLè¯­å¥ ] : INSERT INTO `m_team` (`tid`,`tname`,`oname`) VALUES (74,'ç™½ä¿„ç½—æ–¯','ç™½ä¿„ç½—æ–¯')
ERR: 1062:Duplicate entry '47' for key 'PRIMARY'
 [ SQLè¯­å¥ ] : INSERT INTO `m_team` (`tid`,`tname`,`oname`) VALUES (47,'ä¹Œå…‹å…\°','ä¹Œå…‹å…\°')
ERR: 1062:Duplicate entry '54' for key 'PRIMARY'
 [ SQLè¯­å¥ ] : INSERT INTO `m_team` (`tid`,`tname`,`oname`) VALUES (54,'æ–¯æ´›ä¼å…‹','æ–¯æ´›ä¼å…‹')
ERR: 1062:Duplicate entry '64' for key 'PRIMARY'
 [ SQLè¯­å¥ ] : INSERT INTO `m_team` (`tid`,`tname`,`oname`) VALUES (64,'çˆ±æ²™å°¼äºš','çˆ±æ²™å°¼äºš')
ERR: 1062:Duplicate entry '35' for key 'PRIMARY'
 [ SQLè¯­å¥ ] : INSERT INTO `m_team` (`tid`,`tname`,`oname`) VALUES (35,'æ–¯æ´›æ–‡å°¼äº\š','æ–¯æ´›æ–‡å°¼äº\š')
ERR: 1062:Duplicate entry '46' for key 'PRIMARY'
 [ SQLè¯­å¥ ] : INSERT INTO `m_team` (`tid`,`tname`,`oname`) VALUES (46,'ç‘å£«','ç‘å£«')
ERR: 1062:Duplicate entry '15' for key 'PRIMARY'
 [ SQLè¯­å¥ ] : INSERT INTO `m_team` (`tid`,`tname`,`oname`) VALUES (15,'è‹±æ ¼å…\°','è‹±æ ¼å…\°')
ERR: 1062:Duplicate entry '53' for key 'PRIMARY'
 [ SQLè¯­å¥ ] : INSERT INTO `m_team` (`tid`,`tname`,`oname`) VALUES (53,'å¥¥åœ°åˆ\©','å¥¥åœ°åˆ\©')
ERR: 1062:Duplicate entry '27' for key 'PRIMARY'
 [ SQLè¯­å¥ ] : INSERT INTO `m_team` (`tid`,`tname`,`oname`) VALUES (27,'ç‘å…¸','ç‘å…¸')
ERR: 1062:Duplicate entry '4172' for key 'PRIMARY'
 [ SQLè¯­å¥ ] : INSERT INTO `m_team` (`tid`,`tname`,`oname`) VALUES (4172,'é»‘å±±','é»‘å±±')
ERR: 1062:Duplicate entry '109' for key 'PRIMARY'
 [ SQLè¯­å¥ ] : INSERT INTO `m_team` (`tid`,`tname`,`oname`) VALUES (109,'æ‘©å°”å¤šç“¦','æ‘©å°”å¤šç“¦')
ERR: 1062:Duplicate entry '953' for key 'PRIMARY'
 [ SQLè¯­å¥ ] : INSERT INTO `m_team` (`tid`,`tname`,`oname`) VALUES (953,'åŸºå°”æ¢…æ–¯','åŸºå°”æ¢…æ–¯')

[ 2014-09-06T23:25:45+08:00 ] 127.0.0.1 /Home/Match/getPl.html
ERR: 1054:Unknown column 'jinbb' in 'field list'
 [ SQLè¯­å¥ ] : SELECT `oid`,`hname`,`aname`,`jinbb`,`msheng`,`matchtime` FROM `m_odds` WHERE ( `urlty` = 'qiutan' ) 

[ 2014-09-06T23:35:20+08:00 ] 127.0.0.1 /Home/Match/Index.html
ERR: 1054:Unknown column 'p.jinbb' in 'field list'
 [ SQLè¯­å¥ ] : SELECT m.id,m.matchnum,m.homeid,m.homename,m.awayid,m.awayname,m.matchtime,m.simpleleague,m.homename,m.awayname,p.sp,p.jinbb,p.msheng,p.rq,p.isend,p.uptime FROM m_match m LEFT JOIN m_pl p ON m.id = p.id  ORDER BY m.matchtime 

[ 2014-09-06T23:46:50+08:00 ] 127.0.0.1 /Home/Match/teamUpAll.html
ERR: 1062:Duplicate entry '6563' for key 'PRIMARY'
 [ SQLè¯­å¥ ] : INSERT INTO `m_team` (`tid`,`tname`,`oname`) VALUES (6563,'å¤šä¼¦å¤šFC','å¤šä¼¦å¤šFC')
ERR: 1062:Duplicate entry '6186' for key 'PRIMARY'
 [ SQLè¯­å¥ ] : INSERT INTO `m_team` (`tid`,`tname`,`oname`) VALUES (6186,'è´¹åŸè”åˆ','è´¹åŸè”åˆ')
ERR: 1062:Duplicate entry '455' for key 'PRIMARY'
 [ SQLè¯­å¥ ] : INSERT INTO `m_team` (`tid`,`tname`,`oname`) VALUES (455,'è¨æ–¯è²å°”å¾\·','è¨æ–¯è²å°”å¾\·')
ERR: 1062:Duplicate entry '676' for key 'PRIMARY'
 [ SQLè¯­å¥ ] : INSERT INTO `m_team` (`tid`,`tname`,`oname`) VALUES (676,'è´å°”æ ¼æ‹‰è¯\º','è´å°”æ ¼æ‹‰è¯\º')
ERR: 1062:Duplicate entry '1589' for key 'PRIMARY'
 [ SQLè¯­å¥ ] : INSERT INTO `m_team` (`tid`,`tname`,`oname`) VALUES (1589,'ç»´å¤šåˆ©äºš','ç»´å¤šåˆ©äºš')
ERR: 1062:Duplicate entry '1139' for key 'PRIMARY'
 [ SQLè¯­å¥ ] : INSERT INTO `m_team` (`tid`,`tname`,`oname`) VALUES (1139,'çº½çº¦çº¢ç‰›','çº½çº¦çº¢ç‰›')
ERR: 1062:Duplicate entry '4293' for key 'PRIMARY'
 [ SQLè¯­å¥ ] : INSERT INTO `m_team` (`tid`,`tname`,`oname`) VALUES (4293,'è’™ç‰¹åˆ©å°”å†²å‡»','è’™ç‰¹åˆ©å°”å†²å‡»')
ERR: 1062:Duplicate entry '16' for key 'PRIMARY'
 [ SQLè¯­å¥ ] : INSERT INTO `m_team` (`tid`,`tname`,`oname`) VALUES (16,'å¢¨è¥¿å“\¥','å¢¨è¥¿å“\¥')
ERR: 1062:Duplicate entry '4285' for key 'PRIMARY'
 [ SQLè¯­å¥ ] : INSERT INTO `m_team` (`tid`,`tname`,`oname`) VALUES (4285,'æ¸©å“¥åç™½å¸\½','æ¸©å“¥åç™½å¸\½')
ERR: 1062:Duplicate entry '881' for key 'PRIMARY'
 [ SQLè¯­å¥ ] : INSERT INTO `m_team` (`tid`,`tname`,`oname`) VALUES (881,'åç››é¡¿è”','åç››é¡¿è”')
ERR: 1062:Duplicate entry '2440' for key 'PRIMARY'
 [ SQLè¯­å¥ ] : INSERT INTO `m_team` (`tid`,`tname`,`oname`) VALUES (2440,'çš‡å®¶ç›æ¹–åŸ\','çš‡å®¶ç›æ¹–åŸ\')
ERR: 1062:Duplicate entry '492' for key 'PRIMARY'
 [ SQLè¯­å¥ ] : INSERT INTO `m_team` (`tid`,`tname`,`oname`) VALUES (492,'ç¥æˆ·èƒœåˆ©èˆ\¹','ç¥æˆ·èƒœåˆ©èˆ\¹')
ERR: 1062:Duplicate entry '1164' for key 'PRIMARY'
 [ SQLè¯­å¥ ] : INSERT INTO `m_team` (`tid`,`tname`,`oname`) VALUES (1164,'æµ¦å’Œçº¢é’»','æµ¦å’Œçº¢é’»')
ERR: 1062:Duplicate entry '845' for key 'PRIMARY'
 [ SQLè¯­å¥ ] : INSERT INTO `m_team` (`tid`,`tname`,`oname`) VALUES (845,'å¹¿å²›ä¸‰ç®­','å¹¿å²›ä¸‰ç®­')
ERR: 1062:Duplicate entry '870' for key 'PRIMARY'
 [ SQLè¯­å¥ ] : INSERT INTO `m_team` (`tid`,`tname`,`oname`) VALUES (870,'æ¨ªæ»¨æ°´æ‰‹','æ¨ªæ»¨æ°´æ‰‹')
ERR: 1062:Duplicate entry '2272' for key 'PRIMARY'
 [ SQLè¯­å¥ ] : INSERT INTO `m_team` (`tid`,`tname`,`oname`) VALUES (2272,'å·å´å‰é”‹','å·å´å‰é”‹')
ERR: 1062:Duplicate entry '753' for key 'PRIMARY'
 [ SQLè¯­å¥ ] : INSERT INTO `m_team` (`tid`,`tname`,`oname`) VALUES (753,'å¤§é˜ªæ¨±èŠ±','å¤§é˜ªæ¨±èŠ±')
ERR: 1062:Duplicate entry '77' for key 'PRIMARY'
 [ SQLè¯­å¥ ] : INSERT INTO `m_team` (`tid`,`tname`,`oname`) VALUES (77,'æ ¼é²å‰äºš','æ ¼é²å‰äºš')
ERR: 1062:Duplicate entry '21' for key 'PRIMARY'
 [ SQLè¯­å¥ ] : INSERT INTO `m_team` (`tid`,`tname`,`oname`) VALUES (21,'çˆ±å°”å…\°','çˆ±å°”å…\°')
ERR: 1062:Duplicate entry '55' for key 'PRIMARY'
 [ SQLè¯­å¥ ] : INSERT INTO `m_team` (`tid`,`tname`,`oname`) VALUES (55,'åŒˆç‰™åˆ\©','åŒˆç‰™åˆ\©')
ERR: 1062:Duplicate entry '97' for key 'PRIMARY'
 [ SQLè¯­å¥ ] : INSERT INTO `m_team` (`tid`,`tname`,`oname`) VALUES (97,'åŒ—çˆ±å°”å…°','åŒ—çˆ±å°”å…°')
ERR: 1062:Duplicate entry '3' for key 'PRIMARY'
 [ SQLè¯­å¥ ] : INSERT INTO `m_team` (`tid`,`tname`,`oname`) VALUES (3,'ä¸¹éº¦','ä¸¹éº¦')
ERR: 1062:Duplicate entry '101' for key 'PRIMARY'
 [ SQLè¯­å¥ ] : INSERT INTO `m_team` (`tid`,`tname`,`oname`) VALUES (101,'äºšç¾å°¼äºš','äºšç¾å°¼äºš')
ERR: 1062:Duplicate entry '49' for key 'PRIMARY'
 [ SQLè¯­å¥ ] : INSERT INTO `m_team` (`tid`,`tname`,`oname`) VALUES (49,'å¸Œè…Š','å¸Œè…Š')
ERR: 1062:Duplicate entry '26' for key 'PRIMARY'
 [ SQLè¯­å¥ ] : INSERT INTO `m_team` (`tid`,`tname`,`oname`) VALUES (26,'ç½—é©¬å°¼äºš','ç½—é©¬å°¼äºš')
ERR: 1062:Duplicate entry '1570' for key 'PRIMARY'
 [ SQLè¯­å¥ ] : INSERT INTO `m_team` (`tid`,`tname`,`oname`) VALUES (1570,'ç±³å†…ç½—ç«æŠ€','ç±³å†…ç½—ç«æŠ€')
ERR: 1062:Duplicate entry '1568' for key 'PRIMARY'
 [ SQLè¯­å¥ ] : INSERT INTO `m_team` (`tid`,`tname`,`oname`) VALUES (1568,'åšå¡”å¼—æˆˆ','åšå¡”å¼—æˆˆ')
ERR: 1062:Duplicate entry '1572' for key 'PRIMARY'
 [ SQLè¯­å¥ ] : INSERT INTO `m_team` (`tid`,`tname`,`oname`) VALUES (1572,'ç§‘æ—è’‚å®‰','ç§‘æ—è’‚å®‰')
ERR: 1062:Duplicate entry '1575' for key 'PRIMARY'
 [ SQLè¯­å¥ ] : INSERT INTO `m_team` (`tid`,`tname`,`oname`) VALUES (1575,'å…‹é²å¡ç½—','å…‹é²å¡ç½—')
ERR: 1062:Duplicate entry '1385' for key 'PRIMARY'
 [ SQLè¯­å¥ ] : INSERT INTO `m_team` (`tid`,`tname`,`oname`) VALUES (1385,'åœ£ä¿ç½\—','åœ£ä¿ç½\—')
ERR: 1062:Duplicate entry '821' for key 'PRIMARY'
 [ SQLè¯­å¥ ] : INSERT INTO `m_team` (`tid`,`tname`,`oname`) VALUES (821,'å“¥ä¼¦å¸ƒæœºå‘\˜','å“¥ä¼¦å¸ƒæœºå‘\˜')
ERR: 1062:Duplicate entry '2439' for key 'PRIMARY'
 [ SQLè¯­å¥ ] : INSERT INTO `m_team` (`tid`,`tname`,`oname`) VALUES (2439,'ç¾å›½èŠåå£\«','ç¾å›½èŠåå£\«')
ERR: 1062:Duplicate entry '963' for key 'PRIMARY'
 [ SQLè¯­å¥ ] : INSERT INTO `m_team` (`tid`,`tname`,`oname`) VALUES (963,'æ‹‰åŠªæ–\¯','æ‹‰åŠªæ–\¯')
ERR: 1062:Duplicate entry '864' for key 'PRIMARY'
 [ SQLè¯­å¥ ] : INSERT INTO `m_team` (`tid`,`tname`,`oname`) VALUES (864,'æ²³åºŠ','æ²³åºŠ')
ERR: 1062:Duplicate entry '1571' for key 'PRIMARY'
 [ SQLè¯­å¥ ] : INSERT INTO `m_team` (`tid`,`tname`,`oname`) VALUES (1571,'å·´æ‹‰çº³ç«æŠ€','å·´æ‹‰çº³ç«æŠ€')
ERR: 1062:Duplicate entry '1567' for key 'PRIMARY'
 [ SQLè¯­å¥ ] : INSERT INTO `m_team` (`tid`,`tname`,`oname`) VALUES (1567,'å¸•å°”æ¢…æ‹‰æ–\¯','å¸•å°”æ¢…æ‹‰æ–\¯')
ERR: 1062:Duplicate entry '1576' for key 'PRIMARY'
 [ SQLè¯­å¥ ] : INSERT INTO `m_team` (`tid`,`tname`,`oname`) VALUES (1576,'è´¹å¤åŸƒä¼¦æ–\¯','è´¹å¤åŸƒä¼¦æ–\¯')
ERR: 1062:Duplicate entry '1349' for key 'PRIMARY'
 [ SQLè¯­å¥ ] : INSERT INTO `m_team` (`tid`,`tname`,`oname`) VALUES (1349,'èŠåŠ å“¥ç«ç„\°','èŠåŠ å“¥ç«ç„\°')
ERR: 1062:Duplicate entry '705' for key 'PRIMARY'
 [ SQLè¯­å¥ ] : INSERT INTO `m_team` (`tid`,`tname`,`oname`) VALUES (705,'åšå¡é’å¹´','åšå¡é’å¹´')
ERR: 1062:Duplicate entry '146' for key 'PRIMARY'
 [ SQLè¯­å¥ ] : INSERT INTO `m_team` (`tid`,`tname`,`oname`) VALUES (146,'å¢æ£®å \¡','å¢æ£®å \¡')
ERR: 1062:Duplicate entry '74' for key 'PRIMARY'
 [ SQLè¯­å¥ ] : INSERT INTO `m_team` (`tid`,`tname`,`oname`) VALUES (74,'ç™½ä¿„ç½—æ–¯','ç™½ä¿„ç½—æ–¯')
ERR: 1062:Duplicate entry '47' for key 'PRIMARY'
 [ SQLè¯­å¥ ] : INSERT INTO `m_team` (`tid`,`tname`,`oname`) VALUES (47,'ä¹Œå…‹å…\°','ä¹Œå…‹å…\°')
ERR: 1062:Duplicate entry '54' for key 'PRIMARY'
 [ SQLè¯­å¥ ] : INSERT INTO `m_team` (`tid`,`tname`,`oname`) VALUES (54,'æ–¯æ´›ä¼å…‹','æ–¯æ´›ä¼å…‹')
ERR: 1062:Duplicate entry '64' for key 'PRIMARY'
 [ SQLè¯­å¥ ] : INSERT INTO `m_team` (`tid`,`tname`,`oname`) VALUES (64,'çˆ±æ²™å°¼äºš','çˆ±æ²™å°¼äºš')
ERR: 1062:Duplicate entry '35' for key 'PRIMARY'
 [ SQLè¯­å¥ ] : INSERT INTO `m_team` (`tid`,`tname`,`oname`) VALUES (35,'æ–¯æ´›æ–‡å°¼äº\š','æ–¯æ´›æ–‡å°¼äº\š')
ERR: 1062:Duplicate entry '46' for key 'PRIMARY'
 [ SQLè¯­å¥ ] : INSERT INTO `m_team` (`tid`,`tname`,`oname`) VALUES (46,'ç‘å£«','ç‘å£«')
ERR: 1062:Duplicate entry '15' for key 'PRIMARY'
 [ SQLè¯­å¥ ] : INSERT INTO `m_team` (`tid`,`tname`,`oname`) VALUES (15,'è‹±æ ¼å…\°','è‹±æ ¼å…\°')
ERR: 1062:Duplicate entry '53' for key 'PRIMARY'
 [ SQLè¯­å¥ ] : INSERT INTO `m_team` (`tid`,`tname`,`oname`) VALUES (53,'å¥¥åœ°åˆ\©','å¥¥åœ°åˆ\©')
ERR: 1062:Duplicate entry '27' for key 'PRIMARY'
 [ SQLè¯­å¥ ] : INSERT INTO `m_team` (`tid`,`tname`,`oname`) VALUES (27,'ç‘å…¸','ç‘å…¸')
ERR: 1062:Duplicate entry '4172' for key 'PRIMARY'
 [ SQLè¯­å¥ ] : INSERT INTO `m_team` (`tid`,`tname`,`oname`) VALUES (4172,'é»‘å±±','é»‘å±±')
ERR: 1062:Duplicate entry '109' for key 'PRIMARY'
 [ SQLè¯­å¥ ] : INSERT INTO `m_team` (`tid`,`tname`,`oname`) VALUES (109,'æ‘©å°”å¤šç“¦','æ‘©å°”å¤šç“¦')
ERR: 1062:Duplicate entry '953' for key 'PRIMARY'
 [ SQLè¯­å¥ ] : INSERT INTO `m_team` (`tid`,`tname`,`oname`) VALUES (953,'åŸºå°”æ¢…æ–¯','åŸºå°”æ¢…æ–¯')

[ 2014-09-06T23:47:44+08:00 ] 127.0.0.1 /
ERR: 1054:Unknown column 'p.msheng' in 'field list'
 [ SQLè¯­å¥ ] : SELECT m.id,m.matchtime,m.simpleleague,m.homename,m.awayname,p.rq,p.sp,p.msheng,p.jinbb,p.uptime FROM m_pl p LEFT JOIN m_match m ON p.id = m.id  WHERE ( p.ismat=1 and p.isend=0 ) 

