[ 2014-07-20T00:31:40+08:00 ] 127.0.0.1 /
INFO: [ app_begin ] --START--
INFO: Run Behavior\ReadHtmlCache [ RunTime:0.000685s ]
INFO: [ app_begin ] --END-- [ RunTime:0.001375s ]
INFO: [ view_parse ] --START--
INFO: [ template_filter ] --START--
INFO: Run Behavior\ContentReplace [ RunTime:0.000083s ]
INFO: [ template_filter ] --END-- [ RunTime:0.000172s ]
NOTIC: [8] Undefined index: allend D:\phpserver\match.boss.com\Web\Runtime\Cache\Home\bc0144a4fd1292e6da37880e61825715.php 第 64 行.
INFO: Run Behavior\ParseTemplate [ RunTime:0.010442s ]
INFO: [ view_parse ] --END-- [ RunTime:0.010534s ]
INFO: [ view_filter ] --START--
INFO: Run Behavior\WriteHtmlCache [ RunTime:0.000462s ]
INFO: [ view_filter ] --END-- [ RunTime:0.000531s ]
INFO: [ app_end ] --START--
INFO: Run Behavior\ShowPageTrace [ RunTime:0.000825s ]
INFO: [ app_end ] --END-- [ RunTime:0.001006s ]

[ 2014-07-20T12:37:51+08:00 ] 127.0.0.1 /
INFO: [ app_begin ] --START--
INFO: Run Behavior\ReadHtmlCache [ RunTime:0.000687s ]
INFO: [ app_begin ] --END-- [ RunTime:0.001308s ]
INFO: [ view_parse ] --START--
INFO: [ template_filter ] --START--
INFO: Run Behavior\ContentReplace [ RunTime:0.000084s ]
INFO: [ template_filter ] --END-- [ RunTime:0.000211s ]
NOTIC: [8] Undefined index: allend D:\phpserver\match.boss.com\Web\Runtime\Cache\Home\bc0144a4fd1292e6da37880e61825715.php 第 64 行.
INFO: Run Behavior\ParseTemplate [ RunTime:0.009689s ]
INFO: [ view_parse ] --END-- [ RunTime:0.009772s ]
INFO: [ view_filter ] --START--
INFO: Run Behavior\WriteHtmlCache [ RunTime:0.000378s ]
INFO: [ view_filter ] --END-- [ RunTime:0.000447s ]
INFO: [ app_end ] --START--
INFO: Run Behavior\ShowPageTrace [ RunTime:0.000729s ]
INFO: [ app_end ] --END-- [ RunTime:0.000851s ]

[ 2014-07-20T12:38:17+08:00 ] 127.0.0.1 /
INFO: [ app_begin ] --START--
INFO: Run Behavior\ReadHtmlCache [ RunTime:0.000820s ]
INFO: [ app_begin ] --END-- [ RunTime:0.001508s ]
INFO: [ view_parse ] --START--
INFO: [ template_filter ] --START--
INFO: Run Behavior\ContentReplace [ RunTime:0.000088s ]
INFO: [ template_filter ] --END-- [ RunTime:0.000219s ]
NOTIC: [8] Undefined index: allend D:\phpserver\match.boss.com\Web\Runtime\Cache\Home\bc0144a4fd1292e6da37880e61825715.php 第 64 行.
INFO: Run Behavior\ParseTemplate [ RunTime:0.010121s ]
INFO: [ view_parse ] --END-- [ RunTime:0.010202s ]
INFO: [ view_filter ] --START--
INFO: Run Behavior\WriteHtmlCache [ RunTime:0.000520s ]
INFO: [ view_filter ] --END-- [ RunTime:0.000589s ]
INFO: [ app_end ] --START--
INFO: Run Behavior\ShowPageTrace [ RunTime:0.000671s ]
INFO: [ app_end ] --END-- [ RunTime:0.000757s ]

[ 2014-07-20T12:38:30+08:00 ] 127.0.0.1 /
INFO: [ app_begin ] --START--
INFO: Run Behavior\ReadHtmlCache [ RunTime:0.000730s ]
INFO: [ app_begin ] --END-- [ RunTime:0.001395s ]
INFO: [ view_parse ] --START--
INFO: [ template_filter ] --START--
INFO: Run Behavior\ContentReplace [ RunTime:0.000098s ]
INFO: [ template_filter ] --END-- [ RunTime:0.000184s ]
NOTIC: [8] Undefined index: allend D:\phpserver\match.boss.com\Web\Runtime\Cache\Home\bc0144a4fd1292e6da37880e61825715.php 第 64 行.
INFO: Run Behavior\ParseTemplate [ RunTime:0.008827s ]
INFO: [ view_parse ] --END-- [ RunTime:0.008906s ]
INFO: [ view_filter ] --START--
INFO: Run Behavior\WriteHtmlCache [ RunTime:0.000352s ]
INFO: [ view_filter ] --END-- [ RunTime:0.000419s ]
INFO: [ app_end ] --START--
INFO: Run Behavior\ShowPageTrace [ RunTime:0.000636s ]
INFO: [ app_end ] --END-- [ RunTime:0.000739s ]

[ 2014-07-20T12:38:53+08:00 ] 127.0.0.1 /
INFO: [ app_begin ] --START--
INFO: Run Behavior\ReadHtmlCache [ RunTime:0.000631s ]
INFO: [ app_begin ] --END-- [ RunTime:0.001187s ]
INFO: [ view_parse ] --START--
INFO: [ template_filter ] --START--
INFO: Run Behavior\ContentReplace [ RunTime:0.000090s ]
INFO: [ template_filter ] --END-- [ RunTime:0.000194s ]
NOTIC: [8] Undefined index: allend D:\phpserver\match.boss.com\Web\Runtime\Cache\Home\bc0144a4fd1292e6da37880e61825715.php 第 64 行.
INFO: Run Behavior\ParseTemplate [ RunTime:0.009538s ]
INFO: [ view_parse ] --END-- [ RunTime:0.009631s ]
INFO: [ view_filter ] --START--
INFO: Run Behavior\WriteHtmlCache [ RunTime:0.000291s ]
INFO: [ view_filter ] --END-- [ RunTime:0.000372s ]
INFO: [ app_end ] --START--
INFO: Run Behavior\ShowPageTrace [ RunTime:0.000554s ]
INFO: [ app_end ] --END-- [ RunTime:0.000636s ]

[ 2014-07-20T12:39:04+08:00 ] 127.0.0.1 /
INFO: [ app_begin ] --START--
INFO: Run Behavior\ReadHtmlCache [ RunTime:0.000630s ]
INFO: [ app_begin ] --END-- [ RunTime:0.001123s ]
INFO: [ view_parse ] --START--
INFO: [ template_filter ] --START--
INFO: Run Behavior\ContentReplace [ RunTime:0.000087s ]
INFO: [ template_filter ] --END-- [ RunTime:0.000190s ]
NOTIC: [8] Undefined index: allend D:\phpserver\match.boss.com\Web\Runtime\Cache\Home\bc0144a4fd1292e6da37880e61825715.php 第 64 行.
INFO: Run Behavior\ParseTemplate [ RunTime:0.009849s ]
INFO: [ view_parse ] --END-- [ RunTime:0.009935s ]
INFO: [ view_filter ] --START--
INFO: Run Behavior\WriteHtmlCache [ RunTime:0.000417s ]
INFO: [ view_filter ] --END-- [ RunTime:0.000485s ]
INFO: [ app_end ] --START--
INFO: Run Behavior\ShowPageTrace [ RunTime:0.000735s ]
INFO: [ app_end ] --END-- [ RunTime:0.000827s ]

[ 2014-07-20T12:39:11+08:00 ] 127.0.0.1 /
INFO: [ app_begin ] --START--
INFO: Run Behavior\ReadHtmlCache [ RunTime:0.000664s ]
INFO: [ app_begin ] --END-- [ RunTime:0.001197s ]
INFO: [ view_parse ] --START--
INFO: [ template_filter ] --START--
INFO: Run Behavior\ContentReplace [ RunTime:0.000107s ]
INFO: [ template_filter ] --END-- [ RunTime:0.000214s ]
NOTIC: [8] Undefined index: allend D:\phpserver\match.boss.com\Web\Runtime\Cache\Home\bc0144a4fd1292e6da37880e61825715.php 第 64 行.
INFO: Run Behavior\ParseTemplate [ RunTime:0.009836s ]
INFO: [ view_parse ] --END-- [ RunTime:0.009928s ]
INFO: [ view_filter ] --START--
INFO: Run Behavior\WriteHtmlCache [ RunTime:0.000355s ]
INFO: [ view_filter ] --END-- [ RunTime:0.000423s ]
INFO: [ app_end ] --START--
INFO: Run Behavior\ShowPageTrace [ RunTime:0.000616s ]
INFO: [ app_end ] --END-- [ RunTime:0.000724s ]

[ 2014-07-20T12:39:57+08:00 ] 127.0.0.1 /
INFO: [ app_begin ] --START--
INFO: Run Behavior\ReadHtmlCache [ RunTime:0.000783s ]
INFO: [ app_begin ] --END-- [ RunTime:0.001446s ]
INFO: [ view_parse ] --START--
INFO: [ template_filter ] --START--
INFO: Run Behavior\ContentReplace [ RunTime:0.000089s ]
INFO: [ template_filter ] --END-- [ RunTime:0.000192s ]
NOTIC: [8] Undefined index: allend D:\phpserver\match.boss.com\Web\Runtime\Cache\Home\bc0144a4fd1292e6da37880e61825715.php 第 64 行.
INFO: Run Behavior\ParseTemplate [ RunTime:0.011262s ]
INFO: [ view_parse ] --END-- [ RunTime:0.011371s ]
INFO: [ view_filter ] --START--
INFO: Run Behavior\WriteHtmlCache [ RunTime:0.000417s ]
INFO: [ view_filter ] --END-- [ RunTime:0.000486s ]
INFO: [ app_end ] --START--
INFO: Run Behavior\ShowPageTrace [ RunTime:0.000933s ]
INFO: [ app_end ] --END-- [ RunTime:0.001060s ]

