[ 2014-09-12T22:34:01+08:00 ] 127.0.0.1 /Home/Match/teamUp.html
ERR: 1062:Duplicate entry '108' for key 'PRIMARY'
 [ SQLè¯­å¥ ] : INSERT INTO `m_team` (`tid`,`tname`,`oname`) VALUES (108,'å“ˆè¨å…‹æ–¯å\¦','å“ˆè¨å…‹æ–¯å\¦')
ERR: 1062:Duplicate entry '92' for key 'PRIMARY'
 [ SQLè¯­å¥ ] : INSERT INTO `m_team` (`tid`,`tname`,`oname`) VALUES (92,'æ‹‰è„±ç»´äºš','æ‹‰è„±ç»´äºš')

[ 2014-09-12T22:59:45+08:00 ] 127.0.0.1 /Home/Match/teamBan.html
ERR: éæ³•æ“ä½œ:teamban

[ 2014-09-12T23:00:14+08:00 ] 127.0.0.1 /Home/Match/teamBan.html
ERR: éæ³•æ“ä½œ:teamban

[ 2014-09-12T23:01:11+08:00 ] 127.0.0.1 /Home/Match/teamBan.html?mid=80039&isban=1&matchtime=2014-09-09%2018:20&league=%E5%8F%8B%E8%B0%8A%E8%B5%9B&team=%E6%97%A5%E6%9C%ACVS%E5%A7%94%E5%86%85%E7%91%9E%E6%8B%89&oteam=VS
ERR: éæ³•æ“ä½œ:teamban

[ 2014-09-12T23:18:39+08:00 ] 127.0.0.1 /Home/Match/Index.html
ERR: 1054:Unknown column 'b.isban' in 'field list'
 [ SQLè¯­å¥ ] : SELECT m.id,m.matchnum,m.homeid,m.homename,m.awayid,m.awayname,m.matchtime,m.simpleleague,m.homename,m.awayname,p.sp,p.fun88,p.rq,p.isend,p.uptime,b.isban FROM m_match m LEFT JOIN m_pl p ON m.id = p.id LEFT JOIN m_banmatch bm ON m.id = bm.mid  ORDER BY m.matchtime 

[ 2014-09-12T23:21:19+08:00 ] 127.0.0.1 /Home/Match/teamUpAll.html
ERR: 1062:Duplicate entry '753' for key 'PRIMARY'
 [ SQLè¯­å¥ ] : INSERT INTO `m_team` (`tid`,`tname`,`oname`,`uptime`) VALUES (753,'å¤§é˜ªæ¨±èŠ±','å¤§é˜ªæ¨±èŠ±','2014-09-12 23:21:18')
ERR: 1062:Duplicate entry '845' for key 'PRIMARY'
 [ SQLè¯­å¥ ] : INSERT INTO `m_team` (`tid`,`tname`,`oname`,`uptime`) VALUES (845,'å¹¿å²›ä¸‰ç®­','å¹¿å²›ä¸‰ç®­','2014-09-12 23:21:18')
ERR: 1062:Duplicate entry '1576' for key 'PRIMARY'
 [ SQLè¯­å¥ ] : INSERT INTO `m_team` (`tid`,`tname`,`oname`,`uptime`) VALUES (1576,'è´¹å¤åŸƒä¼¦æ–\¯','è´¹å¤åŸƒä¼¦æ–\¯','2014-09-12 23:21:19')
ERR: 1062:Duplicate entry '1571' for key 'PRIMARY'
 [ SQLè¯­å¥ ] : INSERT INTO `m_team` (`tid`,`tname`,`oname`,`uptime`) VALUES (1571,'å·´æ‹‰çº³ç«æŠ€','å·´æ‹‰çº³ç«æŠ€','2014-09-12 23:21:19')
ERR: 1062:Duplicate entry '1567' for key 'PRIMARY'
 [ SQLè¯­å¥ ] : INSERT INTO `m_team` (`tid`,`tname`,`oname`,`uptime`) VALUES (1567,'å¸•å°”æ¢…æ‹‰æ–\¯','å¸•å°”æ¢…æ‹‰æ–\¯','2014-09-12 23:21:19')
ERR: 1062:Duplicate entry '4293' for key 'PRIMARY'
 [ SQLè¯­å¥ ] : INSERT INTO `m_team` (`tid`,`tname`,`oname`,`uptime`) VALUES (4293,'è’™ç‰¹åˆ©å°”å†²å‡»','è’™ç‰¹åˆ©å°”å†²å‡»','2014-09-12 23:21:19')
ERR: 1062:Duplicate entry '1044' for key 'PRIMARY'
 [ SQLè¯­å¥ ] : INSERT INTO `m_team` (`tid`,`tname`,`oname`,`uptime`) VALUES (1044,'æ´›æ‰çŸ¶é“¶æ²\³','æ´›æ‰çŸ¶é“¶æ²\³','2014-09-12 23:21:19')
ERR: 1062:Duplicate entry '472' for key 'PRIMARY'
 [ SQLè¯­å¥ ] : INSERT INTO `m_team` (`tid`,`tname`,`oname`,`uptime`) VALUES (472,'æ¡‘æ‰˜æ–\¯','æ¡‘æ‰˜æ–\¯','2014-09-12 23:21:19')
ERR: 1062:Duplicate entry '1139' for key 'PRIMARY'
 [ SQLè¯­å¥ ] : INSERT INTO `m_team` (`tid`,`tname`,`oname`,`uptime`) VALUES (1139,'çº½çº¦çº¢ç‰›','çº½çº¦çº¢ç‰›','2014-09-12 23:21:19')
ERR: 1062:Duplicate entry '881' for key 'PRIMARY'
 [ SQLè¯­å¥ ] : INSERT INTO `m_team` (`tid`,`tname`,`oname`,`uptime`) VALUES (881,'åç››é¡¿è”','åç››é¡¿è”','2014-09-12 23:21:19')
ERR: 1062:Duplicate entry '1589' for key 'PRIMARY'
 [ SQLè¯­å¥ ] : INSERT INTO `m_team` (`tid`,`tname`,`oname`,`uptime`) VALUES (1589,'ç»´å¤šåˆ©äºš','ç»´å¤šåˆ©äºš','2014-09-12 23:21:19')
ERR: 1062:Duplicate entry '1568' for key 'PRIMARY'
 [ SQLè¯­å¥ ] : INSERT INTO `m_team` (`tid`,`tname`,`oname`,`uptime`) VALUES (1568,'åšå¡”å¼—æˆˆ','åšå¡”å¼—æˆˆ','2014-09-12 23:21:19')
ERR: 1062:Duplicate entry '1385' for key 'PRIMARY'
 [ SQLè¯­å¥ ] : INSERT INTO `m_team` (`tid`,`tname`,`oname`,`uptime`) VALUES (1385,'åœ£ä¿ç½\—','åœ£ä¿ç½\—','2014-09-12 23:21:19')
ERR: 1062:Duplicate entry '4285' for key 'PRIMARY'
 [ SQLè¯­å¥ ] : INSERT INTO `m_team` (`tid`,`tname`,`oname`,`uptime`) VALUES (4285,'æ¸©å“¥åç™½å¸\½','æ¸©å“¥åç™½å¸\½','2014-09-12 23:21:19')
ERR: 1062:Duplicate entry '1572' for key 'PRIMARY'
 [ SQLè¯­å¥ ] : INSERT INTO `m_team` (`tid`,`tname`,`oname`,`uptime`) VALUES (1572,'ç§‘æ—è’‚å®‰','ç§‘æ—è’‚å®‰','2014-09-12 23:21:19')
ERR: 1062:Duplicate entry '1570' for key 'PRIMARY'
 [ SQLè¯­å¥ ] : INSERT INTO `m_team` (`tid`,`tname`,`oname`,`uptime`) VALUES (1570,'ç±³å†…ç½—ç«æŠ€','ç±³å†…ç½—ç«æŠ€','2014-09-12 23:21:19')
ERR: 1062:Duplicate entry '1575' for key 'PRIMARY'
 [ SQLè¯­å¥ ] : INSERT INTO `m_team` (`tid`,`tname`,`oname`,`uptime`) VALUES (1575,'å…‹é²å¡ç½—','å…‹é²å¡ç½—','2014-09-12 23:21:19')

[ 2014-09-12T23:35:24+08:00 ] 127.0.0.1 /
ERR: 1064:You have an error in your SQL syntax; check the manual that corresponds to your MySQL server version for the right syntax to use near '' at line 1
 [ SQLè¯­å¥ ] : SELECT m.id,m.matchtime,m.simpleleague,m.homename,m.awayname,p.rq,p.sp,p.fun88,p.uptime,bm.mid FROM m_pl p LEFT JOIN m_match m ON p.id = m.id LEFT JOIN m_banmatch bm ON p.id = bm.mid  WHERE ( p.ismat=1 and p.isend=0 and (bm.mid = 0 or bm.mid is null ) 

