[ 2014-09-09T21:17:55+08:00 ] 127.0.0.1 /Home/Match/teamUpAll.html
ERR: 1062:Duplicate entry '753' for key 'PRIMARY'
 [ SQLè¯­å¥ ] : INSERT INTO `m_team` (`tid`,`tname`,`oname`) VALUES (753,'å¤§é˜ªæ¨±èŠ±','å¤§é˜ªæ¨±èŠ±')
ERR: 1062:Duplicate entry '753' for key 'PRIMARY'
 [ SQLè¯­å¥ ] : INSERT INTO `m_team` (`tid`,`tname`,`oname`) VALUES (753,'å¤§é˜ªæ¨±èŠ±','å¤§é˜ªæ¨±èŠ±')
ERR: 1062:Duplicate entry '845' for key 'PRIMARY'
 [ SQLè¯­å¥ ] : INSERT INTO `m_team` (`tid`,`tname`,`oname`) VALUES (845,'å¹¿å²›ä¸‰ç®­','å¹¿å²›ä¸‰ç®­')
ERR: 1062:Duplicate entry '845' for key 'PRIMARY'
 [ SQLè¯­å¥ ] : INSERT INTO `m_team` (`tid`,`tname`,`oname`) VALUES (845,'å¹¿å²›ä¸‰ç®­','å¹¿å²›ä¸‰ç®­')
ERR: 1062:Duplicate entry '1576' for key 'PRIMARY'
 [ SQLè¯­å¥ ] : INSERT INTO `m_team` (`tid`,`tname`,`oname`) VALUES (1576,'è´¹å¤åŸƒä¼¦æ–\¯','è´¹å¤åŸƒä¼¦æ–\¯')
ERR: 1062:Duplicate entry '1571' for key 'PRIMARY'
 [ SQLè¯­å¥ ] : INSERT INTO `m_team` (`tid`,`tname`,`oname`) VALUES (1571,'å·´æ‹‰çº³ç«æŠ€','å·´æ‹‰çº³ç«æŠ€')
ERR: 1062:Duplicate entry '1567' for key 'PRIMARY'
 [ SQLè¯­å¥ ] : INSERT INTO `m_team` (`tid`,`tname`,`oname`) VALUES (1567,'å¸•å°”æ¢…æ‹‰æ–\¯','å¸•å°”æ¢…æ‹‰æ–\¯')
ERR: 1062:Duplicate entry '4293' for key 'PRIMARY'
 [ SQLè¯­å¥ ] : INSERT INTO `m_team` (`tid`,`tname`,`oname`) VALUES (4293,'è’™ç‰¹åˆ©å°”å†²å‡»','è’™ç‰¹åˆ©å°”å†²å‡»')
ERR: 1062:Duplicate entry '1139' for key 'PRIMARY'
 [ SQLè¯­å¥ ] : INSERT INTO `m_team` (`tid`,`tname`,`oname`) VALUES (1139,'çº½çº¦çº¢ç‰›','çº½çº¦çº¢ç‰›')
ERR: 1062:Duplicate entry '881' for key 'PRIMARY'
 [ SQLè¯­å¥ ] : INSERT INTO `m_team` (`tid`,`tname`,`oname`) VALUES (881,'åç››é¡¿è”','åç››é¡¿è”')
ERR: 1062:Duplicate entry '1589' for key 'PRIMARY'
 [ SQLè¯­å¥ ] : INSERT INTO `m_team` (`tid`,`tname`,`oname`) VALUES (1589,'ç»´å¤šåˆ©äºš','ç»´å¤šåˆ©äºš')
ERR: 1062:Duplicate entry '1385' for key 'PRIMARY'
 [ SQLè¯­å¥ ] : INSERT INTO `m_team` (`tid`,`tname`,`oname`) VALUES (1385,'åœ£ä¿ç½\—','åœ£ä¿ç½\—')
ERR: 1062:Duplicate entry '4285' for key 'PRIMARY'
 [ SQLè¯­å¥ ] : INSERT INTO `m_team` (`tid`,`tname`,`oname`) VALUES (4285,'æ¸©å“¥åç™½å¸\½','æ¸©å“¥åç™½å¸\½')
ERR: 1062:Duplicate entry '1572' for key 'PRIMARY'
 [ SQLè¯­å¥ ] : INSERT INTO `m_team` (`tid`,`tname`,`oname`) VALUES (1572,'ç§‘æ—è’‚å®‰','ç§‘æ—è’‚å®‰')
ERR: 1062:Duplicate entry '1570' for key 'PRIMARY'
 [ SQLè¯­å¥ ] : INSERT INTO `m_team` (`tid`,`tname`,`oname`) VALUES (1570,'ç±³å†…ç½—ç«æŠ€','ç±³å†…ç½—ç«æŠ€')

