[ 2014-08-24T08:41:08+08:00 ] 127.0.0.1 /Home/Match/getPl.html
ERR: 1054:Unknown column 'sp' in 'field list'
 [ SQLè¯­å¥ ] : UPDATE `m_pl` SET `rq`='-1',`s`='2.40',`p`='3.45',`f`='2.38',`sp`='1.50',`ismatch`=1,`isend`=0,`uptime`='2014-08-24 08:41:08' WHERE ( `id` = 79521 )
ERR: 1054:Unknown column 'sp' in 'field list'
 [ SQLè¯­å¥ ] : UPDATE `m_pl` SET `rq`='1',`s`='1.64',`p`='3.60',`f`='4.15',`sp`='2.25',`ismatch`=1,`isend`=0,`uptime`='2014-08-24 08:41:08' WHERE ( `id` = 79525 )
ERR: 1054:Unknown column 'sp' in 'field list'
 [ SQLè¯­å¥ ] : UPDATE `m_pl` SET `rq`='-1',`s`='4.30',`p`='3.60',`f`='1.62',`sp`='2.25',`ismatch`=1,`isend`=0,`uptime`='2014-08-24 08:41:08' WHERE ( `id` = 79526 )
ERR: 1054:Unknown column 'sp' in 'field list'
 [ SQLè¯­å¥ ] : UPDATE `m_pl` SET `rq`='1',`s`='1.50',`p`='3.75',`f`='5.15',`sp`='2.50',`ismatch`=1,`isend`=0,`uptime`='2014-08-24 08:41:08' WHERE ( `id` = 79529 )
ERR: 1054:Unknown column 'sp' in 'field list'
 [ SQLè¯­å¥ ] : UPDATE `m_pl` SET `rq`='1',`s`='1.53',`p`='3.70',`f`='4.90',`sp`='2.50',`ismatch`=1,`isend`=0,`uptime`='2014-08-24 08:41:08' WHERE ( `id` = 79530 )
ERR: 1054:Unknown column 'sp' in 'field list'
 [ SQLè¯­å¥ ] : UPDATE `m_pl` SET `rq`='-1',`s`='3.30',`p`='3.55',`f`='1.85',`sp`='1.83',`ismatch`=1,`isend`=0,`uptime`='2014-08-24 08:41:08' WHERE ( `id` = 79531 )
ERR: 1054:Unknown column 'sp' in 'field list'
 [ SQLè¯­å¥ ] : UPDATE `m_pl` SET `rq`='-1',`s`='2.33',`p`='3.25',`f`='2.55',`sp`='1.53',`ismatch`=1,`isend`=0,`uptime`='2014-08-24 08:41:08' WHERE ( `id` = 79536 )
ERR: 1054:Unknown column 'sp' in 'field list'
 [ SQLè¯­å¥ ] : UPDATE `m_pl` SET `rq`='-1',`s`='5.10',`p`='3.70',`f`='1.51',`sp`='2.45',`ismatch`=1,`isend`=0,`uptime`='2014-08-24 08:41:08' WHERE ( `id` = 79537 )
ERR: 1054:Unknown column 'sp' in 'field list'
 [ SQLè¯­å¥ ] : UPDATE `m_pl` SET `rq`='-1',`s`='2.25',`p`='3.40',`f`='2.57',`sp`='1.45',`ismatch`=1,`isend`=0,`uptime`='2014-08-24 08:41:08' WHERE ( `id` = 79538 )
ERR: 1054:Unknown column 'sp' in 'field list'
 [ SQLè¯­å¥ ] : UPDATE `m_pl` SET `rq`='-1',`s`='1.93',`p`='3.75',`f`='2.92',`sp`='1.42',`ismatch`=1,`isend`=0,`uptime`='2014-08-24 08:41:08' WHERE ( `id` = 79539 )
ERR: 1054:Unknown column 'sp' in 'field list'
 [ SQLè¯­å¥ ] : UPDATE `m_pl` SET `rq`='-1',`s`='4.25',`p`='4.10',`f`='1.54',`sp`='2.40',`ismatch`=1,`isend`=0,`uptime`='2014-08-24 08:41:08' WHERE ( `id` = 79540 )
ERR: 1054:Unknown column 'sp' in 'field list'
 [ SQLè¯­å¥ ] : UPDATE `m_pl` SET `rq`='1',`s`='1.93',`p`='3.60',`f`='3.00',`sp`='1.80',`ismatch`=1,`isend`=0,`uptime`='2014-08-24 08:41:08' WHERE ( `id` = 79541 )
ERR: 1054:Unknown column 'sp' in 'field list'
 [ SQLè¯­å¥ ] : UPDATE `m_pl` SET `rq`='1',`s`='1.58',`p`='3.83',`f`='4.25',`sp`='2.35',`ismatch`=1,`isend`=0,`uptime`='2014-08-24 08:41:08' WHERE ( `id` = 79543 )
ERR: 1054:Unknown column 'sp' in 'field list'
 [ SQLè¯­å¥ ] : UPDATE `m_pl` SET `rq`='1',`s`='2.10',`p`='3.40',`f`='2.80',`sp`='1.75',`ismatch`=1,`isend`=0,`uptime`='2014-08-24 08:41:08' WHERE ( `id` = 79546 )
ERR: 1054:Unknown column 'sp' in 'field list'
 [ SQLè¯­å¥ ] : UPDATE `m_pl` SET `rq`='-1',`s`='2.90',`p`='3.30',`f`='2.08',`sp`='1.75',`ismatch`=1,`isend`=0,`uptime`='2014-08-24 08:41:08' WHERE ( `id` = 79547 )
ERR: 1054:Unknown column 'sp' in 'field list'
 [ SQLè¯­å¥ ] : UPDATE `m_pl` SET `rq`='-1',`s`='5.65',`p`='3.95',`f`='1.43',`sp`='2.50',`ismatch`=1,`isend`=0,`uptime`='2014-08-24 08:41:08' WHERE ( `id` = 79548 )
ERR: 1054:Unknown column 'sp' in 'field list'
 [ SQLè¯­å¥ ] : UPDATE `m_pl` SET `rq`='-1',`s`='3.13',`p`='3.60',`f`='1.88',`sp`='1.90',`ismatch`=1,`isend`=0,`uptime`='2014-08-24 08:41:08' WHERE ( `id` = 79549 )
ERR: 1054:Unknown column 'sp' in 'field list'
 [ SQLè¯­å¥ ] : UPDATE `m_pl` SET `rq`='-1',`s`='4.30',`p`='3.45',`f`='1.65',`sp`='2.20',`ismatch`=1,`isend`=0,`uptime`='2014-08-24 08:41:08' WHERE ( `id` = 79552 )
ERR: 1054:Unknown column 'sp' in 'field list'
 [ SQLè¯­å¥ ] : UPDATE `m_pl` SET `rq`='-1',`s`='3.65',`p`='3.25',`f`='1.83',`sp`='1.90',`ismatch`=1,`isend`=0,`uptime`='2014-08-24 08:41:08' WHERE ( `id` = 79553 )
ERR: 1054:Unknown column 'sp' in 'field list'
 [ SQLè¯­å¥ ] : UPDATE `m_pl` SET `rq`='-1',`s`='4.90',`p`='3.95',`f`='1.49',`sp`='2.45',`ismatch`=1,`isend`=0,`uptime`='2014-08-24 08:41:08' WHERE ( `id` = 79556 )
ERR: 1054:Unknown column 'sp' in 'field list'
 [ SQLè¯­å¥ ] : UPDATE `m_pl` SET `rq`='1',`s`='1.59',`p`='3.70',`f`='4.35',`sp`='2.25',`ismatch`=1,`isend`=0,`uptime`='2014-08-24 08:41:08' WHERE ( `id` = 79558 )
ERR: 1054:Unknown column 'sp' in 'field list'
 [ SQLè¯­å¥ ] : UPDATE `m_pl` SET `rq`='-1',`s`='1.78',`p`='3.80',`f`='3.30',`sp`='1.33',`ismatch`=1,`isend`=0,`uptime`='2014-08-24 08:41:08' WHERE ( `id` = 79559 )
ERR: 1054:Unknown column 'sp' in 'field list'
 [ SQLè¯­å¥ ] : UPDATE `m_pl` SET `rq`='-1',`s`='3.20',`p`='3.30',`f`='1.95',`sp`='1.85',`ismatch`=1,`isend`=0,`uptime`='2014-08-24 08:41:08' WHERE ( `id` = 79560 )
ERR: 1054:Unknown column 'sp' in 'field list'
 [ SQLè¯­å¥ ] : UPDATE `m_pl` SET `rq`='-1',`s`='5.00',`p`='3.60',`f`='1.54',`sp`='2.30',`ismatch`=1,`isend`=0,`uptime`='2014-08-24 08:41:08' WHERE ( `id` = 79561 )
ERR: 1054:Unknown column 'sp' in 'field list'
 [ SQLè¯­å¥ ] : UPDATE `m_pl` SET `rq`='1',`s`='3.69',`p`='3.70',`f`='1.70',`sp`='1.22',`ismatch`=1,`isend`=0,`uptime`='2014-08-24 08:41:08' WHERE ( `id` = 79562 )
ERR: 1054:Unknown column 'sp' in 'field list'
 [ SQLè¯­å¥ ] : UPDATE `m_pl` SET `rq`='1',`s`='1.59',`p`='3.65',`f`='4.45',`sp`='2.25',`ismatch`=1,`isend`=0,`uptime`='2014-08-24 08:41:08' WHERE ( `id` = 79566 )
ERR: 1054:Unknown column 'sp' in 'field list'
 [ SQLè¯­å¥ ] : UPDATE `m_pl` SET `rq`='-1',`s`='4.60',`p`='3.45',`f`='1.61',`sp`='2.37',`ismatch`=1,`isend`=0,`uptime`='2014-08-24 08:41:08' WHERE ( `id` = 79567 )
ERR: 1054:Unknown column 'sp' in 'field list'
 [ SQLè¯­å¥ ] : UPDATE `m_pl` SET `rq`='-1',`s`='2.29',`p`='3.25',`f`='2.60',`sp`='1.48',`ismatch`=1,`isend`=0,`uptime`='2014-08-24 08:41:08' WHERE ( `id` = 79569 )
ERR: 1054:Unknown column 'sp' in 'field list'
 [ SQLè¯­å¥ ] : UPDATE `m_pl` SET `rq`='-1',`s`='3.65',`p`='3.50',`f`='1.76',`sp`='2.05',`ismatch`=1,`isend`=0,`uptime`='2014-08-24 08:41:08' WHERE ( `id` = 79570 )
ERR: 1054:Unknown column 'sp' in 'field list'
 [ SQLè¯­å¥ ] : UPDATE `m_pl` SET `rq`='-1',`s`='3.35',`p`='3.25',`f`='1.92',`sp`='1.80',`ismatch`=1,`isend`=0,`uptime`='2014-08-24 08:41:08' WHERE ( `id` = 79571 )
ERR: 1054:Unknown column 'sp' in 'field list'
 [ SQLè¯­å¥ ] : UPDATE `m_pl` SET `rq`='1',`s`='1.63',`p`='3.55',`f`='4.30',`sp`='2.15',`ismatch`=1,`isend`=0,`uptime`='2014-08-24 08:41:08' WHERE ( `id` = 79573 )
ERR: 1054:Unknown column 'sp' in 'field list'
 [ SQLè¯­å¥ ] : UPDATE `m_pl` SET `rq`='-1',`s`='3.15',`p`='3.25',`f`='2.00',`sp`='1.72',`ismatch`=1,`isend`=0,`uptime`='2014-08-24 08:41:08' WHERE ( `id` = 79575 )
ERR: 1054:Unknown column 'sp' in 'field list'
 [ SQLè¯­å¥ ] : UPDATE `m_pl` SET `rq`='-1',`s`='3.35',`p`='3.25',`f`='1.92',`sp`='1.85',`ismatch`=1,`isend`=0,`uptime`='2014-08-24 08:41:08' WHERE ( `id` = 79576 )
ERR: 1054:Unknown column 'sp' in 'field list'
 [ SQLè¯­å¥ ] : UPDATE `m_pl` SET `rq`='-1',`s`='3.30',`p`='3.60',`f`='1.83',`sp`='1.95',`ismatch`=1,`isend`=0,`uptime`='2014-08-24 08:41:08' WHERE ( `id` = 79579 )
ERR: 1054:Unknown column 'sp' in 'field list'
 [ SQLè¯­å¥ ] : UPDATE `m_pl` SET `rq`='1',`s`='1.50',`p`='3.70',`f`='5.20',`sp`='2.45',`ismatch`=1,`isend`=0,`uptime`='2014-08-24 08:41:08' WHERE ( `id` = 79580 )
ERR: 1054:Unknown column 'sp' in 'field list'
 [ SQLè¯­å¥ ] : UPDATE `m_pl` SET `rq`='-1',`s`='3.60',`p`='3.45',`f`='1.78',`sp`='2.05',`ismatch`=1,`isend`=0,`uptime`='2014-08-24 08:41:08' WHERE ( `id` = 79581 )
ERR: 1054:Unknown column 'sp' in 'field list'
 [ SQLè¯­å¥ ] : UPDATE `m_pl` SET `rq`='-1',`s`='2.85',`p`='3.35',`f`='2.09',`sp`='1.75',`ismatch`=1,`isend`=0,`uptime`='2014-08-24 08:41:08' WHERE ( `id` = 79583 )
ERR: 1054:Unknown column 'sp' in 'field list'
 [ SQLè¯­å¥ ] : UPDATE `m_pl` SET `rq`='-1',`s`='3.90',`p`='3.65',`f`='1.67',`sp`='2.00',`ismatch`=1,`isend`=0,`uptime`='2014-08-24 08:41:08' WHERE ( `id` = 79595 )
ERR: 1054:Unknown column 'sp' in 'field list'
 [ SQLè¯­å¥ ] : UPDATE `m_pl` SET `rq`='-1',`s`='2.90',`p`='3.60',`f`='1.98',`sp`='1.83',`ismatch`=1,`isend`=0,`uptime`='2014-08-24 08:41:08' WHERE ( `id` = 79596 )
ERR: 1054:Unknown column 'sp' in 'field list'
 [ SQLè¯­å¥ ] : UPDATE `m_pl` SET `rq`='1',`s`='2.55',`p`='3.40',`f`='2.26',`sp`='1.55',`ismatch`=1,`isend`=0,`uptime`='2014-08-24 08:41:08' WHERE ( `id` = 79598 )

[ 2014-08-24T08:41:21+08:00 ] 127.0.0.1 /Home/Match/getPl.html
ERR: 1054:Unknown column 'sp' in 'field list'
 [ SQLè¯­å¥ ] : UPDATE `m_pl` SET `rq`='-1',`s`='2.40',`p`='3.45',`f`='2.38',`sp`='1.50',`ismatch`=1,`isend`=0,`uptime`='2014-08-24 08:41:21' WHERE ( `id` = 79521 )
ERR: 1054:Unknown column 'sp' in 'field list'
 [ SQLè¯­å¥ ] : UPDATE `m_pl` SET `rq`='1',`s`='1.64',`p`='3.60',`f`='4.15',`sp`='2.25',`ismatch`=1,`isend`=0,`uptime`='2014-08-24 08:41:21' WHERE ( `id` = 79525 )
ERR: 1054:Unknown column 'sp' in 'field list'
 [ SQLè¯­å¥ ] : UPDATE `m_pl` SET `rq`='-1',`s`='4.30',`p`='3.60',`f`='1.62',`sp`='2.25',`ismatch`=1,`isend`=0,`uptime`='2014-08-24 08:41:21' WHERE ( `id` = 79526 )
ERR: 1054:Unknown column 'sp' in 'field list'
 [ SQLè¯­å¥ ] : UPDATE `m_pl` SET `rq`='1',`s`='1.50',`p`='3.75',`f`='5.15',`sp`='2.50',`ismatch`=1,`isend`=0,`uptime`='2014-08-24 08:41:21' WHERE ( `id` = 79529 )
ERR: 1054:Unknown column 'sp' in 'field list'
 [ SQLè¯­å¥ ] : UPDATE `m_pl` SET `rq`='1',`s`='1.53',`p`='3.70',`f`='4.90',`sp`='2.50',`ismatch`=1,`isend`=0,`uptime`='2014-08-24 08:41:21' WHERE ( `id` = 79530 )
ERR: 1054:Unknown column 'sp' in 'field list'
 [ SQLè¯­å¥ ] : UPDATE `m_pl` SET `rq`='-1',`s`='3.30',`p`='3.55',`f`='1.85',`sp`='1.83',`ismatch`=1,`isend`=0,`uptime`='2014-08-24 08:41:21' WHERE ( `id` = 79531 )
ERR: 1054:Unknown column 'sp' in 'field list'
 [ SQLè¯­å¥ ] : UPDATE `m_pl` SET `rq`='-1',`s`='2.33',`p`='3.25',`f`='2.55',`sp`='1.53',`ismatch`=1,`isend`=0,`uptime`='2014-08-24 08:41:21' WHERE ( `id` = 79536 )
ERR: 1054:Unknown column 'sp' in 'field list'
 [ SQLè¯­å¥ ] : UPDATE `m_pl` SET `rq`='-1',`s`='5.10',`p`='3.70',`f`='1.51',`sp`='2.45',`ismatch`=1,`isend`=0,`uptime`='2014-08-24 08:41:21' WHERE ( `id` = 79537 )
ERR: 1054:Unknown column 'sp' in 'field list'
 [ SQLè¯­å¥ ] : UPDATE `m_pl` SET `rq`='-1',`s`='2.25',`p`='3.40',`f`='2.57',`sp`='1.45',`ismatch`=1,`isend`=0,`uptime`='2014-08-24 08:41:21' WHERE ( `id` = 79538 )
ERR: 1054:Unknown column 'sp' in 'field list'
 [ SQLè¯­å¥ ] : UPDATE `m_pl` SET `rq`='-1',`s`='1.93',`p`='3.75',`f`='2.92',`sp`='1.42',`ismatch`=1,`isend`=0,`uptime`='2014-08-24 08:41:21' WHERE ( `id` = 79539 )
ERR: 1054:Unknown column 'sp' in 'field list'
 [ SQLè¯­å¥ ] : UPDATE `m_pl` SET `rq`='-1',`s`='4.25',`p`='4.10',`f`='1.54',`sp`='2.40',`ismatch`=1,`isend`=0,`uptime`='2014-08-24 08:41:21' WHERE ( `id` = 79540 )
ERR: 1054:Unknown column 'sp' in 'field list'
 [ SQLè¯­å¥ ] : UPDATE `m_pl` SET `rq`='1',`s`='1.93',`p`='3.60',`f`='3.00',`sp`='1.80',`ismatch`=1,`isend`=0,`uptime`='2014-08-24 08:41:21' WHERE ( `id` = 79541 )
ERR: 1054:Unknown column 'sp' in 'field list'
 [ SQLè¯­å¥ ] : UPDATE `m_pl` SET `rq`='1',`s`='1.58',`p`='3.83',`f`='4.25',`sp`='2.35',`ismatch`=1,`isend`=0,`uptime`='2014-08-24 08:41:21' WHERE ( `id` = 79543 )
ERR: 1054:Unknown column 'sp' in 'field list'
 [ SQLè¯­å¥ ] : UPDATE `m_pl` SET `rq`='1',`s`='2.10',`p`='3.40',`f`='2.80',`sp`='1.75',`ismatch`=1,`isend`=0,`uptime`='2014-08-24 08:41:21' WHERE ( `id` = 79546 )
ERR: 1054:Unknown column 'sp' in 'field list'
 [ SQLè¯­å¥ ] : UPDATE `m_pl` SET `rq`='-1',`s`='2.90',`p`='3.30',`f`='2.08',`sp`='1.75',`ismatch`=1,`isend`=0,`uptime`='2014-08-24 08:41:21' WHERE ( `id` = 79547 )
ERR: 1054:Unknown column 'sp' in 'field list'
 [ SQLè¯­å¥ ] : UPDATE `m_pl` SET `rq`='-1',`s`='5.65',`p`='3.95',`f`='1.43',`sp`='2.50',`ismatch`=1,`isend`=0,`uptime`='2014-08-24 08:41:21' WHERE ( `id` = 79548 )
ERR: 1054:Unknown column 'sp' in 'field list'
 [ SQLè¯­å¥ ] : UPDATE `m_pl` SET `rq`='-1',`s`='3.13',`p`='3.60',`f`='1.88',`sp`='1.90',`ismatch`=1,`isend`=0,`uptime`='2014-08-24 08:41:21' WHERE ( `id` = 79549 )
ERR: 1054:Unknown column 'sp' in 'field list'
 [ SQLè¯­å¥ ] : UPDATE `m_pl` SET `rq`='-1',`s`='4.30',`p`='3.45',`f`='1.65',`sp`='2.20',`ismatch`=1,`isend`=0,`uptime`='2014-08-24 08:41:21' WHERE ( `id` = 79552 )
ERR: 1054:Unknown column 'sp' in 'field list'
 [ SQLè¯­å¥ ] : UPDATE `m_pl` SET `rq`='-1',`s`='3.65',`p`='3.25',`f`='1.83',`sp`='1.90',`ismatch`=1,`isend`=0,`uptime`='2014-08-24 08:41:21' WHERE ( `id` = 79553 )
ERR: 1054:Unknown column 'sp' in 'field list'
 [ SQLè¯­å¥ ] : UPDATE `m_pl` SET `rq`='-1',`s`='4.90',`p`='3.95',`f`='1.49',`sp`='2.45',`ismatch`=1,`isend`=0,`uptime`='2014-08-24 08:41:21' WHERE ( `id` = 79556 )
ERR: 1054:Unknown column 'sp' in 'field list'
 [ SQLè¯­å¥ ] : UPDATE `m_pl` SET `rq`='1',`s`='1.59',`p`='3.70',`f`='4.35',`sp`='2.25',`ismatch`=1,`isend`=0,`uptime`='2014-08-24 08:41:21' WHERE ( `id` = 79558 )
ERR: 1054:Unknown column 'sp' in 'field list'
 [ SQLè¯­å¥ ] : UPDATE `m_pl` SET `rq`='-1',`s`='1.78',`p`='3.80',`f`='3.30',`sp`='1.33',`ismatch`=1,`isend`=0,`uptime`='2014-08-24 08:41:21' WHERE ( `id` = 79559 )
ERR: 1054:Unknown column 'sp' in 'field list'
 [ SQLè¯­å¥ ] : UPDATE `m_pl` SET `rq`='-1',`s`='3.20',`p`='3.30',`f`='1.95',`sp`='1.85',`ismatch`=1,`isend`=0,`uptime`='2014-08-24 08:41:21' WHERE ( `id` = 79560 )
ERR: 1054:Unknown column 'sp' in 'field list'
 [ SQLè¯­å¥ ] : UPDATE `m_pl` SET `rq`='-1',`s`='5.00',`p`='3.60',`f`='1.54',`sp`='2.30',`ismatch`=1,`isend`=0,`uptime`='2014-08-24 08:41:21' WHERE ( `id` = 79561 )
ERR: 1054:Unknown column 'sp' in 'field list'
 [ SQLè¯­å¥ ] : UPDATE `m_pl` SET `rq`='1',`s`='3.69',`p`='3.70',`f`='1.70',`sp`='1.22',`ismatch`=1,`isend`=0,`uptime`='2014-08-24 08:41:21' WHERE ( `id` = 79562 )
ERR: 1054:Unknown column 'sp' in 'field list'
 [ SQLè¯­å¥ ] : UPDATE `m_pl` SET `rq`='1',`s`='1.59',`p`='3.65',`f`='4.45',`sp`='2.25',`ismatch`=1,`isend`=0,`uptime`='2014-08-24 08:41:21' WHERE ( `id` = 79566 )
ERR: 1054:Unknown column 'sp' in 'field list'
 [ SQLè¯­å¥ ] : UPDATE `m_pl` SET `rq`='-1',`s`='4.60',`p`='3.45',`f`='1.61',`sp`='2.37',`ismatch`=1,`isend`=0,`uptime`='2014-08-24 08:41:21' WHERE ( `id` = 79567 )
ERR: 1054:Unknown column 'sp' in 'field list'
 [ SQLè¯­å¥ ] : UPDATE `m_pl` SET `rq`='-1',`s`='2.29',`p`='3.25',`f`='2.60',`sp`='1.48',`ismatch`=1,`isend`=0,`uptime`='2014-08-24 08:41:21' WHERE ( `id` = 79569 )
ERR: 1054:Unknown column 'sp' in 'field list'
 [ SQLè¯­å¥ ] : UPDATE `m_pl` SET `rq`='-1',`s`='3.65',`p`='3.50',`f`='1.76',`sp`='2.05',`ismatch`=1,`isend`=0,`uptime`='2014-08-24 08:41:21' WHERE ( `id` = 79570 )
ERR: 1054:Unknown column 'sp' in 'field list'
 [ SQLè¯­å¥ ] : UPDATE `m_pl` SET `rq`='-1',`s`='3.35',`p`='3.25',`f`='1.92',`sp`='1.80',`ismatch`=1,`isend`=0,`uptime`='2014-08-24 08:41:21' WHERE ( `id` = 79571 )
ERR: 1054:Unknown column 'sp' in 'field list'
 [ SQLè¯­å¥ ] : UPDATE `m_pl` SET `rq`='1',`s`='1.63',`p`='3.55',`f`='4.30',`sp`='2.15',`ismatch`=1,`isend`=0,`uptime`='2014-08-24 08:41:21' WHERE ( `id` = 79573 )
ERR: 1054:Unknown column 'sp' in 'field list'
 [ SQLè¯­å¥ ] : UPDATE `m_pl` SET `rq`='-1',`s`='3.15',`p`='3.25',`f`='2.00',`sp`='1.72',`ismatch`=1,`isend`=0,`uptime`='2014-08-24 08:41:21' WHERE ( `id` = 79575 )
ERR: 1054:Unknown column 'sp' in 'field list'
 [ SQLè¯­å¥ ] : UPDATE `m_pl` SET `rq`='-1',`s`='3.35',`p`='3.25',`f`='1.92',`sp`='1.85',`ismatch`=1,`isend`=0,`uptime`='2014-08-24 08:41:21' WHERE ( `id` = 79576 )
ERR: 1054:Unknown column 'sp' in 'field list'
 [ SQLè¯­å¥ ] : UPDATE `m_pl` SET `rq`='-1',`s`='3.30',`p`='3.60',`f`='1.83',`sp`='1.95',`ismatch`=1,`isend`=0,`uptime`='2014-08-24 08:41:21' WHERE ( `id` = 79579 )
ERR: 1054:Unknown column 'sp' in 'field list'
 [ SQLè¯­å¥ ] : UPDATE `m_pl` SET `rq`='1',`s`='1.50',`p`='3.70',`f`='5.20',`sp`='2.45',`ismatch`=1,`isend`=0,`uptime`='2014-08-24 08:41:21' WHERE ( `id` = 79580 )
ERR: 1054:Unknown column 'sp' in 'field list'
 [ SQLè¯­å¥ ] : UPDATE `m_pl` SET `rq`='-1',`s`='3.60',`p`='3.45',`f`='1.78',`sp`='2.05',`ismatch`=1,`isend`=0,`uptime`='2014-08-24 08:41:21' WHERE ( `id` = 79581 )
ERR: 1054:Unknown column 'sp' in 'field list'
 [ SQLè¯­å¥ ] : UPDATE `m_pl` SET `rq`='-1',`s`='2.85',`p`='3.35',`f`='2.09',`sp`='1.75',`ismatch`=1,`isend`=0,`uptime`='2014-08-24 08:41:21' WHERE ( `id` = 79583 )
ERR: 1054:Unknown column 'sp' in 'field list'
 [ SQLè¯­å¥ ] : UPDATE `m_pl` SET `rq`='-1',`s`='3.90',`p`='3.65',`f`='1.67',`sp`='2.00',`ismatch`=1,`isend`=0,`uptime`='2014-08-24 08:41:21' WHERE ( `id` = 79595 )
ERR: 1054:Unknown column 'sp' in 'field list'
 [ SQLè¯­å¥ ] : UPDATE `m_pl` SET `rq`='-1',`s`='2.90',`p`='3.60',`f`='1.98',`sp`='1.83',`ismatch`=1,`isend`=0,`uptime`='2014-08-24 08:41:21' WHERE ( `id` = 79596 )
ERR: 1054:Unknown column 'sp' in 'field list'
 [ SQLè¯­å¥ ] : UPDATE `m_pl` SET `rq`='1',`s`='2.55',`p`='3.40',`f`='2.26',`sp`='1.55',`ismatch`=1,`isend`=0,`uptime`='2014-08-24 08:41:21' WHERE ( `id` = 79598 )

[ 2014-08-24T14:40:21+08:00 ] 127.0.0.1 /Home/Match/getPl.html
ERR: 1054:Unknown column 'rangqiu' in 'field list'
 [ SQLè¯­å¥ ] : SELECT `id`,`rangqiu`,`homename`,`awayname`,`matchtime` FROM `m_match` 

[ 2014-08-24T17:41:04+08:00 ] 127.0.0.1 /Home/Match/teamUpByAll.html
ERR: 1054:Unknown column 'qiutan' in 'where clause'
 [ SQLè¯­å¥ ] : SELECT `hname`,`aname` FROM `m_odds` WHERE ( urlty=qiutan and oddty=liji ) 

[ 2014-08-24T17:41:22+08:00 ] 127.0.0.1 /Home/Match/teamUpByAll.html
ERR: 1054:Unknown column 'qiutan' in 'where clause'
 [ SQLè¯­å¥ ] : SELECT `hname`,`aname` FROM `m_odds` WHERE ( urlty=qiutan and oddty=liji ) 

[ 2014-08-24T17:42:03+08:00 ] 127.0.0.1 /Home/Match/teamUpByAll.html
ERR: 1054:Unknown column 'qiutan' in 'where clause'
 [ SQLè¯­å¥ ] : SELECT `hname`,`aname` FROM `m_odds` WHERE ( urlty=qiutan and oddty=liji ) 

[ 2014-08-24T17:42:32+08:00 ] 127.0.0.1 /Home/Match/teamUpByAll.html
ERR: 1054:Unknown column 'qiutan' in 'where clause'
 [ SQLè¯­å¥ ] : SELECT `hname`,`aname` FROM `m_odds` WHERE ( urlty=qiutan and oddty=liji ) 

[ 2014-08-24T17:48:32+08:00 ] 127.0.0.1 /Home/Match/teamUpByAll.html
ERR: 1054:Unknown column 'qiutan' in 'where clause'
 [ SQLè¯­å¥ ] : SELECT `hname`,`aname` FROM `m_odds` WHERE ( urlty=qiutan and oddty=liji ) 

[ 2014-08-24T17:50:11+08:00 ] 127.0.0.1 /Home/Match/teamUpByAll.html
ERR: 1054:Unknown column 'qiutan' in 'where clause'
 [ SQLè¯­å¥ ] : SELECT `hname`,`aname` FROM `m_odds` WHERE ( urlty=qiutan and oddty=liji ) 

[ 2014-08-24T23:08:00+08:00 ] 127.0.0.1 /Home/Match/teamUpAll.html
ERR: 1054:Unknown column 'oid' in 'field list'
 [ SQLè¯­å¥ ] : SELECT `oid`,`homeid`,`homename`,`awayid`,`awayname` FROM `m_match` 

[ 2014-08-24T23:08:15+08:00 ] 127.0.0.1 /Home/Match/teamUpAll.html
ERR: 1054:Unknown column 'oid' in 'field list'
 [ SQLè¯­å¥ ] : SELECT `oid`,`homeid`,`homename`,`awayid`,`awayname` FROM `m_match` 

[ 2014-08-24T23:43:57+08:00 ] 127.0.0.1 /Home/Match/teamUpAll.html
ERR: 1062:Duplicate entry '808' for key 'PRIMARY'
 [ SQLè¯­å¥ ] : INSERT INTO `m_team` (`tid`,`tname`,`qtname`) VALUES (808,'ç¦å†ˆé»„èœ‚','ç¦å†ˆé»„èœ‚')

[ 2014-08-24T23:43:58+08:00 ] 127.0.0.1 /Home/Match/teamUpAll.html
ERR: 1062:Duplicate entry '808' for key 'PRIMARY'
 [ SQLè¯­å¥ ] : INSERT INTO `m_team` (`tid`,`tname`,`qtname`) VALUES (808,'ç¦å†ˆé»„èœ‚','ç¦å†ˆé»„èœ‚')

[ 2014-08-24T23:44:40+08:00 ] 127.0.0.1 /Home/Match/teamUpAll.html
ERR: 1062:Duplicate entry '1197' for key 'PRIMARY'
 [ SQLè¯­å¥ ] : INSERT INTO `m_team` (`tid`,`tname`,`qtname`) VALUES (1197,'æ–¯æ‰˜å…‹åŸ','æ–¯æ‰˜å…‹åŸ')
ERR: 1062:Duplicate entry '1238' for key 'PRIMARY'
 [ SQLè¯­å¥ ] : INSERT INTO `m_team` (`tid`,`tname`,`qtname`) VALUES (1238,'æ‰˜ç‰¹çº³å§†çƒ­åˆº','æ‰˜ç‰¹çº³å§†çƒ­åˆº')
ERR: 1062:Duplicate entry '1075' for key 'PRIMARY'
 [ SQLè¯­å¥ ] : INSERT INTO `m_team` (`tid`,`tname`,`qtname`) VALUES (1075,'æ›¼å½»æ–¯ç‰¹è\”','æ›¼å½»æ–¯ç‰¹è\”')
ERR: 1062:Duplicate entry '1276' for key 'PRIMARY'
 [ SQLè¯­å¥ ] : INSERT INTO `m_team` (`tid`,`tname`,`qtname`) VALUES (1276,'ä¹Œè¿ªå†…æ–¯','ä¹Œè¿ªå†…æ–¯')
ERR: 1062:Duplicate entry '1072' for key 'PRIMARY'
 [ SQLè¯­å¥ ] : INSERT INTO `m_team` (`tid`,`tname`,`qtname`) VALUES (1072,'æ›¼å½»æ–¯ç‰¹åŸ\','æ›¼å½»æ–¯ç‰¹åŸ\')
ERR: 1062:Duplicate entry '1011' for key 'PRIMARY'
 [ SQLè¯­å¥ ] : INSERT INTO `m_team` (`tid`,`tname`,`qtname`) VALUES (1011,'åˆ©ç‰©æµ\¦','åˆ©ç‰©æµ\¦')

[ 2014-08-24T23:46:19+08:00 ] 127.0.0.1 /Home/Match/teamUpAll.html
ERR: 1062:Duplicate entry '808' for key 'PRIMARY'
 [ SQLè¯­å¥ ] : INSERT INTO `m_team` (`tid`,`tname`,`qtname`) VALUES (808,'ç¦å†ˆé»„èœ‚','ç¦å†ˆé»„èœ‚')
ERR: 1062:Duplicate entry '6182' for key 'PRIMARY'
 [ SQLè¯­å¥ ] : INSERT INTO `m_team` (`tid`,`tname`,`qtname`) VALUES (6182,'åŒ—ä¹å·å‘æ—¥è‘µ','åŒ—ä¹å·å‘æ—¥è‘µ')
ERR: 1062:Duplicate entry '907' for key 'PRIMARY'
 [ SQLè¯­å¥ ] : INSERT INTO `m_team` (`tid`,`tname`,`qtname`) VALUES (907,'äº¬éƒ½ä¸æ­»é¸\Ÿ','äº¬éƒ½ä¸æ­»é¸\Ÿ')
ERR: 1062:Duplicate entry '5730' for key 'PRIMARY'
 [ SQLè¯­å¥ ] : INSERT INTO `m_team` (`tid`,`tname`,`qtname`) VALUES (5730,'å¯Œå±±èƒœåˆ©','å¯Œå±±èƒœåˆ©')
ERR: 1062:Duplicate entry '5183' for key 'PRIMARY'
 [ SQLè¯­å¥ ] : INSERT INTO `m_team` (`tid`,`tname`,`qtname`) VALUES (5183,'ç†Šæœ¬æ·±çº¢','ç†Šæœ¬æ·±çº¢')
ERR: 1062:Duplicate entry '5542' for key 'PRIMARY'
 [ SQLè¯­å¥ ] : INSERT INTO `m_team` (`tid`,`tname`,`qtname`) VALUES (5542,'æ¾æœ¬å±±é›…','æ¾æœ¬å±±é›…')
ERR: 1062:Duplicate entry '3832' for key 'PRIMARY'
 [ SQLè¯­å¥ ] : INSERT INTO `m_team` (`tid`,`tname`,`qtname`) VALUES (3832,'å±±å½¢å±±ç¥','å±±å½¢å±±ç¥')
ERR: 1062:Duplicate entry '4127' for key 'PRIMARY'
 [ SQLè¯­å¥ ] : INSERT INTO `m_team` (`tid`,`tname`,`qtname`) VALUES (4127,'æ°´æˆ·èœ€è‘\µ','æ°´æˆ·èœ€è‘\µ')
ERR: 1062:Duplicate entry '754' for key 'PRIMARY'
 [ SQLè¯­å¥ ] : INSERT INTO `m_team` (`tid`,`tname`,`qtname`) VALUES (754,'å¤§åˆ†ä¸‰ç¥','å¤§åˆ†ä¸‰ç¥')
ERR: 1062:Duplicate entry '775' for key 'PRIMARY'
 [ SQLè¯­å¥ ] : INSERT INTO `m_team` (`tid`,`tname`,`qtname`) VALUES (775,'ä¸œäº¬ç»¿èŒµ','ä¸œäº¬ç»¿èŒµ')
ERR: 1062:Duplicate entry '3195' for key 'PRIMARY'
 [ SQLè¯­å¥ ] : INSERT INTO `m_team` (`tid`,`tname`,`qtname`) VALUES (3195,'æ¨ªæ»¨FC','æ¨ªæ»¨FC')
ERR: 1062:Duplicate entry '5534' for key 'PRIMARY'
 [ SQLè¯­å¥ ] : INSERT INTO `m_team` (`tid`,`tname`,`qtname`) VALUES (5534,'å†ˆå±±ç»¿é›‰','å†ˆå±±ç»¿é›‰')
ERR: 1062:Duplicate entry '842' for key 'PRIMARY'
 [ SQLè¯­å¥ ] : INSERT INTO `m_team` (`tid`,`tname`,`qtname`) VALUES (842,'åƒå¶å¸‚åŸ','åƒå¶å¸‚åŸ')
ERR: 1062:Duplicate entry '3838' for key 'PRIMARY'
 [ SQLè¯­å¥ ] : INSERT INTO `m_team` (`tid`,`tname`,`qtname`) VALUES (3838,'æ¹˜å—æµ·æ´‹','æ¹˜å—æµ·æ´‹')
ERR: 1062:Duplicate entry '1151' for key 'PRIMARY'
 [ SQLè¯­å¥ ] : INSERT INTO `m_team` (`tid`,`tname`,`qtname`) VALUES (1151,'ç£ç”°å–œæ‚¦','ç£ç”°å–œæ‚¦')
ERR: 1062:Duplicate entry '1255' for key 'PRIMARY'
 [ SQLè¯­å¥ ] : INSERT INTO `m_team` (`tid`,`tname`,`qtname`) VALUES (1255,'ç»´è¿ªæ–\¯','ç»´è¿ªæ–\¯')
ERR: 1062:Duplicate entry '928' for key 'PRIMARY'
 [ SQLè¯­å¥ ] : INSERT INTO `m_team` (`tid`,`tname`,`qtname`) VALUES (928,'å‡¯æ³½æ–¯åŠ³æ»\•','å‡¯æ³½æ–¯åŠ³æ»\•')
ERR: 1062:Duplicate entry '794' for key 'PRIMARY'
 [ SQLè¯­å¥ ] : INSERT INTO `m_team` (`tid`,`tname`,`qtname`) VALUES (794,'è²å°”ç‰\¹','è²å°”ç‰\¹')
ERR: 1062:Duplicate entry '1868' for key 'PRIMARY'
 [ SQLè¯­å¥ ] : INSERT INTO `m_team` (`tid`,`tname`,`qtname`) VALUES (1868,'äºšä¼¦','äºšä¼¦')
ERR: 1062:Duplicate entry '997' for key 'PRIMARY'
 [ SQLè¯­å¥ ] : INSERT INTO `m_team` (`tid`,`tname`,`qtname`) VALUES (997,'é‡Œæ˜‚','é‡Œæ˜‚')
ERR: 1062:Duplicate entry '979' for key 'PRIMARY'
 [ SQLè¯­å¥ ] : INSERT INTO `m_team` (`tid`,`tname`,`qtname`) VALUES (979,'æœ—æ–¯','æœ—æ–¯')
ERR: 1062:Duplicate entry '872' for key 'PRIMARY'
 [ SQLè¯­å¥ ] : INSERT INTO `m_team` (`tid`,`tname`,`qtname`) VALUES (872,'èµ«å°”åŸ\','èµ«å°”åŸ\')
ERR: 1062:Duplicate entry '1197' for key 'PRIMARY'
 [ SQLè¯­å¥ ] : INSERT INTO `m_team` (`tid`,`tname`,`qtname`) VALUES (1197,'æ–¯æ‰˜å…‹åŸ','æ–¯æ‰˜å…‹åŸ')
ERR: 1062:Duplicate entry '1197' for key 'PRIMARY'
 [ SQLè¯­å¥ ] : INSERT INTO `m_team` (`tid`,`tname`,`qtname`) VALUES (1197,'æ–¯æ‰˜å…‹åŸ','æ–¯æ‰˜å…‹åŸ')
ERR: 1062:Duplicate entry '1238' for key 'PRIMARY'
 [ SQLè¯­å¥ ] : INSERT INTO `m_team` (`tid`,`tname`,`qtname`) VALUES (1238,'æ‰˜ç‰¹çº³å§†çƒ­åˆº','æ‰˜ç‰¹çº³å§†çƒ­åˆº')
ERR: 1062:Duplicate entry '954' for key 'PRIMARY'
 [ SQLè¯­å¥ ] : INSERT INTO `m_team` (`tid`,`tname`,`qtname`) VALUES (954,'å¥³ç‹å…¬å›­å·¡æ¸¸è€\…','å¥³ç‹å…¬å›­å·¡æ¸¸è€\…')
ERR: 1062:Duplicate entry '1238' for key 'PRIMARY'
 [ SQLè¯­å¥ ] : INSERT INTO `m_team` (`tid`,`tname`,`qtname`) VALUES (1238,'æ‰˜ç‰¹çº³å§†çƒ­åˆº','æ‰˜ç‰¹çº³å§†çƒ­åˆº')
ERR: 1062:Duplicate entry '801' for key 'PRIMARY'
 [ SQLè¯­å¥ ] : INSERT INTO `m_team` (`tid`,`tname`,`qtname`) VALUES (801,'è´¹è€¶è¯ºå¾\·','è´¹è€¶è¯ºå¾\·')
ERR: 1062:Duplicate entry '1275' for key 'PRIMARY'
 [ SQLè¯­å¥ ] : INSERT INTO `m_team` (`tid`,`tname`,`qtname`) VALUES (1275,'ä¹Œå¾·å‹’æ”¯','ä¹Œå¾·å‹’æ”¯')
ERR: 1062:Duplicate entry '211' for key 'PRIMARY'
 [ SQLè¯­å¥ ] : INSERT INTO `m_team` (`tid`,`tname`,`qtname`) VALUES (211,'æµ·ç‰™','æµ·ç‰™')
ERR: 1062:Duplicate entry '834' for key 'PRIMARY'
 [ SQLè¯­å¥ ] : INSERT INTO `m_team` (`tid`,`tname`,`qtname`) VALUES (834,'æ ¼ç½—å®æ ¹','æ ¼ç½—å®æ ¹')
ERR: 1062:Duplicate entry '350' for key 'PRIMARY'
 [ SQLè¯­å¥ ] : INSERT INTO `m_team` (`tid`,`tname`,`qtname`) VALUES (350,'å¸ƒé›·è¾\¾','å¸ƒé›·è¾\¾')
ERR: 1062:Duplicate entry '1231' for key 'PRIMARY'
 [ SQLè¯­å¥ ] : INSERT INTO `m_team` (`tid`,`tname`,`qtname`) VALUES (1231,'ç‰¹æ¸©ç‰\¹','ç‰¹æ¸©ç‰\¹')
ERR: 1062:Duplicate entry '1661' for key 'PRIMARY'
 [ SQLè¯­å¥ ] : INSERT INTO `m_team` (`tid`,`tname`,`qtname`) VALUES (1661,'æ³•å°”è‚¯å ¡','æ³•å°”è‚¯å ¡')
ERR: 1062:Duplicate entry '1922' for key 'PRIMARY'
 [ SQLè¯­å¥ ] : INSERT INTO `m_team` (`tid`,`tname`,`qtname`) VALUES (1922,'å¸•å¾·åšæ©','å¸•å¾·åšæ©')
ERR: 1062:Duplicate entry '1088' for key 'PRIMARY'
 [ SQLè¯­å¥ ] : INSERT INTO `m_team` (`tid`,`tname`,`qtname`) VALUES (1088,'ç¾å› èŒ\¨','ç¾å› èŒ\¨')
ERR: 1062:Duplicate entry '508' for key 'PRIMARY'
 [ SQLè¯­å¥ ] : INSERT INTO `m_team` (`tid`,`tname`,`qtname`) VALUES (508,'æ–¯è¾¾','æ–¯è¾¾')
ERR: 1062:Duplicate entry '540' for key 'PRIMARY'
 [ SQLè¯­å¥ ] : INSERT INTO `m_team` (`tid`,`tname`,`qtname`) VALUES (540,'é˜¿è´¾å…‹æ–¯','é˜¿è´¾å…‹æ–¯')
ERR: 1062:Duplicate entry '466' for key 'PRIMARY'
 [ SQLè¯­å¥ ] : INSERT INTO `m_team` (`tid`,`tname`,`qtname`) VALUES (466,'æ¡‘å¾·å…\°','æ¡‘å¾·å…\°')
ERR: 1062:Duplicate entry '1075' for key 'PRIMARY'
 [ SQLè¯­å¥ ] : INSERT INTO `m_team` (`tid`,`tname`,`qtname`) VALUES (1075,'æ›¼å½»æ–¯ç‰¹è\”','æ›¼å½»æ–¯ç‰¹è\”')
ERR: 1062:Duplicate entry '1075' for key 'PRIMARY'
 [ SQLè¯­å¥ ] : INSERT INTO `m_team` (`tid`,`tname`,`qtname`) VALUES (1075,'æ›¼å½»æ–¯ç‰¹è\”','æ›¼å½»æ–¯ç‰¹è\”')
ERR: 1062:Duplicate entry '494' for key 'PRIMARY'
 [ SQLè¯­å¥ ] : INSERT INTO `m_team` (`tid`,`tname`,`qtname`) VALUES (494,'åœ£åŸƒè’‚å®‰','åœ£åŸƒè’‚å®‰')
ERR: 1062:Duplicate entry '990' for key 'PRIMARY'
 [ SQLè¯­å¥ ] : INSERT INTO `m_team` (`tid`,`tname`,`qtname`) VALUES (990,'é›·æ©','é›·æ©')
ERR: 1062:Duplicate entry '725' for key 'PRIMARY'
 [ SQLè¯­å¥ ] : INSERT INTO `m_team` (`tid`,`tname`,`qtname`) VALUES (725,'æ¯”å…°å°¼å¡æ–\¯','æ¯”å…°å°¼å¡æ–\¯')
ERR: 1062:Duplicate entry '1099' for key 'PRIMARY'
 [ SQLè¯­å¥ ] : INSERT INTO `m_team` (`tid`,`tname`,`qtname`) VALUES (1099,'è‘¡è„ç‰™å›½æ°\‘','è‘¡è„ç‰™å›½æ°\‘')
ERR: 1062:Duplicate entry '1089' for key 'PRIMARY'
 [ SQLè¯­å¥ ] : INSERT INTO `m_team` (`tid`,`tname`,`qtname`) VALUES (1089,'é—¨å…´æ ¼æ‹‰å¾·å·´èµ\«','é—¨å…´æ ¼æ‹‰å¾·å·´èµ\«')
ERR: 1062:Duplicate entry '1195' for key 'PRIMARY'
 [ SQLè¯­å¥ ] : INSERT INTO `m_team` (`tid`,`tname`,`qtname`) VALUES (1195,'æ–¯å›¾åŠ ç‰¹','æ–¯å›¾åŠ ç‰¹')
ERR: 1062:Duplicate entry '563' for key 'PRIMARY'
 [ SQLè¯­å¥ ] : INSERT INTO `m_team` (`tid`,`tname`,`qtname`) VALUES (563,'åŸƒå°”å¤«æ–¯å \¡','åŸƒå°”å¤«æ–¯å \¡')
ERR: 1062:Duplicate entry '850' for key 'PRIMARY'
 [ SQLè¯­å¥ ] : INSERT INTO `m_team` (`tid`,`tname`,`qtname`) VALUES (850,'èµ«æ ¹','èµ«æ ¹')
ERR: 1062:Duplicate entry '463' for key 'PRIMARY'
 [ SQLè¯­å¥ ] : INSERT INTO `m_team` (`tid`,`tname`,`qtname`) VALUES (463,'å¡å›¾å·´å°”','å¡å›¾å·´å°”')
ERR: 1062:Duplicate entry '1263' for key 'PRIMARY'
 [ SQLè¯­å¥ ] : INSERT INTO `m_team` (`tid`,`tname`,`qtname`) VALUES (1263,'å‰ç»´æ£®ç‰¹','å‰ç»´æ£®ç‰¹')
ERR: 1062:Duplicate entry '1616' for key 'PRIMARY'
 [ SQLè¯­å¥ ] : INSERT INTO `m_team` (`tid`,`tname`,`qtname`) VALUES (1616,'åŸƒæ–¯æ‰˜é‡Œå°\”','åŸƒæ–¯æ‰˜é‡Œå°\”')
ERR: 1062:Duplicate entry '1002' for key 'PRIMARY'
 [ SQLè¯­å¥ ] : INSERT INTO `m_team` (`tid`,`tname`,`qtname`) VALUES (1002,'é‡Œå¥¥é˜¿ç»´','é‡Œå¥¥é˜¿ç»´')
ERR: 1062:Duplicate entry '3488' for key 'PRIMARY'
 [ SQLè¯­å¥ ] : INSERT INTO `m_team` (`tid`,`tname`,`qtname`) VALUES (3488,'æµ·äºæ ¼æ¾','æµ·äºæ ¼æ¾')
ERR: 1062:Duplicate entry '1035' for key 'PRIMARY'
 [ SQLè¯­å¥ ] : INSERT INTO `m_team` (`tid`,`tname`,`qtname`) VALUES (1035,'ç½—æ£®åšæ ¼','ç½—æ£®åšæ ¼')
ERR: 1062:Duplicate entry '1328' for key 'PRIMARY'
 [ SQLè¯­å¥ ] : INSERT INTO `m_team` (`tid`,`tname`,`qtname`) VALUES (1328,'æ¾è¾¾å°\”','æ¾è¾¾å°\”')
ERR: 1062:Duplicate entry '1009' for key 'PRIMARY'
 [ SQLè¯­å¥ ] : INSERT INTO `m_team` (`tid`,`tname`,`qtname`) VALUES (1009,'åˆ©å‹’æ–¯ç‰¹ç½—å§†','åˆ©å‹’æ–¯ç‰¹ç½—å§†')
ERR: 1062:Duplicate entry '1179' for key 'PRIMARY'
 [ SQLè¯­å¥ ] : INSERT INTO `m_team` (`tid`,`tname`,`qtname`) VALUES (1179,'çƒ­é‚£äº\š','çƒ­é‚£äº\š')
ERR: 1062:Duplicate entry '562' for key 'PRIMARY'
 [ SQLè¯­å¥ ] : INSERT INTO `m_team` (`tid`,`tname`,`qtname`) VALUES (562,'åŸƒç“¦å°\”','åŸƒç“¦å°\”')
ERR: 1062:Duplicate entry '885' for key 'PRIMARY'
 [ SQLè¯­å¥ ] : INSERT INTO `m_team` (`tid`,`tname`,`qtname`) VALUES (885,'çš‡å®¶ç¤¾ä¼š','çš‡å®¶ç¤¾ä¼š')
ERR: 1062:Duplicate entry '1109' for key 'PRIMARY'
 [ SQLè¯­å¥ ] : INSERT INTO `m_team` (`tid`,`tname`,`qtname`) VALUES (1109,'è«å°”å¾\·','è«å°”å¾\·')
ERR: 1062:Duplicate entry '546' for key 'PRIMARY'
 [ SQLè¯­å¥ ] : INSERT INTO `m_team` (`tid`,`tname`,`qtname`) VALUES (546,'å¥¥å‹’æ\¾','å¥¥å‹’æ\¾')
ERR: 1062:Duplicate entry '467' for key 'PRIMARY'
 [ SQLè¯­å¥ ] : INSERT INTO `m_team` (`tid`,`tname`,`qtname`) VALUES (467,'åœ£æ´›ä¼¦ç´¢','åœ£æ´›ä¼¦ç´¢')
ERR: 1062:Duplicate entry '639' for key 'PRIMARY'
 [ SQLè¯­å¥ ] : INSERT INTO `m_team` (`tid`,`tname`,`qtname`) VALUES (639,'ç­è²å°”å¾·','ç­è²å°”å¾·')
ERR: 1062:Duplicate entry '963' for key 'PRIMARY'
 [ SQLè¯­å¥ ] : INSERT INTO `m_team` (`tid`,`tname`,`qtname`) VALUES (963,'æ‹‰åŠªæ–\¯','æ‹‰åŠªæ–\¯')
ERR: 1062:Duplicate entry '569' for key 'PRIMARY'
 [ SQLè¯­å¥ ] : INSERT INTO `m_team` (`tid`,`tname`,`qtname`) VALUES (569,'æ‹‰æ™®æ‹‰å¡”å¤§å­¦ç”\Ÿ','æ‹‰æ™®æ‹‰å¡”å¤§å­¦ç”\Ÿ')
ERR: 1062:Duplicate entry '709' for key 'PRIMARY'
 [ SQLè¯­å¥ ] : INSERT INTO `m_team` (`tid`,`tname`,`qtname`) VALUES (709,'åšé˜¿ç»´æ–¯å¡\”','åšé˜¿ç»´æ–¯å¡\”')
ERR: 1062:Duplicate entry '678' for key 'PRIMARY'
 [ SQLè¯­å¥ ] : INSERT INTO `m_team` (`tid`,`tname`,`qtname`) VALUES (678,'æœ¬è²å\¡','æœ¬è²å\¡')
ERR: 1062:Duplicate entry '1276' for key 'PRIMARY'
 [ SQLè¯­å¥ ] : INSERT INTO `m_team` (`tid`,`tname`,`qtname`) VALUES (1276,'ä¹Œè¿ªå†…æ–¯','ä¹Œè¿ªå†…æ–¯')
ERR: 1062:Duplicate entry '1276' for key 'PRIMARY'
 [ SQLè¯­å¥ ] : INSERT INTO `m_team` (`tid`,`tname`,`qtname`) VALUES (1276,'ä¹Œè¿ªå†…æ–¯','ä¹Œè¿ªå†…æ–¯')
ERR: 1062:Duplicate entry '1129' for key 'PRIMARY'
 [ SQLè¯­å¥ ] : INSERT INTO `m_team` (`tid`,`tname`,`qtname`) VALUES (1129,'å—ç‰¹','å—ç‰¹')
ERR: 1062:Duplicate entry '1105' for key 'PRIMARY'
 [ SQLè¯­å¥ ] : INSERT INTO `m_team` (`tid`,`tname`,`qtname`) VALUES (1105,'æ‘©çº³å“\¥','æ‘©çº³å“\¥')
ERR: 1062:Duplicate entry '1580' for key 'PRIMARY'
 [ SQLè¯­å¥ ] : INSERT INTO `m_team` (`tid`,`tname`,`qtname`) VALUES (1580,'æ ¼é›·ç±³å¥¥','æ ¼é›·ç±³å¥¥')
ERR: 1062:Duplicate entry '1572' for key 'PRIMARY'
 [ SQLè¯­å¥ ] : INSERT INTO `m_team` (`tid`,`tname`,`qtname`) VALUES (1572,'ç§‘æ—è’‚å®‰','ç§‘æ—è’‚å®‰')
ERR: 1062:Duplicate entry '1577' for key 'PRIMARY'
 [ SQLè¯­å¥ ] : INSERT INTO `m_team` (`tid`,`tname`,`qtname`) VALUES (1577,'å¼—æ‹‰é—¨æˆˆ','å¼—æ‹‰é—¨æˆˆ')
ERR: 1062:Duplicate entry '1578' for key 'PRIMARY'
 [ SQLè¯­å¥ ] : INSERT INTO `m_team` (`tid`,`tname`,`qtname`) VALUES (1578,'å¼—é²ç±³å«©å¡\','å¼—é²ç±³å«©å¡\')
ERR: 1062:Duplicate entry '3988' for key 'PRIMARY'
 [ SQLè¯­å¥ ] : INSERT INTO `m_team` (`tid`,`tname`,`qtname`) VALUES (3988,'ç´¯è¥¿è…“ä½“è‚\²','ç´¯è¥¿è…“ä½“è‚\²')
ERR: 1062:Duplicate entry '1385' for key 'PRIMARY'
 [ SQLè¯­å¥ ] : INSERT INTO `m_team` (`tid`,`tname`,`qtname`) VALUES (1385,'åœ£ä¿ç½\—','åœ£ä¿ç½\—')
ERR: 1062:Duplicate entry '472' for key 'PRIMARY'
 [ SQLè¯­å¥ ] : INSERT INTO `m_team` (`tid`,`tname`,`qtname`) VALUES (472,'æ¡‘æ‰˜æ–\¯','æ¡‘æ‰˜æ–\¯')
ERR: 1062:Duplicate entry '1589' for key 'PRIMARY'
 [ SQLè¯­å¥ ] : INSERT INTO `m_team` (`tid`,`tname`,`qtname`) VALUES (1589,'ç»´å¤šåˆ©äºš','ç»´å¤šåˆ©äºš')
ERR: 1062:Duplicate entry '1576' for key 'PRIMARY'
 [ SQLè¯­å¥ ] : INSERT INTO `m_team` (`tid`,`tname`,`qtname`) VALUES (1576,'è´¹å¤åŸƒä¼¦æ–\¯','è´¹å¤åŸƒä¼¦æ–\¯')
ERR: 1062:Duplicate entry '953' for key 'PRIMARY'
 [ SQLè¯­å¥ ] : INSERT INTO `m_team` (`tid`,`tname`,`qtname`) VALUES (953,'åŸºå°”æ¢…æ–¯','åŸºå°”æ¢…æ–¯')
ERR: 1062:Duplicate entry '985' for key 'PRIMARY'
 [ SQLè¯­å¥ ] : INSERT INTO `m_team` (`tid`,`tname`,`qtname`) VALUES (985,'è±ä¸‡ç‰\¹','è±ä¸‡ç‰\¹')
ERR: 1062:Duplicate entry '683' for key 'PRIMARY'
 [ SQLè¯­å¥ ] : INSERT INTO `m_team` (`tid`,`tname`,`qtname`) VALUES (683,'æ¯”åˆ©äºšé›·äºšå°”','æ¯”åˆ©äºšé›·äºšå°”')
ERR: 1062:Duplicate entry '4286' for key 'PRIMARY'
 [ SQLè¯­å¥ ] : INSERT INTO `m_team` (`tid`,`tname`,`qtname`) VALUES (4286,'è¥¿é›…å›¾æµ·æ¹¾äºº','è¥¿é›…å›¾æµ·æ¹¾äºº')
ERR: 1062:Duplicate entry '705' for key 'PRIMARY'
 [ SQLè¯­å¥ ] : INSERT INTO `m_team` (`tid`,`tname`,`qtname`) VALUES (705,'åšå¡é’å¹´','åšå¡é’å¹´')
ERR: 1062:Duplicate entry '1183' for key 'PRIMARY'
 [ SQLè¯­å¥ ] : INSERT INTO `m_team` (`tid`,`tname`,`qtname`) VALUES (1183,'æ‹‰æ–æ‹‰ç«æŠ€','æ‹‰æ–æ‹‰ç«æŠ€')
ERR: 1062:Duplicate entry '1571' for key 'PRIMARY'
 [ SQLè¯­å¥ ] : INSERT INTO `m_team` (`tid`,`tname`,`qtname`) VALUES (1571,'å·´æ‹‰çº³ç«æŠ€','å·´æ‹‰çº³ç«æŠ€')
ERR: 1062:Duplicate entry '2277' for key 'PRIMARY'
 [ SQLè¯­å¥ ] : INSERT INTO `m_team` (`tid`,`tname`,`qtname`) VALUES (2277,'å·´ä¼Šäº\š','å·´ä¼Šäº\š')
ERR: 1062:Duplicate entry '1575' for key 'PRIMARY'
 [ SQLè¯­å¥ ] : INSERT INTO `m_team` (`tid`,`tname`,`qtname`) VALUES (1575,'å…‹é²å¡ç½—','å…‹é²å¡ç½—')
ERR: 1062:Duplicate entry '6186' for key 'PRIMARY'
 [ SQLè¯­å¥ ] : INSERT INTO `m_team` (`tid`,`tname`,`qtname`) VALUES (6186,'è´¹åŸè”åˆ','è´¹åŸè”åˆ')
ERR: 1062:Duplicate entry '499' for key 'PRIMARY'
 [ SQLè¯­å¥ ] : INSERT INTO `m_team` (`tid`,`tname`,`qtname`) VALUES (499,'åœ£ä½•å¡åœ°éœ\‡','åœ£ä½•å¡åœ°éœ\‡')
ERR: 1062:Duplicate entry '3608' for key 'PRIMARY'
 [ SQLè¯­å¥ ] : INSERT INTO `m_team` (`tid`,`tname`,`qtname`) VALUES (3608,'æˆˆå¤šä¼Šå…‹é²æ–¯','æˆˆå¤šä¼Šå…‹é²æ–¯')
ERR: 1062:Duplicate entry '864' for key 'PRIMARY'
 [ SQLè¯­å¥ ] : INSERT INTO `m_team` (`tid`,`tname`,`qtname`) VALUES (864,'æ²³åºŠ','æ²³åºŠ')
ERR: 1062:Duplicate entry '4126' for key 'PRIMARY'
 [ SQLè¯­å¥ ] : INSERT INTO `m_team` (`tid`,`tname`,`qtname`) VALUES (4126,'æœ­å¹Œå†ˆè¨å¤\š','æœ­å¹Œå†ˆè¨å¤\š')
ERR: 1062:Duplicate entry '3834' for key 'PRIMARY'
 [ SQLè¯­å¥ ] : INSERT INTO `m_team` (`tid`,`tname`,`qtname`) VALUES (3834,'æ¥æœ¨SC','æ¥æœ¨SC')
ERR: 1062:Duplicate entry '913' for key 'PRIMARY'
 [ SQLè¯­å¥ ] : INSERT INTO `m_team` (`tid`,`tname`,`qtname`) VALUES (913,'å¡å°”é©\¬','å¡å°”é©\¬')
ERR: 1062:Duplicate entry '2640' for key 'PRIMARY'
 [ SQLè¯­å¥ ] : INSERT INTO `m_team` (`tid`,`tname`,`qtname`) VALUES (2640,'è€¶å¤«å‹\’','è€¶å¤«å‹\’')
ERR: 1062:Duplicate entry '1355' for key 'PRIMARY'
 [ SQLè¯­å¥ ] : INSERT INTO `m_team` (`tid`,`tname`,`qtname`) VALUES (1355,'ä½åŠ é¡¿æ–¯','ä½åŠ é¡¿æ–¯')
ERR: 1062:Duplicate entry '695' for key 'PRIMARY'
 [ SQLè¯­å¥ ] : INSERT INTO `m_team` (`tid`,`tname`,`qtname`) VALUES (695,'æ³¢é¸¿','æ³¢é¸¿')
ERR: 1062:Duplicate entry '660' for key 'PRIMARY'
 [ SQLè¯­å¥ ] : INSERT INTO `m_team` (`tid`,`tname`,`qtname`) VALUES (660,'æŸæ—è”åˆ','æŸæ—è”åˆ')
ERR: 1062:Duplicate entry '1072' for key 'PRIMARY'
 [ SQLè¯­å¥ ] : INSERT INTO `m_team` (`tid`,`tname`,`qtname`) VALUES (1072,'æ›¼å½»æ–¯ç‰¹åŸ\','æ›¼å½»æ–¯ç‰¹åŸ\')
ERR: 1062:Duplicate entry '1011' for key 'PRIMARY'
 [ SQLè¯­å¥ ] : INSERT INTO `m_team` (`tid`,`tname`,`qtname`) VALUES (1011,'åˆ©ç‰©æµ\¦','åˆ©ç‰©æµ\¦')
ERR: 1062:Duplicate entry '1072' for key 'PRIMARY'
 [ SQLè¯­å¥ ] : INSERT INTO `m_team` (`tid`,`tname`,`qtname`) VALUES (1072,'æ›¼å½»æ–¯ç‰¹åŸ\','æ›¼å½»æ–¯ç‰¹åŸ\')
ERR: 1062:Duplicate entry '1011' for key 'PRIMARY'
 [ SQLè¯­å¥ ] : INSERT INTO `m_team` (`tid`,`tname`,`qtname`) VALUES (1011,'åˆ©ç‰©æµ\¦','åˆ©ç‰©æµ\¦')
ERR: 1062:Duplicate entry '719' for key 'PRIMARY'
 [ SQLè¯­å¥ ] : INSERT INTO `m_team` (`tid`,`tname`,`qtname`) VALUES (719,'å¸ƒæ‹‰åŠ\ ','å¸ƒæ‹‰åŠ\ ')
ERR: 1062:Duplicate entry '650' for key 'PRIMARY'
 [ SQLè¯­å¥ ] : INSERT INTO `m_team` (`tid`,`tname`,`qtname`) VALUES (650,'å·´åˆ—å¡è¯º','å·´åˆ—å¡è¯º')
ERR: 1062:Duplicate entry '1046' for key 'PRIMARY'
 [ SQLè¯­å¥ ] : INSERT INTO `m_team` (`tid`,`tname`,`qtname`) VALUES (1046,'é©¬å¾·é‡Œç«æŠ€','é©¬å¾·é‡Œç«æŠ€')

[ 2014-08-24T23:49:28+08:00 ] 127.0.0.1 /Home/Match/teamUpAll.html
ERR: 1062:Duplicate entry '808' for key 'PRIMARY'
 [ SQLè¯­å¥ ] : INSERT INTO `m_team` (`tid`,`tname`,`qtname`) VALUES (808,'ç¦å†ˆé»„èœ‚','ç¦å†ˆé»„èœ‚')
ERR: 1062:Duplicate entry '6182' for key 'PRIMARY'
 [ SQLè¯­å¥ ] : INSERT INTO `m_team` (`tid`,`tname`,`qtname`) VALUES (6182,'åŒ—ä¹å·å‘æ—¥è‘µ','åŒ—ä¹å·å‘æ—¥è‘µ')
ERR: 1062:Duplicate entry '907' for key 'PRIMARY'
 [ SQLè¯­å¥ ] : INSERT INTO `m_team` (`tid`,`tname`,`qtname`) VALUES (907,'äº¬éƒ½ä¸æ­»é¸\Ÿ','äº¬éƒ½ä¸æ­»é¸\Ÿ')
ERR: 1062:Duplicate entry '5730' for key 'PRIMARY'
 [ SQLè¯­å¥ ] : INSERT INTO `m_team` (`tid`,`tname`,`qtname`) VALUES (5730,'å¯Œå±±èƒœåˆ©','å¯Œå±±èƒœåˆ©')
ERR: 1062:Duplicate entry '5183' for key 'PRIMARY'
 [ SQLè¯­å¥ ] : INSERT INTO `m_team` (`tid`,`tname`,`qtname`) VALUES (5183,'ç†Šæœ¬æ·±çº¢','ç†Šæœ¬æ·±çº¢')
ERR: 1062:Duplicate entry '5542' for key 'PRIMARY'
 [ SQLè¯­å¥ ] : INSERT INTO `m_team` (`tid`,`tname`,`qtname`) VALUES (5542,'æ¾æœ¬å±±é›…','æ¾æœ¬å±±é›…')
ERR: 1062:Duplicate entry '3832' for key 'PRIMARY'
 [ SQLè¯­å¥ ] : INSERT INTO `m_team` (`tid`,`tname`,`qtname`) VALUES (3832,'å±±å½¢å±±ç¥','å±±å½¢å±±ç¥')
ERR: 1062:Duplicate entry '4127' for key 'PRIMARY'
 [ SQLè¯­å¥ ] : INSERT INTO `m_team` (`tid`,`tname`,`qtname`) VALUES (4127,'æ°´æˆ·èœ€è‘\µ','æ°´æˆ·èœ€è‘\µ')
ERR: 1062:Duplicate entry '754' for key 'PRIMARY'
 [ SQLè¯­å¥ ] : INSERT INTO `m_team` (`tid`,`tname`,`qtname`) VALUES (754,'å¤§åˆ†ä¸‰ç¥','å¤§åˆ†ä¸‰ç¥')
ERR: 1062:Duplicate entry '775' for key 'PRIMARY'
 [ SQLè¯­å¥ ] : INSERT INTO `m_team` (`tid`,`tname`,`qtname`) VALUES (775,'ä¸œäº¬ç»¿èŒµ','ä¸œäº¬ç»¿èŒµ')
ERR: 1062:Duplicate entry '3195' for key 'PRIMARY'
 [ SQLè¯­å¥ ] : INSERT INTO `m_team` (`tid`,`tname`,`qtname`) VALUES (3195,'æ¨ªæ»¨FC','æ¨ªæ»¨FC')
ERR: 1062:Duplicate entry '5534' for key 'PRIMARY'
 [ SQLè¯­å¥ ] : INSERT INTO `m_team` (`tid`,`tname`,`qtname`) VALUES (5534,'å†ˆå±±ç»¿é›‰','å†ˆå±±ç»¿é›‰')
ERR: 1062:Duplicate entry '842' for key 'PRIMARY'
 [ SQLè¯­å¥ ] : INSERT INTO `m_team` (`tid`,`tname`,`qtname`) VALUES (842,'åƒå¶å¸‚åŸ','åƒå¶å¸‚åŸ')
ERR: 1062:Duplicate entry '3838' for key 'PRIMARY'
 [ SQLè¯­å¥ ] : INSERT INTO `m_team` (`tid`,`tname`,`qtname`) VALUES (3838,'æ¹˜å—æµ·æ´‹','æ¹˜å—æµ·æ´‹')
ERR: 1062:Duplicate entry '1151' for key 'PRIMARY'
 [ SQLè¯­å¥ ] : INSERT INTO `m_team` (`tid`,`tname`,`qtname`) VALUES (1151,'ç£ç”°å–œæ‚¦','ç£ç”°å–œæ‚¦')
ERR: 1062:Duplicate entry '1255' for key 'PRIMARY'
 [ SQLè¯­å¥ ] : INSERT INTO `m_team` (`tid`,`tname`,`qtname`) VALUES (1255,'ç»´è¿ªæ–\¯','ç»´è¿ªæ–\¯')
ERR: 1062:Duplicate entry '928' for key 'PRIMARY'
 [ SQLè¯­å¥ ] : INSERT INTO `m_team` (`tid`,`tname`,`qtname`) VALUES (928,'å‡¯æ³½æ–¯åŠ³æ»\•','å‡¯æ³½æ–¯åŠ³æ»\•')
ERR: 1062:Duplicate entry '794' for key 'PRIMARY'
 [ SQLè¯­å¥ ] : INSERT INTO `m_team` (`tid`,`tname`,`qtname`) VALUES (794,'è²å°”ç‰\¹','è²å°”ç‰\¹')
ERR: 1062:Duplicate entry '1868' for key 'PRIMARY'
 [ SQLè¯­å¥ ] : INSERT INTO `m_team` (`tid`,`tname`,`qtname`) VALUES (1868,'äºšä¼¦','äºšä¼¦')
ERR: 1062:Duplicate entry '997' for key 'PRIMARY'
 [ SQLè¯­å¥ ] : INSERT INTO `m_team` (`tid`,`tname`,`qtname`) VALUES (997,'é‡Œæ˜‚','é‡Œæ˜‚')
ERR: 1062:Duplicate entry '979' for key 'PRIMARY'
 [ SQLè¯­å¥ ] : INSERT INTO `m_team` (`tid`,`tname`,`qtname`) VALUES (979,'æœ—æ–¯','æœ—æ–¯')
ERR: 1062:Duplicate entry '872' for key 'PRIMARY'
 [ SQLè¯­å¥ ] : INSERT INTO `m_team` (`tid`,`tname`,`qtname`) VALUES (872,'èµ«å°”åŸ\','èµ«å°”åŸ\')
ERR: 1062:Duplicate entry '1197' for key 'PRIMARY'
 [ SQLè¯­å¥ ] : INSERT INTO `m_team` (`tid`,`tname`,`qtname`) VALUES (1197,'æ–¯æ‰˜å…‹åŸ','æ–¯æ‰˜å…‹åŸ')
ERR: 1062:Duplicate entry '1197' for key 'PRIMARY'
 [ SQLè¯­å¥ ] : INSERT INTO `m_team` (`tid`,`tname`,`qtname`) VALUES (1197,'æ–¯æ‰˜å…‹åŸ','æ–¯æ‰˜å…‹åŸ')
ERR: 1062:Duplicate entry '1238' for key 'PRIMARY'
 [ SQLè¯­å¥ ] : INSERT INTO `m_team` (`tid`,`tname`,`qtname`) VALUES (1238,'æ‰˜ç‰¹çº³å§†çƒ­åˆº','æ‰˜ç‰¹çº³å§†çƒ­åˆº')
ERR: 1062:Duplicate entry '954' for key 'PRIMARY'
 [ SQLè¯­å¥ ] : INSERT INTO `m_team` (`tid`,`tname`,`qtname`) VALUES (954,'å¥³ç‹å…¬å›­å·¡æ¸¸è€\…','å¥³ç‹å…¬å›­å·¡æ¸¸è€\…')
ERR: 1062:Duplicate entry '1238' for key 'PRIMARY'
 [ SQLè¯­å¥ ] : INSERT INTO `m_team` (`tid`,`tname`,`qtname`) VALUES (1238,'æ‰˜ç‰¹çº³å§†çƒ­åˆº','æ‰˜ç‰¹çº³å§†çƒ­åˆº')
ERR: 1062:Duplicate entry '801' for key 'PRIMARY'
 [ SQLè¯­å¥ ] : INSERT INTO `m_team` (`tid`,`tname`,`qtname`) VALUES (801,'è´¹è€¶è¯ºå¾\·','è´¹è€¶è¯ºå¾\·')
ERR: 1062:Duplicate entry '1275' for key 'PRIMARY'
 [ SQLè¯­å¥ ] : INSERT INTO `m_team` (`tid`,`tname`,`qtname`) VALUES (1275,'ä¹Œå¾·å‹’æ”¯','ä¹Œå¾·å‹’æ”¯')
ERR: 1062:Duplicate entry '211' for key 'PRIMARY'
 [ SQLè¯­å¥ ] : INSERT INTO `m_team` (`tid`,`tname`,`qtname`) VALUES (211,'æµ·ç‰™','æµ·ç‰™')
ERR: 1062:Duplicate entry '834' for key 'PRIMARY'
 [ SQLè¯­å¥ ] : INSERT INTO `m_team` (`tid`,`tname`,`qtname`) VALUES (834,'æ ¼ç½—å®æ ¹','æ ¼ç½—å®æ ¹')
ERR: 1062:Duplicate entry '350' for key 'PRIMARY'
 [ SQLè¯­å¥ ] : INSERT INTO `m_team` (`tid`,`tname`,`qtname`) VALUES (350,'å¸ƒé›·è¾\¾','å¸ƒé›·è¾\¾')
ERR: 1062:Duplicate entry '1231' for key 'PRIMARY'
 [ SQLè¯­å¥ ] : INSERT INTO `m_team` (`tid`,`tname`,`qtname`) VALUES (1231,'ç‰¹æ¸©ç‰\¹','ç‰¹æ¸©ç‰\¹')
ERR: 1062:Duplicate entry '1661' for key 'PRIMARY'
 [ SQLè¯­å¥ ] : INSERT INTO `m_team` (`tid`,`tname`,`qtname`) VALUES (1661,'æ³•å°”è‚¯å ¡','æ³•å°”è‚¯å ¡')
ERR: 1062:Duplicate entry '1922' for key 'PRIMARY'
 [ SQLè¯­å¥ ] : INSERT INTO `m_team` (`tid`,`tname`,`qtname`) VALUES (1922,'å¸•å¾·åšæ©','å¸•å¾·åšæ©')
ERR: 1062:Duplicate entry '1088' for key 'PRIMARY'
 [ SQLè¯­å¥ ] : INSERT INTO `m_team` (`tid`,`tname`,`qtname`) VALUES (1088,'ç¾å› èŒ\¨','ç¾å› èŒ\¨')
ERR: 1062:Duplicate entry '508' for key 'PRIMARY'
 [ SQLè¯­å¥ ] : INSERT INTO `m_team` (`tid`,`tname`,`qtname`) VALUES (508,'æ–¯è¾¾','æ–¯è¾¾')
ERR: 1062:Duplicate entry '540' for key 'PRIMARY'
 [ SQLè¯­å¥ ] : INSERT INTO `m_team` (`tid`,`tname`,`qtname`) VALUES (540,'é˜¿è´¾å…‹æ–¯','é˜¿è´¾å…‹æ–¯')
ERR: 1062:Duplicate entry '466' for key 'PRIMARY'
 [ SQLè¯­å¥ ] : INSERT INTO `m_team` (`tid`,`tname`,`qtname`) VALUES (466,'æ¡‘å¾·å…\°','æ¡‘å¾·å…\°')
ERR: 1062:Duplicate entry '1075' for key 'PRIMARY'
 [ SQLè¯­å¥ ] : INSERT INTO `m_team` (`tid`,`tname`,`qtname`) VALUES (1075,'æ›¼å½»æ–¯ç‰¹è\”','æ›¼å½»æ–¯ç‰¹è\”')
ERR: 1062:Duplicate entry '1075' for key 'PRIMARY'
 [ SQLè¯­å¥ ] : INSERT INTO `m_team` (`tid`,`tname`,`qtname`) VALUES (1075,'æ›¼å½»æ–¯ç‰¹è\”','æ›¼å½»æ–¯ç‰¹è\”')
ERR: 1062:Duplicate entry '494' for key 'PRIMARY'
 [ SQLè¯­å¥ ] : INSERT INTO `m_team` (`tid`,`tname`,`qtname`) VALUES (494,'åœ£åŸƒè’‚å®‰','åœ£åŸƒè’‚å®‰')
ERR: 1062:Duplicate entry '990' for key 'PRIMARY'
 [ SQLè¯­å¥ ] : INSERT INTO `m_team` (`tid`,`tname`,`qtname`) VALUES (990,'é›·æ©','é›·æ©')
ERR: 1062:Duplicate entry '725' for key 'PRIMARY'
 [ SQLè¯­å¥ ] : INSERT INTO `m_team` (`tid`,`tname`,`qtname`) VALUES (725,'æ¯”å…°å°¼å¡æ–\¯','æ¯”å…°å°¼å¡æ–\¯')
ERR: 1062:Duplicate entry '1099' for key 'PRIMARY'
 [ SQLè¯­å¥ ] : INSERT INTO `m_team` (`tid`,`tname`,`qtname`) VALUES (1099,'è‘¡è„ç‰™å›½æ°\‘','è‘¡è„ç‰™å›½æ°\‘')
ERR: 1062:Duplicate entry '1089' for key 'PRIMARY'
 [ SQLè¯­å¥ ] : INSERT INTO `m_team` (`tid`,`tname`,`qtname`) VALUES (1089,'é—¨å…´æ ¼æ‹‰å¾·å·´èµ\«','é—¨å…´æ ¼æ‹‰å¾·å·´èµ\«')
ERR: 1062:Duplicate entry '1195' for key 'PRIMARY'
 [ SQLè¯­å¥ ] : INSERT INTO `m_team` (`tid`,`tname`,`qtname`) VALUES (1195,'æ–¯å›¾åŠ ç‰¹','æ–¯å›¾åŠ ç‰¹')
ERR: 1062:Duplicate entry '563' for key 'PRIMARY'
 [ SQLè¯­å¥ ] : INSERT INTO `m_team` (`tid`,`tname`,`qtname`) VALUES (563,'åŸƒå°”å¤«æ–¯å \¡','åŸƒå°”å¤«æ–¯å \¡')
ERR: 1062:Duplicate entry '850' for key 'PRIMARY'
 [ SQLè¯­å¥ ] : INSERT INTO `m_team` (`tid`,`tname`,`qtname`) VALUES (850,'èµ«æ ¹','èµ«æ ¹')
ERR: 1062:Duplicate entry '463' for key 'PRIMARY'
 [ SQLè¯­å¥ ] : INSERT INTO `m_team` (`tid`,`tname`,`qtname`) VALUES (463,'å¡å›¾å·´å°”','å¡å›¾å·´å°”')
ERR: 1062:Duplicate entry '1263' for key 'PRIMARY'
 [ SQLè¯­å¥ ] : INSERT INTO `m_team` (`tid`,`tname`,`qtname`) VALUES (1263,'å‰ç»´æ£®ç‰¹','å‰ç»´æ£®ç‰¹')
ERR: 1062:Duplicate entry '1616' for key 'PRIMARY'
 [ SQLè¯­å¥ ] : INSERT INTO `m_team` (`tid`,`tname`,`qtname`) VALUES (1616,'åŸƒæ–¯æ‰˜é‡Œå°\”','åŸƒæ–¯æ‰˜é‡Œå°\”')
ERR: 1062:Duplicate entry '1002' for key 'PRIMARY'
 [ SQLè¯­å¥ ] : INSERT INTO `m_team` (`tid`,`tname`,`qtname`) VALUES (1002,'é‡Œå¥¥é˜¿ç»´','é‡Œå¥¥é˜¿ç»´')
ERR: 1062:Duplicate entry '3488' for key 'PRIMARY'
 [ SQLè¯­å¥ ] : INSERT INTO `m_team` (`tid`,`tname`,`qtname`) VALUES (3488,'æµ·äºæ ¼æ¾','æµ·äºæ ¼æ¾')
ERR: 1062:Duplicate entry '1035' for key 'PRIMARY'
 [ SQLè¯­å¥ ] : INSERT INTO `m_team` (`tid`,`tname`,`qtname`) VALUES (1035,'ç½—æ£®åšæ ¼','ç½—æ£®åšæ ¼')
ERR: 1062:Duplicate entry '1328' for key 'PRIMARY'
 [ SQLè¯­å¥ ] : INSERT INTO `m_team` (`tid`,`tname`,`qtname`) VALUES (1328,'æ¾è¾¾å°\”','æ¾è¾¾å°\”')
ERR: 1062:Duplicate entry '1009' for key 'PRIMARY'
 [ SQLè¯­å¥ ] : INSERT INTO `m_team` (`tid`,`tname`,`qtname`) VALUES (1009,'åˆ©å‹’æ–¯ç‰¹ç½—å§†','åˆ©å‹’æ–¯ç‰¹ç½—å§†')
ERR: 1062:Duplicate entry '1179' for key 'PRIMARY'
 [ SQLè¯­å¥ ] : INSERT INTO `m_team` (`tid`,`tname`,`qtname`) VALUES (1179,'çƒ­é‚£äº\š','çƒ­é‚£äº\š')
ERR: 1062:Duplicate entry '562' for key 'PRIMARY'
 [ SQLè¯­å¥ ] : INSERT INTO `m_team` (`tid`,`tname`,`qtname`) VALUES (562,'åŸƒç“¦å°\”','åŸƒç“¦å°\”')
ERR: 1062:Duplicate entry '885' for key 'PRIMARY'
 [ SQLè¯­å¥ ] : INSERT INTO `m_team` (`tid`,`tname`,`qtname`) VALUES (885,'çš‡å®¶ç¤¾ä¼š','çš‡å®¶ç¤¾ä¼š')
ERR: 1062:Duplicate entry '1109' for key 'PRIMARY'
 [ SQLè¯­å¥ ] : INSERT INTO `m_team` (`tid`,`tname`,`qtname`) VALUES (1109,'è«å°”å¾\·','è«å°”å¾\·')
ERR: 1062:Duplicate entry '546' for key 'PRIMARY'
 [ SQLè¯­å¥ ] : INSERT INTO `m_team` (`tid`,`tname`,`qtname`) VALUES (546,'å¥¥å‹’æ\¾','å¥¥å‹’æ\¾')
ERR: 1062:Duplicate entry '467' for key 'PRIMARY'
 [ SQLè¯­å¥ ] : INSERT INTO `m_team` (`tid`,`tname`,`qtname`) VALUES (467,'åœ£æ´›ä¼¦ç´¢','åœ£æ´›ä¼¦ç´¢')
ERR: 1062:Duplicate entry '639' for key 'PRIMARY'
 [ SQLè¯­å¥ ] : INSERT INTO `m_team` (`tid`,`tname`,`qtname`) VALUES (639,'ç­è²å°”å¾·','ç­è²å°”å¾·')
ERR: 1062:Duplicate entry '963' for key 'PRIMARY'
 [ SQLè¯­å¥ ] : INSERT INTO `m_team` (`tid`,`tname`,`qtname`) VALUES (963,'æ‹‰åŠªæ–\¯','æ‹‰åŠªæ–\¯')
ERR: 1062:Duplicate entry '569' for key 'PRIMARY'
 [ SQLè¯­å¥ ] : INSERT INTO `m_team` (`tid`,`tname`,`qtname`) VALUES (569,'æ‹‰æ™®æ‹‰å¡”å¤§å­¦ç”\Ÿ','æ‹‰æ™®æ‹‰å¡”å¤§å­¦ç”\Ÿ')
ERR: 1062:Duplicate entry '709' for key 'PRIMARY'
 [ SQLè¯­å¥ ] : INSERT INTO `m_team` (`tid`,`tname`,`qtname`) VALUES (709,'åšé˜¿ç»´æ–¯å¡\”','åšé˜¿ç»´æ–¯å¡\”')
ERR: 1062:Duplicate entry '678' for key 'PRIMARY'
 [ SQLè¯­å¥ ] : INSERT INTO `m_team` (`tid`,`tname`,`qtname`) VALUES (678,'æœ¬è²å\¡','æœ¬è²å\¡')
ERR: 1062:Duplicate entry '1276' for key 'PRIMARY'
 [ SQLè¯­å¥ ] : INSERT INTO `m_team` (`tid`,`tname`,`qtname`) VALUES (1276,'ä¹Œè¿ªå†…æ–¯','ä¹Œè¿ªå†…æ–¯')
ERR: 1062:Duplicate entry '1276' for key 'PRIMARY'
 [ SQLè¯­å¥ ] : INSERT INTO `m_team` (`tid`,`tname`,`qtname`) VALUES (1276,'ä¹Œè¿ªå†…æ–¯','ä¹Œè¿ªå†…æ–¯')
ERR: 1062:Duplicate entry '1129' for key 'PRIMARY'
 [ SQLè¯­å¥ ] : INSERT INTO `m_team` (`tid`,`tname`,`qtname`) VALUES (1129,'å—ç‰¹','å—ç‰¹')
ERR: 1062:Duplicate entry '1105' for key 'PRIMARY'
 [ SQLè¯­å¥ ] : INSERT INTO `m_team` (`tid`,`tname`,`qtname`) VALUES (1105,'æ‘©çº³å“\¥','æ‘©çº³å“\¥')
ERR: 1062:Duplicate entry '1580' for key 'PRIMARY'
 [ SQLè¯­å¥ ] : INSERT INTO `m_team` (`tid`,`tname`,`qtname`) VALUES (1580,'æ ¼é›·ç±³å¥¥','æ ¼é›·ç±³å¥¥')
ERR: 1062:Duplicate entry '1572' for key 'PRIMARY'
 [ SQLè¯­å¥ ] : INSERT INTO `m_team` (`tid`,`tname`,`qtname`) VALUES (1572,'ç§‘æ—è’‚å®‰','ç§‘æ—è’‚å®‰')
ERR: 1062:Duplicate entry '1577' for key 'PRIMARY'
 [ SQLè¯­å¥ ] : INSERT INTO `m_team` (`tid`,`tname`,`qtname`) VALUES (1577,'å¼—æ‹‰é—¨æˆˆ','å¼—æ‹‰é—¨æˆˆ')
ERR: 1062:Duplicate entry '1578' for key 'PRIMARY'
 [ SQLè¯­å¥ ] : INSERT INTO `m_team` (`tid`,`tname`,`qtname`) VALUES (1578,'å¼—é²ç±³å«©å¡\','å¼—é²ç±³å«©å¡\')
ERR: 1062:Duplicate entry '3988' for key 'PRIMARY'
 [ SQLè¯­å¥ ] : INSERT INTO `m_team` (`tid`,`tname`,`qtname`) VALUES (3988,'ç´¯è¥¿è…“ä½“è‚\²','ç´¯è¥¿è…“ä½“è‚\²')
ERR: 1062:Duplicate entry '1385' for key 'PRIMARY'
 [ SQLè¯­å¥ ] : INSERT INTO `m_team` (`tid`,`tname`,`qtname`) VALUES (1385,'åœ£ä¿ç½\—','åœ£ä¿ç½\—')
ERR: 1062:Duplicate entry '472' for key 'PRIMARY'
 [ SQLè¯­å¥ ] : INSERT INTO `m_team` (`tid`,`tname`,`qtname`) VALUES (472,'æ¡‘æ‰˜æ–\¯','æ¡‘æ‰˜æ–\¯')
ERR: 1062:Duplicate entry '1589' for key 'PRIMARY'
 [ SQLè¯­å¥ ] : INSERT INTO `m_team` (`tid`,`tname`,`qtname`) VALUES (1589,'ç»´å¤šåˆ©äºš','ç»´å¤šåˆ©äºš')
ERR: 1062:Duplicate entry '1576' for key 'PRIMARY'
 [ SQLè¯­å¥ ] : INSERT INTO `m_team` (`tid`,`tname`,`qtname`) VALUES (1576,'è´¹å¤åŸƒä¼¦æ–\¯','è´¹å¤åŸƒä¼¦æ–\¯')
ERR: 1062:Duplicate entry '953' for key 'PRIMARY'
 [ SQLè¯­å¥ ] : INSERT INTO `m_team` (`tid`,`tname`,`qtname`) VALUES (953,'åŸºå°”æ¢…æ–¯','åŸºå°”æ¢…æ–¯')
ERR: 1062:Duplicate entry '985' for key 'PRIMARY'
 [ SQLè¯­å¥ ] : INSERT INTO `m_team` (`tid`,`tname`,`qtname`) VALUES (985,'è±ä¸‡ç‰\¹','è±ä¸‡ç‰\¹')
ERR: 1062:Duplicate entry '683' for key 'PRIMARY'
 [ SQLè¯­å¥ ] : INSERT INTO `m_team` (`tid`,`tname`,`qtname`) VALUES (683,'æ¯”åˆ©äºšé›·äºšå°”','æ¯”åˆ©äºšé›·äºšå°”')
ERR: 1062:Duplicate entry '4286' for key 'PRIMARY'
 [ SQLè¯­å¥ ] : INSERT INTO `m_team` (`tid`,`tname`,`qtname`) VALUES (4286,'è¥¿é›…å›¾æµ·æ¹¾äºº','è¥¿é›…å›¾æµ·æ¹¾äºº')
ERR: 1062:Duplicate entry '705' for key 'PRIMARY'
 [ SQLè¯­å¥ ] : INSERT INTO `m_team` (`tid`,`tname`,`qtname`) VALUES (705,'åšå¡é’å¹´','åšå¡é’å¹´')
ERR: 1062:Duplicate entry '1183' for key 'PRIMARY'
 [ SQLè¯­å¥ ] : INSERT INTO `m_team` (`tid`,`tname`,`qtname`) VALUES (1183,'æ‹‰æ–æ‹‰ç«æŠ€','æ‹‰æ–æ‹‰ç«æŠ€')
ERR: 1062:Duplicate entry '1571' for key 'PRIMARY'
 [ SQLè¯­å¥ ] : INSERT INTO `m_team` (`tid`,`tname`,`qtname`) VALUES (1571,'å·´æ‹‰çº³ç«æŠ€','å·´æ‹‰çº³ç«æŠ€')
ERR: 1062:Duplicate entry '2277' for key 'PRIMARY'
 [ SQLè¯­å¥ ] : INSERT INTO `m_team` (`tid`,`tname`,`qtname`) VALUES (2277,'å·´ä¼Šäº\š','å·´ä¼Šäº\š')
ERR: 1062:Duplicate entry '1575' for key 'PRIMARY'
 [ SQLè¯­å¥ ] : INSERT INTO `m_team` (`tid`,`tname`,`qtname`) VALUES (1575,'å…‹é²å¡ç½—','å…‹é²å¡ç½—')
ERR: 1062:Duplicate entry '6186' for key 'PRIMARY'
 [ SQLè¯­å¥ ] : INSERT INTO `m_team` (`tid`,`tname`,`qtname`) VALUES (6186,'è´¹åŸè”åˆ','è´¹åŸè”åˆ')
ERR: 1062:Duplicate entry '499' for key 'PRIMARY'
 [ SQLè¯­å¥ ] : INSERT INTO `m_team` (`tid`,`tname`,`qtname`) VALUES (499,'åœ£ä½•å¡åœ°éœ\‡','åœ£ä½•å¡åœ°éœ\‡')
ERR: 1062:Duplicate entry '3608' for key 'PRIMARY'
 [ SQLè¯­å¥ ] : INSERT INTO `m_team` (`tid`,`tname`,`qtname`) VALUES (3608,'æˆˆå¤šä¼Šå…‹é²æ–¯','æˆˆå¤šä¼Šå…‹é²æ–¯')
ERR: 1062:Duplicate entry '864' for key 'PRIMARY'
 [ SQLè¯­å¥ ] : INSERT INTO `m_team` (`tid`,`tname`,`qtname`) VALUES (864,'æ²³åºŠ','æ²³åºŠ')
ERR: 1062:Duplicate entry '4126' for key 'PRIMARY'
 [ SQLè¯­å¥ ] : INSERT INTO `m_team` (`tid`,`tname`,`qtname`) VALUES (4126,'æœ­å¹Œå†ˆè¨å¤\š','æœ­å¹Œå†ˆè¨å¤\š')
ERR: 1062:Duplicate entry '3834' for key 'PRIMARY'
 [ SQLè¯­å¥ ] : INSERT INTO `m_team` (`tid`,`tname`,`qtname`) VALUES (3834,'æ¥æœ¨SC','æ¥æœ¨SC')
ERR: 1062:Duplicate entry '913' for key 'PRIMARY'
 [ SQLè¯­å¥ ] : INSERT INTO `m_team` (`tid`,`tname`,`qtname`) VALUES (913,'å¡å°”é©\¬','å¡å°”é©\¬')
ERR: 1062:Duplicate entry '2640' for key 'PRIMARY'
 [ SQLè¯­å¥ ] : INSERT INTO `m_team` (`tid`,`tname`,`qtname`) VALUES (2640,'è€¶å¤«å‹\’','è€¶å¤«å‹\’')
ERR: 1062:Duplicate entry '1355' for key 'PRIMARY'
 [ SQLè¯­å¥ ] : INSERT INTO `m_team` (`tid`,`tname`,`qtname`) VALUES (1355,'ä½åŠ é¡¿æ–¯','ä½åŠ é¡¿æ–¯')
ERR: 1062:Duplicate entry '695' for key 'PRIMARY'
 [ SQLè¯­å¥ ] : INSERT INTO `m_team` (`tid`,`tname`,`qtname`) VALUES (695,'æ³¢é¸¿','æ³¢é¸¿')
ERR: 1062:Duplicate entry '660' for key 'PRIMARY'
 [ SQLè¯­å¥ ] : INSERT INTO `m_team` (`tid`,`tname`,`qtname`) VALUES (660,'æŸæ—è”åˆ','æŸæ—è”åˆ')
ERR: 1062:Duplicate entry '1072' for key 'PRIMARY'
 [ SQLè¯­å¥ ] : INSERT INTO `m_team` (`tid`,`tname`,`qtname`) VALUES (1072,'æ›¼å½»æ–¯ç‰¹åŸ\','æ›¼å½»æ–¯ç‰¹åŸ\')
ERR: 1062:Duplicate entry '1011' for key 'PRIMARY'
 [ SQLè¯­å¥ ] : INSERT INTO `m_team` (`tid`,`tname`,`qtname`) VALUES (1011,'åˆ©ç‰©æµ\¦','åˆ©ç‰©æµ\¦')
ERR: 1062:Duplicate entry '1072' for key 'PRIMARY'
 [ SQLè¯­å¥ ] : INSERT INTO `m_team` (`tid`,`tname`,`qtname`) VALUES (1072,'æ›¼å½»æ–¯ç‰¹åŸ\','æ›¼å½»æ–¯ç‰¹åŸ\')
ERR: 1062:Duplicate entry '1011' for key 'PRIMARY'
 [ SQLè¯­å¥ ] : INSERT INTO `m_team` (`tid`,`tname`,`qtname`) VALUES (1011,'åˆ©ç‰©æµ\¦','åˆ©ç‰©æµ\¦')
ERR: 1062:Duplicate entry '719' for key 'PRIMARY'
 [ SQLè¯­å¥ ] : INSERT INTO `m_team` (`tid`,`tname`,`qtname`) VALUES (719,'å¸ƒæ‹‰åŠ\ ','å¸ƒæ‹‰åŠ\ ')
ERR: 1062:Duplicate entry '650' for key 'PRIMARY'
 [ SQLè¯­å¥ ] : INSERT INTO `m_team` (`tid`,`tname`,`qtname`) VALUES (650,'å·´åˆ—å¡è¯º','å·´åˆ—å¡è¯º')
ERR: 1062:Duplicate entry '1046' for key 'PRIMARY'
 [ SQLè¯­å¥ ] : INSERT INTO `m_team` (`tid`,`tname`,`qtname`) VALUES (1046,'é©¬å¾·é‡Œç«æŠ€','é©¬å¾·é‡Œç«æŠ€')

[ 2014-08-24T23:49:44+08:00 ] 127.0.0.1 /Home/Match/teamUpAll.html
ERR: 1062:Duplicate entry '808' for key 'PRIMARY'
 [ SQLè¯­å¥ ] : INSERT INTO `m_team` (`tid`,`tname`,`qtname`) VALUES (808,'ç¦å†ˆé»„èœ‚','ç¦å†ˆé»„èœ‚')
ERR: 1062:Duplicate entry '6182' for key 'PRIMARY'
 [ SQLè¯­å¥ ] : INSERT INTO `m_team` (`tid`,`tname`,`qtname`) VALUES (6182,'åŒ—ä¹å·å‘æ—¥è‘µ','åŒ—ä¹å·å‘æ—¥è‘µ')
ERR: 1062:Duplicate entry '907' for key 'PRIMARY'
 [ SQLè¯­å¥ ] : INSERT INTO `m_team` (`tid`,`tname`,`qtname`) VALUES (907,'äº¬éƒ½ä¸æ­»é¸\Ÿ','äº¬éƒ½ä¸æ­»é¸\Ÿ')
ERR: 1062:Duplicate entry '5730' for key 'PRIMARY'
 [ SQLè¯­å¥ ] : INSERT INTO `m_team` (`tid`,`tname`,`qtname`) VALUES (5730,'å¯Œå±±èƒœåˆ©','å¯Œå±±èƒœåˆ©')
ERR: 1062:Duplicate entry '5183' for key 'PRIMARY'
 [ SQLè¯­å¥ ] : INSERT INTO `m_team` (`tid`,`tname`,`qtname`) VALUES (5183,'ç†Šæœ¬æ·±çº¢','ç†Šæœ¬æ·±çº¢')
ERR: 1062:Duplicate entry '5542' for key 'PRIMARY'
 [ SQLè¯­å¥ ] : INSERT INTO `m_team` (`tid`,`tname`,`qtname`) VALUES (5542,'æ¾æœ¬å±±é›…','æ¾æœ¬å±±é›…')
ERR: 1062:Duplicate entry '3832' for key 'PRIMARY'
 [ SQLè¯­å¥ ] : INSERT INTO `m_team` (`tid`,`tname`,`qtname`) VALUES (3832,'å±±å½¢å±±ç¥','å±±å½¢å±±ç¥')
ERR: 1062:Duplicate entry '4127' for key 'PRIMARY'
 [ SQLè¯­å¥ ] : INSERT INTO `m_team` (`tid`,`tname`,`qtname`) VALUES (4127,'æ°´æˆ·èœ€è‘\µ','æ°´æˆ·èœ€è‘\µ')
ERR: 1062:Duplicate entry '754' for key 'PRIMARY'
 [ SQLè¯­å¥ ] : INSERT INTO `m_team` (`tid`,`tname`,`qtname`) VALUES (754,'å¤§åˆ†ä¸‰ç¥','å¤§åˆ†ä¸‰ç¥')
ERR: 1062:Duplicate entry '775' for key 'PRIMARY'
 [ SQLè¯­å¥ ] : INSERT INTO `m_team` (`tid`,`tname`,`qtname`) VALUES (775,'ä¸œäº¬ç»¿èŒµ','ä¸œäº¬ç»¿èŒµ')
ERR: 1062:Duplicate entry '3195' for key 'PRIMARY'
 [ SQLè¯­å¥ ] : INSERT INTO `m_team` (`tid`,`tname`,`qtname`) VALUES (3195,'æ¨ªæ»¨FC','æ¨ªæ»¨FC')
ERR: 1062:Duplicate entry '5534' for key 'PRIMARY'
 [ SQLè¯­å¥ ] : INSERT INTO `m_team` (`tid`,`tname`,`qtname`) VALUES (5534,'å†ˆå±±ç»¿é›‰','å†ˆå±±ç»¿é›‰')
ERR: 1062:Duplicate entry '842' for key 'PRIMARY'
 [ SQLè¯­å¥ ] : INSERT INTO `m_team` (`tid`,`tname`,`qtname`) VALUES (842,'åƒå¶å¸‚åŸ','åƒå¶å¸‚åŸ')
ERR: 1062:Duplicate entry '3838' for key 'PRIMARY'
 [ SQLè¯­å¥ ] : INSERT INTO `m_team` (`tid`,`tname`,`qtname`) VALUES (3838,'æ¹˜å—æµ·æ´‹','æ¹˜å—æµ·æ´‹')
ERR: 1062:Duplicate entry '1151' for key 'PRIMARY'
 [ SQLè¯­å¥ ] : INSERT INTO `m_team` (`tid`,`tname`,`qtname`) VALUES (1151,'ç£ç”°å–œæ‚¦','ç£ç”°å–œæ‚¦')
ERR: 1062:Duplicate entry '1255' for key 'PRIMARY'
 [ SQLè¯­å¥ ] : INSERT INTO `m_team` (`tid`,`tname`,`qtname`) VALUES (1255,'ç»´è¿ªæ–\¯','ç»´è¿ªæ–\¯')
ERR: 1062:Duplicate entry '928' for key 'PRIMARY'
 [ SQLè¯­å¥ ] : INSERT INTO `m_team` (`tid`,`tname`,`qtname`) VALUES (928,'å‡¯æ³½æ–¯åŠ³æ»\•','å‡¯æ³½æ–¯åŠ³æ»\•')
ERR: 1062:Duplicate entry '794' for key 'PRIMARY'
 [ SQLè¯­å¥ ] : INSERT INTO `m_team` (`tid`,`tname`,`qtname`) VALUES (794,'è²å°”ç‰\¹','è²å°”ç‰\¹')
ERR: 1062:Duplicate entry '1868' for key 'PRIMARY'
 [ SQLè¯­å¥ ] : INSERT INTO `m_team` (`tid`,`tname`,`qtname`) VALUES (1868,'äºšä¼¦','äºšä¼¦')
ERR: 1062:Duplicate entry '997' for key 'PRIMARY'
 [ SQLè¯­å¥ ] : INSERT INTO `m_team` (`tid`,`tname`,`qtname`) VALUES (997,'é‡Œæ˜‚','é‡Œæ˜‚')
ERR: 1062:Duplicate entry '979' for key 'PRIMARY'
 [ SQLè¯­å¥ ] : INSERT INTO `m_team` (`tid`,`tname`,`qtname`) VALUES (979,'æœ—æ–¯','æœ—æ–¯')
ERR: 1062:Duplicate entry '872' for key 'PRIMARY'
 [ SQLè¯­å¥ ] : INSERT INTO `m_team` (`tid`,`tname`,`qtname`) VALUES (872,'èµ«å°”åŸ\','èµ«å°”åŸ\')
ERR: 1062:Duplicate entry '1197' for key 'PRIMARY'
 [ SQLè¯­å¥ ] : INSERT INTO `m_team` (`tid`,`tname`,`qtname`) VALUES (1197,'æ–¯æ‰˜å…‹åŸ','æ–¯æ‰˜å…‹åŸ')
ERR: 1062:Duplicate entry '1197' for key 'PRIMARY'
 [ SQLè¯­å¥ ] : INSERT INTO `m_team` (`tid`,`tname`,`qtname`) VALUES (1197,'æ–¯æ‰˜å…‹åŸ','æ–¯æ‰˜å…‹åŸ')
ERR: 1062:Duplicate entry '1238' for key 'PRIMARY'
 [ SQLè¯­å¥ ] : INSERT INTO `m_team` (`tid`,`tname`,`qtname`) VALUES (1238,'æ‰˜ç‰¹çº³å§†çƒ­åˆº','æ‰˜ç‰¹çº³å§†çƒ­åˆº')
ERR: 1062:Duplicate entry '954' for key 'PRIMARY'
 [ SQLè¯­å¥ ] : INSERT INTO `m_team` (`tid`,`tname`,`qtname`) VALUES (954,'å¥³ç‹å…¬å›­å·¡æ¸¸è€\…','å¥³ç‹å…¬å›­å·¡æ¸¸è€\…')
ERR: 1062:Duplicate entry '1238' for key 'PRIMARY'
 [ SQLè¯­å¥ ] : INSERT INTO `m_team` (`tid`,`tname`,`qtname`) VALUES (1238,'æ‰˜ç‰¹çº³å§†çƒ­åˆº','æ‰˜ç‰¹çº³å§†çƒ­åˆº')
ERR: 1062:Duplicate entry '801' for key 'PRIMARY'
 [ SQLè¯­å¥ ] : INSERT INTO `m_team` (`tid`,`tname`,`qtname`) VALUES (801,'è´¹è€¶è¯ºå¾\·','è´¹è€¶è¯ºå¾\·')
ERR: 1062:Duplicate entry '1275' for key 'PRIMARY'
 [ SQLè¯­å¥ ] : INSERT INTO `m_team` (`tid`,`tname`,`qtname`) VALUES (1275,'ä¹Œå¾·å‹’æ”¯','ä¹Œå¾·å‹’æ”¯')
ERR: 1062:Duplicate entry '211' for key 'PRIMARY'
 [ SQLè¯­å¥ ] : INSERT INTO `m_team` (`tid`,`tname`,`qtname`) VALUES (211,'æµ·ç‰™','æµ·ç‰™')
ERR: 1062:Duplicate entry '834' for key 'PRIMARY'
 [ SQLè¯­å¥ ] : INSERT INTO `m_team` (`tid`,`tname`,`qtname`) VALUES (834,'æ ¼ç½—å®æ ¹','æ ¼ç½—å®æ ¹')
ERR: 1062:Duplicate entry '350' for key 'PRIMARY'
 [ SQLè¯­å¥ ] : INSERT INTO `m_team` (`tid`,`tname`,`qtname`) VALUES (350,'å¸ƒé›·è¾\¾','å¸ƒé›·è¾\¾')
ERR: 1062:Duplicate entry '1231' for key 'PRIMARY'
 [ SQLè¯­å¥ ] : INSERT INTO `m_team` (`tid`,`tname`,`qtname`) VALUES (1231,'ç‰¹æ¸©ç‰\¹','ç‰¹æ¸©ç‰\¹')
ERR: 1062:Duplicate entry '1661' for key 'PRIMARY'
 [ SQLè¯­å¥ ] : INSERT INTO `m_team` (`tid`,`tname`,`qtname`) VALUES (1661,'æ³•å°”è‚¯å ¡','æ³•å°”è‚¯å ¡')
ERR: 1062:Duplicate entry '1922' for key 'PRIMARY'
 [ SQLè¯­å¥ ] : INSERT INTO `m_team` (`tid`,`tname`,`qtname`) VALUES (1922,'å¸•å¾·åšæ©','å¸•å¾·åšæ©')
ERR: 1062:Duplicate entry '1088' for key 'PRIMARY'
 [ SQLè¯­å¥ ] : INSERT INTO `m_team` (`tid`,`tname`,`qtname`) VALUES (1088,'ç¾å› èŒ\¨','ç¾å› èŒ\¨')
ERR: 1062:Duplicate entry '508' for key 'PRIMARY'
 [ SQLè¯­å¥ ] : INSERT INTO `m_team` (`tid`,`tname`,`qtname`) VALUES (508,'æ–¯è¾¾','æ–¯è¾¾')
ERR: 1062:Duplicate entry '540' for key 'PRIMARY'
 [ SQLè¯­å¥ ] : INSERT INTO `m_team` (`tid`,`tname`,`qtname`) VALUES (540,'é˜¿è´¾å…‹æ–¯','é˜¿è´¾å…‹æ–¯')
ERR: 1062:Duplicate entry '466' for key 'PRIMARY'
 [ SQLè¯­å¥ ] : INSERT INTO `m_team` (`tid`,`tname`,`qtname`) VALUES (466,'æ¡‘å¾·å…\°','æ¡‘å¾·å…\°')
ERR: 1062:Duplicate entry '1075' for key 'PRIMARY'
 [ SQLè¯­å¥ ] : INSERT INTO `m_team` (`tid`,`tname`,`qtname`) VALUES (1075,'æ›¼å½»æ–¯ç‰¹è\”','æ›¼å½»æ–¯ç‰¹è\”')
ERR: 1062:Duplicate entry '1075' for key 'PRIMARY'
 [ SQLè¯­å¥ ] : INSERT INTO `m_team` (`tid`,`tname`,`qtname`) VALUES (1075,'æ›¼å½»æ–¯ç‰¹è\”','æ›¼å½»æ–¯ç‰¹è\”')
ERR: 1062:Duplicate entry '494' for key 'PRIMARY'
 [ SQLè¯­å¥ ] : INSERT INTO `m_team` (`tid`,`tname`,`qtname`) VALUES (494,'åœ£åŸƒè’‚å®‰','åœ£åŸƒè’‚å®‰')
ERR: 1062:Duplicate entry '990' for key 'PRIMARY'
 [ SQLè¯­å¥ ] : INSERT INTO `m_team` (`tid`,`tname`,`qtname`) VALUES (990,'é›·æ©','é›·æ©')
ERR: 1062:Duplicate entry '725' for key 'PRIMARY'
 [ SQLè¯­å¥ ] : INSERT INTO `m_team` (`tid`,`tname`,`qtname`) VALUES (725,'æ¯”å…°å°¼å¡æ–\¯','æ¯”å…°å°¼å¡æ–\¯')
ERR: 1062:Duplicate entry '1099' for key 'PRIMARY'
 [ SQLè¯­å¥ ] : INSERT INTO `m_team` (`tid`,`tname`,`qtname`) VALUES (1099,'è‘¡è„ç‰™å›½æ°\‘','è‘¡è„ç‰™å›½æ°\‘')
ERR: 1062:Duplicate entry '1089' for key 'PRIMARY'
 [ SQLè¯­å¥ ] : INSERT INTO `m_team` (`tid`,`tname`,`qtname`) VALUES (1089,'é—¨å…´æ ¼æ‹‰å¾·å·´èµ\«','é—¨å…´æ ¼æ‹‰å¾·å·´èµ\«')
ERR: 1062:Duplicate entry '1195' for key 'PRIMARY'
 [ SQLè¯­å¥ ] : INSERT INTO `m_team` (`tid`,`tname`,`qtname`) VALUES (1195,'æ–¯å›¾åŠ ç‰¹','æ–¯å›¾åŠ ç‰¹')
ERR: 1062:Duplicate entry '563' for key 'PRIMARY'
 [ SQLè¯­å¥ ] : INSERT INTO `m_team` (`tid`,`tname`,`qtname`) VALUES (563,'åŸƒå°”å¤«æ–¯å \¡','åŸƒå°”å¤«æ–¯å \¡')
ERR: 1062:Duplicate entry '850' for key 'PRIMARY'
 [ SQLè¯­å¥ ] : INSERT INTO `m_team` (`tid`,`tname`,`qtname`) VALUES (850,'èµ«æ ¹','èµ«æ ¹')
ERR: 1062:Duplicate entry '463' for key 'PRIMARY'
 [ SQLè¯­å¥ ] : INSERT INTO `m_team` (`tid`,`tname`,`qtname`) VALUES (463,'å¡å›¾å·´å°”','å¡å›¾å·´å°”')
ERR: 1062:Duplicate entry '1263' for key 'PRIMARY'
 [ SQLè¯­å¥ ] : INSERT INTO `m_team` (`tid`,`tname`,`qtname`) VALUES (1263,'å‰ç»´æ£®ç‰¹','å‰ç»´æ£®ç‰¹')
ERR: 1062:Duplicate entry '1616' for key 'PRIMARY'
 [ SQLè¯­å¥ ] : INSERT INTO `m_team` (`tid`,`tname`,`qtname`) VALUES (1616,'åŸƒæ–¯æ‰˜é‡Œå°\”','åŸƒæ–¯æ‰˜é‡Œå°\”')
ERR: 1062:Duplicate entry '1002' for key 'PRIMARY'
 [ SQLè¯­å¥ ] : INSERT INTO `m_team` (`tid`,`tname`,`qtname`) VALUES (1002,'é‡Œå¥¥é˜¿ç»´','é‡Œå¥¥é˜¿ç»´')
ERR: 1062:Duplicate entry '3488' for key 'PRIMARY'
 [ SQLè¯­å¥ ] : INSERT INTO `m_team` (`tid`,`tname`,`qtname`) VALUES (3488,'æµ·äºæ ¼æ¾','æµ·äºæ ¼æ¾')
ERR: 1062:Duplicate entry '1035' for key 'PRIMARY'
 [ SQLè¯­å¥ ] : INSERT INTO `m_team` (`tid`,`tname`,`qtname`) VALUES (1035,'ç½—æ£®åšæ ¼','ç½—æ£®åšæ ¼')
ERR: 1062:Duplicate entry '1328' for key 'PRIMARY'
 [ SQLè¯­å¥ ] : INSERT INTO `m_team` (`tid`,`tname`,`qtname`) VALUES (1328,'æ¾è¾¾å°\”','æ¾è¾¾å°\”')
ERR: 1062:Duplicate entry '1009' for key 'PRIMARY'
 [ SQLè¯­å¥ ] : INSERT INTO `m_team` (`tid`,`tname`,`qtname`) VALUES (1009,'åˆ©å‹’æ–¯ç‰¹ç½—å§†','åˆ©å‹’æ–¯ç‰¹ç½—å§†')
ERR: 1062:Duplicate entry '1179' for key 'PRIMARY'
 [ SQLè¯­å¥ ] : INSERT INTO `m_team` (`tid`,`tname`,`qtname`) VALUES (1179,'çƒ­é‚£äº\š','çƒ­é‚£äº\š')
ERR: 1062:Duplicate entry '562' for key 'PRIMARY'
 [ SQLè¯­å¥ ] : INSERT INTO `m_team` (`tid`,`tname`,`qtname`) VALUES (562,'åŸƒç“¦å°\”','åŸƒç“¦å°\”')
ERR: 1062:Duplicate entry '885' for key 'PRIMARY'
 [ SQLè¯­å¥ ] : INSERT INTO `m_team` (`tid`,`tname`,`qtname`) VALUES (885,'çš‡å®¶ç¤¾ä¼š','çš‡å®¶ç¤¾ä¼š')
ERR: 1062:Duplicate entry '1109' for key 'PRIMARY'
 [ SQLè¯­å¥ ] : INSERT INTO `m_team` (`tid`,`tname`,`qtname`) VALUES (1109,'è«å°”å¾\·','è«å°”å¾\·')
ERR: 1062:Duplicate entry '546' for key 'PRIMARY'
 [ SQLè¯­å¥ ] : INSERT INTO `m_team` (`tid`,`tname`,`qtname`) VALUES (546,'å¥¥å‹’æ\¾','å¥¥å‹’æ\¾')
ERR: 1062:Duplicate entry '467' for key 'PRIMARY'
 [ SQLè¯­å¥ ] : INSERT INTO `m_team` (`tid`,`tname`,`qtname`) VALUES (467,'åœ£æ´›ä¼¦ç´¢','åœ£æ´›ä¼¦ç´¢')
ERR: 1062:Duplicate entry '639' for key 'PRIMARY'
 [ SQLè¯­å¥ ] : INSERT INTO `m_team` (`tid`,`tname`,`qtname`) VALUES (639,'ç­è²å°”å¾·','ç­è²å°”å¾·')
ERR: 1062:Duplicate entry '963' for key 'PRIMARY'
 [ SQLè¯­å¥ ] : INSERT INTO `m_team` (`tid`,`tname`,`qtname`) VALUES (963,'æ‹‰åŠªæ–\¯','æ‹‰åŠªæ–\¯')
ERR: 1062:Duplicate entry '569' for key 'PRIMARY'
 [ SQLè¯­å¥ ] : INSERT INTO `m_team` (`tid`,`tname`,`qtname`) VALUES (569,'æ‹‰æ™®æ‹‰å¡”å¤§å­¦ç”\Ÿ','æ‹‰æ™®æ‹‰å¡”å¤§å­¦ç”\Ÿ')
ERR: 1062:Duplicate entry '709' for key 'PRIMARY'
 [ SQLè¯­å¥ ] : INSERT INTO `m_team` (`tid`,`tname`,`qtname`) VALUES (709,'åšé˜¿ç»´æ–¯å¡\”','åšé˜¿ç»´æ–¯å¡\”')
ERR: 1062:Duplicate entry '678' for key 'PRIMARY'
 [ SQLè¯­å¥ ] : INSERT INTO `m_team` (`tid`,`tname`,`qtname`) VALUES (678,'æœ¬è²å\¡','æœ¬è²å\¡')
ERR: 1062:Duplicate entry '1276' for key 'PRIMARY'
 [ SQLè¯­å¥ ] : INSERT INTO `m_team` (`tid`,`tname`,`qtname`) VALUES (1276,'ä¹Œè¿ªå†…æ–¯','ä¹Œè¿ªå†…æ–¯')
ERR: 1062:Duplicate entry '1276' for key 'PRIMARY'
 [ SQLè¯­å¥ ] : INSERT INTO `m_team` (`tid`,`tname`,`qtname`) VALUES (1276,'ä¹Œè¿ªå†…æ–¯','ä¹Œè¿ªå†…æ–¯')
ERR: 1062:Duplicate entry '1129' for key 'PRIMARY'
 [ SQLè¯­å¥ ] : INSERT INTO `m_team` (`tid`,`tname`,`qtname`) VALUES (1129,'å—ç‰¹','å—ç‰¹')
ERR: 1062:Duplicate entry '1105' for key 'PRIMARY'
 [ SQLè¯­å¥ ] : INSERT INTO `m_team` (`tid`,`tname`,`qtname`) VALUES (1105,'æ‘©çº³å“\¥','æ‘©çº³å“\¥')
ERR: 1062:Duplicate entry '1580' for key 'PRIMARY'
 [ SQLè¯­å¥ ] : INSERT INTO `m_team` (`tid`,`tname`,`qtname`) VALUES (1580,'æ ¼é›·ç±³å¥¥','æ ¼é›·ç±³å¥¥')
ERR: 1062:Duplicate entry '1572' for key 'PRIMARY'
 [ SQLè¯­å¥ ] : INSERT INTO `m_team` (`tid`,`tname`,`qtname`) VALUES (1572,'ç§‘æ—è’‚å®‰','ç§‘æ—è’‚å®‰')
ERR: 1062:Duplicate entry '1577' for key 'PRIMARY'
 [ SQLè¯­å¥ ] : INSERT INTO `m_team` (`tid`,`tname`,`qtname`) VALUES (1577,'å¼—æ‹‰é—¨æˆˆ','å¼—æ‹‰é—¨æˆˆ')
ERR: 1062:Duplicate entry '1578' for key 'PRIMARY'
 [ SQLè¯­å¥ ] : INSERT INTO `m_team` (`tid`,`tname`,`qtname`) VALUES (1578,'å¼—é²ç±³å«©å¡\','å¼—é²ç±³å«©å¡\')
ERR: 1062:Duplicate entry '3988' for key 'PRIMARY'
 [ SQLè¯­å¥ ] : INSERT INTO `m_team` (`tid`,`tname`,`qtname`) VALUES (3988,'ç´¯è¥¿è…“ä½“è‚\²','ç´¯è¥¿è…“ä½“è‚\²')
ERR: 1062:Duplicate entry '1385' for key 'PRIMARY'
 [ SQLè¯­å¥ ] : INSERT INTO `m_team` (`tid`,`tname`,`qtname`) VALUES (1385,'åœ£ä¿ç½\—','åœ£ä¿ç½\—')
ERR: 1062:Duplicate entry '472' for key 'PRIMARY'
 [ SQLè¯­å¥ ] : INSERT INTO `m_team` (`tid`,`tname`,`qtname`) VALUES (472,'æ¡‘æ‰˜æ–\¯','æ¡‘æ‰˜æ–\¯')
ERR: 1062:Duplicate entry '1589' for key 'PRIMARY'
 [ SQLè¯­å¥ ] : INSERT INTO `m_team` (`tid`,`tname`,`qtname`) VALUES (1589,'ç»´å¤šåˆ©äºš','ç»´å¤šåˆ©äºš')
ERR: 1062:Duplicate entry '1576' for key 'PRIMARY'
 [ SQLè¯­å¥ ] : INSERT INTO `m_team` (`tid`,`tname`,`qtname`) VALUES (1576,'è´¹å¤åŸƒä¼¦æ–\¯','è´¹å¤åŸƒä¼¦æ–\¯')
ERR: 1062:Duplicate entry '953' for key 'PRIMARY'
 [ SQLè¯­å¥ ] : INSERT INTO `m_team` (`tid`,`tname`,`qtname`) VALUES (953,'åŸºå°”æ¢…æ–¯','åŸºå°”æ¢…æ–¯')
ERR: 1062:Duplicate entry '985' for key 'PRIMARY'
 [ SQLè¯­å¥ ] : INSERT INTO `m_team` (`tid`,`tname`,`qtname`) VALUES (985,'è±ä¸‡ç‰\¹','è±ä¸‡ç‰\¹')
ERR: 1062:Duplicate entry '683' for key 'PRIMARY'
 [ SQLè¯­å¥ ] : INSERT INTO `m_team` (`tid`,`tname`,`qtname`) VALUES (683,'æ¯”åˆ©äºšé›·äºšå°”','æ¯”åˆ©äºšé›·äºšå°”')
ERR: 1062:Duplicate entry '4286' for key 'PRIMARY'
 [ SQLè¯­å¥ ] : INSERT INTO `m_team` (`tid`,`tname`,`qtname`) VALUES (4286,'è¥¿é›…å›¾æµ·æ¹¾äºº','è¥¿é›…å›¾æµ·æ¹¾äºº')
ERR: 1062:Duplicate entry '705' for key 'PRIMARY'
 [ SQLè¯­å¥ ] : INSERT INTO `m_team` (`tid`,`tname`,`qtname`) VALUES (705,'åšå¡é’å¹´','åšå¡é’å¹´')
ERR: 1062:Duplicate entry '1183' for key 'PRIMARY'
 [ SQLè¯­å¥ ] : INSERT INTO `m_team` (`tid`,`tname`,`qtname`) VALUES (1183,'æ‹‰æ–æ‹‰ç«æŠ€','æ‹‰æ–æ‹‰ç«æŠ€')
ERR: 1062:Duplicate entry '1571' for key 'PRIMARY'
 [ SQLè¯­å¥ ] : INSERT INTO `m_team` (`tid`,`tname`,`qtname`) VALUES (1571,'å·´æ‹‰çº³ç«æŠ€','å·´æ‹‰çº³ç«æŠ€')
ERR: 1062:Duplicate entry '2277' for key 'PRIMARY'
 [ SQLè¯­å¥ ] : INSERT INTO `m_team` (`tid`,`tname`,`qtname`) VALUES (2277,'å·´ä¼Šäº\š','å·´ä¼Šäº\š')
ERR: 1062:Duplicate entry '1575' for key 'PRIMARY'
 [ SQLè¯­å¥ ] : INSERT INTO `m_team` (`tid`,`tname`,`qtname`) VALUES (1575,'å…‹é²å¡ç½—','å…‹é²å¡ç½—')
ERR: 1062:Duplicate entry '6186' for key 'PRIMARY'
 [ SQLè¯­å¥ ] : INSERT INTO `m_team` (`tid`,`tname`,`qtname`) VALUES (6186,'è´¹åŸè”åˆ','è´¹åŸè”åˆ')
ERR: 1062:Duplicate entry '499' for key 'PRIMARY'
 [ SQLè¯­å¥ ] : INSERT INTO `m_team` (`tid`,`tname`,`qtname`) VALUES (499,'åœ£ä½•å¡åœ°éœ\‡','åœ£ä½•å¡åœ°éœ\‡')
ERR: 1062:Duplicate entry '3608' for key 'PRIMARY'
 [ SQLè¯­å¥ ] : INSERT INTO `m_team` (`tid`,`tname`,`qtname`) VALUES (3608,'æˆˆå¤šä¼Šå…‹é²æ–¯','æˆˆå¤šä¼Šå…‹é²æ–¯')
ERR: 1062:Duplicate entry '864' for key 'PRIMARY'
 [ SQLè¯­å¥ ] : INSERT INTO `m_team` (`tid`,`tname`,`qtname`) VALUES (864,'æ²³åºŠ','æ²³åºŠ')
ERR: 1062:Duplicate entry '4126' for key 'PRIMARY'
 [ SQLè¯­å¥ ] : INSERT INTO `m_team` (`tid`,`tname`,`qtname`) VALUES (4126,'æœ­å¹Œå†ˆè¨å¤\š','æœ­å¹Œå†ˆè¨å¤\š')
ERR: 1062:Duplicate entry '3834' for key 'PRIMARY'
 [ SQLè¯­å¥ ] : INSERT INTO `m_team` (`tid`,`tname`,`qtname`) VALUES (3834,'æ¥æœ¨SC','æ¥æœ¨SC')
ERR: 1062:Duplicate entry '913' for key 'PRIMARY'
 [ SQLè¯­å¥ ] : INSERT INTO `m_team` (`tid`,`tname`,`qtname`) VALUES (913,'å¡å°”é©\¬','å¡å°”é©\¬')
ERR: 1062:Duplicate entry '2640' for key 'PRIMARY'
 [ SQLè¯­å¥ ] : INSERT INTO `m_team` (`tid`,`tname`,`qtname`) VALUES (2640,'è€¶å¤«å‹\’','è€¶å¤«å‹\’')
ERR: 1062:Duplicate entry '1355' for key 'PRIMARY'
 [ SQLè¯­å¥ ] : INSERT INTO `m_team` (`tid`,`tname`,`qtname`) VALUES (1355,'ä½åŠ é¡¿æ–¯','ä½åŠ é¡¿æ–¯')
ERR: 1062:Duplicate entry '695' for key 'PRIMARY'
 [ SQLè¯­å¥ ] : INSERT INTO `m_team` (`tid`,`tname`,`qtname`) VALUES (695,'æ³¢é¸¿','æ³¢é¸¿')
ERR: 1062:Duplicate entry '660' for key 'PRIMARY'
 [ SQLè¯­å¥ ] : INSERT INTO `m_team` (`tid`,`tname`,`qtname`) VALUES (660,'æŸæ—è”åˆ','æŸæ—è”åˆ')
ERR: 1062:Duplicate entry '1072' for key 'PRIMARY'
 [ SQLè¯­å¥ ] : INSERT INTO `m_team` (`tid`,`tname`,`qtname`) VALUES (1072,'æ›¼å½»æ–¯ç‰¹åŸ\','æ›¼å½»æ–¯ç‰¹åŸ\')
ERR: 1062:Duplicate entry '1011' for key 'PRIMARY'
 [ SQLè¯­å¥ ] : INSERT INTO `m_team` (`tid`,`tname`,`qtname`) VALUES (1011,'åˆ©ç‰©æµ\¦','åˆ©ç‰©æµ\¦')
ERR: 1062:Duplicate entry '1072' for key 'PRIMARY'
 [ SQLè¯­å¥ ] : INSERT INTO `m_team` (`tid`,`tname`,`qtname`) VALUES (1072,'æ›¼å½»æ–¯ç‰¹åŸ\','æ›¼å½»æ–¯ç‰¹åŸ\')
ERR: 1062:Duplicate entry '1011' for key 'PRIMARY'
 [ SQLè¯­å¥ ] : INSERT INTO `m_team` (`tid`,`tname`,`qtname`) VALUES (1011,'åˆ©ç‰©æµ\¦','åˆ©ç‰©æµ\¦')
ERR: 1062:Duplicate entry '719' for key 'PRIMARY'
 [ SQLè¯­å¥ ] : INSERT INTO `m_team` (`tid`,`tname`,`qtname`) VALUES (719,'å¸ƒæ‹‰åŠ\ ','å¸ƒæ‹‰åŠ\ ')
ERR: 1062:Duplicate entry '650' for key 'PRIMARY'
 [ SQLè¯­å¥ ] : INSERT INTO `m_team` (`tid`,`tname`,`qtname`) VALUES (650,'å·´åˆ—å¡è¯º','å·´åˆ—å¡è¯º')
ERR: 1062:Duplicate entry '1046' for key 'PRIMARY'
 [ SQLè¯­å¥ ] : INSERT INTO `m_team` (`tid`,`tname`,`qtname`) VALUES (1046,'é©¬å¾·é‡Œç«æŠ€','é©¬å¾·é‡Œç«æŠ€')

[ 2014-08-24T23:50:02+08:00 ] 127.0.0.1 /Home/Match/teamUpAll.html
ERR: 1062:Duplicate entry '1197' for key 'PRIMARY'
 [ SQLè¯­å¥ ] : INSERT INTO `m_team` (`tid`,`tname`,`qtname`) VALUES (1197,'æ–¯æ‰˜å…‹åŸ','æ–¯æ‰˜å…‹åŸ')
ERR: 1062:Duplicate entry '1238' for key 'PRIMARY'
 [ SQLè¯­å¥ ] : INSERT INTO `m_team` (`tid`,`tname`,`qtname`) VALUES (1238,'æ‰˜ç‰¹çº³å§†çƒ­åˆº','æ‰˜ç‰¹çº³å§†çƒ­åˆº')
ERR: 1062:Duplicate entry '954' for key 'PRIMARY'
 [ SQLè¯­å¥ ] : INSERT INTO `m_team` (`tid`,`tname`,`qtname`) VALUES (954,'å¥³ç‹å…¬å›­å·¡æ¸¸è€\…','å¥³ç‹å…¬å›­å·¡æ¸¸è€\…')
ERR: 1062:Duplicate entry '540' for key 'PRIMARY'
 [ SQLè¯­å¥ ] : INSERT INTO `m_team` (`tid`,`tname`,`qtname`) VALUES (540,'é˜¿è´¾å…‹æ–¯','é˜¿è´¾å…‹æ–¯')
ERR: 1062:Duplicate entry '466' for key 'PRIMARY'
 [ SQLè¯­å¥ ] : INSERT INTO `m_team` (`tid`,`tname`,`qtname`) VALUES (466,'æ¡‘å¾·å…\°','æ¡‘å¾·å…\°')
ERR: 1062:Duplicate entry '1075' for key 'PRIMARY'
 [ SQLè¯­å¥ ] : INSERT INTO `m_team` (`tid`,`tname`,`qtname`) VALUES (1075,'æ›¼å½»æ–¯ç‰¹è\”','æ›¼å½»æ–¯ç‰¹è\”')
ERR: 1062:Duplicate entry '1075' for key 'PRIMARY'
 [ SQLè¯­å¥ ] : INSERT INTO `m_team` (`tid`,`tname`,`qtname`) VALUES (1075,'æ›¼å½»æ–¯ç‰¹è\”','æ›¼å½»æ–¯ç‰¹è\”')
ERR: 1062:Duplicate entry '1075' for key 'PRIMARY'
 [ SQLè¯­å¥ ] : INSERT INTO `m_team` (`tid`,`tname`,`qtname`) VALUES (1075,'æ›¼å½»æ–¯ç‰¹è\”','æ›¼å½»æ–¯ç‰¹è\”')
ERR: 1062:Duplicate entry '494' for key 'PRIMARY'
 [ SQLè¯­å¥ ] : INSERT INTO `m_team` (`tid`,`tname`,`qtname`) VALUES (494,'åœ£åŸƒè’‚å®‰','åœ£åŸƒè’‚å®‰')
ERR: 1062:Duplicate entry '990' for key 'PRIMARY'
 [ SQLè¯­å¥ ] : INSERT INTO `m_team` (`tid`,`tname`,`qtname`) VALUES (990,'é›·æ©','é›·æ©')
ERR: 1062:Duplicate entry '725' for key 'PRIMARY'
 [ SQLè¯­å¥ ] : INSERT INTO `m_team` (`tid`,`tname`,`qtname`) VALUES (725,'æ¯”å…°å°¼å¡æ–\¯','æ¯”å…°å°¼å¡æ–\¯')
ERR: 1062:Duplicate entry '1099' for key 'PRIMARY'
 [ SQLè¯­å¥ ] : INSERT INTO `m_team` (`tid`,`tname`,`qtname`) VALUES (1099,'è‘¡è„ç‰™å›½æ°\‘','è‘¡è„ç‰™å›½æ°\‘')
ERR: 1062:Duplicate entry '1089' for key 'PRIMARY'
 [ SQLè¯­å¥ ] : INSERT INTO `m_team` (`tid`,`tname`,`qtname`) VALUES (1089,'é—¨å…´æ ¼æ‹‰å¾·å·´èµ\«','é—¨å…´æ ¼æ‹‰å¾·å·´èµ\«')
ERR: 1062:Duplicate entry '1195' for key 'PRIMARY'
 [ SQLè¯­å¥ ] : INSERT INTO `m_team` (`tid`,`tname`,`qtname`) VALUES (1195,'æ–¯å›¾åŠ ç‰¹','æ–¯å›¾åŠ ç‰¹')
ERR: 1062:Duplicate entry '563' for key 'PRIMARY'
 [ SQLè¯­å¥ ] : INSERT INTO `m_team` (`tid`,`tname`,`qtname`) VALUES (563,'åŸƒå°”å¤«æ–¯å \¡','åŸƒå°”å¤«æ–¯å \¡')
ERR: 1062:Duplicate entry '850' for key 'PRIMARY'
 [ SQLè¯­å¥ ] : INSERT INTO `m_team` (`tid`,`tname`,`qtname`) VALUES (850,'èµ«æ ¹','èµ«æ ¹')
ERR: 1062:Duplicate entry '463' for key 'PRIMARY'
 [ SQLè¯­å¥ ] : INSERT INTO `m_team` (`tid`,`tname`,`qtname`) VALUES (463,'å¡å›¾å·´å°”','å¡å›¾å·´å°”')
ERR: 1062:Duplicate entry '1263' for key 'PRIMARY'
 [ SQLè¯­å¥ ] : INSERT INTO `m_team` (`tid`,`tname`,`qtname`) VALUES (1263,'å‰ç»´æ£®ç‰¹','å‰ç»´æ£®ç‰¹')
ERR: 1062:Duplicate entry '1616' for key 'PRIMARY'
 [ SQLè¯­å¥ ] : INSERT INTO `m_team` (`tid`,`tname`,`qtname`) VALUES (1616,'åŸƒæ–¯æ‰˜é‡Œå°\”','åŸƒæ–¯æ‰˜é‡Œå°\”')
ERR: 1062:Duplicate entry '1002' for key 'PRIMARY'
 [ SQLè¯­å¥ ] : INSERT INTO `m_team` (`tid`,`tname`,`qtname`) VALUES (1002,'é‡Œå¥¥é˜¿ç»´','é‡Œå¥¥é˜¿ç»´')
ERR: 1062:Duplicate entry '3488' for key 'PRIMARY'
 [ SQLè¯­å¥ ] : INSERT INTO `m_team` (`tid`,`tname`,`qtname`) VALUES (3488,'æµ·äºæ ¼æ¾','æµ·äºæ ¼æ¾')
ERR: 1062:Duplicate entry '1035' for key 'PRIMARY'
 [ SQLè¯­å¥ ] : INSERT INTO `m_team` (`tid`,`tname`,`qtname`) VALUES (1035,'ç½—æ£®åšæ ¼','ç½—æ£®åšæ ¼')
ERR: 1062:Duplicate entry '1328' for key 'PRIMARY'
 [ SQLè¯­å¥ ] : INSERT INTO `m_team` (`tid`,`tname`,`qtname`) VALUES (1328,'æ¾è¾¾å°\”','æ¾è¾¾å°\”')
ERR: 1062:Duplicate entry '1009' for key 'PRIMARY'
 [ SQLè¯­å¥ ] : INSERT INTO `m_team` (`tid`,`tname`,`qtname`) VALUES (1009,'åˆ©å‹’æ–¯ç‰¹ç½—å§†','åˆ©å‹’æ–¯ç‰¹ç½—å§†')
ERR: 1062:Duplicate entry '1179' for key 'PRIMARY'
 [ SQLè¯­å¥ ] : INSERT INTO `m_team` (`tid`,`tname`,`qtname`) VALUES (1179,'çƒ­é‚£äº\š','çƒ­é‚£äº\š')
ERR: 1062:Duplicate entry '562' for key 'PRIMARY'
 [ SQLè¯­å¥ ] : INSERT INTO `m_team` (`tid`,`tname`,`qtname`) VALUES (562,'åŸƒç“¦å°\”','åŸƒç“¦å°\”')
ERR: 1062:Duplicate entry '885' for key 'PRIMARY'
 [ SQLè¯­å¥ ] : INSERT INTO `m_team` (`tid`,`tname`,`qtname`) VALUES (885,'çš‡å®¶ç¤¾ä¼š','çš‡å®¶ç¤¾ä¼š')
ERR: 1062:Duplicate entry '1109' for key 'PRIMARY'
 [ SQLè¯­å¥ ] : INSERT INTO `m_team` (`tid`,`tname`,`qtname`) VALUES (1109,'è«å°”å¾\·','è«å°”å¾\·')
ERR: 1062:Duplicate entry '546' for key 'PRIMARY'
 [ SQLè¯­å¥ ] : INSERT INTO `m_team` (`tid`,`tname`,`qtname`) VALUES (546,'å¥¥å‹’æ\¾','å¥¥å‹’æ\¾')
ERR: 1062:Duplicate entry '467' for key 'PRIMARY'
 [ SQLè¯­å¥ ] : INSERT INTO `m_team` (`tid`,`tname`,`qtname`) VALUES (467,'åœ£æ´›ä¼¦ç´¢','åœ£æ´›ä¼¦ç´¢')
ERR: 1062:Duplicate entry '639' for key 'PRIMARY'
 [ SQLè¯­å¥ ] : INSERT INTO `m_team` (`tid`,`tname`,`qtname`) VALUES (639,'ç­è²å°”å¾·','ç­è²å°”å¾·')
ERR: 1062:Duplicate entry '963' for key 'PRIMARY'
 [ SQLè¯­å¥ ] : INSERT INTO `m_team` (`tid`,`tname`,`qtname`) VALUES (963,'æ‹‰åŠªæ–\¯','æ‹‰åŠªæ–\¯')
ERR: 1062:Duplicate entry '569' for key 'PRIMARY'
 [ SQLè¯­å¥ ] : INSERT INTO `m_team` (`tid`,`tname`,`qtname`) VALUES (569,'æ‹‰æ™®æ‹‰å¡”å¤§å­¦ç”\Ÿ','æ‹‰æ™®æ‹‰å¡”å¤§å­¦ç”\Ÿ')
ERR: 1062:Duplicate entry '709' for key 'PRIMARY'
 [ SQLè¯­å¥ ] : INSERT INTO `m_team` (`tid`,`tname`,`qtname`) VALUES (709,'åšé˜¿ç»´æ–¯å¡\”','åšé˜¿ç»´æ–¯å¡\”')
ERR: 1062:Duplicate entry '678' for key 'PRIMARY'
 [ SQLè¯­å¥ ] : INSERT INTO `m_team` (`tid`,`tname`,`qtname`) VALUES (678,'æœ¬è²å\¡','æœ¬è²å\¡')
ERR: 1062:Duplicate entry '1276' for key 'PRIMARY'
 [ SQLè¯­å¥ ] : INSERT INTO `m_team` (`tid`,`tname`,`qtname`) VALUES (1276,'ä¹Œè¿ªå†…æ–¯','ä¹Œè¿ªå†…æ–¯')
ERR: 1062:Duplicate entry '1276' for key 'PRIMARY'
 [ SQLè¯­å¥ ] : INSERT INTO `m_team` (`tid`,`tname`,`qtname`) VALUES (1276,'ä¹Œè¿ªå†…æ–¯','ä¹Œè¿ªå†…æ–¯')
ERR: 1062:Duplicate entry '1129' for key 'PRIMARY'
 [ SQLè¯­å¥ ] : INSERT INTO `m_team` (`tid`,`tname`,`qtname`) VALUES (1129,'å—ç‰¹','å—ç‰¹')
ERR: 1062:Duplicate entry '1105' for key 'PRIMARY'
 [ SQLè¯­å¥ ] : INSERT INTO `m_team` (`tid`,`tname`,`qtname`) VALUES (1105,'æ‘©çº³å“\¥','æ‘©çº³å“\¥')
ERR: 1062:Duplicate entry '1580' for key 'PRIMARY'
 [ SQLè¯­å¥ ] : INSERT INTO `m_team` (`tid`,`tname`,`qtname`) VALUES (1580,'æ ¼é›·ç±³å¥¥','æ ¼é›·ç±³å¥¥')
ERR: 1062:Duplicate entry '1572' for key 'PRIMARY'
 [ SQLè¯­å¥ ] : INSERT INTO `m_team` (`tid`,`tname`,`qtname`) VALUES (1572,'ç§‘æ—è’‚å®‰','ç§‘æ—è’‚å®‰')
ERR: 1062:Duplicate entry '1577' for key 'PRIMARY'
 [ SQLè¯­å¥ ] : INSERT INTO `m_team` (`tid`,`tname`,`qtname`) VALUES (1577,'å¼—æ‹‰é—¨æˆˆ','å¼—æ‹‰é—¨æˆˆ')
ERR: 1062:Duplicate entry '1578' for key 'PRIMARY'
 [ SQLè¯­å¥ ] : INSERT INTO `m_team` (`tid`,`tname`,`qtname`) VALUES (1578,'å¼—é²ç±³å«©å¡\','å¼—é²ç±³å«©å¡\')
ERR: 1062:Duplicate entry '3988' for key 'PRIMARY'
 [ SQLè¯­å¥ ] : INSERT INTO `m_team` (`tid`,`tname`,`qtname`) VALUES (3988,'ç´¯è¥¿è…“ä½“è‚\²','ç´¯è¥¿è…“ä½“è‚\²')
ERR: 1062:Duplicate entry '1385' for key 'PRIMARY'
 [ SQLè¯­å¥ ] : INSERT INTO `m_team` (`tid`,`tname`,`qtname`) VALUES (1385,'åœ£ä¿ç½\—','åœ£ä¿ç½\—')
ERR: 1062:Duplicate entry '472' for key 'PRIMARY'
 [ SQLè¯­å¥ ] : INSERT INTO `m_team` (`tid`,`tname`,`qtname`) VALUES (472,'æ¡‘æ‰˜æ–\¯','æ¡‘æ‰˜æ–\¯')
ERR: 1062:Duplicate entry '1589' for key 'PRIMARY'
 [ SQLè¯­å¥ ] : INSERT INTO `m_team` (`tid`,`tname`,`qtname`) VALUES (1589,'ç»´å¤šåˆ©äºš','ç»´å¤šåˆ©äºš')
ERR: 1062:Duplicate entry '1576' for key 'PRIMARY'
 [ SQLè¯­å¥ ] : INSERT INTO `m_team` (`tid`,`tname`,`qtname`) VALUES (1576,'è´¹å¤åŸƒä¼¦æ–\¯','è´¹å¤åŸƒä¼¦æ–\¯')
ERR: 1062:Duplicate entry '953' for key 'PRIMARY'
 [ SQLè¯­å¥ ] : INSERT INTO `m_team` (`tid`,`tname`,`qtname`) VALUES (953,'åŸºå°”æ¢…æ–¯','åŸºå°”æ¢…æ–¯')
ERR: 1062:Duplicate entry '985' for key 'PRIMARY'
 [ SQLè¯­å¥ ] : INSERT INTO `m_team` (`tid`,`tname`,`qtname`) VALUES (985,'è±ä¸‡ç‰\¹','è±ä¸‡ç‰\¹')
ERR: 1062:Duplicate entry '683' for key 'PRIMARY'
 [ SQLè¯­å¥ ] : INSERT INTO `m_team` (`tid`,`tname`,`qtname`) VALUES (683,'æ¯”åˆ©äºšé›·äºšå°”','æ¯”åˆ©äºšé›·äºšå°”')
ERR: 1062:Duplicate entry '4286' for key 'PRIMARY'
 [ SQLè¯­å¥ ] : INSERT INTO `m_team` (`tid`,`tname`,`qtname`) VALUES (4286,'è¥¿é›…å›¾æµ·æ¹¾äºº','è¥¿é›…å›¾æµ·æ¹¾äºº')
ERR: 1062:Duplicate entry '705' for key 'PRIMARY'
 [ SQLè¯­å¥ ] : INSERT INTO `m_team` (`tid`,`tname`,`qtname`) VALUES (705,'åšå¡é’å¹´','åšå¡é’å¹´')
ERR: 1062:Duplicate entry '1183' for key 'PRIMARY'
 [ SQLè¯­å¥ ] : INSERT INTO `m_team` (`tid`,`tname`,`qtname`) VALUES (1183,'æ‹‰æ–æ‹‰ç«æŠ€','æ‹‰æ–æ‹‰ç«æŠ€')
ERR: 1062:Duplicate entry '1571' for key 'PRIMARY'
 [ SQLè¯­å¥ ] : INSERT INTO `m_team` (`tid`,`tname`,`qtname`) VALUES (1571,'å·´æ‹‰çº³ç«æŠ€','å·´æ‹‰çº³ç«æŠ€')
ERR: 1062:Duplicate entry '2277' for key 'PRIMARY'
 [ SQLè¯­å¥ ] : INSERT INTO `m_team` (`tid`,`tname`,`qtname`) VALUES (2277,'å·´ä¼Šäº\š','å·´ä¼Šäº\š')
ERR: 1062:Duplicate entry '1575' for key 'PRIMARY'
 [ SQLè¯­å¥ ] : INSERT INTO `m_team` (`tid`,`tname`,`qtname`) VALUES (1575,'å…‹é²å¡ç½—','å…‹é²å¡ç½—')
ERR: 1062:Duplicate entry '6186' for key 'PRIMARY'
 [ SQLè¯­å¥ ] : INSERT INTO `m_team` (`tid`,`tname`,`qtname`) VALUES (6186,'è´¹åŸè”åˆ','è´¹åŸè”åˆ')
ERR: 1062:Duplicate entry '499' for key 'PRIMARY'
 [ SQLè¯­å¥ ] : INSERT INTO `m_team` (`tid`,`tname`,`qtname`) VALUES (499,'åœ£ä½•å¡åœ°éœ\‡','åœ£ä½•å¡åœ°éœ\‡')
ERR: 1062:Duplicate entry '3608' for key 'PRIMARY'
 [ SQLè¯­å¥ ] : INSERT INTO `m_team` (`tid`,`tname`,`qtname`) VALUES (3608,'æˆˆå¤šä¼Šå…‹é²æ–¯','æˆˆå¤šä¼Šå…‹é²æ–¯')
ERR: 1062:Duplicate entry '864' for key 'PRIMARY'
 [ SQLè¯­å¥ ] : INSERT INTO `m_team` (`tid`,`tname`,`qtname`) VALUES (864,'æ²³åºŠ','æ²³åºŠ')
ERR: 1062:Duplicate entry '4126' for key 'PRIMARY'
 [ SQLè¯­å¥ ] : INSERT INTO `m_team` (`tid`,`tname`,`qtname`) VALUES (4126,'æœ­å¹Œå†ˆè¨å¤\š','æœ­å¹Œå†ˆè¨å¤\š')
ERR: 1062:Duplicate entry '3834' for key 'PRIMARY'
 [ SQLè¯­å¥ ] : INSERT INTO `m_team` (`tid`,`tname`,`qtname`) VALUES (3834,'æ¥æœ¨SC','æ¥æœ¨SC')
ERR: 1062:Duplicate entry '913' for key 'PRIMARY'
 [ SQLè¯­å¥ ] : INSERT INTO `m_team` (`tid`,`tname`,`qtname`) VALUES (913,'å¡å°”é©\¬','å¡å°”é©\¬')
ERR: 1062:Duplicate entry '2640' for key 'PRIMARY'
 [ SQLè¯­å¥ ] : INSERT INTO `m_team` (`tid`,`tname`,`qtname`) VALUES (2640,'è€¶å¤«å‹\’','è€¶å¤«å‹\’')
ERR: 1062:Duplicate entry '1355' for key 'PRIMARY'
 [ SQLè¯­å¥ ] : INSERT INTO `m_team` (`tid`,`tname`,`qtname`) VALUES (1355,'ä½åŠ é¡¿æ–¯','ä½åŠ é¡¿æ–¯')
ERR: 1062:Duplicate entry '695' for key 'PRIMARY'
 [ SQLè¯­å¥ ] : INSERT INTO `m_team` (`tid`,`tname`,`qtname`) VALUES (695,'æ³¢é¸¿','æ³¢é¸¿')
ERR: 1062:Duplicate entry '660' for key 'PRIMARY'
 [ SQLè¯­å¥ ] : INSERT INTO `m_team` (`tid`,`tname`,`qtname`) VALUES (660,'æŸæ—è”åˆ','æŸæ—è”åˆ')
ERR: 1062:Duplicate entry '1072' for key 'PRIMARY'
 [ SQLè¯­å¥ ] : INSERT INTO `m_team` (`tid`,`tname`,`qtname`) VALUES (1072,'æ›¼å½»æ–¯ç‰¹åŸ\','æ›¼å½»æ–¯ç‰¹åŸ\')
ERR: 1062:Duplicate entry '1011' for key 'PRIMARY'
 [ SQLè¯­å¥ ] : INSERT INTO `m_team` (`tid`,`tname`,`qtname`) VALUES (1011,'åˆ©ç‰©æµ\¦','åˆ©ç‰©æµ\¦')
ERR: 1062:Duplicate entry '1072' for key 'PRIMARY'
 [ SQLè¯­å¥ ] : INSERT INTO `m_team` (`tid`,`tname`,`qtname`) VALUES (1072,'æ›¼å½»æ–¯ç‰¹åŸ\','æ›¼å½»æ–¯ç‰¹åŸ\')
ERR: 1062:Duplicate entry '1011' for key 'PRIMARY'
 [ SQLè¯­å¥ ] : INSERT INTO `m_team` (`tid`,`tname`,`qtname`) VALUES (1011,'åˆ©ç‰©æµ\¦','åˆ©ç‰©æµ\¦')
ERR: 1062:Duplicate entry '719' for key 'PRIMARY'
 [ SQLè¯­å¥ ] : INSERT INTO `m_team` (`tid`,`tname`,`qtname`) VALUES (719,'å¸ƒæ‹‰åŠ\ ','å¸ƒæ‹‰åŠ\ ')
ERR: 1062:Duplicate entry '650' for key 'PRIMARY'
 [ SQLè¯­å¥ ] : INSERT INTO `m_team` (`tid`,`tname`,`qtname`) VALUES (650,'å·´åˆ—å¡è¯º','å·´åˆ—å¡è¯º')
ERR: 1062:Duplicate entry '1046' for key 'PRIMARY'
 [ SQLè¯­å¥ ] : INSERT INTO `m_team` (`tid`,`tname`,`qtname`) VALUES (1046,'é©¬å¾·é‡Œç«æŠ€','é©¬å¾·é‡Œç«æŠ€')

