[ 2014-08-26T00:07:53+08:00 ] 127.0.0.1 /Home/Index/test.html
ERR: 1146:Table 'match.m_get_team_by_id' doesn't exist
 [ SQLè¯­å¥ ] : SHOW COLUMNS FROM `m_get_team_by_id`

[ 2014-08-26T00:11:46+08:00 ] 127.0.0.1 /Home/Index/test.html
ERR: 1146:Table 'match.__team__' doesn't exist
 [ SQLè¯­å¥ ] : select tid,qtname from __TEAM__ where tid in (211,350)

[ 2014-08-26T00:12:22+08:00 ] 127.0.0.1 /Home/Index/test.html
ERR: 1146:Table 'match.__team__' doesn't exist
 [ SQLè¯­å¥ ] : select tid,qtname from __TEAM__ where tid in (211,350)

[ 2014-08-26T00:14:21+08:00 ] 127.0.0.1 /Home/Index/test.html
ERR: 1146:Table 'match.__team__' doesn't exist
 [ SQLè¯­å¥ ] : select tid,qtname from __TEAM__ where tid in (211,350)

[ 2014-08-26T00:14:22+08:00 ] 127.0.0.1 /Home/Index/test.html
ERR: 1146:Table 'match.__team__' doesn't exist
 [ SQLè¯­å¥ ] : select tid,qtname from __TEAM__ where tid in (211,350)

[ 2014-08-26T00:14:39+08:00 ] 127.0.0.1 /Home/Index/test.html
ERR: 1146:Table 'match.__team__' doesn't exist
 [ SQLè¯­å¥ ] : select tid,qtname from __TEAM__ where tid in (211,350)

[ 2014-08-26T00:14:58+08:00 ] 127.0.0.1 /Home/Index/test.html
ERR: 1146:Table 'match.team' doesn't exist
 [ SQLè¯­å¥ ] : select tid,qtname from team where tid in (211,350)

[ 2014-08-26T00:15:31+08:00 ] 127.0.0.1 /Home/Index/test.html
ERR: 1146:Table 'match.__team__' doesn't exist
 [ SQLè¯­å¥ ] : select tid,qtname from __TEAM__ where tid in (211,350)

[ 2014-08-26T00:15:50+08:00 ] 127.0.0.1 /Home/Index/test.html
ERR: 1146:Table 'match.__team__' doesn't exist
 [ SQLè¯­å¥ ] : select tid,qtname from __TEAM__ where tid in (211,350)

[ 2014-08-26T00:16:32+08:00 ] 127.0.0.1 /Home/Index/test.html
ERR: 1146:Table 'match.__team__' doesn't exist
 [ SQLè¯­å¥ ] : select tid,qtname from __TEAM__ where tid in (211,350)

[ 2014-08-26T00:16:43+08:00 ] 127.0.0.1 /Home/Index/test.html
ERR: 1146:Table 'match.__team__' doesn't exist
 [ SQLè¯­å¥ ] : select tid,qtname from __team__ where tid in (211,350)

[ 2014-08-26T00:21:07+08:00 ] 127.0.0.1 /Home/Match/teamUpAll.html
ERR: 1062:Duplicate entry '913' for key 'PRIMARY'
 [ SQLè¯­å¥ ] : INSERT INTO `m_team` (`tid`,`tname`,`qtname`) VALUES (913,'å¡å°”é©\¬','å¡å°”é©\¬')
ERR: 1062:Duplicate entry '2640' for key 'PRIMARY'
 [ SQLè¯­å¥ ] : INSERT INTO `m_team` (`tid`,`tname`,`qtname`) VALUES (2640,'è€¶å¤«å‹\’','è€¶å¤«å‹\’')
ERR: 1062:Duplicate entry '1355' for key 'PRIMARY'
 [ SQLè¯­å¥ ] : INSERT INTO `m_team` (`tid`,`tname`,`qtname`) VALUES (1355,'ä½åŠ é¡¿æ–¯','ä½åŠ é¡¿æ–¯')
ERR: 1062:Duplicate entry '3053' for key 'PRIMARY'
 [ SQLè¯­å¥ ] : INSERT INTO `m_team` (`tid`,`tname`,`qtname`) VALUES (3053,'é˜¿è´¾å…‹æ–¯é’å¹´é˜\Ÿ','é˜¿è´¾å…‹æ–¯é’å¹´é˜\Ÿ')
ERR: 1062:Duplicate entry '782' for key 'PRIMARY'
 [ SQLè¯­å¥ ] : INSERT INTO `m_team` (`tid`,`tname`,`qtname`) VALUES (782,'æ ¼æ‹‰å¤«å¤æ™\®','æ ¼æ‹‰å¤«å¤æ™\®')
ERR: 1062:Duplicate entry '385' for key 'PRIMARY'
 [ SQLè¯­å¥ ] : INSERT INTO `m_team` (`tid`,`tname`,`qtname`) VALUES (385,'ç“¦å°”éŸ¦å…‹','ç“¦å°”éŸ¦å…‹')
ERR: 1062:Duplicate entry '1797' for key 'PRIMARY'
 [ SQLè¯­å¥ ] : INSERT INTO `m_team` (`tid`,`tname`,`qtname`) VALUES (1797,'åŸƒå› éœæ¸©FC','åŸƒå› éœæ¸©FC')
ERR: 1062:Duplicate entry '2848' for key 'PRIMARY'
 [ SQLè¯­å¥ ] : INSERT INTO `m_team` (`tid`,`tname`,`qtname`) VALUES (2848,'é˜¿å°”æ¢…å‹’åŸ\','é˜¿å°”æ¢…å‹’åŸ\')
ERR: 1062:Duplicate entry '2426' for key 'PRIMARY'
 [ SQLè¯­å¥ ] : INSERT INTO `m_team` (`tid`,`tname`,`qtname`) VALUES (2426,'åŸƒé—¨','åŸƒé—¨')
ERR: 1062:Duplicate entry '1172' for key 'PRIMARY'
 [ SQLè¯­å¥ ] : INSERT INTO `m_team` (`tid`,`tname`,`qtname`) VALUES (1172,'å¥¥æ–¯','å¥¥æ–¯')
ERR: 1062:Duplicate entry '435' for key 'PRIMARY'
 [ SQLè¯­å¥ ] : INSERT INTO `m_team` (`tid`,`tname`,`qtname`) VALUES (435,'èŠ¬æ´›','èŠ¬æ´›')
ERR: 1062:Duplicate entry '1273' for key 'PRIMARY'
 [ SQLè¯­å¥ ] : INSERT INTO `m_team` (`tid`,`tname`,`qtname`) VALUES (1273,'ç¦ä¼¦ä¸\¹','ç¦ä¼¦ä¸\¹')
ERR: 1062:Duplicate entry '1030' for key 'PRIMARY'
 [ SQLè¯­å¥ ] : INSERT INTO `m_team` (`tid`,`tname`,`qtname`) VALUES (1030,'ç½—è¾¾JC','ç½—è¾¾JC')
ERR: 1062:Duplicate entry '1303' for key 'PRIMARY'
 [ SQLè¯­å¥ ] : INSERT INTO `m_team` (`tid`,`tname`,`qtname`) VALUES (1303,'ç¦å›¾çº³é”¡å¡”å¾·','ç¦å›¾çº³é”¡å¡”å¾·')
ERR: 1062:Duplicate entry '1799' for key 'PRIMARY'
 [ SQLè¯­å¥ ] : INSERT INTO `m_team` (`tid`,`tname`,`qtname`) VALUES (1799,'ç‰¹å°”æ–¯è¾¾','ç‰¹å°”æ–¯è¾¾')
ERR: 1062:Duplicate entry '5510' for key 'PRIMARY'
 [ SQLè¯­å¥ ] : INSERT INTO `m_team` (`tid`,`tname`,`qtname`) VALUES (5510,'ç‰¹æ¸©ç‰¹é’å¹´é˜Ÿ','ç‰¹æ¸©ç‰¹é’å¹´é˜Ÿ')
ERR: 1062:Duplicate entry '349' for key 'PRIMARY'
 [ SQLè¯­å¥ ] : INSERT INTO `m_team` (`tid`,`tname`,`qtname`) VALUES (349,'é©¬æ–¯ç‰¹é‡Œèµ«ç‰¹','é©¬æ–¯ç‰¹é‡Œèµ«ç‰¹')
ERR: 1062:Duplicate entry '518' for key 'PRIMARY'
 [ SQLè¯­å¥ ] : INSERT INTO `m_team` (`tid`,`tname`,`qtname`) VALUES (518,'é¹¿ç‰¹ä¸¹æ–¯å·´è¾¾','é¹¿ç‰¹ä¸¹æ–¯å·´è¾¾')
ERR: 1062:Duplicate entry '695' for key 'PRIMARY'
 [ SQLè¯­å¥ ] : INSERT INTO `m_team` (`tid`,`tname`,`qtname`) VALUES (695,'æ³¢é¸¿','æ³¢é¸¿')
ERR: 1062:Duplicate entry '660' for key 'PRIMARY'
 [ SQLè¯­å¥ ] : INSERT INTO `m_team` (`tid`,`tname`,`qtname`) VALUES (660,'æŸæ—è”åˆ','æŸæ—è”åˆ')
ERR: 1062:Duplicate entry '1072' for key 'PRIMARY'
 [ SQLè¯­å¥ ] : INSERT INTO `m_team` (`tid`,`tname`,`qtname`) VALUES (1072,'æ›¼å½»æ–¯ç‰¹åŸ\','æ›¼å½»æ–¯ç‰¹åŸ\')
ERR: 1062:Duplicate entry '1011' for key 'PRIMARY'
 [ SQLè¯­å¥ ] : INSERT INTO `m_team` (`tid`,`tname`,`qtname`) VALUES (1011,'åˆ©ç‰©æµ\¦','åˆ©ç‰©æµ\¦')
ERR: 1062:Duplicate entry '1072' for key 'PRIMARY'
 [ SQLè¯­å¥ ] : INSERT INTO `m_team` (`tid`,`tname`,`qtname`) VALUES (1072,'æ›¼å½»æ–¯ç‰¹åŸ\','æ›¼å½»æ–¯ç‰¹åŸ\')
ERR: 1062:Duplicate entry '1011' for key 'PRIMARY'
 [ SQLè¯­å¥ ] : INSERT INTO `m_team` (`tid`,`tname`,`qtname`) VALUES (1011,'åˆ©ç‰©æµ\¦','åˆ©ç‰©æµ\¦')
ERR: 1062:Duplicate entry '719' for key 'PRIMARY'
 [ SQLè¯­å¥ ] : INSERT INTO `m_team` (`tid`,`tname`,`qtname`) VALUES (719,'å¸ƒæ‹‰åŠ\ ','å¸ƒæ‹‰åŠ\ ')
ERR: 1062:Duplicate entry '650' for key 'PRIMARY'
 [ SQLè¯­å¥ ] : INSERT INTO `m_team` (`tid`,`tname`,`qtname`) VALUES (650,'å·´åˆ—å¡è¯º','å·´åˆ—å¡è¯º')
ERR: 1062:Duplicate entry '1046' for key 'PRIMARY'
 [ SQLè¯­å¥ ] : INSERT INTO `m_team` (`tid`,`tname`,`qtname`) VALUES (1046,'é©¬å¾·é‡Œç«æŠ€','é©¬å¾·é‡Œç«æŠ€')
ERR: 1062:Duplicate entry '691' for key 'PRIMARY'
 [ SQLè¯­å¥ ] : INSERT INTO `m_team` (`tid`,`tname`,`qtname`) VALUES (691,'æ ‡å‡†åˆ—æ—¥','æ ‡å‡†åˆ—æ—¥')
ERR: 1062:Duplicate entry '496' for key 'PRIMARY'
 [ SQLè¯­å¥ ] : INSERT INTO `m_team` (`tid`,`tname`,`qtname`) VALUES (496,'åœ£å½¼å¾—å ¡æ³½å°¼ç‰\¹','åœ£å½¼å¾—å ¡æ³½å°¼ç‰\¹')
ERR: 1062:Duplicate entry '691' for key 'PRIMARY'
 [ SQLè¯­å¥ ] : INSERT INTO `m_team` (`tid`,`tname`,`qtname`) VALUES (691,'æ ‡å‡†åˆ—æ—¥','æ ‡å‡†åˆ—æ—¥')
ERR: 1062:Duplicate entry '1146' for key 'PRIMARY'
 [ SQLè¯­å¥ ] : INSERT INTO `m_team` (`tid`,`tname`,`qtname`) VALUES (1146,'æ¬§å¡å°\”','æ¬§å¡å°\”')
ERR: 1062:Duplicate entry '1130' for key 'PRIMARY'
 [ SQLè¯­å¥ ] : INSERT INTO `m_team` (`tid`,`tname`,`qtname`) VALUES (1130,'å—é”¡','å—é”¡')
ERR: 1062:Duplicate entry '1146' for key 'PRIMARY'
 [ SQLè¯­å¥ ] : INSERT INTO `m_team` (`tid`,`tname`,`qtname`) VALUES (1146,'æ¬§å¡å°\”','æ¬§å¡å°\”')
ERR: 1062:Duplicate entry '1130' for key 'PRIMARY'
 [ SQLè¯­å¥ ] : INSERT INTO `m_team` (`tid`,`tname`,`qtname`) VALUES (1130,'å—é”¡','å—é”¡')
ERR: 1062:Duplicate entry '560' for key 'PRIMARY'
 [ SQLè¯­å¥ ] : INSERT INTO `m_team` (`tid`,`tname`,`qtname`) VALUES (560,'é˜¿é›…å…‹è‚–','é˜¿é›…å…‹è‚–')
ERR: 1062:Duplicate entry '1225' for key 'PRIMARY'
 [ SQLè¯­å¥ ] : INSERT INTO `m_team` (`tid`,`tname`,`qtname`) VALUES (1225,'ç‰¹é²ç“\¦','ç‰¹é²ç“\¦')
ERR: 1062:Duplicate entry '560' for key 'PRIMARY'
 [ SQLè¯­å¥ ] : INSERT INTO `m_team` (`tid`,`tname`,`qtname`) VALUES (560,'é˜¿é›…å…‹è‚–','é˜¿é›…å…‹è‚–')
ERR: 1062:Duplicate entry '485' for key 'PRIMARY'
 [ SQLè¯­å¥ ] : INSERT INTO `m_team` (`tid`,`tname`,`qtname`) VALUES (485,'æ²™æ‰˜é²\','æ²™æ‰˜é²\')
ERR: 1062:Duplicate entry '944' for key 'PRIMARY'
 [ SQLè¯­å¥ ] : INSERT INTO `m_team` (`tid`,`tname`,`qtname`) VALUES (944,'å…‹è±è’\™','å…‹è±è’\™')
ERR: 1062:Duplicate entry '485' for key 'PRIMARY'
 [ SQLè¯­å¥ ] : INSERT INTO `m_team` (`tid`,`tname`,`qtname`) VALUES (485,'æ²™æ‰˜é²\','æ²™æ‰˜é²\')
ERR: 1062:Duplicate entry '944' for key 'PRIMARY'
 [ SQLè¯­å¥ ] : INSERT INTO `m_team` (`tid`,`tname`,`qtname`) VALUES (944,'å…‹è±è’\™','å…‹è±è’\™')
ERR: 1062:Duplicate entry '4596' for key 'PRIMARY'
 [ SQLè¯­å¥ ] : INSERT INTO `m_team` (`tid`,`tname`,`qtname`) VALUES (4596,'é˜¿å°”å‹\’','é˜¿å°”å‹\’')
ERR: 1062:Duplicate entry '4596' for key 'PRIMARY'
 [ SQLè¯­å¥ ] : INSERT INTO `m_team` (`tid`,`tname`,`qtname`) VALUES (4596,'é˜¿å°”å‹\’','é˜¿å°”å‹\’')
ERR: 1062:Duplicate entry '966' for key 'PRIMARY'
 [ SQLè¯­å¥ ] : INSERT INTO `m_team` (`tid`,`tname`,`qtname`) VALUES (966,'æ‹‰ç“¦å‹\’','æ‹‰ç“¦å‹\’')
ERR: 1062:Duplicate entry '774' for key 'PRIMARY'
 [ SQLè¯­å¥ ] : INSERT INTO `m_team` (`tid`,`tname`,`qtname`) VALUES (774,'ç¬¬æˆ','ç¬¬æˆ')
ERR: 1062:Duplicate entry '966' for key 'PRIMARY'
 [ SQLè¯­å¥ ] : INSERT INTO `m_team` (`tid`,`tname`,`qtname`) VALUES (966,'æ‹‰ç“¦å‹\’','æ‹‰ç“¦å‹\’')
ERR: 1062:Duplicate entry '774' for key 'PRIMARY'
 [ SQLè¯­å¥ ] : INSERT INTO `m_team` (`tid`,`tname`,`qtname`) VALUES (774,'ç¬¬æˆ','ç¬¬æˆ')
ERR: 1062:Duplicate entry '5468' for key 'PRIMARY'
 [ SQLè¯­å¥ ] : INSERT INTO `m_team` (`tid`,`tname`,`qtname`) VALUES (5468,'åŸƒå› éœæ¸©é’å¹´é˜\Ÿ','åŸƒå› éœæ¸©é’å¹´é˜\Ÿ')
ERR: 1062:Duplicate entry '3542' for key 'PRIMARY'
 [ SQLè¯­å¥ ] : INSERT INTO `m_team` (`tid`,`tname`,`qtname`) VALUES (3542,'æ‘©é¡¿','æ‘©é¡¿')
ERR: 1062:Duplicate entry '1148' for key 'PRIMARY'
 [ SQLè¯­å¥ ] : INSERT INTO `m_team` (`tid`,`tname`,`qtname`) VALUES (1148,'å¸•å°”è’‚å…‹','å¸•å°”è’‚å…‹')
ERR: 1062:Duplicate entry '604' for key 'PRIMARY'
 [ SQLè¯­å¥ ] : INSERT INTO `m_team` (`tid`,`tname`,`qtname`) VALUES (604,'å¥¥å°”å \¡','å¥¥å°”å \¡')
ERR: 1062:Duplicate entry '2510' for key 'PRIMARY'
 [ SQLè¯­å¥ ] : INSERT INTO `m_team` (`tid`,`tname`,`qtname`) VALUES (2510,'å¸Œè…Šäººç«æŠ€','å¸Œè…Šäººç«æŠ€')
ERR: 1062:Duplicate entry '604' for key 'PRIMARY'
 [ SQLè¯­å¥ ] : INSERT INTO `m_team` (`tid`,`tname`,`qtname`) VALUES (604,'å¥¥å°”å \¡','å¥¥å°”å \¡')
ERR: 1062:Duplicate entry '1474' for key 'PRIMARY'
 [ SQLè¯­å¥ ] : INSERT INTO `m_team` (`tid`,`tname`,`qtname`) VALUES (1474,'å¸ƒæ‹‰è¿ªæ–¯æ‹‰å‘','å¸ƒæ‹‰è¿ªæ–¯æ‹‰å‘')
ERR: 1062:Duplicate entry '926' for key 'PRIMARY'
 [ SQLè¯­å¥ ] : INSERT INTO `m_team` (`tid`,`tname`,`qtname`) VALUES (926,'å‡¯å°”ç‰¹äºº','å‡¯å°”ç‰¹äºº')
ERR: 1062:Duplicate entry '1523' for key 'PRIMARY'
 [ SQLè¯­å¥ ] : INSERT INTO `m_team` (`tid`,`tname`,`qtname`) VALUES (1523,'é©¬é‡Œåšå°”','é©¬é‡Œåšå°”')
ERR: 1062:Duplicate entry '998' for key 'PRIMARY'
 [ SQLè¯­å¥ ] : INSERT INTO `m_team` (`tid`,`tname`,`qtname`) VALUES (998,'é‡Œå°”','é‡Œå°”')
ERR: 1062:Duplicate entry '694' for key 'PRIMARY'
 [ SQLè¯­å¥ ] : INSERT INTO `m_team` (`tid`,`tname`,`qtname`) VALUES (694,'æ³¢å°”å›\¾','æ³¢å°”å›\¾')
ERR: 1062:Duplicate entry '998' for key 'PRIMARY'
 [ SQLè¯­å¥ ] : INSERT INTO `m_team` (`tid`,`tname`,`qtname`) VALUES (998,'é‡Œå°”','é‡Œå°”')
ERR: 1062:Duplicate entry '667' for key 'PRIMARY'
 [ SQLè¯­å¥ ] : INSERT INTO `m_team` (`tid`,`tname`,`qtname`) VALUES (667,'ä¼¯æ©èŒ…æ–¯','ä¼¯æ©èŒ…æ–¯')
ERR: 1062:Duplicate entry '1145' for key 'PRIMARY'
 [ SQLè¯­å¥ ] : INSERT INTO `m_team` (`tid`,`tname`,`qtname`) VALUES (1145,'åŒ—å®‰æ™®æ•¦','åŒ—å®‰æ™®æ•¦')
ERR: 1062:Duplicate entry '1361' for key 'PRIMARY'
 [ SQLè¯­å¥ ] : INSERT INTO `m_team` (`tid`,`tname`,`qtname`) VALUES (1361,'å¸ƒä¼¦ç‰¹ç¦å¾\·','å¸ƒä¼¦ç‰¹ç¦å¾\·')
ERR: 1062:Duplicate entry '811' for key 'PRIMARY'
 [ SQLè¯­å¥ ] : INSERT INTO `m_team` (`tid`,`tname`,`qtname`) VALUES (811,'å¯Œå‹’å§\†','å¯Œå‹’å§\†')
ERR: 1062:Duplicate entry '700' for key 'PRIMARY'
 [ SQLè¯­å¥ ] : INSERT INTO `m_team` (`tid`,`tname`,`qtname`) VALUES (700,'ä¼¯æ©åˆ\©','ä¼¯æ©åˆ\©')
ERR: 1062:Duplicate entry '700' for key 'PRIMARY'
 [ SQLè¯­å¥ ] : INSERT INTO `m_team` (`tid`,`tname`,`qtname`) VALUES (700,'ä¼¯æ©åˆ\©','ä¼¯æ©åˆ\©')
ERR: 1062:Duplicate entry '704' for key 'PRIMARY'
 [ SQLè¯­å¥ ] : INSERT INTO `m_team` (`tid`,`tname`,`qtname`) VALUES (704,'åšå°”é¡\¿','åšå°”é¡\¿')
ERR: 1062:Duplicate entry '946' for key 'PRIMARY'
 [ SQLè¯­å¥ ] : INSERT INTO `m_team` (`tid`,`tname`,`qtname`) VALUES (946,'å…‹é²','å…‹é²')
ERR: 1062:Duplicate entry '704' for key 'PRIMARY'
 [ SQLè¯­å¥ ] : INSERT INTO `m_team` (`tid`,`tname`,`qtname`) VALUES (704,'åšå°”é¡\¿','åšå°”é¡\¿')
ERR: 1062:Duplicate entry '740' for key 'PRIMARY'
 [ SQLè¯­å¥ ] : INSERT INTO `m_team` (`tid`,`tname`,`qtname`) VALUES (740,'æŸ¥å°”é¡\¿','æŸ¥å°”é¡\¿')
ERR: 1062:Duplicate entry '760' for key 'PRIMARY'
 [ SQLè¯­å¥ ] : INSERT INTO `m_team` (`tid`,`tname`,`qtname`) VALUES (760,'å¾·æ¯”éƒ\¡','å¾·æ¯”éƒ\¡')
ERR: 1062:Duplicate entry '760' for key 'PRIMARY'
 [ SQLè¯­å¥ ] : INSERT INTO `m_team` (`tid`,`tname`,`qtname`) VALUES (760,'å¾·æ¯”éƒ\¡','å¾·æ¯”éƒ\¡')
ERR: 1062:Duplicate entry '740' for key 'PRIMARY'
 [ SQLè¯­å¥ ] : INSERT INTO `m_team` (`tid`,`tname`,`qtname`) VALUES (740,'æŸ¥å°”é¡\¿','æŸ¥å°”é¡\¿')
ERR: 1062:Duplicate entry '1137' for key 'PRIMARY'
 [ SQLè¯­å¥ ] : INSERT INTO `m_team` (`tid`,`tname`,`qtname`) VALUES (1137,'çº½å¡æ–¯å°”è\”','çº½å¡æ–¯å°”è\”')
ERR: 1062:Duplicate entry '1142' for key 'PRIMARY'
 [ SQLè¯­å¥ ] : INSERT INTO `m_team` (`tid`,`tname`,`qtname`) VALUES (1142,'è¯ºä¸æ±‰æ£®æ\—','è¯ºä¸æ±‰æ£®æ\—')
ERR: 1062:Duplicate entry '847' for key 'PRIMARY'
 [ SQLè¯­å¥ ] : INSERT INTO `m_team` (`tid`,`tname`,`qtname`) VALUES (847,'å“ˆå¾·æ–¯è²å°”å¾·','å“ˆå¾·æ–¯è²å°”å¾·')
ERR: 1062:Duplicate entry '1142' for key 'PRIMARY'
 [ SQLè¯­å¥ ] : INSERT INTO `m_team` (`tid`,`tname`,`qtname`) VALUES (1142,'è¯ºä¸æ±‰æ£®æ\—','è¯ºä¸æ±‰æ£®æ\—')
ERR: 1062:Duplicate entry '973' for key 'PRIMARY'
 [ SQLè¯­å¥ ] : INSERT INTO `m_team` (`tid`,`tname`,`qtname`) VALUES (973,'è±åˆ‡æ–¯ç‰¹åŸ\','è±åˆ‡æ–¯ç‰¹åŸ\')
ERR: 1062:Duplicate entry '973' for key 'PRIMARY'
 [ SQLè¯­å¥ ] : INSERT INTO `m_team` (`tid`,`tname`,`qtname`) VALUES (973,'è±åˆ‡æ–¯ç‰¹åŸ\','è±åˆ‡æ–¯ç‰¹åŸ\')
ERR: 1062:Duplicate entry '1095' for key 'PRIMARY'
 [ SQLè¯­å¥ ] : INSERT INTO `m_team` (`tid`,`tname`,`qtname`) VALUES (1095,'ç±³å¾·å°”æ–¯å \¡','ç±³å¾·å°”æ–¯å \¡')
ERR: 1062:Duplicate entry '1095' for key 'PRIMARY'
 [ SQLè¯­å¥ ] : INSERT INTO `m_team` (`tid`,`tname`,`qtname`) VALUES (1095,'ç±³å¾·å°”æ–¯å \¡','ç±³å¾·å°”æ–¯å \¡')
ERR: 1062:Duplicate entry '1165' for key 'PRIMARY'
 [ SQLè¯­å¥ ] : INSERT INTO `m_team` (`tid`,`tname`,`qtname`) VALUES (1165,'æ™®é›·æ–¯é¡¿','æ™®é›·æ–¯é¡¿')
ERR: 1062:Duplicate entry '1128' for key 'PRIMARY'
 [ SQLè¯­å¥ ] : INSERT INTO `m_team` (`tid`,`tname`,`qtname`) VALUES (1128,'å—å®‰æ™®æ•¦','å—å®‰æ™®æ•¦')
ERR: 1062:Duplicate entry '1097' for key 'PRIMARY'
 [ SQLè¯­å¥ ] : INSERT INTO `m_team` (`tid`,`tname`,`qtname`) VALUES (1097,'ç±³å°”æ²ƒå°”','ç±³å°”æ²ƒå°”')
ERR: 1062:Duplicate entry '1097' for key 'PRIMARY'
 [ SQLè¯­å¥ ] : INSERT INTO `m_team` (`tid`,`tname`,`qtname`) VALUES (1097,'ç±³å°”æ²ƒå°”','ç±³å°”æ²ƒå°”')
ERR: 1062:Duplicate entry '1128' for key 'PRIMARY'
 [ SQLè¯­å¥ ] : INSERT INTO `m_team` (`tid`,`tname`,`qtname`) VALUES (1128,'å—å®‰æ™®æ•¦','å—å®‰æ™®æ•¦')
ERR: 1062:Duplicate entry '1144' for key 'PRIMARY'
 [ SQLè¯­å¥ ] : INSERT INTO `m_team` (`tid`,`tname`,`qtname`) VALUES (1144,'è¯ºç»´å¥\‡','è¯ºç»´å¥\‡')
ERR: 1062:Duplicate entry '1956' for key 'PRIMARY'
 [ SQLè¯­å¥ ] : INSERT INTO `m_team` (`tid`,`tname`,`qtname`) VALUES (1956,'å…‹åŠ³åˆ\©','å…‹åŠ³åˆ\©')
ERR: 1062:Duplicate entry '1144' for key 'PRIMARY'
 [ SQLè¯­å¥ ] : INSERT INTO `m_team` (`tid`,`tname`,`qtname`) VALUES (1144,'è¯ºç»´å¥\‡','è¯ºç»´å¥\‡')
ERR: 1062:Duplicate entry '1956' for key 'PRIMARY'
 [ SQLè¯­å¥ ] : INSERT INTO `m_team` (`tid`,`tname`,`qtname`) VALUES (1956,'å…‹åŠ³åˆ\©','å…‹åŠ³åˆ\©')
ERR: 1062:Duplicate entry '1257' for key 'PRIMARY'
 [ SQLè¯­å¥ ] : INSERT INTO `m_team` (`tid`,`tname`,`qtname`) VALUES (1257,'ç»´å°”æ¸\¯','ç»´å°”æ¸\¯')
ERR: 1062:Duplicate entry '1257' for key 'PRIMARY'
 [ SQLè¯­å¥ ] : INSERT INTO `m_team` (`tid`,`tname`,`qtname`) VALUES (1257,'ç»´å°”æ¸\¯','ç»´å°”æ¸\¯')
ERR: 1062:Duplicate entry '989' for key 'PRIMARY'
 [ SQLè¯­å¥ ] : INSERT INTO `m_team` (`tid`,`tname`,`qtname`) VALUES (989,'é›·ä¸','é›·ä¸')
ERR: 1062:Duplicate entry '989' for key 'PRIMARY'
 [ SQLè¯­å¥ ] : INSERT INTO `m_team` (`tid`,`tname`,`qtname`) VALUES (989,'é›·ä¸','é›·ä¸')
ERR: 1062:Duplicate entry '511' for key 'PRIMARY'
 [ SQLè¯­å¥ ] : INSERT INTO `m_team` (`tid`,`tname`,`qtname`) VALUES (511,'æ–¯æ—ºè¥\¿','æ–¯æ—ºè¥\¿')
ERR: 1062:Duplicate entry '511' for key 'PRIMARY'
 [ SQLè¯­å¥ ] : INSERT INTO `m_team` (`tid`,`tname`,`qtname`) VALUES (511,'æ–¯æ—ºè¥\¿','æ–¯æ—ºè¥\¿')
ERR: 1062:Duplicate entry '1037' for key 'PRIMARY'
 [ SQLè¯­å¥ ] : INSERT INTO `m_team` (`tid`,`tname`,`qtname`) VALUES (1037,'ç½—ç‘Ÿæ±‰å§†','ç½—ç‘Ÿæ±‰å§†')
ERR: 1062:Duplicate entry '510' for key 'PRIMARY'
 [ SQLè¯­å¥ ] : INSERT INTO `m_team` (`tid`,`tname`,`qtname`) VALUES (510,'æ–¯æ–‡ç™\»','æ–¯æ–‡ç™\»')
ERR: 1062:Duplicate entry '510' for key 'PRIMARY'
 [ SQLè¯­å¥ ] : INSERT INTO `m_team` (`tid`,`tname`,`qtname`) VALUES (510,'æ–¯æ–‡ç™\»','æ–¯æ–‡ç™\»')
ERR: 1062:Duplicate entry '516' for key 'PRIMARY'
 [ SQLè¯­å¥ ] : INSERT INTO `m_team` (`tid`,`tname`,`qtname`) VALUES (516,'æ°´æ™¶å®\«','æ°´æ™¶å®\«')
ERR: 1062:Duplicate entry '1272' for key 'PRIMARY'
 [ SQLè¯­å¥ ] : INSERT INTO `m_team` (`tid`,`tname`,`qtname`) VALUES (1272,'æ²ƒå°”ç´¢å°”','æ²ƒå°”ç´¢å°”')
ERR: 1062:Duplicate entry '516' for key 'PRIMARY'
 [ SQLè¯­å¥ ] : INSERT INTO `m_team` (`tid`,`tname`,`qtname`) VALUES (516,'æ°´æ™¶å®\«','æ°´æ™¶å®\«')
ERR: 1062:Duplicate entry '1274' for key 'PRIMARY'
 [ SQLè¯­å¥ ] : INSERT INTO `m_team` (`tid`,`tname`,`qtname`) VALUES (1274,'æ²ƒç‰¹ç¦å¾·','æ²ƒç‰¹ç¦å¾·')
ERR: 1062:Duplicate entry '1274' for key 'PRIMARY'
 [ SQLè¯­å¥ ] : INSERT INTO `m_team` (`tid`,`tname`,`qtname`) VALUES (1274,'æ²ƒç‰¹ç¦å¾·','æ²ƒç‰¹ç¦å¾·')
ERR: 1062:Duplicate entry '1218' for key 'PRIMARY'
 [ SQLè¯­å¥ ] : INSERT INTO `m_team` (`tid`,`tname`,`qtname`) VALUES (1218,'å”å¡æ–¯ç‰¹','å”å¡æ–¯ç‰¹')
ERR: 1062:Duplicate entry '1286' for key 'PRIMARY'
 [ SQLè¯­å¥ ] : INSERT INTO `m_team` (`tid`,`tname`,`qtname`) VALUES (1286,'è¥¿æ±‰å§†è”','è¥¿æ±‰å§†è”')
ERR: 1062:Duplicate entry '1286' for key 'PRIMARY'
 [ SQLè¯­å¥ ] : INSERT INTO `m_team` (`tid`,`tname`,`qtname`) VALUES (1286,'è¥¿æ±‰å§†è”','è¥¿æ±‰å§†è”')
ERR: 1062:Duplicate entry '784' for key 'PRIMARY'
 [ SQLè¯­å¥ ] : INSERT INTO `m_team` (`tid`,`tname`,`qtname`) VALUES (784,'é‚“è¿ªFC','é‚“è¿ªFC')
ERR: 1062:Duplicate entry '1930' for key 'PRIMARY'
 [ SQLè¯­å¥ ] : INSERT INTO `m_team` (`tid`,`tname`,`qtname`) VALUES (1930,'è‰¾å°”è\”','è‰¾å°”è\”')
ERR: 1062:Duplicate entry '402' for key 'PRIMARY'
 [ SQLè¯­å¥ ] : INSERT INTO `m_team` (`tid`,`tname`,`qtname`) VALUES (402,'åœ£ç±³ä¼\¦','åœ£ç±³ä¼\¦')
ERR: 1062:Duplicate entry '766' for key 'PRIMARY'
 [ SQLè¯­å¥ ] : INSERT INTO `m_team` (`tid`,`tname`,`qtname`) VALUES (766,'é‚“å¼—å§†æ—','é‚“å¼—å§†æ—')
ERR: 1062:Duplicate entry '1734' for key 'PRIMARY'
 [ SQLè¯­å¥ ] : INSERT INTO `m_team` (`tid`,`tname`,`qtname`) VALUES (1734,'æ–¯ç‰¹å…°æ‹‰å°\”','æ–¯ç‰¹å…°æ‹‰å°\”')
ERR: 1062:Duplicate entry '1719' for key 'PRIMARY'
 [ SQLè¯­å¥ ] : INSERT INTO `m_team` (`tid`,`tname`,`qtname`) VALUES (1719,'ç½—æ–¯éƒ\¡','ç½—æ–¯éƒ\¡')
ERR: 1062:Duplicate entry '1284' for key 'PRIMARY'
 [ SQLè¯­å¥ ] : INSERT INTO `m_team` (`tid`,`tname`,`qtname`) VALUES (1284,'è¥¿å¸ƒç½—å§†ç»´å¥‡','è¥¿å¸ƒç½—å§†ç»´å¥‡')
ERR: 1062:Duplicate entry '1075' for key 'PRIMARY'
 [ SQLè¯­å¥ ] : INSERT INTO `m_team` (`tid`,`tname`,`qtname`) VALUES (1075,'æ›¼å½»æ–¯ç‰¹è\”','æ›¼å½»æ–¯ç‰¹è\”')
ERR: 1062:Duplicate entry '2023' for key 'PRIMARY'
 [ SQLè¯­å¥ ] : INSERT INTO `m_team` (`tid`,`tname`,`qtname`) VALUES (2023,'ç±³å°”é¡¿å‡¯æ©æ–¯','ç±³å°”é¡¿å‡¯æ©æ–¯')
ERR: 1062:Duplicate entry '2023' for key 'PRIMARY'
 [ SQLè¯­å¥ ] : INSERT INTO `m_team` (`tid`,`tname`,`qtname`) VALUES (2023,'ç±³å°”é¡¿å‡¯æ©æ–¯','ç±³å°”é¡¿å‡¯æ©æ–¯')
ERR: 1062:Duplicate entry '1075' for key 'PRIMARY'
 [ SQLè¯­å¥ ] : INSERT INTO `m_team` (`tid`,`tname`,`qtname`) VALUES (1075,'æ›¼å½»æ–¯ç‰¹è\”','æ›¼å½»æ–¯ç‰¹è\”')
ERR: 1062:Duplicate entry '676' for key 'PRIMARY'
 [ SQLè¯­å¥ ] : INSERT INTO `m_team` (`tid`,`tname`,`qtname`) VALUES (676,'è´å°”æ ¼æ‹‰è¯\º','è´å°”æ ¼æ‹‰è¯\º')
ERR: 1062:Duplicate entry '835' for key 'PRIMARY'
 [ SQLè¯­å¥ ] : INSERT INTO `m_team` (`tid`,`tname`,`qtname`) VALUES (835,'æ‹‰æ™®æ‹‰å¡”ä½“æ“','æ‹‰æ™®æ‹‰å¡”ä½“æ“')
ERR: 1062:Duplicate entry '5241' for key 'PRIMARY'
 [ SQLè¯­å¥ ] : INSERT INTO `m_team` (`tid`,`tname`,`qtname`) VALUES (5241,'å¥¥æ—åŒ¹å¥¥','å¥¥æ—åŒ¹å¥¥')
ERR: 1062:Duplicate entry '1322' for key 'PRIMARY'
 [ SQLè¯­å¥ ] : INSERT INTO `m_team` (`tid`,`tname`,`qtname`) VALUES (1322,'é˜¿æ ¹å»·ç‹¬ç«\‹','é˜¿æ ¹å»·ç‹¬ç«\‹')
ERR: 1062:Duplicate entry '1588' for key 'PRIMARY'
 [ SQLè¯­å¥ ] : INSERT INTO `m_team` (`tid`,`tname`,`qtname`) VALUES (1588,'ç“¦æ–¯ç§‘è¾¾ä¼½é©¬','ç“¦æ–¯ç§‘è¾¾ä¼½é©¬')
ERR: 1062:Duplicate entry '558' for key 'PRIMARY'
 [ SQLè¯­å¥ ] : INSERT INTO `m_team` (`tid`,`tname`,`qtname`) VALUES (558,'ç«æŠ€ä¿±ä¹éƒ\¨','ç«æŠ€ä¿±ä¹éƒ\¨')
ERR: 1062:Duplicate entry '845' for key 'PRIMARY'
 [ SQLè¯­å¥ ] : INSERT INTO `m_team` (`tid`,`tname`,`qtname`) VALUES (845,'å¹¿å²›ä¸‰ç®­','å¹¿å²›ä¸‰ç®­')
ERR: 1062:Duplicate entry '4127' for key 'PRIMARY'
 [ SQLè¯­å¥ ] : INSERT INTO `m_team` (`tid`,`tname`,`qtname`) VALUES (4127,'æ°´æˆ·èœ€è‘\µ','æ°´æˆ·èœ€è‘\µ')
ERR: 1062:Duplicate entry '688' for key 'PRIMARY'
 [ SQLè¯­å¥ ] : INSERT INTO `m_team` (`tid`,`tname`,`qtname`) VALUES (688,'è´è¥¿å…‹å¡”æ–\¯','è´è¥¿å…‹å¡”æ–\¯')
ERR: 1062:Duplicate entry '554' for key 'PRIMARY'
 [ SQLè¯­å¥ ] : INSERT INTO `m_team` (`tid`,`tname`,`qtname`) VALUES (554,'é˜¿æ£®çº\³','é˜¿æ£®çº\³')
ERR: 1062:Duplicate entry '688' for key 'PRIMARY'
 [ SQLè¯­å¥ ] : INSERT INTO `m_team` (`tid`,`tname`,`qtname`) VALUES (688,'è´è¥¿å…‹å¡”æ–\¯','è´è¥¿å…‹å¡”æ–\¯')
ERR: 1062:Duplicate entry '690' for key 'PRIMARY'
 [ SQLè¯­å¥ ] : INSERT INTO `m_team` (`tid`,`tname`,`qtname`) VALUES (690,'æ¯•å°”å·´é„‚ç«æŠ€','æ¯•å°”å·´é„‚ç«æŠ€')
ERR: 1062:Duplicate entry '1125' for key 'PRIMARY'
 [ SQLè¯­å¥ ] : INSERT INTO `m_team` (`tid`,`tname`,`qtname`) VALUES (1125,'é‚£ä¸å‹’æ–¯','é‚£ä¸å‹’æ–¯')
ERR: 1062:Duplicate entry '690' for key 'PRIMARY'
 [ SQLè¯­å¥ ] : INSERT INTO `m_team` (`tid`,`tname`,`qtname`) VALUES (690,'æ¯•å°”å·´é„‚ç«æŠ€','æ¯•å°”å·´é„‚ç«æŠ€')
ERR: 1062:Duplicate entry '1125' for key 'PRIMARY'
 [ SQLè¯­å¥ ] : INSERT INTO `m_team` (`tid`,`tname`,`qtname`) VALUES (1125,'é‚£ä¸å‹’æ–¯','é‚£ä¸å‹’æ–¯')
ERR: 1062:Duplicate entry '986' for key 'PRIMARY'
 [ SQLè¯­å¥ ] : INSERT INTO `m_team` (`tid`,`tname`,`qtname`) VALUES (986,'å‹’æ²ƒåº“æ£®','å‹’æ²ƒåº“æ£®')
ERR: 1062:Duplicate entry '819' for key 'PRIMARY'
 [ SQLè¯­å¥ ] : INSERT INTO `m_team` (`tid`,`tname`,`qtname`) VALUES (819,'å“¥æœ¬å“ˆæ ¹','å“¥æœ¬å“ˆæ ¹')
ERR: 1062:Duplicate entry '986' for key 'PRIMARY'
 [ SQLè¯­å¥ ] : INSERT INTO `m_team` (`tid`,`tname`,`qtname`) VALUES (986,'å‹’æ²ƒåº“æ£®','å‹’æ²ƒåº“æ£®')
ERR: 1062:Duplicate entry '819' for key 'PRIMARY'
 [ SQLè¯­å¥ ] : INSERT INTO `m_team` (`tid`,`tname`,`qtname`) VALUES (819,'å“¥æœ¬å“ˆæ ¹','å“¥æœ¬å“ˆæ ¹')
ERR: 1062:Duplicate entry '712' for key 'PRIMARY'
 [ SQLè¯­å¥ ] : INSERT INTO `m_team` (`tid`,`tname`,`qtname`) VALUES (712,'å¸ƒåŠ å‹’æ–¯ç‰¹æ˜Ÿ','å¸ƒåŠ å‹’æ–¯ç‰¹æ˜Ÿ')
ERR: 1062:Duplicate entry '1051' for key 'PRIMARY'
 [ SQLè¯­å¥ ] : INSERT INTO `m_team` (`tid`,`tname`,`qtname`) VALUES (1051,'é©¬å°”é»\˜','é©¬å°”é»\˜')
ERR: 1062:Duplicate entry '446' for key 'PRIMARY'
 [ SQLè¯­å¥ ] : INSERT INTO `m_team` (`tid`,`tname`,`qtname`) VALUES (446,'è¨å°”èŒ¨å ¡','è¨å°”èŒ¨å ¡')
ERR: 1062:Duplicate entry '555' for key 'PRIMARY'
 [ SQLè¯­å¥ ] : INSERT INTO `m_team` (`tid`,`tname`,`qtname`) VALUES (555,'é˜¿æ–¯é¡¿ç»´æ‹\‰','é˜¿æ–¯é¡¿ç»´æ‹\‰')
ERR: 1062:Duplicate entry '1626' for key 'PRIMARY'
 [ SQLè¯­å¥ ] : INSERT INTO `m_team` (`tid`,`tname`,`qtname`) VALUES (1626,'è±é¡¿ä¸œæ–¹','è±é¡¿ä¸œæ–¹')
ERR: 1062:Duplicate entry '555' for key 'PRIMARY'
 [ SQLè¯­å¥ ] : INSERT INTO `m_team` (`tid`,`tname`,`qtname`) VALUES (555,'é˜¿æ–¯é¡¿ç»´æ‹\‰','é˜¿æ–¯é¡¿ç»´æ‹\‰')
ERR: 1062:Duplicate entry '1626' for key 'PRIMARY'
 [ SQLè¯­å¥ ] : INSERT INTO `m_team` (`tid`,`tname`,`qtname`) VALUES (1626,'è±é¡¿ä¸œæ–¹','è±é¡¿ä¸œæ–¹')
ERR: 1062:Duplicate entry '466' for key 'PRIMARY'
 [ SQLè¯­å¥ ] : INSERT INTO `m_team` (`tid`,`tname`,`qtname`) VALUES (466,'æ¡‘å¾·å…\°','æ¡‘å¾·å…\°')
ERR: 1062:Duplicate entry '701' for key 'PRIMARY'
 [ SQLè¯­å¥ ] : INSERT INTO `m_team` (`tid`,`tname`,`qtname`) VALUES (701,'ä¼¯æ˜ç¿\°','ä¼¯æ˜ç¿\°')
ERR: 1062:Duplicate entry '466' for key 'PRIMARY'
 [ SQLè¯­å¥ ] : INSERT INTO `m_team` (`tid`,`tname`,`qtname`) VALUES (466,'æ¡‘å¾·å…\°','æ¡‘å¾·å…\°')
ERR: 1062:Duplicate entry '2351' for key 'PRIMARY'
 [ SQLè¯­å¥ ] : INSERT INTO `m_team` (`tid`,`tname`,`qtname`) VALUES (2351,'ä¼¯é¡¿','ä¼¯é¡¿')
ERR: 1062:Duplicate entry '954' for key 'PRIMARY'
 [ SQLè¯­å¥ ] : INSERT INTO `m_team` (`tid`,`tname`,`qtname`) VALUES (954,'å¥³ç‹å…¬å›­å·¡æ¸¸è€\…','å¥³ç‹å…¬å›­å·¡æ¸¸è€\…')
ERR: 1062:Duplicate entry '1197' for key 'PRIMARY'
 [ SQLè¯­å¥ ] : INSERT INTO `m_team` (`tid`,`tname`,`qtname`) VALUES (1197,'æ–¯æ‰˜å…‹åŸ','æ–¯æ‰˜å…‹åŸ')
ERR: 1062:Duplicate entry '716' for key 'PRIMARY'
 [ SQLè¯­å¥ ] : INSERT INTO `m_team` (`tid`,`tname`,`qtname`) VALUES (716,'å¸ƒæ‹‰å¾·ç¦å¾\·','å¸ƒæ‹‰å¾·ç¦å¾\·')
ERR: 1062:Duplicate entry '1015' for key 'PRIMARY'
 [ SQLè¯­å¥ ] : INSERT INTO `m_team` (`tid`,`tname`,`qtname`) VALUES (1015,'åˆ©å…¹è\”','åˆ©å…¹è\”')
ERR: 1062:Duplicate entry '1183' for key 'PRIMARY'
 [ SQLè¯­å¥ ] : INSERT INTO `m_team` (`tid`,`tname`,`qtname`) VALUES (1183,'æ‹‰æ–æ‹‰ç«æŠ€','æ‹‰æ–æ‹‰ç«æŠ€')
ERR: 1062:Duplicate entry '1136' for key 'PRIMARY'
 [ SQLè¯­å¥ ] : INSERT INTO `m_team` (`tid`,`tname`,`qtname`) VALUES (1136,'çº½ç»´å°”è€ç”·å­\©','çº½ç»´å°”è€ç”·å­\©')
ERR: 1062:Duplicate entry '1034' for key 'PRIMARY'
 [ SQLè¯­å¥ ] : INSERT INTO `m_team` (`tid`,`tname`,`qtname`) VALUES (1034,'ç½—è¨é‡Œå¥¥ä¸­å¤®','ç½—è¨é‡Œå¥¥ä¸­å¤®')
ERR: 1062:Duplicate entry '3608' for key 'PRIMARY'
 [ SQLè¯­å¥ ] : INSERT INTO `m_team` (`tid`,`tname`,`qtname`) VALUES (3608,'æˆˆå¤šä¼Šå…‹é²æ–¯','æˆˆå¤šä¼Šå…‹é²æ–¯')
ERR: 1062:Duplicate entry '864' for key 'PRIMARY'
 [ SQLè¯­å¥ ] : INSERT INTO `m_team` (`tid`,`tname`,`qtname`) VALUES (864,'æ²³åºŠ','æ²³åºŠ')
ERR: 1062:Duplicate entry '569' for key 'PRIMARY'
 [ SQLè¯­å¥ ] : INSERT INTO `m_team` (`tid`,`tname`,`qtname`) VALUES (569,'æ‹‰æ™®æ‹‰å¡”å¤§å­¦ç”\Ÿ','æ‹‰æ™®æ‹‰å¡”å¤§å­¦ç”\Ÿ')
ERR: 1062:Duplicate entry '705' for key 'PRIMARY'
 [ SQLè¯­å¥ ] : INSERT INTO `m_team` (`tid`,`tname`,`qtname`) VALUES (705,'åšå¡é’å¹´','åšå¡é’å¹´')

[ 2014-08-26T01:43:27+08:00 ] 127.0.0.1 /
ERR: 1054:Unknown column 'p.s' in 'field list'
 [ SQLè¯­å¥ ] : SELECT m.id,m.matchtime,m.simpleleague,m.homename,m.awayname,p.rq,p.s,p.f,p.wl,p.hg,p.uptime FROM m_pl p LEFT JOIN m_match m ON p.id = m.id  WHERE ( p.ismatch=1 and p.isend=0 ) 

[ 2014-08-26T01:44:22+08:00 ] 127.0.0.1 /
ERR: 1054:Unknown column 'p.ismatch' in 'where clause'
 [ SQLè¯­å¥ ] : SELECT m.id,m.matchtime,m.simpleleague,m.homename,m.awayname,p.rq,p.sp,p.liji,p.uptime FROM m_pl p LEFT JOIN m_match m ON p.id = m.id  WHERE ( p.ismatch=1 and p.isend=0 ) 

[ 2014-08-26T22:13:39+08:00 ] 127.0.0.1 /Home/Match/teamUpAll.html
ERR: 1062:Duplicate entry '691' for key 'PRIMARY'
 [ SQLè¯­å¥ ] : INSERT INTO `m_team` (`tid`,`tname`,`qtname`) VALUES (691,'æ ‡å‡†åˆ—æ—¥','æ ‡å‡†åˆ—æ—¥')
ERR: 1062:Duplicate entry '496' for key 'PRIMARY'
 [ SQLè¯­å¥ ] : INSERT INTO `m_team` (`tid`,`tname`,`qtname`) VALUES (496,'åœ£å½¼å¾—å ¡æ³½å°¼ç‰\¹','åœ£å½¼å¾—å ¡æ³½å°¼ç‰\¹')
ERR: 1062:Duplicate entry '691' for key 'PRIMARY'
 [ SQLè¯­å¥ ] : INSERT INTO `m_team` (`tid`,`tname`,`qtname`) VALUES (691,'æ ‡å‡†åˆ—æ—¥','æ ‡å‡†åˆ—æ—¥')
ERR: 1062:Duplicate entry '1146' for key 'PRIMARY'
 [ SQLè¯­å¥ ] : INSERT INTO `m_team` (`tid`,`tname`,`qtname`) VALUES (1146,'æ¬§å¡å°\”','æ¬§å¡å°\”')
ERR: 1062:Duplicate entry '1130' for key 'PRIMARY'
 [ SQLè¯­å¥ ] : INSERT INTO `m_team` (`tid`,`tname`,`qtname`) VALUES (1130,'å—é”¡','å—é”¡')
ERR: 1062:Duplicate entry '1146' for key 'PRIMARY'
 [ SQLè¯­å¥ ] : INSERT INTO `m_team` (`tid`,`tname`,`qtname`) VALUES (1146,'æ¬§å¡å°\”','æ¬§å¡å°\”')
ERR: 1062:Duplicate entry '1130' for key 'PRIMARY'
 [ SQLè¯­å¥ ] : INSERT INTO `m_team` (`tid`,`tname`,`qtname`) VALUES (1130,'å—é”¡','å—é”¡')
ERR: 1062:Duplicate entry '560' for key 'PRIMARY'
 [ SQLè¯­å¥ ] : INSERT INTO `m_team` (`tid`,`tname`,`qtname`) VALUES (560,'é˜¿é›…å…‹è‚–','é˜¿é›…å…‹è‚–')
ERR: 1062:Duplicate entry '1225' for key 'PRIMARY'
 [ SQLè¯­å¥ ] : INSERT INTO `m_team` (`tid`,`tname`,`qtname`) VALUES (1225,'ç‰¹é²ç“\¦','ç‰¹é²ç“\¦')
ERR: 1062:Duplicate entry '560' for key 'PRIMARY'
 [ SQLè¯­å¥ ] : INSERT INTO `m_team` (`tid`,`tname`,`qtname`) VALUES (560,'é˜¿é›…å…‹è‚–','é˜¿é›…å…‹è‚–')
ERR: 1062:Duplicate entry '485' for key 'PRIMARY'
 [ SQLè¯­å¥ ] : INSERT INTO `m_team` (`tid`,`tname`,`qtname`) VALUES (485,'æ²™æ‰˜é²\','æ²™æ‰˜é²\')
ERR: 1062:Duplicate entry '944' for key 'PRIMARY'
 [ SQLè¯­å¥ ] : INSERT INTO `m_team` (`tid`,`tname`,`qtname`) VALUES (944,'å…‹è±è’\™','å…‹è±è’\™')
ERR: 1062:Duplicate entry '485' for key 'PRIMARY'
 [ SQLè¯­å¥ ] : INSERT INTO `m_team` (`tid`,`tname`,`qtname`) VALUES (485,'æ²™æ‰˜é²\','æ²™æ‰˜é²\')
ERR: 1062:Duplicate entry '944' for key 'PRIMARY'
 [ SQLè¯­å¥ ] : INSERT INTO `m_team` (`tid`,`tname`,`qtname`) VALUES (944,'å…‹è±è’\™','å…‹è±è’\™')
ERR: 1062:Duplicate entry '4596' for key 'PRIMARY'
 [ SQLè¯­å¥ ] : INSERT INTO `m_team` (`tid`,`tname`,`qtname`) VALUES (4596,'é˜¿å°”å‹\’','é˜¿å°”å‹\’')
ERR: 1062:Duplicate entry '4596' for key 'PRIMARY'
 [ SQLè¯­å¥ ] : INSERT INTO `m_team` (`tid`,`tname`,`qtname`) VALUES (4596,'é˜¿å°”å‹\’','é˜¿å°”å‹\’')
ERR: 1062:Duplicate entry '966' for key 'PRIMARY'
 [ SQLè¯­å¥ ] : INSERT INTO `m_team` (`tid`,`tname`,`qtname`) VALUES (966,'æ‹‰ç“¦å‹\’','æ‹‰ç“¦å‹\’')
ERR: 1062:Duplicate entry '774' for key 'PRIMARY'
 [ SQLè¯­å¥ ] : INSERT INTO `m_team` (`tid`,`tname`,`qtname`) VALUES (774,'ç¬¬æˆ','ç¬¬æˆ')
ERR: 1062:Duplicate entry '966' for key 'PRIMARY'
 [ SQLè¯­å¥ ] : INSERT INTO `m_team` (`tid`,`tname`,`qtname`) VALUES (966,'æ‹‰ç“¦å‹\’','æ‹‰ç“¦å‹\’')
ERR: 1062:Duplicate entry '774' for key 'PRIMARY'
 [ SQLè¯­å¥ ] : INSERT INTO `m_team` (`tid`,`tname`,`qtname`) VALUES (774,'ç¬¬æˆ','ç¬¬æˆ')
ERR: 1062:Duplicate entry '5468' for key 'PRIMARY'
 [ SQLè¯­å¥ ] : INSERT INTO `m_team` (`tid`,`tname`,`qtname`) VALUES (5468,'åŸƒå› éœæ¸©é’å¹´é˜\Ÿ','åŸƒå› éœæ¸©é’å¹´é˜\Ÿ')
ERR: 1062:Duplicate entry '3542' for key 'PRIMARY'
 [ SQLè¯­å¥ ] : INSERT INTO `m_team` (`tid`,`tname`,`qtname`) VALUES (3542,'æ‘©é¡¿','æ‘©é¡¿')
ERR: 1062:Duplicate entry '1148' for key 'PRIMARY'
 [ SQLè¯­å¥ ] : INSERT INTO `m_team` (`tid`,`tname`,`qtname`) VALUES (1148,'å¸•å°”è’‚å…‹','å¸•å°”è’‚å…‹')
ERR: 1062:Duplicate entry '604' for key 'PRIMARY'
 [ SQLè¯­å¥ ] : INSERT INTO `m_team` (`tid`,`tname`,`qtname`) VALUES (604,'å¥¥å°”å \¡','å¥¥å°”å \¡')
ERR: 1062:Duplicate entry '2510' for key 'PRIMARY'
 [ SQLè¯­å¥ ] : INSERT INTO `m_team` (`tid`,`tname`,`qtname`) VALUES (2510,'å¸Œè…Šäººç«æŠ€','å¸Œè…Šäººç«æŠ€')
ERR: 1062:Duplicate entry '604' for key 'PRIMARY'
 [ SQLè¯­å¥ ] : INSERT INTO `m_team` (`tid`,`tname`,`qtname`) VALUES (604,'å¥¥å°”å \¡','å¥¥å°”å \¡')
ERR: 1062:Duplicate entry '1474' for key 'PRIMARY'
 [ SQLè¯­å¥ ] : INSERT INTO `m_team` (`tid`,`tname`,`qtname`) VALUES (1474,'å¸ƒæ‹‰è¿ªæ–¯æ‹‰å‘','å¸ƒæ‹‰è¿ªæ–¯æ‹‰å‘')
ERR: 1062:Duplicate entry '926' for key 'PRIMARY'
 [ SQLè¯­å¥ ] : INSERT INTO `m_team` (`tid`,`tname`,`qtname`) VALUES (926,'å‡¯å°”ç‰¹äºº','å‡¯å°”ç‰¹äºº')
ERR: 1062:Duplicate entry '1523' for key 'PRIMARY'
 [ SQLè¯­å¥ ] : INSERT INTO `m_team` (`tid`,`tname`,`qtname`) VALUES (1523,'é©¬é‡Œåšå°”','é©¬é‡Œåšå°”')
ERR: 1062:Duplicate entry '998' for key 'PRIMARY'
 [ SQLè¯­å¥ ] : INSERT INTO `m_team` (`tid`,`tname`,`qtname`) VALUES (998,'é‡Œå°”','é‡Œå°”')
ERR: 1062:Duplicate entry '694' for key 'PRIMARY'
 [ SQLè¯­å¥ ] : INSERT INTO `m_team` (`tid`,`tname`,`qtname`) VALUES (694,'æ³¢å°”å›\¾','æ³¢å°”å›\¾')
ERR: 1062:Duplicate entry '998' for key 'PRIMARY'
 [ SQLè¯­å¥ ] : INSERT INTO `m_team` (`tid`,`tname`,`qtname`) VALUES (998,'é‡Œå°”','é‡Œå°”')
ERR: 1062:Duplicate entry '667' for key 'PRIMARY'
 [ SQLè¯­å¥ ] : INSERT INTO `m_team` (`tid`,`tname`,`qtname`) VALUES (667,'ä¼¯æ©èŒ…æ–¯','ä¼¯æ©èŒ…æ–¯')
ERR: 1062:Duplicate entry '1145' for key 'PRIMARY'
 [ SQLè¯­å¥ ] : INSERT INTO `m_team` (`tid`,`tname`,`qtname`) VALUES (1145,'åŒ—å®‰æ™®æ•¦','åŒ—å®‰æ™®æ•¦')
ERR: 1062:Duplicate entry '1361' for key 'PRIMARY'
 [ SQLè¯­å¥ ] : INSERT INTO `m_team` (`tid`,`tname`,`qtname`) VALUES (1361,'å¸ƒä¼¦ç‰¹ç¦å¾\·','å¸ƒä¼¦ç‰¹ç¦å¾\·')
ERR: 1062:Duplicate entry '811' for key 'PRIMARY'
 [ SQLè¯­å¥ ] : INSERT INTO `m_team` (`tid`,`tname`,`qtname`) VALUES (811,'å¯Œå‹’å§\†','å¯Œå‹’å§\†')
ERR: 1062:Duplicate entry '700' for key 'PRIMARY'
 [ SQLè¯­å¥ ] : INSERT INTO `m_team` (`tid`,`tname`,`qtname`) VALUES (700,'ä¼¯æ©åˆ\©','ä¼¯æ©åˆ\©')
ERR: 1062:Duplicate entry '700' for key 'PRIMARY'
 [ SQLè¯­å¥ ] : INSERT INTO `m_team` (`tid`,`tname`,`qtname`) VALUES (700,'ä¼¯æ©åˆ\©','ä¼¯æ©åˆ\©')
ERR: 1062:Duplicate entry '704' for key 'PRIMARY'
 [ SQLè¯­å¥ ] : INSERT INTO `m_team` (`tid`,`tname`,`qtname`) VALUES (704,'åšå°”é¡\¿','åšå°”é¡\¿')
ERR: 1062:Duplicate entry '946' for key 'PRIMARY'
 [ SQLè¯­å¥ ] : INSERT INTO `m_team` (`tid`,`tname`,`qtname`) VALUES (946,'å…‹é²','å…‹é²')
ERR: 1062:Duplicate entry '704' for key 'PRIMARY'
 [ SQLè¯­å¥ ] : INSERT INTO `m_team` (`tid`,`tname`,`qtname`) VALUES (704,'åšå°”é¡\¿','åšå°”é¡\¿')
ERR: 1062:Duplicate entry '740' for key 'PRIMARY'
 [ SQLè¯­å¥ ] : INSERT INTO `m_team` (`tid`,`tname`,`qtname`) VALUES (740,'æŸ¥å°”é¡\¿','æŸ¥å°”é¡\¿')
ERR: 1062:Duplicate entry '760' for key 'PRIMARY'
 [ SQLè¯­å¥ ] : INSERT INTO `m_team` (`tid`,`tname`,`qtname`) VALUES (760,'å¾·æ¯”éƒ\¡','å¾·æ¯”éƒ\¡')
ERR: 1062:Duplicate entry '760' for key 'PRIMARY'
 [ SQLè¯­å¥ ] : INSERT INTO `m_team` (`tid`,`tname`,`qtname`) VALUES (760,'å¾·æ¯”éƒ\¡','å¾·æ¯”éƒ\¡')
ERR: 1062:Duplicate entry '740' for key 'PRIMARY'
 [ SQLè¯­å¥ ] : INSERT INTO `m_team` (`tid`,`tname`,`qtname`) VALUES (740,'æŸ¥å°”é¡\¿','æŸ¥å°”é¡\¿')
ERR: 1062:Duplicate entry '1137' for key 'PRIMARY'
 [ SQLè¯­å¥ ] : INSERT INTO `m_team` (`tid`,`tname`,`qtname`) VALUES (1137,'çº½å¡æ–¯å°”è\”','çº½å¡æ–¯å°”è\”')
ERR: 1062:Duplicate entry '1142' for key 'PRIMARY'
 [ SQLè¯­å¥ ] : INSERT INTO `m_team` (`tid`,`tname`,`qtname`) VALUES (1142,'è¯ºä¸æ±‰æ£®æ\—','è¯ºä¸æ±‰æ£®æ\—')
ERR: 1062:Duplicate entry '847' for key 'PRIMARY'
 [ SQLè¯­å¥ ] : INSERT INTO `m_team` (`tid`,`tname`,`qtname`) VALUES (847,'å“ˆå¾·æ–¯è²å°”å¾·','å“ˆå¾·æ–¯è²å°”å¾·')
ERR: 1062:Duplicate entry '1142' for key 'PRIMARY'
 [ SQLè¯­å¥ ] : INSERT INTO `m_team` (`tid`,`tname`,`qtname`) VALUES (1142,'è¯ºä¸æ±‰æ£®æ\—','è¯ºä¸æ±‰æ£®æ\—')
ERR: 1062:Duplicate entry '973' for key 'PRIMARY'
 [ SQLè¯­å¥ ] : INSERT INTO `m_team` (`tid`,`tname`,`qtname`) VALUES (973,'è±åˆ‡æ–¯ç‰¹åŸ\','è±åˆ‡æ–¯ç‰¹åŸ\')
ERR: 1062:Duplicate entry '973' for key 'PRIMARY'
 [ SQLè¯­å¥ ] : INSERT INTO `m_team` (`tid`,`tname`,`qtname`) VALUES (973,'è±åˆ‡æ–¯ç‰¹åŸ\','è±åˆ‡æ–¯ç‰¹åŸ\')
ERR: 1062:Duplicate entry '1095' for key 'PRIMARY'
 [ SQLè¯­å¥ ] : INSERT INTO `m_team` (`tid`,`tname`,`qtname`) VALUES (1095,'ç±³å¾·å°”æ–¯å \¡','ç±³å¾·å°”æ–¯å \¡')
ERR: 1062:Duplicate entry '1095' for key 'PRIMARY'
 [ SQLè¯­å¥ ] : INSERT INTO `m_team` (`tid`,`tname`,`qtname`) VALUES (1095,'ç±³å¾·å°”æ–¯å \¡','ç±³å¾·å°”æ–¯å \¡')
ERR: 1062:Duplicate entry '1165' for key 'PRIMARY'
 [ SQLè¯­å¥ ] : INSERT INTO `m_team` (`tid`,`tname`,`qtname`) VALUES (1165,'æ™®é›·æ–¯é¡¿','æ™®é›·æ–¯é¡¿')
ERR: 1062:Duplicate entry '1128' for key 'PRIMARY'
 [ SQLè¯­å¥ ] : INSERT INTO `m_team` (`tid`,`tname`,`qtname`) VALUES (1128,'å—å®‰æ™®æ•¦','å—å®‰æ™®æ•¦')
ERR: 1062:Duplicate entry '1097' for key 'PRIMARY'
 [ SQLè¯­å¥ ] : INSERT INTO `m_team` (`tid`,`tname`,`qtname`) VALUES (1097,'ç±³å°”æ²ƒå°”','ç±³å°”æ²ƒå°”')
ERR: 1062:Duplicate entry '1097' for key 'PRIMARY'
 [ SQLè¯­å¥ ] : INSERT INTO `m_team` (`tid`,`tname`,`qtname`) VALUES (1097,'ç±³å°”æ²ƒå°”','ç±³å°”æ²ƒå°”')
ERR: 1062:Duplicate entry '1128' for key 'PRIMARY'
 [ SQLè¯­å¥ ] : INSERT INTO `m_team` (`tid`,`tname`,`qtname`) VALUES (1128,'å—å®‰æ™®æ•¦','å—å®‰æ™®æ•¦')
ERR: 1062:Duplicate entry '1144' for key 'PRIMARY'
 [ SQLè¯­å¥ ] : INSERT INTO `m_team` (`tid`,`tname`,`qtname`) VALUES (1144,'è¯ºç»´å¥\‡','è¯ºç»´å¥\‡')
ERR: 1062:Duplicate entry '1956' for key 'PRIMARY'
 [ SQLè¯­å¥ ] : INSERT INTO `m_team` (`tid`,`tname`,`qtname`) VALUES (1956,'å…‹åŠ³åˆ\©','å…‹åŠ³åˆ\©')
ERR: 1062:Duplicate entry '1144' for key 'PRIMARY'
 [ SQLè¯­å¥ ] : INSERT INTO `m_team` (`tid`,`tname`,`qtname`) VALUES (1144,'è¯ºç»´å¥\‡','è¯ºç»´å¥\‡')
ERR: 1062:Duplicate entry '1956' for key 'PRIMARY'
 [ SQLè¯­å¥ ] : INSERT INTO `m_team` (`tid`,`tname`,`qtname`) VALUES (1956,'å…‹åŠ³åˆ\©','å…‹åŠ³åˆ\©')
ERR: 1062:Duplicate entry '1257' for key 'PRIMARY'
 [ SQLè¯­å¥ ] : INSERT INTO `m_team` (`tid`,`tname`,`qtname`) VALUES (1257,'ç»´å°”æ¸\¯','ç»´å°”æ¸\¯')
ERR: 1062:Duplicate entry '1257' for key 'PRIMARY'
 [ SQLè¯­å¥ ] : INSERT INTO `m_team` (`tid`,`tname`,`qtname`) VALUES (1257,'ç»´å°”æ¸\¯','ç»´å°”æ¸\¯')
ERR: 1062:Duplicate entry '989' for key 'PRIMARY'
 [ SQLè¯­å¥ ] : INSERT INTO `m_team` (`tid`,`tname`,`qtname`) VALUES (989,'é›·ä¸','é›·ä¸')
ERR: 1062:Duplicate entry '989' for key 'PRIMARY'
 [ SQLè¯­å¥ ] : INSERT INTO `m_team` (`tid`,`tname`,`qtname`) VALUES (989,'é›·ä¸','é›·ä¸')
ERR: 1062:Duplicate entry '511' for key 'PRIMARY'
 [ SQLè¯­å¥ ] : INSERT INTO `m_team` (`tid`,`tname`,`qtname`) VALUES (511,'æ–¯æ—ºè¥\¿','æ–¯æ—ºè¥\¿')
ERR: 1062:Duplicate entry '511' for key 'PRIMARY'
 [ SQLè¯­å¥ ] : INSERT INTO `m_team` (`tid`,`tname`,`qtname`) VALUES (511,'æ–¯æ—ºè¥\¿','æ–¯æ—ºè¥\¿')
ERR: 1062:Duplicate entry '1037' for key 'PRIMARY'
 [ SQLè¯­å¥ ] : INSERT INTO `m_team` (`tid`,`tname`,`qtname`) VALUES (1037,'ç½—ç‘Ÿæ±‰å§†','ç½—ç‘Ÿæ±‰å§†')
ERR: 1062:Duplicate entry '510' for key 'PRIMARY'
 [ SQLè¯­å¥ ] : INSERT INTO `m_team` (`tid`,`tname`,`qtname`) VALUES (510,'æ–¯æ–‡ç™\»','æ–¯æ–‡ç™\»')
ERR: 1062:Duplicate entry '510' for key 'PRIMARY'
 [ SQLè¯­å¥ ] : INSERT INTO `m_team` (`tid`,`tname`,`qtname`) VALUES (510,'æ–¯æ–‡ç™\»','æ–¯æ–‡ç™\»')
ERR: 1062:Duplicate entry '516' for key 'PRIMARY'
 [ SQLè¯­å¥ ] : INSERT INTO `m_team` (`tid`,`tname`,`qtname`) VALUES (516,'æ°´æ™¶å®\«','æ°´æ™¶å®\«')
ERR: 1062:Duplicate entry '1272' for key 'PRIMARY'
 [ SQLè¯­å¥ ] : INSERT INTO `m_team` (`tid`,`tname`,`qtname`) VALUES (1272,'æ²ƒå°”ç´¢å°”','æ²ƒå°”ç´¢å°”')
ERR: 1062:Duplicate entry '516' for key 'PRIMARY'
 [ SQLè¯­å¥ ] : INSERT INTO `m_team` (`tid`,`tname`,`qtname`) VALUES (516,'æ°´æ™¶å®\«','æ°´æ™¶å®\«')
ERR: 1062:Duplicate entry '1274' for key 'PRIMARY'
 [ SQLè¯­å¥ ] : INSERT INTO `m_team` (`tid`,`tname`,`qtname`) VALUES (1274,'æ²ƒç‰¹ç¦å¾·','æ²ƒç‰¹ç¦å¾·')
ERR: 1062:Duplicate entry '1274' for key 'PRIMARY'
 [ SQLè¯­å¥ ] : INSERT INTO `m_team` (`tid`,`tname`,`qtname`) VALUES (1274,'æ²ƒç‰¹ç¦å¾·','æ²ƒç‰¹ç¦å¾·')
ERR: 1062:Duplicate entry '1218' for key 'PRIMARY'
 [ SQLè¯­å¥ ] : INSERT INTO `m_team` (`tid`,`tname`,`qtname`) VALUES (1218,'å”å¡æ–¯ç‰¹','å”å¡æ–¯ç‰¹')
ERR: 1062:Duplicate entry '1286' for key 'PRIMARY'
 [ SQLè¯­å¥ ] : INSERT INTO `m_team` (`tid`,`tname`,`qtname`) VALUES (1286,'è¥¿æ±‰å§†è”','è¥¿æ±‰å§†è”')
ERR: 1062:Duplicate entry '1286' for key 'PRIMARY'
 [ SQLè¯­å¥ ] : INSERT INTO `m_team` (`tid`,`tname`,`qtname`) VALUES (1286,'è¥¿æ±‰å§†è”','è¥¿æ±‰å§†è”')
ERR: 1062:Duplicate entry '784' for key 'PRIMARY'
 [ SQLè¯­å¥ ] : INSERT INTO `m_team` (`tid`,`tname`,`qtname`) VALUES (784,'é‚“è¿ªFC','é‚“è¿ªFC')
ERR: 1062:Duplicate entry '1930' for key 'PRIMARY'
 [ SQLè¯­å¥ ] : INSERT INTO `m_team` (`tid`,`tname`,`qtname`) VALUES (1930,'è‰¾å°”è\”','è‰¾å°”è\”')
ERR: 1062:Duplicate entry '402' for key 'PRIMARY'
 [ SQLè¯­å¥ ] : INSERT INTO `m_team` (`tid`,`tname`,`qtname`) VALUES (402,'åœ£ç±³ä¼\¦','åœ£ç±³ä¼\¦')
ERR: 1062:Duplicate entry '766' for key 'PRIMARY'
 [ SQLè¯­å¥ ] : INSERT INTO `m_team` (`tid`,`tname`,`qtname`) VALUES (766,'é‚“å¼—å§†æ—','é‚“å¼—å§†æ—')
ERR: 1062:Duplicate entry '1734' for key 'PRIMARY'
 [ SQLè¯­å¥ ] : INSERT INTO `m_team` (`tid`,`tname`,`qtname`) VALUES (1734,'æ–¯ç‰¹å…°æ‹‰å°\”','æ–¯ç‰¹å…°æ‹‰å°\”')
ERR: 1062:Duplicate entry '1719' for key 'PRIMARY'
 [ SQLè¯­å¥ ] : INSERT INTO `m_team` (`tid`,`tname`,`qtname`) VALUES (1719,'ç½—æ–¯éƒ\¡','ç½—æ–¯éƒ\¡')
ERR: 1062:Duplicate entry '1284' for key 'PRIMARY'
 [ SQLè¯­å¥ ] : INSERT INTO `m_team` (`tid`,`tname`,`qtname`) VALUES (1284,'è¥¿å¸ƒç½—å§†ç»´å¥‡','è¥¿å¸ƒç½—å§†ç»´å¥‡')
ERR: 1062:Duplicate entry '1075' for key 'PRIMARY'
 [ SQLè¯­å¥ ] : INSERT INTO `m_team` (`tid`,`tname`,`qtname`) VALUES (1075,'æ›¼å½»æ–¯ç‰¹è\”','æ›¼å½»æ–¯ç‰¹è\”')
ERR: 1062:Duplicate entry '2023' for key 'PRIMARY'
 [ SQLè¯­å¥ ] : INSERT INTO `m_team` (`tid`,`tname`,`qtname`) VALUES (2023,'ç±³å°”é¡¿å‡¯æ©æ–¯','ç±³å°”é¡¿å‡¯æ©æ–¯')
ERR: 1062:Duplicate entry '2023' for key 'PRIMARY'
 [ SQLè¯­å¥ ] : INSERT INTO `m_team` (`tid`,`tname`,`qtname`) VALUES (2023,'ç±³å°”é¡¿å‡¯æ©æ–¯','ç±³å°”é¡¿å‡¯æ©æ–¯')
ERR: 1062:Duplicate entry '1075' for key 'PRIMARY'
 [ SQLè¯­å¥ ] : INSERT INTO `m_team` (`tid`,`tname`,`qtname`) VALUES (1075,'æ›¼å½»æ–¯ç‰¹è\”','æ›¼å½»æ–¯ç‰¹è\”')
ERR: 1062:Duplicate entry '676' for key 'PRIMARY'
 [ SQLè¯­å¥ ] : INSERT INTO `m_team` (`tid`,`tname`,`qtname`) VALUES (676,'è´å°”æ ¼æ‹‰è¯\º','è´å°”æ ¼æ‹‰è¯\º')
ERR: 1062:Duplicate entry '835' for key 'PRIMARY'
 [ SQLè¯­å¥ ] : INSERT INTO `m_team` (`tid`,`tname`,`qtname`) VALUES (835,'æ‹‰æ™®æ‹‰å¡”ä½“æ“','æ‹‰æ™®æ‹‰å¡”ä½“æ“')
ERR: 1062:Duplicate entry '5241' for key 'PRIMARY'
 [ SQLè¯­å¥ ] : INSERT INTO `m_team` (`tid`,`tname`,`qtname`) VALUES (5241,'å¥¥æ—åŒ¹å¥¥','å¥¥æ—åŒ¹å¥¥')
ERR: 1062:Duplicate entry '1322' for key 'PRIMARY'
 [ SQLè¯­å¥ ] : INSERT INTO `m_team` (`tid`,`tname`,`qtname`) VALUES (1322,'é˜¿æ ¹å»·ç‹¬ç«\‹','é˜¿æ ¹å»·ç‹¬ç«\‹')
ERR: 1062:Duplicate entry '1588' for key 'PRIMARY'
 [ SQLè¯­å¥ ] : INSERT INTO `m_team` (`tid`,`tname`,`qtname`) VALUES (1588,'ç“¦æ–¯ç§‘è¾¾ä¼½é©¬','ç“¦æ–¯ç§‘è¾¾ä¼½é©¬')
ERR: 1062:Duplicate entry '558' for key 'PRIMARY'
 [ SQLè¯­å¥ ] : INSERT INTO `m_team` (`tid`,`tname`,`qtname`) VALUES (558,'ç«æŠ€ä¿±ä¹éƒ\¨','ç«æŠ€ä¿±ä¹éƒ\¨')
ERR: 1062:Duplicate entry '845' for key 'PRIMARY'
 [ SQLè¯­å¥ ] : INSERT INTO `m_team` (`tid`,`tname`,`qtname`) VALUES (845,'å¹¿å²›ä¸‰ç®­','å¹¿å²›ä¸‰ç®­')
ERR: 1062:Duplicate entry '4127' for key 'PRIMARY'
 [ SQLè¯­å¥ ] : INSERT INTO `m_team` (`tid`,`tname`,`qtname`) VALUES (4127,'æ°´æˆ·èœ€è‘\µ','æ°´æˆ·èœ€è‘\µ')
ERR: 1062:Duplicate entry '688' for key 'PRIMARY'
 [ SQLè¯­å¥ ] : INSERT INTO `m_team` (`tid`,`tname`,`qtname`) VALUES (688,'è´è¥¿å…‹å¡”æ–\¯','è´è¥¿å…‹å¡”æ–\¯')
ERR: 1062:Duplicate entry '554' for key 'PRIMARY'
 [ SQLè¯­å¥ ] : INSERT INTO `m_team` (`tid`,`tname`,`qtname`) VALUES (554,'é˜¿æ£®çº\³','é˜¿æ£®çº\³')
ERR: 1062:Duplicate entry '688' for key 'PRIMARY'
 [ SQLè¯­å¥ ] : INSERT INTO `m_team` (`tid`,`tname`,`qtname`) VALUES (688,'è´è¥¿å…‹å¡”æ–\¯','è´è¥¿å…‹å¡”æ–\¯')
ERR: 1062:Duplicate entry '690' for key 'PRIMARY'
 [ SQLè¯­å¥ ] : INSERT INTO `m_team` (`tid`,`tname`,`qtname`) VALUES (690,'æ¯•å°”å·´é„‚ç«æŠ€','æ¯•å°”å·´é„‚ç«æŠ€')
ERR: 1062:Duplicate entry '1125' for key 'PRIMARY'
 [ SQLè¯­å¥ ] : INSERT INTO `m_team` (`tid`,`tname`,`qtname`) VALUES (1125,'é‚£ä¸å‹’æ–¯','é‚£ä¸å‹’æ–¯')
ERR: 1062:Duplicate entry '690' for key 'PRIMARY'
 [ SQLè¯­å¥ ] : INSERT INTO `m_team` (`tid`,`tname`,`qtname`) VALUES (690,'æ¯•å°”å·´é„‚ç«æŠ€','æ¯•å°”å·´é„‚ç«æŠ€')
ERR: 1062:Duplicate entry '1125' for key 'PRIMARY'
 [ SQLè¯­å¥ ] : INSERT INTO `m_team` (`tid`,`tname`,`qtname`) VALUES (1125,'é‚£ä¸å‹’æ–¯','é‚£ä¸å‹’æ–¯')
ERR: 1062:Duplicate entry '986' for key 'PRIMARY'
 [ SQLè¯­å¥ ] : INSERT INTO `m_team` (`tid`,`tname`,`qtname`) VALUES (986,'å‹’æ²ƒåº“æ£®','å‹’æ²ƒåº“æ£®')
ERR: 1062:Duplicate entry '819' for key 'PRIMARY'
 [ SQLè¯­å¥ ] : INSERT INTO `m_team` (`tid`,`tname`,`qtname`) VALUES (819,'å“¥æœ¬å“ˆæ ¹','å“¥æœ¬å“ˆæ ¹')
ERR: 1062:Duplicate entry '986' for key 'PRIMARY'
 [ SQLè¯­å¥ ] : INSERT INTO `m_team` (`tid`,`tname`,`qtname`) VALUES (986,'å‹’æ²ƒåº“æ£®','å‹’æ²ƒåº“æ£®')
ERR: 1062:Duplicate entry '819' for key 'PRIMARY'
 [ SQLè¯­å¥ ] : INSERT INTO `m_team` (`tid`,`tname`,`qtname`) VALUES (819,'å“¥æœ¬å“ˆæ ¹','å“¥æœ¬å“ˆæ ¹')
ERR: 1062:Duplicate entry '712' for key 'PRIMARY'
 [ SQLè¯­å¥ ] : INSERT INTO `m_team` (`tid`,`tname`,`qtname`) VALUES (712,'å¸ƒåŠ å‹’æ–¯ç‰¹æ˜Ÿ','å¸ƒåŠ å‹’æ–¯ç‰¹æ˜Ÿ')
ERR: 1062:Duplicate entry '712' for key 'PRIMARY'
 [ SQLè¯­å¥ ] : INSERT INTO `m_team` (`tid`,`tname`,`qtname`) VALUES (712,'å¸ƒåŠ å‹’æ–¯ç‰¹æ˜Ÿ','å¸ƒåŠ å‹’æ–¯ç‰¹æ˜Ÿ')
ERR: 1062:Duplicate entry '1051' for key 'PRIMARY'
 [ SQLè¯­å¥ ] : INSERT INTO `m_team` (`tid`,`tname`,`qtname`) VALUES (1051,'é©¬å°”é»\˜','é©¬å°”é»\˜')
ERR: 1062:Duplicate entry '446' for key 'PRIMARY'
 [ SQLè¯­å¥ ] : INSERT INTO `m_team` (`tid`,`tname`,`qtname`) VALUES (446,'è¨å°”èŒ¨å ¡','è¨å°”èŒ¨å ¡')
ERR: 1062:Duplicate entry '555' for key 'PRIMARY'
 [ SQLè¯­å¥ ] : INSERT INTO `m_team` (`tid`,`tname`,`qtname`) VALUES (555,'é˜¿æ–¯é¡¿ç»´æ‹\‰','é˜¿æ–¯é¡¿ç»´æ‹\‰')
ERR: 1062:Duplicate entry '1626' for key 'PRIMARY'
 [ SQLè¯­å¥ ] : INSERT INTO `m_team` (`tid`,`tname`,`qtname`) VALUES (1626,'è±é¡¿ä¸œæ–¹','è±é¡¿ä¸œæ–¹')
ERR: 1062:Duplicate entry '555' for key 'PRIMARY'
 [ SQLè¯­å¥ ] : INSERT INTO `m_team` (`tid`,`tname`,`qtname`) VALUES (555,'é˜¿æ–¯é¡¿ç»´æ‹\‰','é˜¿æ–¯é¡¿ç»´æ‹\‰')
ERR: 1062:Duplicate entry '1626' for key 'PRIMARY'
 [ SQLè¯­å¥ ] : INSERT INTO `m_team` (`tid`,`tname`,`qtname`) VALUES (1626,'è±é¡¿ä¸œæ–¹','è±é¡¿ä¸œæ–¹')
ERR: 1062:Duplicate entry '466' for key 'PRIMARY'
 [ SQLè¯­å¥ ] : INSERT INTO `m_team` (`tid`,`tname`,`qtname`) VALUES (466,'æ¡‘å¾·å…\°','æ¡‘å¾·å…\°')
ERR: 1062:Duplicate entry '701' for key 'PRIMARY'
 [ SQLè¯­å¥ ] : INSERT INTO `m_team` (`tid`,`tname`,`qtname`) VALUES (701,'ä¼¯æ˜ç¿\°','ä¼¯æ˜ç¿\°')
ERR: 1062:Duplicate entry '466' for key 'PRIMARY'
 [ SQLè¯­å¥ ] : INSERT INTO `m_team` (`tid`,`tname`,`qtname`) VALUES (466,'æ¡‘å¾·å…\°','æ¡‘å¾·å…\°')
ERR: 1062:Duplicate entry '2351' for key 'PRIMARY'
 [ SQLè¯­å¥ ] : INSERT INTO `m_team` (`tid`,`tname`,`qtname`) VALUES (2351,'ä¼¯é¡¿','ä¼¯é¡¿')
ERR: 1062:Duplicate entry '954' for key 'PRIMARY'
 [ SQLè¯­å¥ ] : INSERT INTO `m_team` (`tid`,`tname`,`qtname`) VALUES (954,'å¥³ç‹å…¬å›­å·¡æ¸¸è€\…','å¥³ç‹å…¬å›­å·¡æ¸¸è€\…')
ERR: 1062:Duplicate entry '1197' for key 'PRIMARY'
 [ SQLè¯­å¥ ] : INSERT INTO `m_team` (`tid`,`tname`,`qtname`) VALUES (1197,'æ–¯æ‰˜å…‹åŸ','æ–¯æ‰˜å…‹åŸ')
ERR: 1062:Duplicate entry '716' for key 'PRIMARY'
 [ SQLè¯­å¥ ] : INSERT INTO `m_team` (`tid`,`tname`,`qtname`) VALUES (716,'å¸ƒæ‹‰å¾·ç¦å¾\·','å¸ƒæ‹‰å¾·ç¦å¾\·')
ERR: 1062:Duplicate entry '1015' for key 'PRIMARY'
 [ SQLè¯­å¥ ] : INSERT INTO `m_team` (`tid`,`tname`,`qtname`) VALUES (1015,'åˆ©å…¹è\”','åˆ©å…¹è\”')
ERR: 1062:Duplicate entry '1183' for key 'PRIMARY'
 [ SQLè¯­å¥ ] : INSERT INTO `m_team` (`tid`,`tname`,`qtname`) VALUES (1183,'æ‹‰æ–æ‹‰ç«æŠ€','æ‹‰æ–æ‹‰ç«æŠ€')
ERR: 1062:Duplicate entry '1136' for key 'PRIMARY'
 [ SQLè¯­å¥ ] : INSERT INTO `m_team` (`tid`,`tname`,`qtname`) VALUES (1136,'çº½ç»´å°”è€ç”·å­\©','çº½ç»´å°”è€ç”·å­\©')
ERR: 1062:Duplicate entry '1034' for key 'PRIMARY'
 [ SQLè¯­å¥ ] : INSERT INTO `m_team` (`tid`,`tname`,`qtname`) VALUES (1034,'ç½—è¨é‡Œå¥¥ä¸­å¤®','ç½—è¨é‡Œå¥¥ä¸­å¤®')
ERR: 1062:Duplicate entry '3608' for key 'PRIMARY'
 [ SQLè¯­å¥ ] : INSERT INTO `m_team` (`tid`,`tname`,`qtname`) VALUES (3608,'æˆˆå¤šä¼Šå…‹é²æ–¯','æˆˆå¤šä¼Šå…‹é²æ–¯')
ERR: 1062:Duplicate entry '864' for key 'PRIMARY'
 [ SQLè¯­å¥ ] : INSERT INTO `m_team` (`tid`,`tname`,`qtname`) VALUES (864,'æ²³åºŠ','æ²³åºŠ')
ERR: 1062:Duplicate entry '1571' for key 'PRIMARY'
 [ SQLè¯­å¥ ] : INSERT INTO `m_team` (`tid`,`tname`,`qtname`) VALUES (1571,'å·´æ‹‰çº³ç«æŠ€','å·´æ‹‰çº³ç«æŠ€')
ERR: 1062:Duplicate entry '6945' for key 'PRIMARY'
 [ SQLè¯­å¥ ] : INSERT INTO `m_team` (`tid`,`tname`,`qtname`) VALUES (6945,'è±æ˜‚','è±æ˜‚')
ERR: 1062:Duplicate entry '6945' for key 'PRIMARY'
 [ SQLè¯­å¥ ] : INSERT INTO `m_team` (`tid`,`tname`,`qtname`) VALUES (6945,'è±æ˜‚','è±æ˜‚')
ERR: 1062:Duplicate entry '569' for key 'PRIMARY'
 [ SQLè¯­å¥ ] : INSERT INTO `m_team` (`tid`,`tname`,`qtname`) VALUES (569,'æ‹‰æ™®æ‹‰å¡”å¤§å­¦ç”\Ÿ','æ‹‰æ™®æ‹‰å¡”å¤§å­¦ç”\Ÿ')
ERR: 1062:Duplicate entry '705' for key 'PRIMARY'
 [ SQLè¯­å¥ ] : INSERT INTO `m_team` (`tid`,`tname`,`qtname`) VALUES (705,'åšå¡é’å¹´','åšå¡é’å¹´')
ERR: 1062:Duplicate entry '1572' for key 'PRIMARY'
 [ SQLè¯­å¥ ] : INSERT INTO `m_team` (`tid`,`tname`,`qtname`) VALUES (1572,'ç§‘æ—è’‚å®‰','ç§‘æ—è’‚å®‰')
ERR: 1062:Duplicate entry '1577' for key 'PRIMARY'
 [ SQLè¯­å¥ ] : INSERT INTO `m_team` (`tid`,`tname`,`qtname`) VALUES (1577,'å¼—æ‹‰é—¨æˆˆ','å¼—æ‹‰é—¨æˆˆ')
ERR: 1062:Duplicate entry '1888' for key 'PRIMARY'
 [ SQLè¯­å¥ ] : INSERT INTO `m_team` (`tid`,`tname`,`qtname`) VALUES (1888,'å¸•ä¸˜å\¡','å¸•ä¸˜å\¡')
ERR: 1062:Duplicate entry '1888' for key 'PRIMARY'
 [ SQLè¯­å¥ ] : INSERT INTO `m_team` (`tid`,`tname`,`qtname`) VALUES (1888,'å¸•ä¸˜å\¡','å¸•ä¸˜å\¡')
ERR: 1062:Duplicate entry '997' for key 'PRIMARY'
 [ SQLè¯­å¥ ] : INSERT INTO `m_team` (`tid`,`tname`,`qtname`) VALUES (997,'é‡Œæ˜‚','é‡Œæ˜‚')
ERR: 1062:Duplicate entry '1231' for key 'PRIMARY'
 [ SQLè¯­å¥ ] : INSERT INTO `m_team` (`tid`,`tname`,`qtname`) VALUES (1231,'ç‰¹æ¸©ç‰\¹','ç‰¹æ¸©ç‰\¹')
ERR: 1062:Duplicate entry '683' for key 'PRIMARY'
 [ SQLè¯­å¥ ] : INSERT INTO `m_team` (`tid`,`tname`,`qtname`) VALUES (683,'æ¯”åˆ©äºšé›·äºšå°”','æ¯”åˆ©äºšé›·äºšå°”')
ERR: 1062:Duplicate entry '1238' for key 'PRIMARY'
 [ SQLè¯­å¥ ] : INSERT INTO `m_team` (`tid`,`tname`,`qtname`) VALUES (1238,'æ‰˜ç‰¹çº³å§†çƒ­åˆº','æ‰˜ç‰¹çº³å§†çƒ­åˆº')

[ 2014-08-26T23:27:31+08:00 ] 127.0.0.1 /Home/MatAdmin/modUp.html
ERR: 1064:You have an error in your SQL syntax; check the manual that corresponds to your MySQL server version for the right syntax to use near 'WHERE ( `id` = 79600 )' at line 1
 [ SQLè¯­å¥ ] : UPDATE `m_match` SET  WHERE ( `id` = 79600 )

[ 2014-08-26T23:50:40+08:00 ] 127.0.0.1 /Home/Match/modUp.html
ERR: éæ³•æ•°æ®å¯¹è±¡ï¼

[ 2014-08-26T23:50:46+08:00 ] 127.0.0.1 /Home/Match/modUp.html
ERR: éæ³•æ•°æ®å¯¹è±¡ï¼

[ 2014-08-26T23:51:05+08:00 ] 127.0.0.1 /Home/Match/modUp.html?mod=496
ERR: éæ³•æ•°æ®å¯¹è±¡ï¼

