[ 2014-06-21T14:01:58+08:00 ] 127.0.0.1 /
INFO: [ app_begin ] --START--
INFO: Run Behavior\ReadHtmlCache [ RunTime:0.017893s ]
INFO: [ app_begin ] --END-- [ RunTime:0.041663s ]
INFO: [ view_parse ] --START--
INFO: [ template_filter ] --START--
INFO: Run Behavior\ContentReplace [ RunTime:0.000075s ]
INFO: [ template_filter ] --END-- [ RunTime:0.000257s ]
INFO: Run Behavior\ParseTemplate [ RunTime:0.121130s ]
INFO: [ view_parse ] --END-- [ RunTime:0.121279s ]
INFO: [ view_filter ] --START--
INFO: Run Behavior\WriteHtmlCache [ RunTime:0.000420s ]
INFO: [ view_filter ] --END-- [ RunTime:0.000492s ]
INFO: [ app_end ] --START--
INFO: Run Behavior\ShowPageTrace [ RunTime:0.011080s ]
INFO: [ app_end ] --END-- [ RunTime:0.011212s ]

[ 2014-06-21T14:05:50+08:00 ] 127.0.0.1 /
INFO: [ app_begin ] --START--
INFO: Run Behavior\ReadHtmlCache [ RunTime:0.000575s ]
INFO: [ app_begin ] --END-- [ RunTime:0.000977s ]
INFO: [ view_parse ] --START--
INFO: [ template_filter ] --START--
INFO: Run Behavior\ContentReplace [ RunTime:0.000092s ]
INFO: [ template_filter ] --END-- [ RunTime:0.000184s ]
NOTIC: [8] Undefined variable: data D:\phpserver\match.boss.com\Web\Runtime\Cache\Home\bc0144a4fd1292e6da37880e61825715.php 第 104 行.
INFO: Run Behavior\ParseTemplate [ RunTime:0.010699s ]
INFO: [ view_parse ] --END-- [ RunTime:0.010798s ]
INFO: [ view_filter ] --START--
INFO: Run Behavior\WriteHtmlCache [ RunTime:0.000348s ]
INFO: [ view_filter ] --END-- [ RunTime:0.000419s ]
INFO: [ app_end ] --START--
INFO: Run Behavior\ShowPageTrace [ RunTime:0.001367s ]
INFO: [ app_end ] --END-- [ RunTime:0.001504s ]

[ 2014-06-21T14:07:41+08:00 ] 127.0.0.1 /
INFO: [ app_begin ] --START--
INFO: Run Behavior\ReadHtmlCache [ RunTime:0.000559s ]
INFO: [ app_begin ] --END-- [ RunTime:0.000949s ]
INFO: [ view_parse ] --START--
INFO: [ template_filter ] --START--
INFO: Run Behavior\ContentReplace [ RunTime:0.000097s ]
INFO: [ template_filter ] --END-- [ RunTime:0.000211s ]
NOTIC: [8] Undefined variable: data D:\phpserver\match.boss.com\Web\Runtime\Cache\Home\bc0144a4fd1292e6da37880e61825715.php 第 104 行.
INFO: Run Behavior\ParseTemplate [ RunTime:0.011525s ]
INFO: [ view_parse ] --END-- [ RunTime:0.011630s ]
INFO: [ view_filter ] --START--
INFO: Run Behavior\WriteHtmlCache [ RunTime:0.000676s ]
INFO: [ view_filter ] --END-- [ RunTime:0.000754s ]
INFO: [ app_end ] --START--
INFO: Run Behavior\ShowPageTrace [ RunTime:0.000639s ]
INFO: [ app_end ] --END-- [ RunTime:0.000776s ]

[ 2014-06-21T14:08:00+08:00 ] 127.0.0.1 /
INFO: [ app_begin ] --START--
INFO: Run Behavior\ReadHtmlCache [ RunTime:0.000568s ]
INFO: [ app_begin ] --END-- [ RunTime:0.000958s ]
INFO: [ view_parse ] --START--
INFO: [ template_filter ] --START--
INFO: Run Behavior\ContentReplace [ RunTime:0.000098s ]
INFO: [ template_filter ] --END-- [ RunTime:0.000205s ]
NOTIC: [8] Undefined variable: data D:\phpserver\match.boss.com\Web\Runtime\Cache\Home\bc0144a4fd1292e6da37880e61825715.php 第 104 行.
INFO: Run Behavior\ParseTemplate [ RunTime:0.011920s ]
INFO: [ view_parse ] --END-- [ RunTime:0.012014s ]
INFO: [ view_filter ] --START--
INFO: Run Behavior\WriteHtmlCache [ RunTime:0.000316s ]
INFO: [ view_filter ] --END-- [ RunTime:0.000385s ]
INFO: [ app_end ] --START--
INFO: Run Behavior\ShowPageTrace [ RunTime:0.000865s ]
INFO: [ app_end ] --END-- [ RunTime:0.001005s ]

[ 2014-06-21T14:08:12+08:00 ] 127.0.0.1 /
INFO: [ app_begin ] --START--
INFO: Run Behavior\ReadHtmlCache [ RunTime:0.000454s ]
INFO: [ app_begin ] --END-- [ RunTime:0.000795s ]
INFO: [ view_parse ] --START--
INFO: [ template_filter ] --START--
INFO: Run Behavior\ContentReplace [ RunTime:0.000092s ]
INFO: [ template_filter ] --END-- [ RunTime:0.000177s ]
NOTIC: [8] Undefined variable: data D:\phpserver\match.boss.com\Web\Runtime\Cache\Home\bc0144a4fd1292e6da37880e61825715.php 第 104 行.
INFO: Run Behavior\ParseTemplate [ RunTime:0.009710s ]
INFO: [ view_parse ] --END-- [ RunTime:0.009800s ]
INFO: [ view_filter ] --START--
INFO: Run Behavior\WriteHtmlCache [ RunTime:0.000208s ]
INFO: [ view_filter ] --END-- [ RunTime:0.000276s ]
INFO: [ app_end ] --START--
INFO: Run Behavior\ShowPageTrace [ RunTime:0.000488s ]
INFO: [ app_end ] --END-- [ RunTime:0.000586s ]

[ 2014-06-21T14:08:43+08:00 ] 127.0.0.1 /
INFO: [ app_begin ] --START--
INFO: Run Behavior\ReadHtmlCache [ RunTime:0.000607s ]
INFO: [ app_begin ] --END-- [ RunTime:0.001031s ]
INFO: [ view_parse ] --START--
INFO: [ template_filter ] --START--
INFO: Run Behavior\ContentReplace [ RunTime:0.000099s ]
INFO: [ template_filter ] --END-- [ RunTime:0.000204s ]
NOTIC: [8] Undefined variable: data D:\phpserver\match.boss.com\Web\Runtime\Cache\Home\bc0144a4fd1292e6da37880e61825715.php 第 104 行.
INFO: Run Behavior\ParseTemplate [ RunTime:0.011088s ]
INFO: [ view_parse ] --END-- [ RunTime:0.011183s ]
INFO: [ view_filter ] --START--
INFO: Run Behavior\WriteHtmlCache [ RunTime:0.000311s ]
INFO: [ view_filter ] --END-- [ RunTime:0.000379s ]
INFO: [ app_end ] --START--
INFO: Run Behavior\ShowPageTrace [ RunTime:0.000818s ]
INFO: [ app_end ] --END-- [ RunTime:0.000904s ]

[ 2014-06-21T14:09:07+08:00 ] 127.0.0.1 /
INFO: [ app_begin ] --START--
INFO: Run Behavior\ReadHtmlCache [ RunTime:0.000464s ]
INFO: [ app_begin ] --END-- [ RunTime:0.000809s ]
INFO: [ view_parse ] --START--
INFO: [ template_filter ] --START--
INFO: Run Behavior\ContentReplace [ RunTime:0.000111s ]
INFO: [ template_filter ] --END-- [ RunTime:0.000229s ]
NOTIC: [8] Undefined variable: data D:\phpserver\match.boss.com\Web\Runtime\Cache\Home\bc0144a4fd1292e6da37880e61825715.php 第 104 行.
INFO: Run Behavior\ParseTemplate [ RunTime:0.010890s ]
INFO: [ view_parse ] --END-- [ RunTime:0.010996s ]
INFO: [ view_filter ] --START--
INFO: Run Behavior\WriteHtmlCache [ RunTime:0.000248s ]
INFO: [ view_filter ] --END-- [ RunTime:0.000317s ]
INFO: [ app_end ] --START--
INFO: Run Behavior\ShowPageTrace [ RunTime:0.000488s ]
INFO: [ app_end ] --END-- [ RunTime:0.000568s ]

[ 2014-06-21T14:09:36+08:00 ] 127.0.0.1 /
INFO: [ app_begin ] --START--
INFO: Run Behavior\ReadHtmlCache [ RunTime:0.000630s ]
INFO: [ app_begin ] --END-- [ RunTime:0.001084s ]
INFO: [ view_parse ] --START--
INFO: [ template_filter ] --START--
INFO: Run Behavior\ContentReplace [ RunTime:0.000092s ]
INFO: [ template_filter ] --END-- [ RunTime:0.000189s ]
NOTIC: [8] Undefined variable: data D:\phpserver\match.boss.com\Web\Runtime\Cache\Home\bc0144a4fd1292e6da37880e61825715.php 第 104 行.
INFO: Run Behavior\ParseTemplate [ RunTime:0.010548s ]
INFO: [ view_parse ] --END-- [ RunTime:0.010640s ]
INFO: [ view_filter ] --START--
INFO: Run Behavior\WriteHtmlCache [ RunTime:0.000345s ]
INFO: [ view_filter ] --END-- [ RunTime:0.000412s ]
INFO: [ app_end ] --START--
INFO: Run Behavior\ShowPageTrace [ RunTime:0.000836s ]
INFO: [ app_end ] --END-- [ RunTime:0.000925s ]

[ 2014-06-21T14:11:06+08:00 ] 127.0.0.1 /
INFO: [ app_begin ] --START--
INFO: Run Behavior\ReadHtmlCache [ RunTime:0.000641s ]
INFO: [ app_begin ] --END-- [ RunTime:0.001068s ]
INFO: [ view_parse ] --START--
INFO: [ template_filter ] --START--
INFO: Run Behavior\ContentReplace [ RunTime:0.000094s ]
INFO: [ template_filter ] --END-- [ RunTime:0.000198s ]
NOTIC: [8] Undefined variable: data D:\phpserver\match.boss.com\Web\Runtime\Cache\Home\bc0144a4fd1292e6da37880e61825715.php 第 104 行.
INFO: Run Behavior\ParseTemplate [ RunTime:0.010579s ]
INFO: [ view_parse ] --END-- [ RunTime:0.010675s ]
INFO: [ view_filter ] --START--
INFO: Run Behavior\WriteHtmlCache [ RunTime:0.000452s ]
INFO: [ view_filter ] --END-- [ RunTime:0.000525s ]
INFO: [ app_end ] --START--
INFO: Run Behavior\ShowPageTrace [ RunTime:0.001027s ]
INFO: [ app_end ] --END-- [ RunTime:0.001131s ]

[ 2014-06-21T14:11:32+08:00 ] 127.0.0.1 /
INFO: [ app_begin ] --START--
INFO: Run Behavior\ReadHtmlCache [ RunTime:0.000656s ]
INFO: [ app_begin ] --END-- [ RunTime:0.001078s ]
INFO: [ view_parse ] --START--
INFO: [ template_filter ] --START--
INFO: Run Behavior\ContentReplace [ RunTime:0.000096s ]
INFO: [ template_filter ] --END-- [ RunTime:0.000196s ]
NOTIC: [8] Undefined variable: data D:\phpserver\match.boss.com\Web\Runtime\Cache\Home\bc0144a4fd1292e6da37880e61825715.php 第 104 行.
INFO: Run Behavior\ParseTemplate [ RunTime:0.011800s ]
INFO: [ view_parse ] --END-- [ RunTime:0.011927s ]
INFO: [ view_filter ] --START--
INFO: Run Behavior\WriteHtmlCache [ RunTime:0.000518s ]
INFO: [ view_filter ] --END-- [ RunTime:0.000625s ]
INFO: [ app_end ] --START--
INFO: Run Behavior\ShowPageTrace [ RunTime:0.000850s ]
INFO: [ app_end ] --END-- [ RunTime:0.000985s ]

[ 2014-06-21T14:12:05+08:00 ] 127.0.0.1 /
INFO: [ app_begin ] --START--
INFO: Run Behavior\ReadHtmlCache [ RunTime:0.000558s ]
INFO: [ app_begin ] --END-- [ RunTime:0.000958s ]
INFO: [ view_parse ] --START--
INFO: [ template_filter ] --START--
INFO: Run Behavior\ContentReplace [ RunTime:0.000102s ]
INFO: [ template_filter ] --END-- [ RunTime:0.000219s ]
NOTIC: [8] Undefined variable: data D:\phpserver\match.boss.com\Web\Runtime\Cache\Home\bc0144a4fd1292e6da37880e61825715.php 第 104 行.
INFO: Run Behavior\ParseTemplate [ RunTime:0.011940s ]
INFO: [ view_parse ] --END-- [ RunTime:0.012037s ]
INFO: [ view_filter ] --START--
INFO: Run Behavior\WriteHtmlCache [ RunTime:0.000309s ]
INFO: [ view_filter ] --END-- [ RunTime:0.000377s ]
INFO: [ app_end ] --START--
INFO: Run Behavior\ShowPageTrace [ RunTime:0.000854s ]
INFO: [ app_end ] --END-- [ RunTime:0.001061s ]

[ 2014-06-21T14:12:35+08:00 ] 127.0.0.1 /
INFO: [ app_begin ] --START--
INFO: Run Behavior\ReadHtmlCache [ RunTime:0.000551s ]
INFO: [ app_begin ] --END-- [ RunTime:0.000926s ]
INFO: [ view_parse ] --START--
INFO: [ template_filter ] --START--
INFO: Run Behavior\ContentReplace [ RunTime:0.000093s ]
INFO: [ template_filter ] --END-- [ RunTime:0.000197s ]
NOTIC: [8] Undefined variable: data D:\phpserver\match.boss.com\Web\Runtime\Cache\Home\bc0144a4fd1292e6da37880e61825715.php 第 104 行.
INFO: Run Behavior\ParseTemplate [ RunTime:0.011378s ]
INFO: [ view_parse ] --END-- [ RunTime:0.011479s ]
INFO: [ view_filter ] --START--
INFO: Run Behavior\WriteHtmlCache [ RunTime:0.000328s ]
INFO: [ view_filter ] --END-- [ RunTime:0.000396s ]
INFO: [ app_end ] --START--
INFO: Run Behavior\ShowPageTrace [ RunTime:0.000577s ]
INFO: [ app_end ] --END-- [ RunTime:0.000667s ]

[ 2014-06-21T14:12:43+08:00 ] 127.0.0.1 /
INFO: [ app_begin ] --START--
INFO: Run Behavior\ReadHtmlCache [ RunTime:0.000450s ]
INFO: [ app_begin ] --END-- [ RunTime:0.000822s ]
INFO: [ view_parse ] --START--
INFO: [ template_filter ] --START--
INFO: Run Behavior\ContentReplace [ RunTime:0.000093s ]
INFO: [ template_filter ] --END-- [ RunTime:0.000243s ]
NOTIC: [8] Undefined variable: data D:\phpserver\match.boss.com\Web\Runtime\Cache\Home\bc0144a4fd1292e6da37880e61825715.php 第 104 行.
INFO: Run Behavior\ParseTemplate [ RunTime:0.010327s ]
INFO: [ view_parse ] --END-- [ RunTime:0.010427s ]
INFO: [ view_filter ] --START--
INFO: Run Behavior\WriteHtmlCache [ RunTime:0.000222s ]
INFO: [ view_filter ] --END-- [ RunTime:0.000290s ]
INFO: [ app_end ] --START--
INFO: Run Behavior\ShowPageTrace [ RunTime:0.000590s ]
INFO: [ app_end ] --END-- [ RunTime:0.000703s ]

[ 2014-06-21T14:12:53+08:00 ] 127.0.0.1 /
INFO: [ app_begin ] --START--
INFO: Run Behavior\ReadHtmlCache [ RunTime:0.000487s ]
INFO: [ app_begin ] --END-- [ RunTime:0.000824s ]
INFO: [ view_parse ] --START--
INFO: [ template_filter ] --START--
INFO: Run Behavior\ContentReplace [ RunTime:0.000133s ]
INFO: [ template_filter ] --END-- [ RunTime:0.000237s ]
NOTIC: [8] Undefined variable: data D:\phpserver\match.boss.com\Web\Runtime\Cache\Home\bc0144a4fd1292e6da37880e61825715.php 第 104 行.
INFO: Run Behavior\ParseTemplate [ RunTime:0.010711s ]
INFO: [ view_parse ] --END-- [ RunTime:0.010808s ]
INFO: [ view_filter ] --START--
INFO: Run Behavior\WriteHtmlCache [ RunTime:0.000264s ]
INFO: [ view_filter ] --END-- [ RunTime:0.000332s ]
INFO: [ app_end ] --START--
INFO: Run Behavior\ShowPageTrace [ RunTime:0.000678s ]
INFO: [ app_end ] --END-- [ RunTime:0.000833s ]

[ 2014-06-21T14:13:00+08:00 ] 127.0.0.1 /
INFO: [ app_begin ] --START--
INFO: Run Behavior\ReadHtmlCache [ RunTime:0.000493s ]
INFO: [ app_begin ] --END-- [ RunTime:0.000836s ]
INFO: [ view_parse ] --START--
INFO: [ template_filter ] --START--
INFO: Run Behavior\ContentReplace [ RunTime:0.000100s ]
INFO: [ template_filter ] --END-- [ RunTime:0.000215s ]
NOTIC: [8] Undefined variable: data D:\phpserver\match.boss.com\Web\Runtime\Cache\Home\bc0144a4fd1292e6da37880e61825715.php 第 104 行.
INFO: Run Behavior\ParseTemplate [ RunTime:0.011025s ]
INFO: [ view_parse ] --END-- [ RunTime:0.011124s ]
INFO: [ view_filter ] --START--
INFO: Run Behavior\WriteHtmlCache [ RunTime:0.000225s ]
INFO: [ view_filter ] --END-- [ RunTime:0.000293s ]
INFO: [ app_end ] --START--
INFO: Run Behavior\ShowPageTrace [ RunTime:0.000493s ]
INFO: [ app_end ] --END-- [ RunTime:0.000625s ]

[ 2014-06-21T14:13:21+08:00 ] 127.0.0.1 /
INFO: [ app_begin ] --START--
INFO: Run Behavior\ReadHtmlCache [ RunTime:0.000764s ]
INFO: [ app_begin ] --END-- [ RunTime:0.001264s ]
INFO: [ view_parse ] --START--
INFO: [ template_filter ] --START--
INFO: Run Behavior\ContentReplace [ RunTime:0.000095s ]
INFO: [ template_filter ] --END-- [ RunTime:0.000184s ]
NOTIC: [8] Undefined variable: data D:\phpserver\match.boss.com\Web\Runtime\Cache\Home\bc0144a4fd1292e6da37880e61825715.php 第 104 行.
INFO: Run Behavior\ParseTemplate [ RunTime:0.010603s ]
INFO: [ view_parse ] --END-- [ RunTime:0.010697s ]
INFO: [ view_filter ] --START--
INFO: Run Behavior\WriteHtmlCache [ RunTime:0.000359s ]
INFO: [ view_filter ] --END-- [ RunTime:0.000428s ]
INFO: [ app_end ] --START--
INFO: Run Behavior\ShowPageTrace [ RunTime:0.000754s ]
INFO: [ app_end ] --END-- [ RunTime:0.000899s ]

[ 2014-06-21T14:13:27+08:00 ] 127.0.0.1 /
INFO: [ app_begin ] --START--
INFO: Run Behavior\ReadHtmlCache [ RunTime:0.000453s ]
INFO: [ app_begin ] --END-- [ RunTime:0.000819s ]
INFO: [ view_parse ] --START--
INFO: [ template_filter ] --START--
INFO: Run Behavior\ContentReplace [ RunTime:0.000103s ]
INFO: [ template_filter ] --END-- [ RunTime:0.000196s ]
NOTIC: [8] Undefined variable: data D:\phpserver\match.boss.com\Web\Runtime\Cache\Home\bc0144a4fd1292e6da37880e61825715.php 第 104 行.
INFO: Run Behavior\ParseTemplate [ RunTime:0.009952s ]
INFO: [ view_parse ] --END-- [ RunTime:0.010055s ]
INFO: [ view_filter ] --START--
INFO: Run Behavior\WriteHtmlCache [ RunTime:0.000281s ]
INFO: [ view_filter ] --END-- [ RunTime:0.000349s ]
INFO: [ app_end ] --START--
INFO: Run Behavior\ShowPageTrace [ RunTime:0.000496s ]
INFO: [ app_end ] --END-- [ RunTime:0.000580s ]

[ 2014-06-21T14:13:36+08:00 ] 127.0.0.1 /
INFO: [ app_begin ] --START--
INFO: Run Behavior\ReadHtmlCache [ RunTime:0.000560s ]
INFO: [ app_begin ] --END-- [ RunTime:0.000902s ]
INFO: [ view_parse ] --START--
INFO: [ template_filter ] --START--
INFO: Run Behavior\ContentReplace [ RunTime:0.000093s ]
INFO: [ template_filter ] --END-- [ RunTime:0.000182s ]
NOTIC: [8] Undefined variable: data D:\phpserver\match.boss.com\Web\Runtime\Cache\Home\bc0144a4fd1292e6da37880e61825715.php 第 104 行.
INFO: Run Behavior\ParseTemplate [ RunTime:0.010169s ]
INFO: [ view_parse ] --END-- [ RunTime:0.010271s ]
INFO: [ view_filter ] --START--
INFO: Run Behavior\WriteHtmlCache [ RunTime:0.000374s ]
INFO: [ view_filter ] --END-- [ RunTime:0.000449s ]
INFO: [ app_end ] --START--
INFO: Run Behavior\ShowPageTrace [ RunTime:0.000554s ]
INFO: [ app_end ] --END-- [ RunTime:0.000642s ]

