[ 2014-08-25T00:39:24+08:00 ] 127.0.0.1 /Home/Match/teamUpAll.html
ERR: 1062:Duplicate entry '1179' for key 'PRIMARY'
 [ SQLè¯­å¥ ] : INSERT INTO `m_team` (`tid`,`tname`,`qtname`) VALUES (1179,'çƒ­é‚£äº\š','çƒ­é‚£äº\š')
ERR: 1062:Duplicate entry '562' for key 'PRIMARY'
 [ SQLè¯­å¥ ] : INSERT INTO `m_team` (`tid`,`tname`,`qtname`) VALUES (562,'åŸƒç“¦å°\”','åŸƒç“¦å°\”')
ERR: 1062:Duplicate entry '885' for key 'PRIMARY'
 [ SQLè¯­å¥ ] : INSERT INTO `m_team` (`tid`,`tname`,`qtname`) VALUES (885,'çš‡å®¶ç¤¾ä¼š','çš‡å®¶ç¤¾ä¼š')
ERR: 1062:Duplicate entry '1109' for key 'PRIMARY'
 [ SQLè¯­å¥ ] : INSERT INTO `m_team` (`tid`,`tname`,`qtname`) VALUES (1109,'è«å°”å¾\·','è«å°”å¾\·')
ERR: 1062:Duplicate entry '546' for key 'PRIMARY'
 [ SQLè¯­å¥ ] : INSERT INTO `m_team` (`tid`,`tname`,`qtname`) VALUES (546,'å¥¥å‹’æ\¾','å¥¥å‹’æ\¾')
ERR: 1062:Duplicate entry '467' for key 'PRIMARY'
 [ SQLè¯­å¥ ] : INSERT INTO `m_team` (`tid`,`tname`,`qtname`) VALUES (467,'åœ£æ´›ä¼¦ç´¢','åœ£æ´›ä¼¦ç´¢')
ERR: 1062:Duplicate entry '639' for key 'PRIMARY'
 [ SQLè¯­å¥ ] : INSERT INTO `m_team` (`tid`,`tname`,`qtname`) VALUES (639,'ç­è²å°”å¾·','ç­è²å°”å¾·')
ERR: 1062:Duplicate entry '963' for key 'PRIMARY'
 [ SQLè¯­å¥ ] : INSERT INTO `m_team` (`tid`,`tname`,`qtname`) VALUES (963,'æ‹‰åŠªæ–\¯','æ‹‰åŠªæ–\¯')
ERR: 1062:Duplicate entry '569' for key 'PRIMARY'
 [ SQLè¯­å¥ ] : INSERT INTO `m_team` (`tid`,`tname`,`qtname`) VALUES (569,'æ‹‰æ™®æ‹‰å¡”å¤§å­¦ç”\Ÿ','æ‹‰æ™®æ‹‰å¡”å¤§å­¦ç”\Ÿ')
ERR: 1062:Duplicate entry '709' for key 'PRIMARY'
 [ SQLè¯­å¥ ] : INSERT INTO `m_team` (`tid`,`tname`,`qtname`) VALUES (709,'åšé˜¿ç»´æ–¯å¡\”','åšé˜¿ç»´æ–¯å¡\”')
ERR: 1062:Duplicate entry '678' for key 'PRIMARY'
 [ SQLè¯­å¥ ] : INSERT INTO `m_team` (`tid`,`tname`,`qtname`) VALUES (678,'æœ¬è²å\¡','æœ¬è²å\¡')
ERR: 1062:Duplicate entry '1276' for key 'PRIMARY'
 [ SQLè¯­å¥ ] : INSERT INTO `m_team` (`tid`,`tname`,`qtname`) VALUES (1276,'ä¹Œè¿ªå†…æ–¯','ä¹Œè¿ªå†…æ–¯')
ERR: 1062:Duplicate entry '1276' for key 'PRIMARY'
 [ SQLè¯­å¥ ] : INSERT INTO `m_team` (`tid`,`tname`,`qtname`) VALUES (1276,'ä¹Œè¿ªå†…æ–¯','ä¹Œè¿ªå†…æ–¯')
ERR: 1062:Duplicate entry '1129' for key 'PRIMARY'
 [ SQLè¯­å¥ ] : INSERT INTO `m_team` (`tid`,`tname`,`qtname`) VALUES (1129,'å—ç‰¹','å—ç‰¹')
ERR: 1062:Duplicate entry '1105' for key 'PRIMARY'
 [ SQLè¯­å¥ ] : INSERT INTO `m_team` (`tid`,`tname`,`qtname`) VALUES (1105,'æ‘©çº³å“\¥','æ‘©çº³å“\¥')
ERR: 1062:Duplicate entry '1580' for key 'PRIMARY'
 [ SQLè¯­å¥ ] : INSERT INTO `m_team` (`tid`,`tname`,`qtname`) VALUES (1580,'æ ¼é›·ç±³å¥¥','æ ¼é›·ç±³å¥¥')
ERR: 1062:Duplicate entry '1572' for key 'PRIMARY'
 [ SQLè¯­å¥ ] : INSERT INTO `m_team` (`tid`,`tname`,`qtname`) VALUES (1572,'ç§‘æ—è’‚å®‰','ç§‘æ—è’‚å®‰')
ERR: 1062:Duplicate entry '1577' for key 'PRIMARY'
 [ SQLè¯­å¥ ] : INSERT INTO `m_team` (`tid`,`tname`,`qtname`) VALUES (1577,'å¼—æ‹‰é—¨æˆˆ','å¼—æ‹‰é—¨æˆˆ')
ERR: 1062:Duplicate entry '1578' for key 'PRIMARY'
 [ SQLè¯­å¥ ] : INSERT INTO `m_team` (`tid`,`tname`,`qtname`) VALUES (1578,'å¼—é²ç±³å«©å¡\','å¼—é²ç±³å«©å¡\')
ERR: 1062:Duplicate entry '3988' for key 'PRIMARY'
 [ SQLè¯­å¥ ] : INSERT INTO `m_team` (`tid`,`tname`,`qtname`) VALUES (3988,'ç´¯è¥¿è…“ä½“è‚\²','ç´¯è¥¿è…“ä½“è‚\²')
ERR: 1062:Duplicate entry '1385' for key 'PRIMARY'
 [ SQLè¯­å¥ ] : INSERT INTO `m_team` (`tid`,`tname`,`qtname`) VALUES (1385,'åœ£ä¿ç½\—','åœ£ä¿ç½\—')
ERR: 1062:Duplicate entry '472' for key 'PRIMARY'
 [ SQLè¯­å¥ ] : INSERT INTO `m_team` (`tid`,`tname`,`qtname`) VALUES (472,'æ¡‘æ‰˜æ–\¯','æ¡‘æ‰˜æ–\¯')
ERR: 1062:Duplicate entry '1589' for key 'PRIMARY'
 [ SQLè¯­å¥ ] : INSERT INTO `m_team` (`tid`,`tname`,`qtname`) VALUES (1589,'ç»´å¤šåˆ©äºš','ç»´å¤šåˆ©äºš')
ERR: 1062:Duplicate entry '1576' for key 'PRIMARY'
 [ SQLè¯­å¥ ] : INSERT INTO `m_team` (`tid`,`tname`,`qtname`) VALUES (1576,'è´¹å¤åŸƒä¼¦æ–\¯','è´¹å¤åŸƒä¼¦æ–\¯')
ERR: 1062:Duplicate entry '953' for key 'PRIMARY'
 [ SQLè¯­å¥ ] : INSERT INTO `m_team` (`tid`,`tname`,`qtname`) VALUES (953,'åŸºå°”æ¢…æ–¯','åŸºå°”æ¢…æ–¯')
ERR: 1062:Duplicate entry '985' for key 'PRIMARY'
 [ SQLè¯­å¥ ] : INSERT INTO `m_team` (`tid`,`tname`,`qtname`) VALUES (985,'è±ä¸‡ç‰\¹','è±ä¸‡ç‰\¹')
ERR: 1062:Duplicate entry '683' for key 'PRIMARY'
 [ SQLè¯­å¥ ] : INSERT INTO `m_team` (`tid`,`tname`,`qtname`) VALUES (683,'æ¯”åˆ©äºšé›·äºšå°”','æ¯”åˆ©äºšé›·äºšå°”')
ERR: 1062:Duplicate entry '4286' for key 'PRIMARY'
 [ SQLè¯­å¥ ] : INSERT INTO `m_team` (`tid`,`tname`,`qtname`) VALUES (4286,'è¥¿é›…å›¾æµ·æ¹¾äºº','è¥¿é›…å›¾æµ·æ¹¾äºº')
ERR: 1062:Duplicate entry '705' for key 'PRIMARY'
 [ SQLè¯­å¥ ] : INSERT INTO `m_team` (`tid`,`tname`,`qtname`) VALUES (705,'åšå¡é’å¹´','åšå¡é’å¹´')
ERR: 1062:Duplicate entry '1183' for key 'PRIMARY'
 [ SQLè¯­å¥ ] : INSERT INTO `m_team` (`tid`,`tname`,`qtname`) VALUES (1183,'æ‹‰æ–æ‹‰ç«æŠ€','æ‹‰æ–æ‹‰ç«æŠ€')
ERR: 1062:Duplicate entry '1571' for key 'PRIMARY'
 [ SQLè¯­å¥ ] : INSERT INTO `m_team` (`tid`,`tname`,`qtname`) VALUES (1571,'å·´æ‹‰çº³ç«æŠ€','å·´æ‹‰çº³ç«æŠ€')
ERR: 1062:Duplicate entry '2277' for key 'PRIMARY'
 [ SQLè¯­å¥ ] : INSERT INTO `m_team` (`tid`,`tname`,`qtname`) VALUES (2277,'å·´ä¼Šäº\š','å·´ä¼Šäº\š')
ERR: 1062:Duplicate entry '1575' for key 'PRIMARY'
 [ SQLè¯­å¥ ] : INSERT INTO `m_team` (`tid`,`tname`,`qtname`) VALUES (1575,'å…‹é²å¡ç½—','å…‹é²å¡ç½—')
ERR: 1062:Duplicate entry '3638' for key 'PRIMARY'
 [ SQLè¯­å¥ ] : INSERT INTO `m_team` (`tid`,`tname`,`qtname`) VALUES (3638,'å¾·å›½å¥³è¶³U20','å¾·å›½å¥³è¶³U20')
ERR: 1062:Duplicate entry '6186' for key 'PRIMARY'
 [ SQLè¯­å¥ ] : INSERT INTO `m_team` (`tid`,`tname`,`qtname`) VALUES (6186,'è´¹åŸè”åˆ','è´¹åŸè”åˆ')
ERR: 1062:Duplicate entry '499' for key 'PRIMARY'
 [ SQLè¯­å¥ ] : INSERT INTO `m_team` (`tid`,`tname`,`qtname`) VALUES (499,'åœ£ä½•å¡åœ°éœ\‡','åœ£ä½•å¡åœ°éœ\‡')
ERR: 1062:Duplicate entry '3608' for key 'PRIMARY'
 [ SQLè¯­å¥ ] : INSERT INTO `m_team` (`tid`,`tname`,`qtname`) VALUES (3608,'æˆˆå¤šä¼Šå…‹é²æ–¯','æˆˆå¤šä¼Šå…‹é²æ–¯')
ERR: 1062:Duplicate entry '864' for key 'PRIMARY'
 [ SQLè¯­å¥ ] : INSERT INTO `m_team` (`tid`,`tname`,`qtname`) VALUES (864,'æ²³åºŠ','æ²³åºŠ')
ERR: 1062:Duplicate entry '4126' for key 'PRIMARY'
 [ SQLè¯­å¥ ] : INSERT INTO `m_team` (`tid`,`tname`,`qtname`) VALUES (4126,'æœ­å¹Œå†ˆè¨å¤\š','æœ­å¹Œå†ˆè¨å¤\š')
ERR: 1062:Duplicate entry '3834' for key 'PRIMARY'
 [ SQLè¯­å¥ ] : INSERT INTO `m_team` (`tid`,`tname`,`qtname`) VALUES (3834,'æ¥æœ¨SC','æ¥æœ¨SC')
ERR: 1062:Duplicate entry '913' for key 'PRIMARY'
 [ SQLè¯­å¥ ] : INSERT INTO `m_team` (`tid`,`tname`,`qtname`) VALUES (913,'å¡å°”é©\¬','å¡å°”é©\¬')
ERR: 1062:Duplicate entry '2640' for key 'PRIMARY'
 [ SQLè¯­å¥ ] : INSERT INTO `m_team` (`tid`,`tname`,`qtname`) VALUES (2640,'è€¶å¤«å‹\’','è€¶å¤«å‹\’')
ERR: 1062:Duplicate entry '1355' for key 'PRIMARY'
 [ SQLè¯­å¥ ] : INSERT INTO `m_team` (`tid`,`tname`,`qtname`) VALUES (1355,'ä½åŠ é¡¿æ–¯','ä½åŠ é¡¿æ–¯')
ERR: 1062:Duplicate entry '695' for key 'PRIMARY'
 [ SQLè¯­å¥ ] : INSERT INTO `m_team` (`tid`,`tname`,`qtname`) VALUES (695,'æ³¢é¸¿','æ³¢é¸¿')
ERR: 1062:Duplicate entry '660' for key 'PRIMARY'
 [ SQLè¯­å¥ ] : INSERT INTO `m_team` (`tid`,`tname`,`qtname`) VALUES (660,'æŸæ—è”åˆ','æŸæ—è”åˆ')
ERR: 1062:Duplicate entry '1072' for key 'PRIMARY'
 [ SQLè¯­å¥ ] : INSERT INTO `m_team` (`tid`,`tname`,`qtname`) VALUES (1072,'æ›¼å½»æ–¯ç‰¹åŸ\','æ›¼å½»æ–¯ç‰¹åŸ\')
ERR: 1062:Duplicate entry '1011' for key 'PRIMARY'
 [ SQLè¯­å¥ ] : INSERT INTO `m_team` (`tid`,`tname`,`qtname`) VALUES (1011,'åˆ©ç‰©æµ\¦','åˆ©ç‰©æµ\¦')
ERR: 1062:Duplicate entry '1072' for key 'PRIMARY'
 [ SQLè¯­å¥ ] : INSERT INTO `m_team` (`tid`,`tname`,`qtname`) VALUES (1072,'æ›¼å½»æ–¯ç‰¹åŸ\','æ›¼å½»æ–¯ç‰¹åŸ\')
ERR: 1062:Duplicate entry '1011' for key 'PRIMARY'
 [ SQLè¯­å¥ ] : INSERT INTO `m_team` (`tid`,`tname`,`qtname`) VALUES (1011,'åˆ©ç‰©æµ\¦','åˆ©ç‰©æµ\¦')
ERR: 1062:Duplicate entry '719' for key 'PRIMARY'
 [ SQLè¯­å¥ ] : INSERT INTO `m_team` (`tid`,`tname`,`qtname`) VALUES (719,'å¸ƒæ‹‰åŠ\ ','å¸ƒæ‹‰åŠ\ ')
ERR: 1062:Duplicate entry '650' for key 'PRIMARY'
 [ SQLè¯­å¥ ] : INSERT INTO `m_team` (`tid`,`tname`,`qtname`) VALUES (650,'å·´åˆ—å¡è¯º','å·´åˆ—å¡è¯º')
ERR: 1062:Duplicate entry '1046' for key 'PRIMARY'
 [ SQLè¯­å¥ ] : INSERT INTO `m_team` (`tid`,`tname`,`qtname`) VALUES (1046,'é©¬å¾·é‡Œç«æŠ€','é©¬å¾·é‡Œç«æŠ€')

[ 2014-08-25T00:39:26+08:00 ] 127.0.0.1 /Home/Match/teamUpAll.html
ERR: 1062:Duplicate entry '1179' for key 'PRIMARY'
 [ SQLè¯­å¥ ] : INSERT INTO `m_team` (`tid`,`tname`,`qtname`) VALUES (1179,'çƒ­é‚£äº\š','çƒ­é‚£äº\š')
ERR: 1062:Duplicate entry '562' for key 'PRIMARY'
 [ SQLè¯­å¥ ] : INSERT INTO `m_team` (`tid`,`tname`,`qtname`) VALUES (562,'åŸƒç“¦å°\”','åŸƒç“¦å°\”')
ERR: 1062:Duplicate entry '885' for key 'PRIMARY'
 [ SQLè¯­å¥ ] : INSERT INTO `m_team` (`tid`,`tname`,`qtname`) VALUES (885,'çš‡å®¶ç¤¾ä¼š','çš‡å®¶ç¤¾ä¼š')
ERR: 1062:Duplicate entry '1109' for key 'PRIMARY'
 [ SQLè¯­å¥ ] : INSERT INTO `m_team` (`tid`,`tname`,`qtname`) VALUES (1109,'è«å°”å¾\·','è«å°”å¾\·')
ERR: 1062:Duplicate entry '546' for key 'PRIMARY'
 [ SQLè¯­å¥ ] : INSERT INTO `m_team` (`tid`,`tname`,`qtname`) VALUES (546,'å¥¥å‹’æ\¾','å¥¥å‹’æ\¾')
ERR: 1062:Duplicate entry '467' for key 'PRIMARY'
 [ SQLè¯­å¥ ] : INSERT INTO `m_team` (`tid`,`tname`,`qtname`) VALUES (467,'åœ£æ´›ä¼¦ç´¢','åœ£æ´›ä¼¦ç´¢')
ERR: 1062:Duplicate entry '639' for key 'PRIMARY'
 [ SQLè¯­å¥ ] : INSERT INTO `m_team` (`tid`,`tname`,`qtname`) VALUES (639,'ç­è²å°”å¾·','ç­è²å°”å¾·')
ERR: 1062:Duplicate entry '963' for key 'PRIMARY'
 [ SQLè¯­å¥ ] : INSERT INTO `m_team` (`tid`,`tname`,`qtname`) VALUES (963,'æ‹‰åŠªæ–\¯','æ‹‰åŠªæ–\¯')
ERR: 1062:Duplicate entry '569' for key 'PRIMARY'
 [ SQLè¯­å¥ ] : INSERT INTO `m_team` (`tid`,`tname`,`qtname`) VALUES (569,'æ‹‰æ™®æ‹‰å¡”å¤§å­¦ç”\Ÿ','æ‹‰æ™®æ‹‰å¡”å¤§å­¦ç”\Ÿ')
ERR: 1062:Duplicate entry '709' for key 'PRIMARY'
 [ SQLè¯­å¥ ] : INSERT INTO `m_team` (`tid`,`tname`,`qtname`) VALUES (709,'åšé˜¿ç»´æ–¯å¡\”','åšé˜¿ç»´æ–¯å¡\”')
ERR: 1062:Duplicate entry '678' for key 'PRIMARY'
 [ SQLè¯­å¥ ] : INSERT INTO `m_team` (`tid`,`tname`,`qtname`) VALUES (678,'æœ¬è²å\¡','æœ¬è²å\¡')
ERR: 1062:Duplicate entry '1276' for key 'PRIMARY'
 [ SQLè¯­å¥ ] : INSERT INTO `m_team` (`tid`,`tname`,`qtname`) VALUES (1276,'ä¹Œè¿ªå†…æ–¯','ä¹Œè¿ªå†…æ–¯')
ERR: 1062:Duplicate entry '1276' for key 'PRIMARY'
 [ SQLè¯­å¥ ] : INSERT INTO `m_team` (`tid`,`tname`,`qtname`) VALUES (1276,'ä¹Œè¿ªå†…æ–¯','ä¹Œè¿ªå†…æ–¯')
ERR: 1062:Duplicate entry '1129' for key 'PRIMARY'
 [ SQLè¯­å¥ ] : INSERT INTO `m_team` (`tid`,`tname`,`qtname`) VALUES (1129,'å—ç‰¹','å—ç‰¹')
ERR: 1062:Duplicate entry '1105' for key 'PRIMARY'
 [ SQLè¯­å¥ ] : INSERT INTO `m_team` (`tid`,`tname`,`qtname`) VALUES (1105,'æ‘©çº³å“\¥','æ‘©çº³å“\¥')
ERR: 1062:Duplicate entry '1580' for key 'PRIMARY'
 [ SQLè¯­å¥ ] : INSERT INTO `m_team` (`tid`,`tname`,`qtname`) VALUES (1580,'æ ¼é›·ç±³å¥¥','æ ¼é›·ç±³å¥¥')
ERR: 1062:Duplicate entry '1572' for key 'PRIMARY'
 [ SQLè¯­å¥ ] : INSERT INTO `m_team` (`tid`,`tname`,`qtname`) VALUES (1572,'ç§‘æ—è’‚å®‰','ç§‘æ—è’‚å®‰')
ERR: 1062:Duplicate entry '1577' for key 'PRIMARY'
 [ SQLè¯­å¥ ] : INSERT INTO `m_team` (`tid`,`tname`,`qtname`) VALUES (1577,'å¼—æ‹‰é—¨æˆˆ','å¼—æ‹‰é—¨æˆˆ')
ERR: 1062:Duplicate entry '1578' for key 'PRIMARY'
 [ SQLè¯­å¥ ] : INSERT INTO `m_team` (`tid`,`tname`,`qtname`) VALUES (1578,'å¼—é²ç±³å«©å¡\','å¼—é²ç±³å«©å¡\')
ERR: 1062:Duplicate entry '3988' for key 'PRIMARY'
 [ SQLè¯­å¥ ] : INSERT INTO `m_team` (`tid`,`tname`,`qtname`) VALUES (3988,'ç´¯è¥¿è…“ä½“è‚\²','ç´¯è¥¿è…“ä½“è‚\²')
ERR: 1062:Duplicate entry '1385' for key 'PRIMARY'
 [ SQLè¯­å¥ ] : INSERT INTO `m_team` (`tid`,`tname`,`qtname`) VALUES (1385,'åœ£ä¿ç½\—','åœ£ä¿ç½\—')
ERR: 1062:Duplicate entry '472' for key 'PRIMARY'
 [ SQLè¯­å¥ ] : INSERT INTO `m_team` (`tid`,`tname`,`qtname`) VALUES (472,'æ¡‘æ‰˜æ–\¯','æ¡‘æ‰˜æ–\¯')
ERR: 1062:Duplicate entry '1589' for key 'PRIMARY'
 [ SQLè¯­å¥ ] : INSERT INTO `m_team` (`tid`,`tname`,`qtname`) VALUES (1589,'ç»´å¤šåˆ©äºš','ç»´å¤šåˆ©äºš')
ERR: 1062:Duplicate entry '1576' for key 'PRIMARY'
 [ SQLè¯­å¥ ] : INSERT INTO `m_team` (`tid`,`tname`,`qtname`) VALUES (1576,'è´¹å¤åŸƒä¼¦æ–\¯','è´¹å¤åŸƒä¼¦æ–\¯')
ERR: 1062:Duplicate entry '953' for key 'PRIMARY'
 [ SQLè¯­å¥ ] : INSERT INTO `m_team` (`tid`,`tname`,`qtname`) VALUES (953,'åŸºå°”æ¢…æ–¯','åŸºå°”æ¢…æ–¯')
ERR: 1062:Duplicate entry '985' for key 'PRIMARY'
 [ SQLè¯­å¥ ] : INSERT INTO `m_team` (`tid`,`tname`,`qtname`) VALUES (985,'è±ä¸‡ç‰\¹','è±ä¸‡ç‰\¹')
ERR: 1062:Duplicate entry '683' for key 'PRIMARY'
 [ SQLè¯­å¥ ] : INSERT INTO `m_team` (`tid`,`tname`,`qtname`) VALUES (683,'æ¯”åˆ©äºšé›·äºšå°”','æ¯”åˆ©äºšé›·äºšå°”')
ERR: 1062:Duplicate entry '4286' for key 'PRIMARY'
 [ SQLè¯­å¥ ] : INSERT INTO `m_team` (`tid`,`tname`,`qtname`) VALUES (4286,'è¥¿é›…å›¾æµ·æ¹¾äºº','è¥¿é›…å›¾æµ·æ¹¾äºº')
ERR: 1062:Duplicate entry '705' for key 'PRIMARY'
 [ SQLè¯­å¥ ] : INSERT INTO `m_team` (`tid`,`tname`,`qtname`) VALUES (705,'åšå¡é’å¹´','åšå¡é’å¹´')
ERR: 1062:Duplicate entry '1183' for key 'PRIMARY'
 [ SQLè¯­å¥ ] : INSERT INTO `m_team` (`tid`,`tname`,`qtname`) VALUES (1183,'æ‹‰æ–æ‹‰ç«æŠ€','æ‹‰æ–æ‹‰ç«æŠ€')
ERR: 1062:Duplicate entry '1571' for key 'PRIMARY'
 [ SQLè¯­å¥ ] : INSERT INTO `m_team` (`tid`,`tname`,`qtname`) VALUES (1571,'å·´æ‹‰çº³ç«æŠ€','å·´æ‹‰çº³ç«æŠ€')
ERR: 1062:Duplicate entry '2277' for key 'PRIMARY'
 [ SQLè¯­å¥ ] : INSERT INTO `m_team` (`tid`,`tname`,`qtname`) VALUES (2277,'å·´ä¼Šäº\š','å·´ä¼Šäº\š')
ERR: 1062:Duplicate entry '1575' for key 'PRIMARY'
 [ SQLè¯­å¥ ] : INSERT INTO `m_team` (`tid`,`tname`,`qtname`) VALUES (1575,'å…‹é²å¡ç½—','å…‹é²å¡ç½—')
ERR: 1062:Duplicate entry '3638' for key 'PRIMARY'
 [ SQLè¯­å¥ ] : INSERT INTO `m_team` (`tid`,`tname`,`qtname`) VALUES (3638,'å¾·å›½å¥³è¶³U20','å¾·å›½å¥³è¶³U20')
ERR: 1062:Duplicate entry '6186' for key 'PRIMARY'
 [ SQLè¯­å¥ ] : INSERT INTO `m_team` (`tid`,`tname`,`qtname`) VALUES (6186,'è´¹åŸè”åˆ','è´¹åŸè”åˆ')
ERR: 1062:Duplicate entry '499' for key 'PRIMARY'
 [ SQLè¯­å¥ ] : INSERT INTO `m_team` (`tid`,`tname`,`qtname`) VALUES (499,'åœ£ä½•å¡åœ°éœ\‡','åœ£ä½•å¡åœ°éœ\‡')
ERR: 1062:Duplicate entry '3608' for key 'PRIMARY'
 [ SQLè¯­å¥ ] : INSERT INTO `m_team` (`tid`,`tname`,`qtname`) VALUES (3608,'æˆˆå¤šä¼Šå…‹é²æ–¯','æˆˆå¤šä¼Šå…‹é²æ–¯')
ERR: 1062:Duplicate entry '864' for key 'PRIMARY'
 [ SQLè¯­å¥ ] : INSERT INTO `m_team` (`tid`,`tname`,`qtname`) VALUES (864,'æ²³åºŠ','æ²³åºŠ')
ERR: 1062:Duplicate entry '4126' for key 'PRIMARY'
 [ SQLè¯­å¥ ] : INSERT INTO `m_team` (`tid`,`tname`,`qtname`) VALUES (4126,'æœ­å¹Œå†ˆè¨å¤\š','æœ­å¹Œå†ˆè¨å¤\š')
ERR: 1062:Duplicate entry '3834' for key 'PRIMARY'
 [ SQLè¯­å¥ ] : INSERT INTO `m_team` (`tid`,`tname`,`qtname`) VALUES (3834,'æ¥æœ¨SC','æ¥æœ¨SC')
ERR: 1062:Duplicate entry '913' for key 'PRIMARY'
 [ SQLè¯­å¥ ] : INSERT INTO `m_team` (`tid`,`tname`,`qtname`) VALUES (913,'å¡å°”é©\¬','å¡å°”é©\¬')
ERR: 1062:Duplicate entry '2640' for key 'PRIMARY'
 [ SQLè¯­å¥ ] : INSERT INTO `m_team` (`tid`,`tname`,`qtname`) VALUES (2640,'è€¶å¤«å‹\’','è€¶å¤«å‹\’')
ERR: 1062:Duplicate entry '1355' for key 'PRIMARY'
 [ SQLè¯­å¥ ] : INSERT INTO `m_team` (`tid`,`tname`,`qtname`) VALUES (1355,'ä½åŠ é¡¿æ–¯','ä½åŠ é¡¿æ–¯')
ERR: 1062:Duplicate entry '695' for key 'PRIMARY'
 [ SQLè¯­å¥ ] : INSERT INTO `m_team` (`tid`,`tname`,`qtname`) VALUES (695,'æ³¢é¸¿','æ³¢é¸¿')
ERR: 1062:Duplicate entry '660' for key 'PRIMARY'
 [ SQLè¯­å¥ ] : INSERT INTO `m_team` (`tid`,`tname`,`qtname`) VALUES (660,'æŸæ—è”åˆ','æŸæ—è”åˆ')
ERR: 1062:Duplicate entry '1072' for key 'PRIMARY'
 [ SQLè¯­å¥ ] : INSERT INTO `m_team` (`tid`,`tname`,`qtname`) VALUES (1072,'æ›¼å½»æ–¯ç‰¹åŸ\','æ›¼å½»æ–¯ç‰¹åŸ\')
ERR: 1062:Duplicate entry '1011' for key 'PRIMARY'
 [ SQLè¯­å¥ ] : INSERT INTO `m_team` (`tid`,`tname`,`qtname`) VALUES (1011,'åˆ©ç‰©æµ\¦','åˆ©ç‰©æµ\¦')
ERR: 1062:Duplicate entry '1072' for key 'PRIMARY'
 [ SQLè¯­å¥ ] : INSERT INTO `m_team` (`tid`,`tname`,`qtname`) VALUES (1072,'æ›¼å½»æ–¯ç‰¹åŸ\','æ›¼å½»æ–¯ç‰¹åŸ\')
ERR: 1062:Duplicate entry '1011' for key 'PRIMARY'
 [ SQLè¯­å¥ ] : INSERT INTO `m_team` (`tid`,`tname`,`qtname`) VALUES (1011,'åˆ©ç‰©æµ\¦','åˆ©ç‰©æµ\¦')
ERR: 1062:Duplicate entry '719' for key 'PRIMARY'
 [ SQLè¯­å¥ ] : INSERT INTO `m_team` (`tid`,`tname`,`qtname`) VALUES (719,'å¸ƒæ‹‰åŠ\ ','å¸ƒæ‹‰åŠ\ ')
ERR: 1062:Duplicate entry '650' for key 'PRIMARY'
 [ SQLè¯­å¥ ] : INSERT INTO `m_team` (`tid`,`tname`,`qtname`) VALUES (650,'å·´åˆ—å¡è¯º','å·´åˆ—å¡è¯º')
ERR: 1062:Duplicate entry '1046' for key 'PRIMARY'
 [ SQLè¯­å¥ ] : INSERT INTO `m_team` (`tid`,`tname`,`qtname`) VALUES (1046,'é©¬å¾·é‡Œç«æŠ€','é©¬å¾·é‡Œç«æŠ€')

[ 2014-08-25T00:39:26+08:00 ] 127.0.0.1 /Home/Match/teamUpAll.html
ERR: 1062:Duplicate entry '1179' for key 'PRIMARY'
 [ SQLè¯­å¥ ] : INSERT INTO `m_team` (`tid`,`tname`,`qtname`) VALUES (1179,'çƒ­é‚£äº\š','çƒ­é‚£äº\š')
ERR: 1062:Duplicate entry '562' for key 'PRIMARY'
 [ SQLè¯­å¥ ] : INSERT INTO `m_team` (`tid`,`tname`,`qtname`) VALUES (562,'åŸƒç“¦å°\”','åŸƒç“¦å°\”')
ERR: 1062:Duplicate entry '885' for key 'PRIMARY'
 [ SQLè¯­å¥ ] : INSERT INTO `m_team` (`tid`,`tname`,`qtname`) VALUES (885,'çš‡å®¶ç¤¾ä¼š','çš‡å®¶ç¤¾ä¼š')
ERR: 1062:Duplicate entry '1109' for key 'PRIMARY'
 [ SQLè¯­å¥ ] : INSERT INTO `m_team` (`tid`,`tname`,`qtname`) VALUES (1109,'è«å°”å¾\·','è«å°”å¾\·')
ERR: 1062:Duplicate entry '546' for key 'PRIMARY'
 [ SQLè¯­å¥ ] : INSERT INTO `m_team` (`tid`,`tname`,`qtname`) VALUES (546,'å¥¥å‹’æ\¾','å¥¥å‹’æ\¾')
ERR: 1062:Duplicate entry '467' for key 'PRIMARY'
 [ SQLè¯­å¥ ] : INSERT INTO `m_team` (`tid`,`tname`,`qtname`) VALUES (467,'åœ£æ´›ä¼¦ç´¢','åœ£æ´›ä¼¦ç´¢')
ERR: 1062:Duplicate entry '639' for key 'PRIMARY'
 [ SQLè¯­å¥ ] : INSERT INTO `m_team` (`tid`,`tname`,`qtname`) VALUES (639,'ç­è²å°”å¾·','ç­è²å°”å¾·')
ERR: 1062:Duplicate entry '963' for key 'PRIMARY'
 [ SQLè¯­å¥ ] : INSERT INTO `m_team` (`tid`,`tname`,`qtname`) VALUES (963,'æ‹‰åŠªæ–\¯','æ‹‰åŠªæ–\¯')
ERR: 1062:Duplicate entry '569' for key 'PRIMARY'
 [ SQLè¯­å¥ ] : INSERT INTO `m_team` (`tid`,`tname`,`qtname`) VALUES (569,'æ‹‰æ™®æ‹‰å¡”å¤§å­¦ç”\Ÿ','æ‹‰æ™®æ‹‰å¡”å¤§å­¦ç”\Ÿ')
ERR: 1062:Duplicate entry '709' for key 'PRIMARY'
 [ SQLè¯­å¥ ] : INSERT INTO `m_team` (`tid`,`tname`,`qtname`) VALUES (709,'åšé˜¿ç»´æ–¯å¡\”','åšé˜¿ç»´æ–¯å¡\”')
ERR: 1062:Duplicate entry '678' for key 'PRIMARY'
 [ SQLè¯­å¥ ] : INSERT INTO `m_team` (`tid`,`tname`,`qtname`) VALUES (678,'æœ¬è²å\¡','æœ¬è²å\¡')
ERR: 1062:Duplicate entry '1276' for key 'PRIMARY'
 [ SQLè¯­å¥ ] : INSERT INTO `m_team` (`tid`,`tname`,`qtname`) VALUES (1276,'ä¹Œè¿ªå†…æ–¯','ä¹Œè¿ªå†…æ–¯')
ERR: 1062:Duplicate entry '1276' for key 'PRIMARY'
 [ SQLè¯­å¥ ] : INSERT INTO `m_team` (`tid`,`tname`,`qtname`) VALUES (1276,'ä¹Œè¿ªå†…æ–¯','ä¹Œè¿ªå†…æ–¯')
ERR: 1062:Duplicate entry '1129' for key 'PRIMARY'
 [ SQLè¯­å¥ ] : INSERT INTO `m_team` (`tid`,`tname`,`qtname`) VALUES (1129,'å—ç‰¹','å—ç‰¹')
ERR: 1062:Duplicate entry '1105' for key 'PRIMARY'
 [ SQLè¯­å¥ ] : INSERT INTO `m_team` (`tid`,`tname`,`qtname`) VALUES (1105,'æ‘©çº³å“\¥','æ‘©çº³å“\¥')
ERR: 1062:Duplicate entry '1580' for key 'PRIMARY'
 [ SQLè¯­å¥ ] : INSERT INTO `m_team` (`tid`,`tname`,`qtname`) VALUES (1580,'æ ¼é›·ç±³å¥¥','æ ¼é›·ç±³å¥¥')
ERR: 1062:Duplicate entry '1572' for key 'PRIMARY'
 [ SQLè¯­å¥ ] : INSERT INTO `m_team` (`tid`,`tname`,`qtname`) VALUES (1572,'ç§‘æ—è’‚å®‰','ç§‘æ—è’‚å®‰')
ERR: 1062:Duplicate entry '1577' for key 'PRIMARY'
 [ SQLè¯­å¥ ] : INSERT INTO `m_team` (`tid`,`tname`,`qtname`) VALUES (1577,'å¼—æ‹‰é—¨æˆˆ','å¼—æ‹‰é—¨æˆˆ')
ERR: 1062:Duplicate entry '1578' for key 'PRIMARY'
 [ SQLè¯­å¥ ] : INSERT INTO `m_team` (`tid`,`tname`,`qtname`) VALUES (1578,'å¼—é²ç±³å«©å¡\','å¼—é²ç±³å«©å¡\')
ERR: 1062:Duplicate entry '3988' for key 'PRIMARY'
 [ SQLè¯­å¥ ] : INSERT INTO `m_team` (`tid`,`tname`,`qtname`) VALUES (3988,'ç´¯è¥¿è…“ä½“è‚\²','ç´¯è¥¿è…“ä½“è‚\²')
ERR: 1062:Duplicate entry '1385' for key 'PRIMARY'
 [ SQLè¯­å¥ ] : INSERT INTO `m_team` (`tid`,`tname`,`qtname`) VALUES (1385,'åœ£ä¿ç½\—','åœ£ä¿ç½\—')
ERR: 1062:Duplicate entry '472' for key 'PRIMARY'
 [ SQLè¯­å¥ ] : INSERT INTO `m_team` (`tid`,`tname`,`qtname`) VALUES (472,'æ¡‘æ‰˜æ–\¯','æ¡‘æ‰˜æ–\¯')
ERR: 1062:Duplicate entry '1589' for key 'PRIMARY'
 [ SQLè¯­å¥ ] : INSERT INTO `m_team` (`tid`,`tname`,`qtname`) VALUES (1589,'ç»´å¤šåˆ©äºš','ç»´å¤šåˆ©äºš')
ERR: 1062:Duplicate entry '1576' for key 'PRIMARY'
 [ SQLè¯­å¥ ] : INSERT INTO `m_team` (`tid`,`tname`,`qtname`) VALUES (1576,'è´¹å¤åŸƒä¼¦æ–\¯','è´¹å¤åŸƒä¼¦æ–\¯')
ERR: 1062:Duplicate entry '953' for key 'PRIMARY'
 [ SQLè¯­å¥ ] : INSERT INTO `m_team` (`tid`,`tname`,`qtname`) VALUES (953,'åŸºå°”æ¢…æ–¯','åŸºå°”æ¢…æ–¯')
ERR: 1062:Duplicate entry '985' for key 'PRIMARY'
 [ SQLè¯­å¥ ] : INSERT INTO `m_team` (`tid`,`tname`,`qtname`) VALUES (985,'è±ä¸‡ç‰\¹','è±ä¸‡ç‰\¹')
ERR: 1062:Duplicate entry '683' for key 'PRIMARY'
 [ SQLè¯­å¥ ] : INSERT INTO `m_team` (`tid`,`tname`,`qtname`) VALUES (683,'æ¯”åˆ©äºšé›·äºšå°”','æ¯”åˆ©äºšé›·äºšå°”')
ERR: 1062:Duplicate entry '4286' for key 'PRIMARY'
 [ SQLè¯­å¥ ] : INSERT INTO `m_team` (`tid`,`tname`,`qtname`) VALUES (4286,'è¥¿é›…å›¾æµ·æ¹¾äºº','è¥¿é›…å›¾æµ·æ¹¾äºº')
ERR: 1062:Duplicate entry '705' for key 'PRIMARY'
 [ SQLè¯­å¥ ] : INSERT INTO `m_team` (`tid`,`tname`,`qtname`) VALUES (705,'åšå¡é’å¹´','åšå¡é’å¹´')
ERR: 1062:Duplicate entry '1183' for key 'PRIMARY'
 [ SQLè¯­å¥ ] : INSERT INTO `m_team` (`tid`,`tname`,`qtname`) VALUES (1183,'æ‹‰æ–æ‹‰ç«æŠ€','æ‹‰æ–æ‹‰ç«æŠ€')
ERR: 1062:Duplicate entry '1571' for key 'PRIMARY'
 [ SQLè¯­å¥ ] : INSERT INTO `m_team` (`tid`,`tname`,`qtname`) VALUES (1571,'å·´æ‹‰çº³ç«æŠ€','å·´æ‹‰çº³ç«æŠ€')
ERR: 1062:Duplicate entry '2277' for key 'PRIMARY'
 [ SQLè¯­å¥ ] : INSERT INTO `m_team` (`tid`,`tname`,`qtname`) VALUES (2277,'å·´ä¼Šäº\š','å·´ä¼Šäº\š')
ERR: 1062:Duplicate entry '1575' for key 'PRIMARY'
 [ SQLè¯­å¥ ] : INSERT INTO `m_team` (`tid`,`tname`,`qtname`) VALUES (1575,'å…‹é²å¡ç½—','å…‹é²å¡ç½—')
ERR: 1062:Duplicate entry '3638' for key 'PRIMARY'
 [ SQLè¯­å¥ ] : INSERT INTO `m_team` (`tid`,`tname`,`qtname`) VALUES (3638,'å¾·å›½å¥³è¶³U20','å¾·å›½å¥³è¶³U20')
ERR: 1062:Duplicate entry '6186' for key 'PRIMARY'
 [ SQLè¯­å¥ ] : INSERT INTO `m_team` (`tid`,`tname`,`qtname`) VALUES (6186,'è´¹åŸè”åˆ','è´¹åŸè”åˆ')
ERR: 1062:Duplicate entry '499' for key 'PRIMARY'
 [ SQLè¯­å¥ ] : INSERT INTO `m_team` (`tid`,`tname`,`qtname`) VALUES (499,'åœ£ä½•å¡åœ°éœ\‡','åœ£ä½•å¡åœ°éœ\‡')
ERR: 1062:Duplicate entry '3608' for key 'PRIMARY'
 [ SQLè¯­å¥ ] : INSERT INTO `m_team` (`tid`,`tname`,`qtname`) VALUES (3608,'æˆˆå¤šä¼Šå…‹é²æ–¯','æˆˆå¤šä¼Šå…‹é²æ–¯')
ERR: 1062:Duplicate entry '864' for key 'PRIMARY'
 [ SQLè¯­å¥ ] : INSERT INTO `m_team` (`tid`,`tname`,`qtname`) VALUES (864,'æ²³åºŠ','æ²³åºŠ')
ERR: 1062:Duplicate entry '4126' for key 'PRIMARY'
 [ SQLè¯­å¥ ] : INSERT INTO `m_team` (`tid`,`tname`,`qtname`) VALUES (4126,'æœ­å¹Œå†ˆè¨å¤\š','æœ­å¹Œå†ˆè¨å¤\š')
ERR: 1062:Duplicate entry '3834' for key 'PRIMARY'
 [ SQLè¯­å¥ ] : INSERT INTO `m_team` (`tid`,`tname`,`qtname`) VALUES (3834,'æ¥æœ¨SC','æ¥æœ¨SC')
ERR: 1062:Duplicate entry '913' for key 'PRIMARY'
 [ SQLè¯­å¥ ] : INSERT INTO `m_team` (`tid`,`tname`,`qtname`) VALUES (913,'å¡å°”é©\¬','å¡å°”é©\¬')
ERR: 1062:Duplicate entry '2640' for key 'PRIMARY'
 [ SQLè¯­å¥ ] : INSERT INTO `m_team` (`tid`,`tname`,`qtname`) VALUES (2640,'è€¶å¤«å‹\’','è€¶å¤«å‹\’')
ERR: 1062:Duplicate entry '1355' for key 'PRIMARY'
 [ SQLè¯­å¥ ] : INSERT INTO `m_team` (`tid`,`tname`,`qtname`) VALUES (1355,'ä½åŠ é¡¿æ–¯','ä½åŠ é¡¿æ–¯')
ERR: 1062:Duplicate entry '695' for key 'PRIMARY'
 [ SQLè¯­å¥ ] : INSERT INTO `m_team` (`tid`,`tname`,`qtname`) VALUES (695,'æ³¢é¸¿','æ³¢é¸¿')
ERR: 1062:Duplicate entry '660' for key 'PRIMARY'
 [ SQLè¯­å¥ ] : INSERT INTO `m_team` (`tid`,`tname`,`qtname`) VALUES (660,'æŸæ—è”åˆ','æŸæ—è”åˆ')
ERR: 1062:Duplicate entry '1072' for key 'PRIMARY'
 [ SQLè¯­å¥ ] : INSERT INTO `m_team` (`tid`,`tname`,`qtname`) VALUES (1072,'æ›¼å½»æ–¯ç‰¹åŸ\','æ›¼å½»æ–¯ç‰¹åŸ\')
ERR: 1062:Duplicate entry '1011' for key 'PRIMARY'
 [ SQLè¯­å¥ ] : INSERT INTO `m_team` (`tid`,`tname`,`qtname`) VALUES (1011,'åˆ©ç‰©æµ\¦','åˆ©ç‰©æµ\¦')
ERR: 1062:Duplicate entry '1072' for key 'PRIMARY'
 [ SQLè¯­å¥ ] : INSERT INTO `m_team` (`tid`,`tname`,`qtname`) VALUES (1072,'æ›¼å½»æ–¯ç‰¹åŸ\','æ›¼å½»æ–¯ç‰¹åŸ\')
ERR: 1062:Duplicate entry '1011' for key 'PRIMARY'
 [ SQLè¯­å¥ ] : INSERT INTO `m_team` (`tid`,`tname`,`qtname`) VALUES (1011,'åˆ©ç‰©æµ\¦','åˆ©ç‰©æµ\¦')
ERR: 1062:Duplicate entry '719' for key 'PRIMARY'
 [ SQLè¯­å¥ ] : INSERT INTO `m_team` (`tid`,`tname`,`qtname`) VALUES (719,'å¸ƒæ‹‰åŠ\ ','å¸ƒæ‹‰åŠ\ ')
ERR: 1062:Duplicate entry '650' for key 'PRIMARY'
 [ SQLè¯­å¥ ] : INSERT INTO `m_team` (`tid`,`tname`,`qtname`) VALUES (650,'å·´åˆ—å¡è¯º','å·´åˆ—å¡è¯º')
ERR: 1062:Duplicate entry '1046' for key 'PRIMARY'
 [ SQLè¯­å¥ ] : INSERT INTO `m_team` (`tid`,`tname`,`qtname`) VALUES (1046,'é©¬å¾·é‡Œç«æŠ€','é©¬å¾·é‡Œç«æŠ€')

[ 2014-08-25T00:39:27+08:00 ] 127.0.0.1 /Home/Match/teamUpAll.html
ERR: 1062:Duplicate entry '1179' for key 'PRIMARY'
 [ SQLè¯­å¥ ] : INSERT INTO `m_team` (`tid`,`tname`,`qtname`) VALUES (1179,'çƒ­é‚£äº\š','çƒ­é‚£äº\š')
ERR: 1062:Duplicate entry '562' for key 'PRIMARY'
 [ SQLè¯­å¥ ] : INSERT INTO `m_team` (`tid`,`tname`,`qtname`) VALUES (562,'åŸƒç“¦å°\”','åŸƒç“¦å°\”')
ERR: 1062:Duplicate entry '885' for key 'PRIMARY'
 [ SQLè¯­å¥ ] : INSERT INTO `m_team` (`tid`,`tname`,`qtname`) VALUES (885,'çš‡å®¶ç¤¾ä¼š','çš‡å®¶ç¤¾ä¼š')
ERR: 1062:Duplicate entry '1109' for key 'PRIMARY'
 [ SQLè¯­å¥ ] : INSERT INTO `m_team` (`tid`,`tname`,`qtname`) VALUES (1109,'è«å°”å¾\·','è«å°”å¾\·')
ERR: 1062:Duplicate entry '546' for key 'PRIMARY'
 [ SQLè¯­å¥ ] : INSERT INTO `m_team` (`tid`,`tname`,`qtname`) VALUES (546,'å¥¥å‹’æ\¾','å¥¥å‹’æ\¾')
ERR: 1062:Duplicate entry '467' for key 'PRIMARY'
 [ SQLè¯­å¥ ] : INSERT INTO `m_team` (`tid`,`tname`,`qtname`) VALUES (467,'åœ£æ´›ä¼¦ç´¢','åœ£æ´›ä¼¦ç´¢')
ERR: 1062:Duplicate entry '639' for key 'PRIMARY'
 [ SQLè¯­å¥ ] : INSERT INTO `m_team` (`tid`,`tname`,`qtname`) VALUES (639,'ç­è²å°”å¾·','ç­è²å°”å¾·')
ERR: 1062:Duplicate entry '963' for key 'PRIMARY'
 [ SQLè¯­å¥ ] : INSERT INTO `m_team` (`tid`,`tname`,`qtname`) VALUES (963,'æ‹‰åŠªæ–\¯','æ‹‰åŠªæ–\¯')
ERR: 1062:Duplicate entry '569' for key 'PRIMARY'
 [ SQLè¯­å¥ ] : INSERT INTO `m_team` (`tid`,`tname`,`qtname`) VALUES (569,'æ‹‰æ™®æ‹‰å¡”å¤§å­¦ç”\Ÿ','æ‹‰æ™®æ‹‰å¡”å¤§å­¦ç”\Ÿ')
ERR: 1062:Duplicate entry '709' for key 'PRIMARY'
 [ SQLè¯­å¥ ] : INSERT INTO `m_team` (`tid`,`tname`,`qtname`) VALUES (709,'åšé˜¿ç»´æ–¯å¡\”','åšé˜¿ç»´æ–¯å¡\”')
ERR: 1062:Duplicate entry '678' for key 'PRIMARY'
 [ SQLè¯­å¥ ] : INSERT INTO `m_team` (`tid`,`tname`,`qtname`) VALUES (678,'æœ¬è²å\¡','æœ¬è²å\¡')
ERR: 1062:Duplicate entry '1276' for key 'PRIMARY'
 [ SQLè¯­å¥ ] : INSERT INTO `m_team` (`tid`,`tname`,`qtname`) VALUES (1276,'ä¹Œè¿ªå†…æ–¯','ä¹Œè¿ªå†…æ–¯')
ERR: 1062:Duplicate entry '1276' for key 'PRIMARY'
 [ SQLè¯­å¥ ] : INSERT INTO `m_team` (`tid`,`tname`,`qtname`) VALUES (1276,'ä¹Œè¿ªå†…æ–¯','ä¹Œè¿ªå†…æ–¯')
ERR: 1062:Duplicate entry '1129' for key 'PRIMARY'
 [ SQLè¯­å¥ ] : INSERT INTO `m_team` (`tid`,`tname`,`qtname`) VALUES (1129,'å—ç‰¹','å—ç‰¹')
ERR: 1062:Duplicate entry '1105' for key 'PRIMARY'
 [ SQLè¯­å¥ ] : INSERT INTO `m_team` (`tid`,`tname`,`qtname`) VALUES (1105,'æ‘©çº³å“\¥','æ‘©çº³å“\¥')
ERR: 1062:Duplicate entry '1580' for key 'PRIMARY'
 [ SQLè¯­å¥ ] : INSERT INTO `m_team` (`tid`,`tname`,`qtname`) VALUES (1580,'æ ¼é›·ç±³å¥¥','æ ¼é›·ç±³å¥¥')
ERR: 1062:Duplicate entry '1572' for key 'PRIMARY'
 [ SQLè¯­å¥ ] : INSERT INTO `m_team` (`tid`,`tname`,`qtname`) VALUES (1572,'ç§‘æ—è’‚å®‰','ç§‘æ—è’‚å®‰')
ERR: 1062:Duplicate entry '1577' for key 'PRIMARY'
 [ SQLè¯­å¥ ] : INSERT INTO `m_team` (`tid`,`tname`,`qtname`) VALUES (1577,'å¼—æ‹‰é—¨æˆˆ','å¼—æ‹‰é—¨æˆˆ')
ERR: 1062:Duplicate entry '1578' for key 'PRIMARY'
 [ SQLè¯­å¥ ] : INSERT INTO `m_team` (`tid`,`tname`,`qtname`) VALUES (1578,'å¼—é²ç±³å«©å¡\','å¼—é²ç±³å«©å¡\')
ERR: 1062:Duplicate entry '3988' for key 'PRIMARY'
 [ SQLè¯­å¥ ] : INSERT INTO `m_team` (`tid`,`tname`,`qtname`) VALUES (3988,'ç´¯è¥¿è…“ä½“è‚\²','ç´¯è¥¿è…“ä½“è‚\²')
ERR: 1062:Duplicate entry '1385' for key 'PRIMARY'
 [ SQLè¯­å¥ ] : INSERT INTO `m_team` (`tid`,`tname`,`qtname`) VALUES (1385,'åœ£ä¿ç½\—','åœ£ä¿ç½\—')
ERR: 1062:Duplicate entry '472' for key 'PRIMARY'
 [ SQLè¯­å¥ ] : INSERT INTO `m_team` (`tid`,`tname`,`qtname`) VALUES (472,'æ¡‘æ‰˜æ–\¯','æ¡‘æ‰˜æ–\¯')
ERR: 1062:Duplicate entry '1589' for key 'PRIMARY'
 [ SQLè¯­å¥ ] : INSERT INTO `m_team` (`tid`,`tname`,`qtname`) VALUES (1589,'ç»´å¤šåˆ©äºš','ç»´å¤šåˆ©äºš')
ERR: 1062:Duplicate entry '1576' for key 'PRIMARY'
 [ SQLè¯­å¥ ] : INSERT INTO `m_team` (`tid`,`tname`,`qtname`) VALUES (1576,'è´¹å¤åŸƒä¼¦æ–\¯','è´¹å¤åŸƒä¼¦æ–\¯')
ERR: 1062:Duplicate entry '953' for key 'PRIMARY'
 [ SQLè¯­å¥ ] : INSERT INTO `m_team` (`tid`,`tname`,`qtname`) VALUES (953,'åŸºå°”æ¢…æ–¯','åŸºå°”æ¢…æ–¯')
ERR: 1062:Duplicate entry '985' for key 'PRIMARY'
 [ SQLè¯­å¥ ] : INSERT INTO `m_team` (`tid`,`tname`,`qtname`) VALUES (985,'è±ä¸‡ç‰\¹','è±ä¸‡ç‰\¹')
ERR: 1062:Duplicate entry '683' for key 'PRIMARY'
 [ SQLè¯­å¥ ] : INSERT INTO `m_team` (`tid`,`tname`,`qtname`) VALUES (683,'æ¯”åˆ©äºšé›·äºšå°”','æ¯”åˆ©äºšé›·äºšå°”')
ERR: 1062:Duplicate entry '4286' for key 'PRIMARY'
 [ SQLè¯­å¥ ] : INSERT INTO `m_team` (`tid`,`tname`,`qtname`) VALUES (4286,'è¥¿é›…å›¾æµ·æ¹¾äºº','è¥¿é›…å›¾æµ·æ¹¾äºº')
ERR: 1062:Duplicate entry '705' for key 'PRIMARY'
 [ SQLè¯­å¥ ] : INSERT INTO `m_team` (`tid`,`tname`,`qtname`) VALUES (705,'åšå¡é’å¹´','åšå¡é’å¹´')
ERR: 1062:Duplicate entry '1183' for key 'PRIMARY'
 [ SQLè¯­å¥ ] : INSERT INTO `m_team` (`tid`,`tname`,`qtname`) VALUES (1183,'æ‹‰æ–æ‹‰ç«æŠ€','æ‹‰æ–æ‹‰ç«æŠ€')
ERR: 1062:Duplicate entry '1571' for key 'PRIMARY'
 [ SQLè¯­å¥ ] : INSERT INTO `m_team` (`tid`,`tname`,`qtname`) VALUES (1571,'å·´æ‹‰çº³ç«æŠ€','å·´æ‹‰çº³ç«æŠ€')
ERR: 1062:Duplicate entry '2277' for key 'PRIMARY'
 [ SQLè¯­å¥ ] : INSERT INTO `m_team` (`tid`,`tname`,`qtname`) VALUES (2277,'å·´ä¼Šäº\š','å·´ä¼Šäº\š')
ERR: 1062:Duplicate entry '1575' for key 'PRIMARY'
 [ SQLè¯­å¥ ] : INSERT INTO `m_team` (`tid`,`tname`,`qtname`) VALUES (1575,'å…‹é²å¡ç½—','å…‹é²å¡ç½—')
ERR: 1062:Duplicate entry '3638' for key 'PRIMARY'
 [ SQLè¯­å¥ ] : INSERT INTO `m_team` (`tid`,`tname`,`qtname`) VALUES (3638,'å¾·å›½å¥³è¶³U20','å¾·å›½å¥³è¶³U20')
ERR: 1062:Duplicate entry '6186' for key 'PRIMARY'
 [ SQLè¯­å¥ ] : INSERT INTO `m_team` (`tid`,`tname`,`qtname`) VALUES (6186,'è´¹åŸè”åˆ','è´¹åŸè”åˆ')
ERR: 1062:Duplicate entry '499' for key 'PRIMARY'
 [ SQLè¯­å¥ ] : INSERT INTO `m_team` (`tid`,`tname`,`qtname`) VALUES (499,'åœ£ä½•å¡åœ°éœ\‡','åœ£ä½•å¡åœ°éœ\‡')
ERR: 1062:Duplicate entry '3608' for key 'PRIMARY'
 [ SQLè¯­å¥ ] : INSERT INTO `m_team` (`tid`,`tname`,`qtname`) VALUES (3608,'æˆˆå¤šä¼Šå…‹é²æ–¯','æˆˆå¤šä¼Šå…‹é²æ–¯')
ERR: 1062:Duplicate entry '864' for key 'PRIMARY'
 [ SQLè¯­å¥ ] : INSERT INTO `m_team` (`tid`,`tname`,`qtname`) VALUES (864,'æ²³åºŠ','æ²³åºŠ')
ERR: 1062:Duplicate entry '4126' for key 'PRIMARY'
 [ SQLè¯­å¥ ] : INSERT INTO `m_team` (`tid`,`tname`,`qtname`) VALUES (4126,'æœ­å¹Œå†ˆè¨å¤\š','æœ­å¹Œå†ˆè¨å¤\š')
ERR: 1062:Duplicate entry '3834' for key 'PRIMARY'
 [ SQLè¯­å¥ ] : INSERT INTO `m_team` (`tid`,`tname`,`qtname`) VALUES (3834,'æ¥æœ¨SC','æ¥æœ¨SC')
ERR: 1062:Duplicate entry '913' for key 'PRIMARY'
 [ SQLè¯­å¥ ] : INSERT INTO `m_team` (`tid`,`tname`,`qtname`) VALUES (913,'å¡å°”é©\¬','å¡å°”é©\¬')
ERR: 1062:Duplicate entry '2640' for key 'PRIMARY'
 [ SQLè¯­å¥ ] : INSERT INTO `m_team` (`tid`,`tname`,`qtname`) VALUES (2640,'è€¶å¤«å‹\’','è€¶å¤«å‹\’')
ERR: 1062:Duplicate entry '1355' for key 'PRIMARY'
 [ SQLè¯­å¥ ] : INSERT INTO `m_team` (`tid`,`tname`,`qtname`) VALUES (1355,'ä½åŠ é¡¿æ–¯','ä½åŠ é¡¿æ–¯')
ERR: 1062:Duplicate entry '695' for key 'PRIMARY'
 [ SQLè¯­å¥ ] : INSERT INTO `m_team` (`tid`,`tname`,`qtname`) VALUES (695,'æ³¢é¸¿','æ³¢é¸¿')
ERR: 1062:Duplicate entry '660' for key 'PRIMARY'
 [ SQLè¯­å¥ ] : INSERT INTO `m_team` (`tid`,`tname`,`qtname`) VALUES (660,'æŸæ—è”åˆ','æŸæ—è”åˆ')
ERR: 1062:Duplicate entry '1072' for key 'PRIMARY'
 [ SQLè¯­å¥ ] : INSERT INTO `m_team` (`tid`,`tname`,`qtname`) VALUES (1072,'æ›¼å½»æ–¯ç‰¹åŸ\','æ›¼å½»æ–¯ç‰¹åŸ\')
ERR: 1062:Duplicate entry '1011' for key 'PRIMARY'
 [ SQLè¯­å¥ ] : INSERT INTO `m_team` (`tid`,`tname`,`qtname`) VALUES (1011,'åˆ©ç‰©æµ\¦','åˆ©ç‰©æµ\¦')
ERR: 1062:Duplicate entry '1072' for key 'PRIMARY'
 [ SQLè¯­å¥ ] : INSERT INTO `m_team` (`tid`,`tname`,`qtname`) VALUES (1072,'æ›¼å½»æ–¯ç‰¹åŸ\','æ›¼å½»æ–¯ç‰¹åŸ\')
ERR: 1062:Duplicate entry '1011' for key 'PRIMARY'
 [ SQLè¯­å¥ ] : INSERT INTO `m_team` (`tid`,`tname`,`qtname`) VALUES (1011,'åˆ©ç‰©æµ\¦','åˆ©ç‰©æµ\¦')
ERR: 1062:Duplicate entry '719' for key 'PRIMARY'
 [ SQLè¯­å¥ ] : INSERT INTO `m_team` (`tid`,`tname`,`qtname`) VALUES (719,'å¸ƒæ‹‰åŠ\ ','å¸ƒæ‹‰åŠ\ ')
ERR: 1062:Duplicate entry '650' for key 'PRIMARY'
 [ SQLè¯­å¥ ] : INSERT INTO `m_team` (`tid`,`tname`,`qtname`) VALUES (650,'å·´åˆ—å¡è¯º','å·´åˆ—å¡è¯º')
ERR: 1062:Duplicate entry '1046' for key 'PRIMARY'
 [ SQLè¯­å¥ ] : INSERT INTO `m_team` (`tid`,`tname`,`qtname`) VALUES (1046,'é©¬å¾·é‡Œç«æŠ€','é©¬å¾·é‡Œç«æŠ€')

[ 2014-08-25T00:44:26+08:00 ] 127.0.0.1 /Home/Match/teamUpAll.html
ERR: 1062:Duplicate entry '1179' for key 'PRIMARY'
 [ SQLè¯­å¥ ] : INSERT INTO `m_team` (`tid`,`tname`,`qtname`) VALUES (1179,'çƒ­é‚£äº\š','çƒ­é‚£äº\š')
ERR: 1062:Duplicate entry '562' for key 'PRIMARY'
 [ SQLè¯­å¥ ] : INSERT INTO `m_team` (`tid`,`tname`,`qtname`) VALUES (562,'åŸƒç“¦å°\”','åŸƒç“¦å°\”')
ERR: 1062:Duplicate entry '885' for key 'PRIMARY'
 [ SQLè¯­å¥ ] : INSERT INTO `m_team` (`tid`,`tname`,`qtname`) VALUES (885,'çš‡å®¶ç¤¾ä¼š','çš‡å®¶ç¤¾ä¼š')
ERR: 1062:Duplicate entry '1109' for key 'PRIMARY'
 [ SQLè¯­å¥ ] : INSERT INTO `m_team` (`tid`,`tname`,`qtname`) VALUES (1109,'è«å°”å¾\·','è«å°”å¾\·')
ERR: 1062:Duplicate entry '546' for key 'PRIMARY'
 [ SQLè¯­å¥ ] : INSERT INTO `m_team` (`tid`,`tname`,`qtname`) VALUES (546,'å¥¥å‹’æ\¾','å¥¥å‹’æ\¾')
ERR: 1062:Duplicate entry '467' for key 'PRIMARY'
 [ SQLè¯­å¥ ] : INSERT INTO `m_team` (`tid`,`tname`,`qtname`) VALUES (467,'åœ£æ´›ä¼¦ç´¢','åœ£æ´›ä¼¦ç´¢')
ERR: 1062:Duplicate entry '639' for key 'PRIMARY'
 [ SQLè¯­å¥ ] : INSERT INTO `m_team` (`tid`,`tname`,`qtname`) VALUES (639,'ç­è²å°”å¾·','ç­è²å°”å¾·')
ERR: 1062:Duplicate entry '963' for key 'PRIMARY'
 [ SQLè¯­å¥ ] : INSERT INTO `m_team` (`tid`,`tname`,`qtname`) VALUES (963,'æ‹‰åŠªæ–\¯','æ‹‰åŠªæ–\¯')
ERR: 1062:Duplicate entry '569' for key 'PRIMARY'
 [ SQLè¯­å¥ ] : INSERT INTO `m_team` (`tid`,`tname`,`qtname`) VALUES (569,'æ‹‰æ™®æ‹‰å¡”å¤§å­¦ç”\Ÿ','æ‹‰æ™®æ‹‰å¡”å¤§å­¦ç”\Ÿ')
ERR: 1062:Duplicate entry '709' for key 'PRIMARY'
 [ SQLè¯­å¥ ] : INSERT INTO `m_team` (`tid`,`tname`,`qtname`) VALUES (709,'åšé˜¿ç»´æ–¯å¡\”','åšé˜¿ç»´æ–¯å¡\”')
ERR: 1062:Duplicate entry '678' for key 'PRIMARY'
 [ SQLè¯­å¥ ] : INSERT INTO `m_team` (`tid`,`tname`,`qtname`) VALUES (678,'æœ¬è²å\¡','æœ¬è²å\¡')
ERR: 1062:Duplicate entry '1276' for key 'PRIMARY'
 [ SQLè¯­å¥ ] : INSERT INTO `m_team` (`tid`,`tname`,`qtname`) VALUES (1276,'ä¹Œè¿ªå†…æ–¯','ä¹Œè¿ªå†…æ–¯')
ERR: 1062:Duplicate entry '1276' for key 'PRIMARY'
 [ SQLè¯­å¥ ] : INSERT INTO `m_team` (`tid`,`tname`,`qtname`) VALUES (1276,'ä¹Œè¿ªå†…æ–¯','ä¹Œè¿ªå†…æ–¯')
ERR: 1062:Duplicate entry '1129' for key 'PRIMARY'
 [ SQLè¯­å¥ ] : INSERT INTO `m_team` (`tid`,`tname`,`qtname`) VALUES (1129,'å—ç‰¹','å—ç‰¹')
ERR: 1062:Duplicate entry '1105' for key 'PRIMARY'
 [ SQLè¯­å¥ ] : INSERT INTO `m_team` (`tid`,`tname`,`qtname`) VALUES (1105,'æ‘©çº³å“\¥','æ‘©çº³å“\¥')
ERR: 1062:Duplicate entry '1580' for key 'PRIMARY'
 [ SQLè¯­å¥ ] : INSERT INTO `m_team` (`tid`,`tname`,`qtname`) VALUES (1580,'æ ¼é›·ç±³å¥¥','æ ¼é›·ç±³å¥¥')
ERR: 1062:Duplicate entry '1572' for key 'PRIMARY'
 [ SQLè¯­å¥ ] : INSERT INTO `m_team` (`tid`,`tname`,`qtname`) VALUES (1572,'ç§‘æ—è’‚å®‰','ç§‘æ—è’‚å®‰')
ERR: 1062:Duplicate entry '1577' for key 'PRIMARY'
 [ SQLè¯­å¥ ] : INSERT INTO `m_team` (`tid`,`tname`,`qtname`) VALUES (1577,'å¼—æ‹‰é—¨æˆˆ','å¼—æ‹‰é—¨æˆˆ')
ERR: 1062:Duplicate entry '1578' for key 'PRIMARY'
 [ SQLè¯­å¥ ] : INSERT INTO `m_team` (`tid`,`tname`,`qtname`) VALUES (1578,'å¼—é²ç±³å«©å¡\','å¼—é²ç±³å«©å¡\')
ERR: 1062:Duplicate entry '3988' for key 'PRIMARY'
 [ SQLè¯­å¥ ] : INSERT INTO `m_team` (`tid`,`tname`,`qtname`) VALUES (3988,'ç´¯è¥¿è…“ä½“è‚\²','ç´¯è¥¿è…“ä½“è‚\²')
ERR: 1062:Duplicate entry '1385' for key 'PRIMARY'
 [ SQLè¯­å¥ ] : INSERT INTO `m_team` (`tid`,`tname`,`qtname`) VALUES (1385,'åœ£ä¿ç½\—','åœ£ä¿ç½\—')
ERR: 1062:Duplicate entry '472' for key 'PRIMARY'
 [ SQLè¯­å¥ ] : INSERT INTO `m_team` (`tid`,`tname`,`qtname`) VALUES (472,'æ¡‘æ‰˜æ–\¯','æ¡‘æ‰˜æ–\¯')
ERR: 1062:Duplicate entry '1589' for key 'PRIMARY'
 [ SQLè¯­å¥ ] : INSERT INTO `m_team` (`tid`,`tname`,`qtname`) VALUES (1589,'ç»´å¤šåˆ©äºš','ç»´å¤šåˆ©äºš')
ERR: 1062:Duplicate entry '1576' for key 'PRIMARY'
 [ SQLè¯­å¥ ] : INSERT INTO `m_team` (`tid`,`tname`,`qtname`) VALUES (1576,'è´¹å¤åŸƒä¼¦æ–\¯','è´¹å¤åŸƒä¼¦æ–\¯')
ERR: 1062:Duplicate entry '953' for key 'PRIMARY'
 [ SQLè¯­å¥ ] : INSERT INTO `m_team` (`tid`,`tname`,`qtname`) VALUES (953,'åŸºå°”æ¢…æ–¯','åŸºå°”æ¢…æ–¯')
ERR: 1062:Duplicate entry '985' for key 'PRIMARY'
 [ SQLè¯­å¥ ] : INSERT INTO `m_team` (`tid`,`tname`,`qtname`) VALUES (985,'è±ä¸‡ç‰\¹','è±ä¸‡ç‰\¹')
ERR: 1062:Duplicate entry '683' for key 'PRIMARY'
 [ SQLè¯­å¥ ] : INSERT INTO `m_team` (`tid`,`tname`,`qtname`) VALUES (683,'æ¯”åˆ©äºšé›·äºšå°”','æ¯”åˆ©äºšé›·äºšå°”')
ERR: 1062:Duplicate entry '4286' for key 'PRIMARY'
 [ SQLè¯­å¥ ] : INSERT INTO `m_team` (`tid`,`tname`,`qtname`) VALUES (4286,'è¥¿é›…å›¾æµ·æ¹¾äºº','è¥¿é›…å›¾æµ·æ¹¾äºº')
ERR: 1062:Duplicate entry '705' for key 'PRIMARY'
 [ SQLè¯­å¥ ] : INSERT INTO `m_team` (`tid`,`tname`,`qtname`) VALUES (705,'åšå¡é’å¹´','åšå¡é’å¹´')
ERR: 1062:Duplicate entry '1183' for key 'PRIMARY'
 [ SQLè¯­å¥ ] : INSERT INTO `m_team` (`tid`,`tname`,`qtname`) VALUES (1183,'æ‹‰æ–æ‹‰ç«æŠ€','æ‹‰æ–æ‹‰ç«æŠ€')
ERR: 1062:Duplicate entry '1571' for key 'PRIMARY'
 [ SQLè¯­å¥ ] : INSERT INTO `m_team` (`tid`,`tname`,`qtname`) VALUES (1571,'å·´æ‹‰çº³ç«æŠ€','å·´æ‹‰çº³ç«æŠ€')
ERR: 1062:Duplicate entry '2277' for key 'PRIMARY'
 [ SQLè¯­å¥ ] : INSERT INTO `m_team` (`tid`,`tname`,`qtname`) VALUES (2277,'å·´ä¼Šäº\š','å·´ä¼Šäº\š')
ERR: 1062:Duplicate entry '1575' for key 'PRIMARY'
 [ SQLè¯­å¥ ] : INSERT INTO `m_team` (`tid`,`tname`,`qtname`) VALUES (1575,'å…‹é²å¡ç½—','å…‹é²å¡ç½—')
ERR: 1062:Duplicate entry '3638' for key 'PRIMARY'
 [ SQLè¯­å¥ ] : INSERT INTO `m_team` (`tid`,`tname`,`qtname`) VALUES (3638,'å¾·å›½å¥³è¶³U20','å¾·å›½å¥³è¶³U20')
ERR: 1062:Duplicate entry '6186' for key 'PRIMARY'
 [ SQLè¯­å¥ ] : INSERT INTO `m_team` (`tid`,`tname`,`qtname`) VALUES (6186,'è´¹åŸè”åˆ','è´¹åŸè”åˆ')
ERR: 1062:Duplicate entry '499' for key 'PRIMARY'
 [ SQLè¯­å¥ ] : INSERT INTO `m_team` (`tid`,`tname`,`qtname`) VALUES (499,'åœ£ä½•å¡åœ°éœ\‡','åœ£ä½•å¡åœ°éœ\‡')
ERR: 1062:Duplicate entry '3608' for key 'PRIMARY'
 [ SQLè¯­å¥ ] : INSERT INTO `m_team` (`tid`,`tname`,`qtname`) VALUES (3608,'æˆˆå¤šä¼Šå…‹é²æ–¯','æˆˆå¤šä¼Šå…‹é²æ–¯')
ERR: 1062:Duplicate entry '864' for key 'PRIMARY'
 [ SQLè¯­å¥ ] : INSERT INTO `m_team` (`tid`,`tname`,`qtname`) VALUES (864,'æ²³åºŠ','æ²³åºŠ')
ERR: 1062:Duplicate entry '4126' for key 'PRIMARY'
 [ SQLè¯­å¥ ] : INSERT INTO `m_team` (`tid`,`tname`,`qtname`) VALUES (4126,'æœ­å¹Œå†ˆè¨å¤\š','æœ­å¹Œå†ˆè¨å¤\š')
ERR: 1062:Duplicate entry '3834' for key 'PRIMARY'
 [ SQLè¯­å¥ ] : INSERT INTO `m_team` (`tid`,`tname`,`qtname`) VALUES (3834,'æ¥æœ¨SC','æ¥æœ¨SC')
ERR: 1062:Duplicate entry '913' for key 'PRIMARY'
 [ SQLè¯­å¥ ] : INSERT INTO `m_team` (`tid`,`tname`,`qtname`) VALUES (913,'å¡å°”é©\¬','å¡å°”é©\¬')
ERR: 1062:Duplicate entry '2640' for key 'PRIMARY'
 [ SQLè¯­å¥ ] : INSERT INTO `m_team` (`tid`,`tname`,`qtname`) VALUES (2640,'è€¶å¤«å‹\’','è€¶å¤«å‹\’')
ERR: 1062:Duplicate entry '1355' for key 'PRIMARY'
 [ SQLè¯­å¥ ] : INSERT INTO `m_team` (`tid`,`tname`,`qtname`) VALUES (1355,'ä½åŠ é¡¿æ–¯','ä½åŠ é¡¿æ–¯')
ERR: 1062:Duplicate entry '695' for key 'PRIMARY'
 [ SQLè¯­å¥ ] : INSERT INTO `m_team` (`tid`,`tname`,`qtname`) VALUES (695,'æ³¢é¸¿','æ³¢é¸¿')
ERR: 1062:Duplicate entry '660' for key 'PRIMARY'
 [ SQLè¯­å¥ ] : INSERT INTO `m_team` (`tid`,`tname`,`qtname`) VALUES (660,'æŸæ—è”åˆ','æŸæ—è”åˆ')
ERR: 1062:Duplicate entry '1072' for key 'PRIMARY'
 [ SQLè¯­å¥ ] : INSERT INTO `m_team` (`tid`,`tname`,`qtname`) VALUES (1072,'æ›¼å½»æ–¯ç‰¹åŸ\','æ›¼å½»æ–¯ç‰¹åŸ\')
ERR: 1062:Duplicate entry '1011' for key 'PRIMARY'
 [ SQLè¯­å¥ ] : INSERT INTO `m_team` (`tid`,`tname`,`qtname`) VALUES (1011,'åˆ©ç‰©æµ\¦','åˆ©ç‰©æµ\¦')
ERR: 1062:Duplicate entry '1072' for key 'PRIMARY'
 [ SQLè¯­å¥ ] : INSERT INTO `m_team` (`tid`,`tname`,`qtname`) VALUES (1072,'æ›¼å½»æ–¯ç‰¹åŸ\','æ›¼å½»æ–¯ç‰¹åŸ\')
ERR: 1062:Duplicate entry '1011' for key 'PRIMARY'
 [ SQLè¯­å¥ ] : INSERT INTO `m_team` (`tid`,`tname`,`qtname`) VALUES (1011,'åˆ©ç‰©æµ\¦','åˆ©ç‰©æµ\¦')
ERR: 1062:Duplicate entry '719' for key 'PRIMARY'
 [ SQLè¯­å¥ ] : INSERT INTO `m_team` (`tid`,`tname`,`qtname`) VALUES (719,'å¸ƒæ‹‰åŠ\ ','å¸ƒæ‹‰åŠ\ ')
ERR: 1062:Duplicate entry '650' for key 'PRIMARY'
 [ SQLè¯­å¥ ] : INSERT INTO `m_team` (`tid`,`tname`,`qtname`) VALUES (650,'å·´åˆ—å¡è¯º','å·´åˆ—å¡è¯º')
ERR: 1062:Duplicate entry '1046' for key 'PRIMARY'
 [ SQLè¯­å¥ ] : INSERT INTO `m_team` (`tid`,`tname`,`qtname`) VALUES (1046,'é©¬å¾·é‡Œç«æŠ€','é©¬å¾·é‡Œç«æŠ€')

[ 2014-08-25T00:56:03+08:00 ] 127.0.0.1 /Home/Match/teamUpAll.html
ERR: 1062:Duplicate entry '1179' for key 'PRIMARY'
 [ SQLè¯­å¥ ] : INSERT INTO `m_team` (`tid`,`tname`,`qtname`) VALUES (1179,'çƒ­é‚£äº\š','çƒ­é‚£äº\š')
ERR: 1062:Duplicate entry '562' for key 'PRIMARY'
 [ SQLè¯­å¥ ] : INSERT INTO `m_team` (`tid`,`tname`,`qtname`) VALUES (562,'åŸƒç“¦å°\”','åŸƒç“¦å°\”')
ERR: 1062:Duplicate entry '885' for key 'PRIMARY'
 [ SQLè¯­å¥ ] : INSERT INTO `m_team` (`tid`,`tname`,`qtname`) VALUES (885,'çš‡å®¶ç¤¾ä¼š','çš‡å®¶ç¤¾ä¼š')
ERR: 1062:Duplicate entry '1109' for key 'PRIMARY'
 [ SQLè¯­å¥ ] : INSERT INTO `m_team` (`tid`,`tname`,`qtname`) VALUES (1109,'è«å°”å¾\·','è«å°”å¾\·')
ERR: 1062:Duplicate entry '546' for key 'PRIMARY'
 [ SQLè¯­å¥ ] : INSERT INTO `m_team` (`tid`,`tname`,`qtname`) VALUES (546,'å¥¥å‹’æ\¾','å¥¥å‹’æ\¾')
ERR: 1062:Duplicate entry '467' for key 'PRIMARY'
 [ SQLè¯­å¥ ] : INSERT INTO `m_team` (`tid`,`tname`,`qtname`) VALUES (467,'åœ£æ´›ä¼¦ç´¢','åœ£æ´›ä¼¦ç´¢')
ERR: 1062:Duplicate entry '639' for key 'PRIMARY'
 [ SQLè¯­å¥ ] : INSERT INTO `m_team` (`tid`,`tname`,`qtname`) VALUES (639,'ç­è²å°”å¾·','ç­è²å°”å¾·')
ERR: 1062:Duplicate entry '963' for key 'PRIMARY'
 [ SQLè¯­å¥ ] : INSERT INTO `m_team` (`tid`,`tname`,`qtname`) VALUES (963,'æ‹‰åŠªæ–\¯','æ‹‰åŠªæ–\¯')
ERR: 1062:Duplicate entry '569' for key 'PRIMARY'
 [ SQLè¯­å¥ ] : INSERT INTO `m_team` (`tid`,`tname`,`qtname`) VALUES (569,'æ‹‰æ™®æ‹‰å¡”å¤§å­¦ç”\Ÿ','æ‹‰æ™®æ‹‰å¡”å¤§å­¦ç”\Ÿ')
ERR: 1062:Duplicate entry '709' for key 'PRIMARY'
 [ SQLè¯­å¥ ] : INSERT INTO `m_team` (`tid`,`tname`,`qtname`) VALUES (709,'åšé˜¿ç»´æ–¯å¡\”','åšé˜¿ç»´æ–¯å¡\”')
ERR: 1062:Duplicate entry '678' for key 'PRIMARY'
 [ SQLè¯­å¥ ] : INSERT INTO `m_team` (`tid`,`tname`,`qtname`) VALUES (678,'æœ¬è²å\¡','æœ¬è²å\¡')
ERR: 1062:Duplicate entry '1276' for key 'PRIMARY'
 [ SQLè¯­å¥ ] : INSERT INTO `m_team` (`tid`,`tname`,`qtname`) VALUES (1276,'ä¹Œè¿ªå†…æ–¯','ä¹Œè¿ªå†…æ–¯')
ERR: 1062:Duplicate entry '1276' for key 'PRIMARY'
 [ SQLè¯­å¥ ] : INSERT INTO `m_team` (`tid`,`tname`,`qtname`) VALUES (1276,'ä¹Œè¿ªå†…æ–¯','ä¹Œè¿ªå†…æ–¯')
ERR: 1062:Duplicate entry '1129' for key 'PRIMARY'
 [ SQLè¯­å¥ ] : INSERT INTO `m_team` (`tid`,`tname`,`qtname`) VALUES (1129,'å—ç‰¹','å—ç‰¹')
ERR: 1062:Duplicate entry '1105' for key 'PRIMARY'
 [ SQLè¯­å¥ ] : INSERT INTO `m_team` (`tid`,`tname`,`qtname`) VALUES (1105,'æ‘©çº³å“\¥','æ‘©çº³å“\¥')
ERR: 1062:Duplicate entry '1580' for key 'PRIMARY'
 [ SQLè¯­å¥ ] : INSERT INTO `m_team` (`tid`,`tname`,`qtname`) VALUES (1580,'æ ¼é›·ç±³å¥¥','æ ¼é›·ç±³å¥¥')
ERR: 1062:Duplicate entry '1572' for key 'PRIMARY'
 [ SQLè¯­å¥ ] : INSERT INTO `m_team` (`tid`,`tname`,`qtname`) VALUES (1572,'ç§‘æ—è’‚å®‰','ç§‘æ—è’‚å®‰')
ERR: 1062:Duplicate entry '1577' for key 'PRIMARY'
 [ SQLè¯­å¥ ] : INSERT INTO `m_team` (`tid`,`tname`,`qtname`) VALUES (1577,'å¼—æ‹‰é—¨æˆˆ','å¼—æ‹‰é—¨æˆˆ')
ERR: 1062:Duplicate entry '1578' for key 'PRIMARY'
 [ SQLè¯­å¥ ] : INSERT INTO `m_team` (`tid`,`tname`,`qtname`) VALUES (1578,'å¼—é²ç±³å«©å¡\','å¼—é²ç±³å«©å¡\')
ERR: 1062:Duplicate entry '3988' for key 'PRIMARY'
 [ SQLè¯­å¥ ] : INSERT INTO `m_team` (`tid`,`tname`,`qtname`) VALUES (3988,'ç´¯è¥¿è…“ä½“è‚\²','ç´¯è¥¿è…“ä½“è‚\²')
ERR: 1062:Duplicate entry '1385' for key 'PRIMARY'
 [ SQLè¯­å¥ ] : INSERT INTO `m_team` (`tid`,`tname`,`qtname`) VALUES (1385,'åœ£ä¿ç½\—','åœ£ä¿ç½\—')
ERR: 1062:Duplicate entry '472' for key 'PRIMARY'
 [ SQLè¯­å¥ ] : INSERT INTO `m_team` (`tid`,`tname`,`qtname`) VALUES (472,'æ¡‘æ‰˜æ–\¯','æ¡‘æ‰˜æ–\¯')
ERR: 1062:Duplicate entry '1589' for key 'PRIMARY'
 [ SQLè¯­å¥ ] : INSERT INTO `m_team` (`tid`,`tname`,`qtname`) VALUES (1589,'ç»´å¤šåˆ©äºš','ç»´å¤šåˆ©äºš')
ERR: 1062:Duplicate entry '1576' for key 'PRIMARY'
 [ SQLè¯­å¥ ] : INSERT INTO `m_team` (`tid`,`tname`,`qtname`) VALUES (1576,'è´¹å¤åŸƒä¼¦æ–\¯','è´¹å¤åŸƒä¼¦æ–\¯')
ERR: 1062:Duplicate entry '953' for key 'PRIMARY'
 [ SQLè¯­å¥ ] : INSERT INTO `m_team` (`tid`,`tname`,`qtname`) VALUES (953,'åŸºå°”æ¢…æ–¯','åŸºå°”æ¢…æ–¯')
ERR: 1062:Duplicate entry '985' for key 'PRIMARY'
 [ SQLè¯­å¥ ] : INSERT INTO `m_team` (`tid`,`tname`,`qtname`) VALUES (985,'è±ä¸‡ç‰\¹','è±ä¸‡ç‰\¹')
ERR: 1062:Duplicate entry '683' for key 'PRIMARY'
 [ SQLè¯­å¥ ] : INSERT INTO `m_team` (`tid`,`tname`,`qtname`) VALUES (683,'æ¯”åˆ©äºšé›·äºšå°”','æ¯”åˆ©äºšé›·äºšå°”')
ERR: 1062:Duplicate entry '4286' for key 'PRIMARY'
 [ SQLè¯­å¥ ] : INSERT INTO `m_team` (`tid`,`tname`,`qtname`) VALUES (4286,'è¥¿é›…å›¾æµ·æ¹¾äºº','è¥¿é›…å›¾æµ·æ¹¾äºº')
ERR: 1062:Duplicate entry '705' for key 'PRIMARY'
 [ SQLè¯­å¥ ] : INSERT INTO `m_team` (`tid`,`tname`,`qtname`) VALUES (705,'åšå¡é’å¹´','åšå¡é’å¹´')
ERR: 1062:Duplicate entry '1183' for key 'PRIMARY'
 [ SQLè¯­å¥ ] : INSERT INTO `m_team` (`tid`,`tname`,`qtname`) VALUES (1183,'æ‹‰æ–æ‹‰ç«æŠ€','æ‹‰æ–æ‹‰ç«æŠ€')
ERR: 1062:Duplicate entry '1571' for key 'PRIMARY'
 [ SQLè¯­å¥ ] : INSERT INTO `m_team` (`tid`,`tname`,`qtname`) VALUES (1571,'å·´æ‹‰çº³ç«æŠ€','å·´æ‹‰çº³ç«æŠ€')
ERR: 1062:Duplicate entry '2277' for key 'PRIMARY'
 [ SQLè¯­å¥ ] : INSERT INTO `m_team` (`tid`,`tname`,`qtname`) VALUES (2277,'å·´ä¼Šäº\š','å·´ä¼Šäº\š')
ERR: 1062:Duplicate entry '1575' for key 'PRIMARY'
 [ SQLè¯­å¥ ] : INSERT INTO `m_team` (`tid`,`tname`,`qtname`) VALUES (1575,'å…‹é²å¡ç½—','å…‹é²å¡ç½—')
ERR: 1062:Duplicate entry '3638' for key 'PRIMARY'
 [ SQLè¯­å¥ ] : INSERT INTO `m_team` (`tid`,`tname`,`qtname`) VALUES (3638,'å¾·å›½å¥³è¶³U20','å¾·å›½å¥³è¶³U20')
ERR: 1062:Duplicate entry '6186' for key 'PRIMARY'
 [ SQLè¯­å¥ ] : INSERT INTO `m_team` (`tid`,`tname`,`qtname`) VALUES (6186,'è´¹åŸè”åˆ','è´¹åŸè”åˆ')
ERR: 1062:Duplicate entry '499' for key 'PRIMARY'
 [ SQLè¯­å¥ ] : INSERT INTO `m_team` (`tid`,`tname`,`qtname`) VALUES (499,'åœ£ä½•å¡åœ°éœ\‡','åœ£ä½•å¡åœ°éœ\‡')
ERR: 1062:Duplicate entry '3608' for key 'PRIMARY'
 [ SQLè¯­å¥ ] : INSERT INTO `m_team` (`tid`,`tname`,`qtname`) VALUES (3608,'æˆˆå¤šä¼Šå…‹é²æ–¯','æˆˆå¤šä¼Šå…‹é²æ–¯')
ERR: 1062:Duplicate entry '864' for key 'PRIMARY'
 [ SQLè¯­å¥ ] : INSERT INTO `m_team` (`tid`,`tname`,`qtname`) VALUES (864,'æ²³åºŠ','æ²³åºŠ')
ERR: 1062:Duplicate entry '4126' for key 'PRIMARY'
 [ SQLè¯­å¥ ] : INSERT INTO `m_team` (`tid`,`tname`,`qtname`) VALUES (4126,'æœ­å¹Œå†ˆè¨å¤\š','æœ­å¹Œå†ˆè¨å¤\š')
ERR: 1062:Duplicate entry '3834' for key 'PRIMARY'
 [ SQLè¯­å¥ ] : INSERT INTO `m_team` (`tid`,`tname`,`qtname`) VALUES (3834,'æ¥æœ¨SC','æ¥æœ¨SC')
ERR: 1062:Duplicate entry '913' for key 'PRIMARY'
 [ SQLè¯­å¥ ] : INSERT INTO `m_team` (`tid`,`tname`,`qtname`) VALUES (913,'å¡å°”é©\¬','å¡å°”é©\¬')
ERR: 1062:Duplicate entry '2640' for key 'PRIMARY'
 [ SQLè¯­å¥ ] : INSERT INTO `m_team` (`tid`,`tname`,`qtname`) VALUES (2640,'è€¶å¤«å‹\’','è€¶å¤«å‹\’')
ERR: 1062:Duplicate entry '1355' for key 'PRIMARY'
 [ SQLè¯­å¥ ] : INSERT INTO `m_team` (`tid`,`tname`,`qtname`) VALUES (1355,'ä½åŠ é¡¿æ–¯','ä½åŠ é¡¿æ–¯')
ERR: 1062:Duplicate entry '695' for key 'PRIMARY'
 [ SQLè¯­å¥ ] : INSERT INTO `m_team` (`tid`,`tname`,`qtname`) VALUES (695,'æ³¢é¸¿','æ³¢é¸¿')
ERR: 1062:Duplicate entry '660' for key 'PRIMARY'
 [ SQLè¯­å¥ ] : INSERT INTO `m_team` (`tid`,`tname`,`qtname`) VALUES (660,'æŸæ—è”åˆ','æŸæ—è”åˆ')
ERR: 1062:Duplicate entry '1072' for key 'PRIMARY'
 [ SQLè¯­å¥ ] : INSERT INTO `m_team` (`tid`,`tname`,`qtname`) VALUES (1072,'æ›¼å½»æ–¯ç‰¹åŸ\','æ›¼å½»æ–¯ç‰¹åŸ\')
ERR: 1062:Duplicate entry '1011' for key 'PRIMARY'
 [ SQLè¯­å¥ ] : INSERT INTO `m_team` (`tid`,`tname`,`qtname`) VALUES (1011,'åˆ©ç‰©æµ\¦','åˆ©ç‰©æµ\¦')
ERR: 1062:Duplicate entry '1072' for key 'PRIMARY'
 [ SQLè¯­å¥ ] : INSERT INTO `m_team` (`tid`,`tname`,`qtname`) VALUES (1072,'æ›¼å½»æ–¯ç‰¹åŸ\','æ›¼å½»æ–¯ç‰¹åŸ\')
ERR: 1062:Duplicate entry '1011' for key 'PRIMARY'
 [ SQLè¯­å¥ ] : INSERT INTO `m_team` (`tid`,`tname`,`qtname`) VALUES (1011,'åˆ©ç‰©æµ\¦','åˆ©ç‰©æµ\¦')
ERR: 1062:Duplicate entry '719' for key 'PRIMARY'
 [ SQLè¯­å¥ ] : INSERT INTO `m_team` (`tid`,`tname`,`qtname`) VALUES (719,'å¸ƒæ‹‰åŠ\ ','å¸ƒæ‹‰åŠ\ ')
ERR: 1062:Duplicate entry '650' for key 'PRIMARY'
 [ SQLè¯­å¥ ] : INSERT INTO `m_team` (`tid`,`tname`,`qtname`) VALUES (650,'å·´åˆ—å¡è¯º','å·´åˆ—å¡è¯º')
ERR: 1062:Duplicate entry '1046' for key 'PRIMARY'
 [ SQLè¯­å¥ ] : INSERT INTO `m_team` (`tid`,`tname`,`qtname`) VALUES (1046,'é©¬å¾·é‡Œç«æŠ€','é©¬å¾·é‡Œç«æŠ€')

[ 2014-08-25T01:02:24+08:00 ] 127.0.0.1 /Home/Index/test.html
ERR: 1054:Unknown column '350' in 'field list'
 [ SQLè¯­å¥ ] : SELECT `350` FROM `m_team` WHERE ( `tid` = 211 ) LIMIT 1  

[ 2014-08-25T01:02:39+08:00 ] 127.0.0.1 /Home/Index/test.html
ERR: è¡¨è¾¾å¼é”™è¯¯:211

[ 2014-08-25T22:55:18+08:00 ] 127.0.0.1 /Home/Match/teamUpAll.html
ERR: 1062:Duplicate entry '913' for key 'PRIMARY'
 [ SQLè¯­å¥ ] : INSERT INTO `m_team` (`tid`,`tname`,`qtname`) VALUES (913,'å¡å°”é©\¬','å¡å°”é©\¬')
ERR: 1062:Duplicate entry '2640' for key 'PRIMARY'
 [ SQLè¯­å¥ ] : INSERT INTO `m_team` (`tid`,`tname`,`qtname`) VALUES (2640,'è€¶å¤«å‹\’','è€¶å¤«å‹\’')
ERR: 1062:Duplicate entry '1355' for key 'PRIMARY'
 [ SQLè¯­å¥ ] : INSERT INTO `m_team` (`tid`,`tname`,`qtname`) VALUES (1355,'ä½åŠ é¡¿æ–¯','ä½åŠ é¡¿æ–¯')
ERR: 1062:Duplicate entry '695' for key 'PRIMARY'
 [ SQLè¯­å¥ ] : INSERT INTO `m_team` (`tid`,`tname`,`qtname`) VALUES (695,'æ³¢é¸¿','æ³¢é¸¿')
ERR: 1062:Duplicate entry '660' for key 'PRIMARY'
 [ SQLè¯­å¥ ] : INSERT INTO `m_team` (`tid`,`tname`,`qtname`) VALUES (660,'æŸæ—è”åˆ','æŸæ—è”åˆ')
ERR: 1062:Duplicate entry '1072' for key 'PRIMARY'
 [ SQLè¯­å¥ ] : INSERT INTO `m_team` (`tid`,`tname`,`qtname`) VALUES (1072,'æ›¼å½»æ–¯ç‰¹åŸ\','æ›¼å½»æ–¯ç‰¹åŸ\')
ERR: 1062:Duplicate entry '1011' for key 'PRIMARY'
 [ SQLè¯­å¥ ] : INSERT INTO `m_team` (`tid`,`tname`,`qtname`) VALUES (1011,'åˆ©ç‰©æµ\¦','åˆ©ç‰©æµ\¦')
ERR: 1062:Duplicate entry '1072' for key 'PRIMARY'
 [ SQLè¯­å¥ ] : INSERT INTO `m_team` (`tid`,`tname`,`qtname`) VALUES (1072,'æ›¼å½»æ–¯ç‰¹åŸ\','æ›¼å½»æ–¯ç‰¹åŸ\')
ERR: 1062:Duplicate entry '1011' for key 'PRIMARY'
 [ SQLè¯­å¥ ] : INSERT INTO `m_team` (`tid`,`tname`,`qtname`) VALUES (1011,'åˆ©ç‰©æµ\¦','åˆ©ç‰©æµ\¦')
ERR: 1062:Duplicate entry '719' for key 'PRIMARY'
 [ SQLè¯­å¥ ] : INSERT INTO `m_team` (`tid`,`tname`,`qtname`) VALUES (719,'å¸ƒæ‹‰åŠ\ ','å¸ƒæ‹‰åŠ\ ')
ERR: 1062:Duplicate entry '650' for key 'PRIMARY'
 [ SQLè¯­å¥ ] : INSERT INTO `m_team` (`tid`,`tname`,`qtname`) VALUES (650,'å·´åˆ—å¡è¯º','å·´åˆ—å¡è¯º')
ERR: 1062:Duplicate entry '1046' for key 'PRIMARY'
 [ SQLè¯­å¥ ] : INSERT INTO `m_team` (`tid`,`tname`,`qtname`) VALUES (1046,'é©¬å¾·é‡Œç«æŠ€','é©¬å¾·é‡Œç«æŠ€')
ERR: 1062:Duplicate entry '691' for key 'PRIMARY'
 [ SQLè¯­å¥ ] : INSERT INTO `m_team` (`tid`,`tname`,`qtname`) VALUES (691,'æ ‡å‡†åˆ—æ—¥','æ ‡å‡†åˆ—æ—¥')
ERR: 1062:Duplicate entry '1146' for key 'PRIMARY'
 [ SQLè¯­å¥ ] : INSERT INTO `m_team` (`tid`,`tname`,`qtname`) VALUES (1146,'æ¬§å¡å°\”','æ¬§å¡å°\”')
ERR: 1062:Duplicate entry '1130' for key 'PRIMARY'
 [ SQLè¯­å¥ ] : INSERT INTO `m_team` (`tid`,`tname`,`qtname`) VALUES (1130,'å—é”¡','å—é”¡')
ERR: 1062:Duplicate entry '560' for key 'PRIMARY'
 [ SQLè¯­å¥ ] : INSERT INTO `m_team` (`tid`,`tname`,`qtname`) VALUES (560,'é˜¿é›…å…‹è‚–','é˜¿é›…å…‹è‚–')
ERR: 1062:Duplicate entry '485' for key 'PRIMARY'
 [ SQLè¯­å¥ ] : INSERT INTO `m_team` (`tid`,`tname`,`qtname`) VALUES (485,'æ²™æ‰˜é²\','æ²™æ‰˜é²\')
ERR: 1062:Duplicate entry '944' for key 'PRIMARY'
 [ SQLè¯­å¥ ] : INSERT INTO `m_team` (`tid`,`tname`,`qtname`) VALUES (944,'å…‹è±è’\™','å…‹è±è’\™')
ERR: 1062:Duplicate entry '4596' for key 'PRIMARY'
 [ SQLè¯­å¥ ] : INSERT INTO `m_team` (`tid`,`tname`,`qtname`) VALUES (4596,'é˜¿å°”å‹\’','é˜¿å°”å‹\’')
ERR: 1062:Duplicate entry '966' for key 'PRIMARY'
 [ SQLè¯­å¥ ] : INSERT INTO `m_team` (`tid`,`tname`,`qtname`) VALUES (966,'æ‹‰ç“¦å‹\’','æ‹‰ç“¦å‹\’')
ERR: 1062:Duplicate entry '774' for key 'PRIMARY'
 [ SQLè¯­å¥ ] : INSERT INTO `m_team` (`tid`,`tname`,`qtname`) VALUES (774,'ç¬¬æˆ','ç¬¬æˆ')
ERR: 1062:Duplicate entry '604' for key 'PRIMARY'
 [ SQLè¯­å¥ ] : INSERT INTO `m_team` (`tid`,`tname`,`qtname`) VALUES (604,'å¥¥å°”å \¡','å¥¥å°”å \¡')
ERR: 1062:Duplicate entry '998' for key 'PRIMARY'
 [ SQLè¯­å¥ ] : INSERT INTO `m_team` (`tid`,`tname`,`qtname`) VALUES (998,'é‡Œå°”','é‡Œå°”')
ERR: 1062:Duplicate entry '700' for key 'PRIMARY'
 [ SQLè¯­å¥ ] : INSERT INTO `m_team` (`tid`,`tname`,`qtname`) VALUES (700,'ä¼¯æ©åˆ\©','ä¼¯æ©åˆ\©')
ERR: 1062:Duplicate entry '704' for key 'PRIMARY'
 [ SQLè¯­å¥ ] : INSERT INTO `m_team` (`tid`,`tname`,`qtname`) VALUES (704,'åšå°”é¡\¿','åšå°”é¡\¿')
ERR: 1062:Duplicate entry '760' for key 'PRIMARY'
 [ SQLè¯­å¥ ] : INSERT INTO `m_team` (`tid`,`tname`,`qtname`) VALUES (760,'å¾·æ¯”éƒ\¡','å¾·æ¯”éƒ\¡')
ERR: 1062:Duplicate entry '740' for key 'PRIMARY'
 [ SQLè¯­å¥ ] : INSERT INTO `m_team` (`tid`,`tname`,`qtname`) VALUES (740,'æŸ¥å°”é¡\¿','æŸ¥å°”é¡\¿')
ERR: 1062:Duplicate entry '1142' for key 'PRIMARY'
 [ SQLè¯­å¥ ] : INSERT INTO `m_team` (`tid`,`tname`,`qtname`) VALUES (1142,'è¯ºä¸æ±‰æ£®æ\—','è¯ºä¸æ±‰æ£®æ\—')
ERR: 1062:Duplicate entry '973' for key 'PRIMARY'
 [ SQLè¯­å¥ ] : INSERT INTO `m_team` (`tid`,`tname`,`qtname`) VALUES (973,'è±åˆ‡æ–¯ç‰¹åŸ\','è±åˆ‡æ–¯ç‰¹åŸ\')
ERR: 1062:Duplicate entry '1095' for key 'PRIMARY'
 [ SQLè¯­å¥ ] : INSERT INTO `m_team` (`tid`,`tname`,`qtname`) VALUES (1095,'ç±³å¾·å°”æ–¯å \¡','ç±³å¾·å°”æ–¯å \¡')
ERR: 1062:Duplicate entry '1097' for key 'PRIMARY'
 [ SQLè¯­å¥ ] : INSERT INTO `m_team` (`tid`,`tname`,`qtname`) VALUES (1097,'ç±³å°”æ²ƒå°”','ç±³å°”æ²ƒå°”')
ERR: 1062:Duplicate entry '1128' for key 'PRIMARY'
 [ SQLè¯­å¥ ] : INSERT INTO `m_team` (`tid`,`tname`,`qtname`) VALUES (1128,'å—å®‰æ™®æ•¦','å—å®‰æ™®æ•¦')
ERR: 1062:Duplicate entry '1144' for key 'PRIMARY'
 [ SQLè¯­å¥ ] : INSERT INTO `m_team` (`tid`,`tname`,`qtname`) VALUES (1144,'è¯ºç»´å¥\‡','è¯ºç»´å¥\‡')
ERR: 1062:Duplicate entry '1956' for key 'PRIMARY'
 [ SQLè¯­å¥ ] : INSERT INTO `m_team` (`tid`,`tname`,`qtname`) VALUES (1956,'å…‹åŠ³åˆ\©','å…‹åŠ³åˆ\©')
ERR: 1062:Duplicate entry '1257' for key 'PRIMARY'
 [ SQLè¯­å¥ ] : INSERT INTO `m_team` (`tid`,`tname`,`qtname`) VALUES (1257,'ç»´å°”æ¸\¯','ç»´å°”æ¸\¯')
ERR: 1062:Duplicate entry '989' for key 'PRIMARY'
 [ SQLè¯­å¥ ] : INSERT INTO `m_team` (`tid`,`tname`,`qtname`) VALUES (989,'é›·ä¸','é›·ä¸')
ERR: 1062:Duplicate entry '511' for key 'PRIMARY'
 [ SQLè¯­å¥ ] : INSERT INTO `m_team` (`tid`,`tname`,`qtname`) VALUES (511,'æ–¯æ—ºè¥\¿','æ–¯æ—ºè¥\¿')
ERR: 1062:Duplicate entry '510' for key 'PRIMARY'
 [ SQLè¯­å¥ ] : INSERT INTO `m_team` (`tid`,`tname`,`qtname`) VALUES (510,'æ–¯æ–‡ç™\»','æ–¯æ–‡ç™\»')
ERR: 1062:Duplicate entry '516' for key 'PRIMARY'
 [ SQLè¯­å¥ ] : INSERT INTO `m_team` (`tid`,`tname`,`qtname`) VALUES (516,'æ°´æ™¶å®\«','æ°´æ™¶å®\«')
ERR: 1062:Duplicate entry '1274' for key 'PRIMARY'
 [ SQLè¯­å¥ ] : INSERT INTO `m_team` (`tid`,`tname`,`qtname`) VALUES (1274,'æ²ƒç‰¹ç¦å¾·','æ²ƒç‰¹ç¦å¾·')
ERR: 1062:Duplicate entry '1286' for key 'PRIMARY'
 [ SQLè¯­å¥ ] : INSERT INTO `m_team` (`tid`,`tname`,`qtname`) VALUES (1286,'è¥¿æ±‰å§†è”','è¥¿æ±‰å§†è”')
ERR: 1062:Duplicate entry '1075' for key 'PRIMARY'
 [ SQLè¯­å¥ ] : INSERT INTO `m_team` (`tid`,`tname`,`qtname`) VALUES (1075,'æ›¼å½»æ–¯ç‰¹è\”','æ›¼å½»æ–¯ç‰¹è\”')
ERR: 1062:Duplicate entry '2023' for key 'PRIMARY'
 [ SQLè¯­å¥ ] : INSERT INTO `m_team` (`tid`,`tname`,`qtname`) VALUES (2023,'ç±³å°”é¡¿å‡¯æ©æ–¯','ç±³å°”é¡¿å‡¯æ©æ–¯')
ERR: 1062:Duplicate entry '1075' for key 'PRIMARY'
 [ SQLè¯­å¥ ] : INSERT INTO `m_team` (`tid`,`tname`,`qtname`) VALUES (1075,'æ›¼å½»æ–¯ç‰¹è\”','æ›¼å½»æ–¯ç‰¹è\”')
ERR: 1062:Duplicate entry '4127' for key 'PRIMARY'
 [ SQLè¯­å¥ ] : INSERT INTO `m_team` (`tid`,`tname`,`qtname`) VALUES (4127,'æ°´æˆ·èœ€è‘\µ','æ°´æˆ·èœ€è‘\µ')
ERR: 1062:Duplicate entry '688' for key 'PRIMARY'
 [ SQLè¯­å¥ ] : INSERT INTO `m_team` (`tid`,`tname`,`qtname`) VALUES (688,'è´è¥¿å…‹å¡”æ–\¯','è´è¥¿å…‹å¡”æ–\¯')
ERR: 1062:Duplicate entry '690' for key 'PRIMARY'
 [ SQLè¯­å¥ ] : INSERT INTO `m_team` (`tid`,`tname`,`qtname`) VALUES (690,'æ¯•å°”å·´é„‚ç«æŠ€','æ¯•å°”å·´é„‚ç«æŠ€')
ERR: 1062:Duplicate entry '1125' for key 'PRIMARY'
 [ SQLè¯­å¥ ] : INSERT INTO `m_team` (`tid`,`tname`,`qtname`) VALUES (1125,'é‚£ä¸å‹’æ–¯','é‚£ä¸å‹’æ–¯')
ERR: 1062:Duplicate entry '986' for key 'PRIMARY'
 [ SQLè¯­å¥ ] : INSERT INTO `m_team` (`tid`,`tname`,`qtname`) VALUES (986,'å‹’æ²ƒåº“æ£®','å‹’æ²ƒåº“æ£®')
ERR: 1062:Duplicate entry '819' for key 'PRIMARY'
 [ SQLè¯­å¥ ] : INSERT INTO `m_team` (`tid`,`tname`,`qtname`) VALUES (819,'å“¥æœ¬å“ˆæ ¹','å“¥æœ¬å“ˆæ ¹')
ERR: 1062:Duplicate entry '555' for key 'PRIMARY'
 [ SQLè¯­å¥ ] : INSERT INTO `m_team` (`tid`,`tname`,`qtname`) VALUES (555,'é˜¿æ–¯é¡¿ç»´æ‹\‰','é˜¿æ–¯é¡¿ç»´æ‹\‰')
ERR: 1062:Duplicate entry '1626' for key 'PRIMARY'
 [ SQLè¯­å¥ ] : INSERT INTO `m_team` (`tid`,`tname`,`qtname`) VALUES (1626,'è±é¡¿ä¸œæ–¹','è±é¡¿ä¸œæ–¹')
ERR: 1062:Duplicate entry '466' for key 'PRIMARY'
 [ SQLè¯­å¥ ] : INSERT INTO `m_team` (`tid`,`tname`,`qtname`) VALUES (466,'æ¡‘å¾·å…\°','æ¡‘å¾·å…\°')
ERR: 1062:Duplicate entry '466' for key 'PRIMARY'
 [ SQLè¯­å¥ ] : INSERT INTO `m_team` (`tid`,`tname`,`qtname`) VALUES (466,'æ¡‘å¾·å…\°','æ¡‘å¾·å…\°')
ERR: 1062:Duplicate entry '954' for key 'PRIMARY'
 [ SQLè¯­å¥ ] : INSERT INTO `m_team` (`tid`,`tname`,`qtname`) VALUES (954,'å¥³ç‹å…¬å›­å·¡æ¸¸è€\…','å¥³ç‹å…¬å›­å·¡æ¸¸è€\…')
ERR: 1062:Duplicate entry '1197' for key 'PRIMARY'
 [ SQLè¯­å¥ ] : INSERT INTO `m_team` (`tid`,`tname`,`qtname`) VALUES (1197,'æ–¯æ‰˜å…‹åŸ','æ–¯æ‰˜å…‹åŸ')
ERR: 1062:Duplicate entry '1183' for key 'PRIMARY'
 [ SQLè¯­å¥ ] : INSERT INTO `m_team` (`tid`,`tname`,`qtname`) VALUES (1183,'æ‹‰æ–æ‹‰ç«æŠ€','æ‹‰æ–æ‹‰ç«æŠ€')
ERR: 1062:Duplicate entry '3608' for key 'PRIMARY'
 [ SQLè¯­å¥ ] : INSERT INTO `m_team` (`tid`,`tname`,`qtname`) VALUES (3608,'æˆˆå¤šä¼Šå…‹é²æ–¯','æˆˆå¤šä¼Šå…‹é²æ–¯')
ERR: 1062:Duplicate entry '864' for key 'PRIMARY'
 [ SQLè¯­å¥ ] : INSERT INTO `m_team` (`tid`,`tname`,`qtname`) VALUES (864,'æ²³åºŠ','æ²³åºŠ')
ERR: 1062:Duplicate entry '569' for key 'PRIMARY'
 [ SQLè¯­å¥ ] : INSERT INTO `m_team` (`tid`,`tname`,`qtname`) VALUES (569,'æ‹‰æ™®æ‹‰å¡”å¤§å­¦ç”\Ÿ','æ‹‰æ™®æ‹‰å¡”å¤§å­¦ç”\Ÿ')
ERR: 1062:Duplicate entry '705' for key 'PRIMARY'
 [ SQLè¯­å¥ ] : INSERT INTO `m_team` (`tid`,`tname`,`qtname`) VALUES (705,'åšå¡é’å¹´','åšå¡é’å¹´')

[ 2014-08-25T23:13:18+08:00 ] 127.0.0.1 /
ERR: 1054:Unknown column 'p.s' in 'field list'
 [ SQLè¯­å¥ ] : SELECT m.id,m.matchtime,m.simpleleague,m.homename,m.awayname,p.rq,p.s,p.f,p.wl,p.hg,p.uptime FROM m_pl p LEFT JOIN m_match m ON p.id = m.id  WHERE ( p.ismatch=1 and p.isend=0 ) 

