[ 2014-07-17T21:59:31+08:00 ] 127.0.0.1 /
INFO: [ app_begin ] --START--
INFO: Run Behavior\ReadHtmlCache [ RunTime:0.028937s ]
INFO: [ app_begin ] --END-- [ RunTime:0.053113s ]
NOTIC: [2] file_get_contents() [<a href='function.file-get-contents'>function.file-get-contents</a>]: php_network_getaddresses: getaddrinfo failed: ²»ÖªµÀÕâÑùµÄÖ÷»ú¡£  D:\phpserver\match.boss.com\Web\Libs\Trade\Jcpublic.class.php ç¬¬ 17 è¡Œ.
NOTIC: [2] file_get_contents(http://trade.500.com/static/public/jczq/xml/match/match.xml) [<a href='function.file-get-contents'>function.file-get-contents</a>]: failed to open stream: php_network_getaddresses: getaddrinfo failed: ²»ÖªµÀÕâÑùµÄÖ÷»ú¡£  D:\phpserver\match.boss.com\Web\Libs\Trade\Jcpublic.class.php ç¬¬ 17 è¡Œ.
INFO: [ view_parse ] --START--
INFO: [ template_filter ] --START--
INFO: Run Behavior\ContentReplace [ RunTime:0.000095s ]
INFO: [ template_filter ] --END-- [ RunTime:0.000204s ]
NOTIC: [8] Undefined variable: data D:\phpserver\match.boss.com\Web\Runtime\Cache\Home\bc0144a4fd1292e6da37880e61825715.php ç¬¬ 104 è¡Œ.
INFO: Run Behavior\ParseTemplate [ RunTime:0.170226s ]
INFO: [ view_parse ] --END-- [ RunTime:0.170349s ]
INFO: [ view_filter ] --START--
INFO: Run Behavior\WriteHtmlCache [ RunTime:0.021351s ]
INFO: [ view_filter ] --END-- [ RunTime:0.021460s ]
INFO: [ app_end ] --START--
INFO: Run Behavior\ShowPageTrace [ RunTime:0.020567s ]
INFO: [ app_end ] --END-- [ RunTime:0.020686s ]

[ 2014-07-17T22:04:55+08:00 ] 127.0.0.1 /
INFO: [ app_begin ] --START--
INFO: Run Behavior\ReadHtmlCache [ RunTime:0.000764s ]
INFO: [ app_begin ] --END-- [ RunTime:0.001337s ]
INFO: [ view_parse ] --START--
INFO: [ template_filter ] --START--
INFO: Run Behavior\ContentReplace [ RunTime:0.000076s ]
INFO: [ template_filter ] --END-- [ RunTime:0.000218s ]
INFO: Run Behavior\ParseTemplate [ RunTime:0.008559s ]
INFO: [ view_parse ] --END-- [ RunTime:0.008660s ]
INFO: [ view_filter ] --START--
INFO: Run Behavior\WriteHtmlCache [ RunTime:0.000342s ]
INFO: [ view_filter ] --END-- [ RunTime:0.000412s ]
INFO: [ app_end ] --START--
INFO: Run Behavior\ShowPageTrace [ RunTime:0.000695s ]
INFO: [ app_end ] --END-- [ RunTime:0.000777s ]

[ 2014-07-17T22:09:04+08:00 ] 127.0.0.1 /
INFO: [ app_begin ] --START--
INFO: Run Behavior\ReadHtmlCache [ RunTime:0.000943s ]
INFO: [ app_begin ] --END-- [ RunTime:0.001739s ]
NOTIC: [2] file_get_contents() [<a href='function.file-get-contents'>function.file-get-contents</a>]: php_network_getaddresses: getaddrinfo failed: ²»ÖªµÀÕâÑùµÄÖ÷»ú¡£  D:\phpserver\match.boss.com\Web\Libs\Trade\Jcpublic.class.php ç¬¬ 17 è¡Œ.
NOTIC: [2] file_get_contents(http://trade.500.com/static/public/jczq/xml/match/match.xml) [<a href='function.file-get-contents'>function.file-get-contents</a>]: failed to open stream: php_network_getaddresses: getaddrinfo failed: ²»ÖªµÀÕâÑùµÄÖ÷»ú¡£  D:\phpserver\match.boss.com\Web\Libs\Trade\Jcpublic.class.php ç¬¬ 17 è¡Œ.
INFO: [ view_parse ] --START--
INFO: [ template_filter ] --START--
INFO: Run Behavior\ContentReplace [ RunTime:0.000082s ]
INFO: [ template_filter ] --END-- [ RunTime:0.000184s ]
NOTIC: [8] Undefined variable: data D:\phpserver\match.boss.com\Web\Runtime\Cache\Home\bc0144a4fd1292e6da37880e61825715.php ç¬¬ 65 è¡Œ.
INFO: Run Behavior\ParseTemplate [ RunTime:0.011200s ]
INFO: [ view_parse ] --END-- [ RunTime:0.011285s ]
INFO: [ view_filter ] --START--
INFO: Run Behavior\WriteHtmlCache [ RunTime:0.000450s ]
INFO: [ view_filter ] --END-- [ RunTime:0.000519s ]
INFO: [ app_end ] --START--
INFO: Run Behavior\ShowPageTrace [ RunTime:0.000685s ]
INFO: [ app_end ] --END-- [ RunTime:0.000757s ]

[ 2014-07-17T22:10:11+08:00 ] 127.0.0.1 /
INFO: [ app_begin ] --START--
INFO: Run Behavior\ReadHtmlCache [ RunTime:0.000771s ]
INFO: [ app_begin ] --END-- [ RunTime:0.001379s ]
INFO: [ view_parse ] --START--
INFO: [ template_filter ] --START--
INFO: Run Behavior\ContentReplace [ RunTime:0.000084s ]
INFO: [ template_filter ] --END-- [ RunTime:0.000192s ]
NOTIC: [8] Undefined variable: data D:\phpserver\match.boss.com\Web\Runtime\Cache\Home\bc0144a4fd1292e6da37880e61825715.php ç¬¬ 65 è¡Œ.
INFO: Run Behavior\ParseTemplate [ RunTime:0.012210s ]
INFO: [ view_parse ] --END-- [ RunTime:0.012398s ]
INFO: [ view_filter ] --START--
INFO: Run Behavior\WriteHtmlCache [ RunTime:0.000535s ]
INFO: [ view_filter ] --END-- [ RunTime:0.000616s ]
INFO: [ app_end ] --START--
INFO: Run Behavior\ShowPageTrace [ RunTime:0.003533s ]
INFO: [ app_end ] --END-- [ RunTime:0.003670s ]

[ 2014-07-17T22:13:53+08:00 ] 127.0.0.1 /
INFO: [ app_begin ] --START--
INFO: Run Behavior\ReadHtmlCache [ RunTime:0.000862s ]
INFO: [ app_begin ] --END-- [ RunTime:0.001536s ]
NOTIC: [2] file_get_contents() [<a href='function.file-get-contents'>function.file-get-contents</a>]: php_network_getaddresses: getaddrinfo failed: ²»ÖªµÀÕâÑùµÄÖ÷»ú¡£  D:\phpserver\match.boss.com\Web\Libs\Trade\Jcpublic.class.php ç¬¬ 17 è¡Œ.
NOTIC: [2] file_get_contents(http://trade.500.com/static/public/jczq/xml/match/match.xml) [<a href='function.file-get-contents'>function.file-get-contents</a>]: failed to open stream: php_network_getaddresses: getaddrinfo failed: ²»ÖªµÀÕâÑùµÄÖ÷»ú¡£  D:\phpserver\match.boss.com\Web\Libs\Trade\Jcpublic.class.php ç¬¬ 17 è¡Œ.
INFO: [ view_parse ] --START--
INFO: [ template_filter ] --START--
INFO: Run Behavior\ContentReplace [ RunTime:0.000078s ]
INFO: [ template_filter ] --END-- [ RunTime:0.000166s ]
NOTIC: [8] Undefined variable: data D:\phpserver\match.boss.com\Web\Runtime\Cache\Home\bc0144a4fd1292e6da37880e61825715.php ç¬¬ 65 è¡Œ.
INFO: Run Behavior\ParseTemplate [ RunTime:0.011109s ]
INFO: [ view_parse ] --END-- [ RunTime:0.011202s ]
INFO: [ view_filter ] --START--
INFO: Run Behavior\WriteHtmlCache [ RunTime:0.000558s ]
INFO: [ view_filter ] --END-- [ RunTime:0.000630s ]
INFO: [ app_end ] --START--
INFO: Run Behavior\ShowPageTrace [ RunTime:0.000787s ]
INFO: [ app_end ] --END-- [ RunTime:0.000864s ]

[ 2014-07-17T22:14:04+08:00 ] 127.0.0.1 /
INFO: [ app_begin ] --START--
INFO: Run Behavior\ReadHtmlCache [ RunTime:0.000924s ]
INFO: [ app_begin ] --END-- [ RunTime:0.001411s ]
INFO: [ view_parse ] --START--
INFO: [ template_filter ] --START--
INFO: Run Behavior\ContentReplace [ RunTime:0.000082s ]
INFO: [ template_filter ] --END-- [ RunTime:0.000187s ]
NOTIC: [8] Undefined variable: data D:\phpserver\match.boss.com\Web\Runtime\Cache\Home\bc0144a4fd1292e6da37880e61825715.php ç¬¬ 65 è¡Œ.
INFO: Run Behavior\ParseTemplate [ RunTime:0.011187s ]
INFO: [ view_parse ] --END-- [ RunTime:0.011291s ]
INFO: [ view_filter ] --START--
INFO: Run Behavior\WriteHtmlCache [ RunTime:0.000389s ]
INFO: [ view_filter ] --END-- [ RunTime:0.000460s ]
NOTIC: [2] Cannot modify header information - headers already sent by (output started at D:\phpserver\match.boss.com\Web\Home\Controller\IndexController.class.php:11) D:\phpserver\match.boss.com\Resource\ThinkPHP\Library\Think\View.class.php ç¬¬ 82 è¡Œ.
NOTIC: [2] Cannot modify header information - headers already sent by (output started at D:\phpserver\match.boss.com\Web\Home\Controller\IndexController.class.php:11) D:\phpserver\match.boss.com\Resource\ThinkPHP\Library\Think\View.class.php ç¬¬ 83 è¡Œ.
NOTIC: [2] Cannot modify header information - headers already sent by (output started at D:\phpserver\match.boss.com\Web\Home\Controller\IndexController.class.php:11) D:\phpserver\match.boss.com\Resource\ThinkPHP\Library\Think\View.class.php ç¬¬ 84 è¡Œ.
INFO: [ app_end ] --START--
INFO: Run Behavior\ShowPageTrace [ RunTime:0.000838s ]
INFO: [ app_end ] --END-- [ RunTime:0.000952s ]

[ 2014-07-17T22:15:05+08:00 ] 127.0.0.1 /
INFO: [ app_begin ] --START--
INFO: Run Behavior\ReadHtmlCache [ RunTime:0.000570s ]
INFO: [ app_begin ] --END-- [ RunTime:0.002061s ]
NOTIC: [2] file_get_contents() [<a href='function.file-get-contents'>function.file-get-contents</a>]: php_network_getaddresses: getaddrinfo failed: ²»ÖªµÀÕâÑùµÄÖ÷»ú¡£  D:\phpserver\match.boss.com\Web\Libs\Trade\Jcpublic.class.php ç¬¬ 17 è¡Œ.
NOTIC: [2] file_get_contents(http://trade.500.com/static/public/jczq/xml/match/match.xml) [<a href='function.file-get-contents'>function.file-get-contents</a>]: failed to open stream: php_network_getaddresses: getaddrinfo failed: ²»ÖªµÀÕâÑùµÄÖ÷»ú¡£  D:\phpserver\match.boss.com\Web\Libs\Trade\Jcpublic.class.php ç¬¬ 17 è¡Œ.
INFO: [ view_parse ] --START--
INFO: [ template_filter ] --START--
INFO: Run Behavior\ContentReplace [ RunTime:0.000083s ]
INFO: [ template_filter ] --END-- [ RunTime:0.000205s ]
NOTIC: [8] Undefined variable: data D:\phpserver\match.boss.com\Web\Runtime\Cache\Home\bc0144a4fd1292e6da37880e61825715.php ç¬¬ 65 è¡Œ.
INFO: Run Behavior\ParseTemplate [ RunTime:0.012009s ]
INFO: [ view_parse ] --END-- [ RunTime:0.012119s ]
INFO: [ view_filter ] --START--
INFO: Run Behavior\WriteHtmlCache [ RunTime:0.000410s ]
INFO: [ view_filter ] --END-- [ RunTime:0.000482s ]
INFO: [ app_end ] --START--
INFO: Run Behavior\ShowPageTrace [ RunTime:0.000845s ]
INFO: [ app_end ] --END-- [ RunTime:0.000937s ]

[ 2014-07-17T22:15:11+08:00 ] 127.0.0.1 /
INFO: [ app_begin ] --START--
INFO: Run Behavior\ReadHtmlCache [ RunTime:0.000631s ]
INFO: [ app_begin ] --END-- [ RunTime:0.001096s ]
INFO: [ view_parse ] --START--
INFO: [ template_filter ] --START--
INFO: Run Behavior\ContentReplace [ RunTime:0.000159s ]
INFO: [ template_filter ] --END-- [ RunTime:0.000320s ]
NOTIC: [8] Undefined variable: data D:\phpserver\match.boss.com\Web\Runtime\Cache\Home\bc0144a4fd1292e6da37880e61825715.php ç¬¬ 65 è¡Œ.
INFO: Run Behavior\ParseTemplate [ RunTime:0.012420s ]
INFO: [ view_parse ] --END-- [ RunTime:0.012557s ]
INFO: [ view_filter ] --START--
INFO: Run Behavior\WriteHtmlCache [ RunTime:0.000645s ]
INFO: [ view_filter ] --END-- [ RunTime:0.000768s ]
NOTIC: [2] Cannot modify header information - headers already sent by (output started at D:\phpserver\match.boss.com\Web\Home\Controller\IndexController.class.php:11) D:\phpserver\match.boss.com\Resource\ThinkPHP\Library\Think\View.class.php ç¬¬ 82 è¡Œ.
NOTIC: [2] Cannot modify header information - headers already sent by (output started at D:\phpserver\match.boss.com\Web\Home\Controller\IndexController.class.php:11) D:\phpserver\match.boss.com\Resource\ThinkPHP\Library\Think\View.class.php ç¬¬ 83 è¡Œ.
NOTIC: [2] Cannot modify header information - headers already sent by (output started at D:\phpserver\match.boss.com\Web\Home\Controller\IndexController.class.php:11) D:\phpserver\match.boss.com\Resource\ThinkPHP\Library\Think\View.class.php ç¬¬ 84 è¡Œ.
INFO: [ app_end ] --START--
INFO: Run Behavior\ShowPageTrace [ RunTime:0.001061s ]
INFO: [ app_end ] --END-- [ RunTime:0.001219s ]

[ 2014-07-17T22:15:36+08:00 ] 127.0.0.1 /
INFO: [ app_begin ] --START--
INFO: Run Behavior\ReadHtmlCache [ RunTime:0.000984s ]
INFO: [ app_begin ] --END-- [ RunTime:0.001547s ]
NOTIC: [8] iconv() [<a href='function.iconv'>function.iconv</a>]: Detected an incomplete multibyte character in input string D:\phpserver\match.boss.com\Web\Libs\Trade\Jcpublic.class.php ç¬¬ 31 è¡Œ.
NOTIC: [8] iconv() [<a href='function.iconv'>function.iconv</a>]: Detected an incomplete multibyte character in input string D:\phpserver\match.boss.com\Web\Libs\Trade\Jcpublic.class.php ç¬¬ 31 è¡Œ.
INFO: [ view_parse ] --START--
INFO: [ template_filter ] --START--
INFO: Run Behavior\ContentReplace [ RunTime:0.000085s ]
INFO: [ template_filter ] --END-- [ RunTime:0.000187s ]
NOTIC: [8] Undefined variable: data D:\phpserver\match.boss.com\Web\Runtime\Cache\Home\bc0144a4fd1292e6da37880e61825715.php ç¬¬ 65 è¡Œ.
INFO: Run Behavior\ParseTemplate [ RunTime:0.017109s ]
INFO: [ view_parse ] --END-- [ RunTime:0.017288s ]
INFO: [ view_filter ] --START--
INFO: Run Behavior\WriteHtmlCache [ RunTime:0.000477s ]
INFO: [ view_filter ] --END-- [ RunTime:0.000575s ]
NOTIC: [2] Cannot modify header information - headers already sent by (output started at D:\phpserver\match.boss.com\Web\Home\Controller\IndexController.class.php:11) D:\phpserver\match.boss.com\Resource\ThinkPHP\Library\Think\View.class.php ç¬¬ 82 è¡Œ.
NOTIC: [2] Cannot modify header information - headers already sent by (output started at D:\phpserver\match.boss.com\Web\Home\Controller\IndexController.class.php:11) D:\phpserver\match.boss.com\Resource\ThinkPHP\Library\Think\View.class.php ç¬¬ 83 è¡Œ.
NOTIC: [2] Cannot modify header information - headers already sent by (output started at D:\phpserver\match.boss.com\Web\Home\Controller\IndexController.class.php:11) D:\phpserver\match.boss.com\Resource\ThinkPHP\Library\Think\View.class.php ç¬¬ 84 è¡Œ.
INFO: [ app_end ] --START--
INFO: Run Behavior\ShowPageTrace [ RunTime:0.000870s ]
INFO: [ app_end ] --END-- [ RunTime:0.000966s ]

[ 2014-07-17T22:16:10+08:00 ] 127.0.0.1 /
INFO: [ app_begin ] --START--
INFO: Run Behavior\ReadHtmlCache [ RunTime:0.000633s ]
INFO: [ app_begin ] --END-- [ RunTime:0.001122s ]
NOTIC: [2] file_get_contents() [<a href='function.file-get-contents'>function.file-get-contents</a>]: php_network_getaddresses: getaddrinfo failed: ²»ÖªµÀÕâÑùµÄÖ÷»ú¡£  D:\phpserver\match.boss.com\Web\Libs\Trade\Jcpublic.class.php ç¬¬ 17 è¡Œ.
NOTIC: [2] file_get_contents(http://trade.500.com/static/public/jczq/xml/match/match.xml) [<a href='function.file-get-contents'>function.file-get-contents</a>]: failed to open stream: php_network_getaddresses: getaddrinfo failed: ²»ÖªµÀÕâÑùµÄÖ÷»ú¡£  D:\phpserver\match.boss.com\Web\Libs\Trade\Jcpublic.class.php ç¬¬ 17 è¡Œ.
INFO: [ view_parse ] --START--
INFO: [ template_filter ] --START--
INFO: Run Behavior\ContentReplace [ RunTime:0.000082s ]
INFO: [ template_filter ] --END-- [ RunTime:0.000179s ]
NOTIC: [8] Undefined variable: data D:\phpserver\match.boss.com\Web\Runtime\Cache\Home\bc0144a4fd1292e6da37880e61825715.php ç¬¬ 65 è¡Œ.
INFO: Run Behavior\ParseTemplate [ RunTime:0.011257s ]
INFO: [ view_parse ] --END-- [ RunTime:0.011343s ]
INFO: [ view_filter ] --START--
INFO: Run Behavior\WriteHtmlCache [ RunTime:0.000632s ]
INFO: [ view_filter ] --END-- [ RunTime:0.000704s ]
INFO: [ app_end ] --START--
INFO: Run Behavior\ShowPageTrace [ RunTime:0.000737s ]
INFO: [ app_end ] --END-- [ RunTime:0.000828s ]

[ 2014-07-17T22:16:58+08:00 ] 127.0.0.1 /
INFO: [ app_begin ] --START--
INFO: Run Behavior\ReadHtmlCache [ RunTime:0.000816s ]
INFO: [ app_begin ] --END-- [ RunTime:0.001351s ]
NOTIC: [2] file_get_contents() [<a href='function.file-get-contents'>function.file-get-contents</a>]: php_network_getaddresses: getaddrinfo failed: ²»ÖªµÀÕâÑùµÄÖ÷»ú¡£  D:\phpserver\match.boss.com\Web\Libs\Trade\Jcpublic.class.php ç¬¬ 17 è¡Œ.
NOTIC: [2] file_get_contents(http://trade.500.com/static/public/jczq/xml/match/match.xml) [<a href='function.file-get-contents'>function.file-get-contents</a>]: failed to open stream: php_network_getaddresses: getaddrinfo failed: ²»ÖªµÀÕâÑùµÄÖ÷»ú¡£  D:\phpserver\match.boss.com\Web\Libs\Trade\Jcpublic.class.php ç¬¬ 17 è¡Œ.

[ 2014-07-17T22:17:01+08:00 ] 127.0.0.1 /
INFO: [ app_begin ] --START--
INFO: Run Behavior\ReadHtmlCache [ RunTime:0.000744s ]
INFO: [ app_begin ] --END-- [ RunTime:0.001300s ]
NOTIC: [8] iconv() [<a href='function.iconv'>function.iconv</a>]: Detected an incomplete multibyte character in input string D:\phpserver\match.boss.com\Web\Libs\Trade\Jcpublic.class.php ç¬¬ 31 è¡Œ.
NOTIC: [8] iconv() [<a href='function.iconv'>function.iconv</a>]: Detected an incomplete multibyte character in input string D:\phpserver\match.boss.com\Web\Libs\Trade\Jcpublic.class.php ç¬¬ 31 è¡Œ.

[ 2014-07-17T22:17:09+08:00 ] 127.0.0.1 /
INFO: [ app_begin ] --START--
INFO: Run Behavior\ReadHtmlCache [ RunTime:0.000750s ]
INFO: [ app_begin ] --END-- [ RunTime:0.001287s ]
NOTIC: [8] iconv() [<a href='function.iconv'>function.iconv</a>]: Detected an incomplete multibyte character in input string D:\phpserver\match.boss.com\Web\Libs\Trade\Jcpublic.class.php ç¬¬ 31 è¡Œ.
NOTIC: [8] iconv() [<a href='function.iconv'>function.iconv</a>]: Detected an incomplete multibyte character in input string D:\phpserver\match.boss.com\Web\Libs\Trade\Jcpublic.class.php ç¬¬ 31 è¡Œ.

[ 2014-07-17T22:17:41+08:00 ] 127.0.0.1 /
INFO: [ app_begin ] --START--
INFO: Run Behavior\ReadHtmlCache [ RunTime:0.000793s ]
INFO: [ app_begin ] --END-- [ RunTime:0.001439s ]

[ 2014-07-17T22:18:02+08:00 ] 127.0.0.1 /
INFO: [ app_begin ] --START--
INFO: Run Behavior\ReadHtmlCache [ RunTime:0.000830s ]
INFO: [ app_begin ] --END-- [ RunTime:0.001316s ]

[ 2014-07-17T22:18:25+08:00 ] 127.0.0.1 /
INFO: [ app_begin ] --START--
INFO: Run Behavior\ReadHtmlCache [ RunTime:0.000710s ]
INFO: [ app_begin ] --END-- [ RunTime:0.001260s ]

[ 2014-07-17T22:20:24+08:00 ] 127.0.0.1 /
INFO: [ app_begin ] --START--
INFO: Run Behavior\ReadHtmlCache [ RunTime:0.000780s ]
INFO: [ app_begin ] --END-- [ RunTime:0.001505s ]

[ 2014-07-17T22:23:28+08:00 ] 127.0.0.1 /
INFO: [ app_begin ] --START--
INFO: Run Behavior\ReadHtmlCache [ RunTime:0.000731s ]
INFO: [ app_begin ] --END-- [ RunTime:0.001326s ]

[ 2014-07-17T22:23:37+08:00 ] 127.0.0.1 /
INFO: [ app_begin ] --START--
INFO: Run Behavior\ReadHtmlCache [ RunTime:0.000739s ]
INFO: [ app_begin ] --END-- [ RunTime:0.001327s ]

[ 2014-07-17T22:24:11+08:00 ] 127.0.0.1 /
INFO: [ app_begin ] --START--
INFO: Run Behavior\ReadHtmlCache [ RunTime:0.003906s ]
INFO: [ app_begin ] --END-- [ RunTime:0.010066s ]

[ 2014-07-17T22:24:32+08:00 ] 127.0.0.1 /
INFO: [ app_begin ] --START--
INFO: Run Behavior\ReadHtmlCache [ RunTime:0.000759s ]
INFO: [ app_begin ] --END-- [ RunTime:0.001432s ]

[ 2014-07-17T22:24:45+08:00 ] 127.0.0.1 /
INFO: [ app_begin ] --START--
INFO: Run Behavior\ReadHtmlCache [ RunTime:0.000577s ]
INFO: [ app_begin ] --END-- [ RunTime:0.001028s ]

[ 2014-07-17T22:24:56+08:00 ] 127.0.0.1 /
INFO: [ app_begin ] --START--
INFO: Run Behavior\ReadHtmlCache [ RunTime:0.000826s ]
INFO: [ app_begin ] --END-- [ RunTime:0.001361s ]

[ 2014-07-17T22:25:04+08:00 ] 127.0.0.1 /
INFO: [ app_begin ] --START--
INFO: Run Behavior\ReadHtmlCache [ RunTime:0.000773s ]
INFO: [ app_begin ] --END-- [ RunTime:0.001422s ]

[ 2014-07-17T22:25:19+08:00 ] 127.0.0.1 /
INFO: [ app_begin ] --START--
INFO: Run Behavior\ReadHtmlCache [ RunTime:0.000593s ]
INFO: [ app_begin ] --END-- [ RunTime:0.001079s ]
INFO: [ view_parse ] --START--
INFO: [ template_filter ] --START--
INFO: Run Behavior\ContentReplace [ RunTime:0.000131s ]
INFO: [ template_filter ] --END-- [ RunTime:0.000313s ]
NOTIC: [8] Undefined index: league D:\phpserver\match.boss.com\Web\Runtime\Cache\Home\bc0144a4fd1292e6da37880e61825715.php ç¬¬ 57 è¡Œ.
NOTIC: [8] Undefined index: homename D:\phpserver\match.boss.com\Web\Runtime\Cache\Home\bc0144a4fd1292e6da37880e61825715.php ç¬¬ 58 è¡Œ.
NOTIC: [8] Undefined index: awayname D:\phpserver\match.boss.com\Web\Runtime\Cache\Home\bc0144a4fd1292e6da37880e61825715.php ç¬¬ 59 è¡Œ.
NOTIC: [8] Undefined index: lost D:\phpserver\match.boss.com\Web\Runtime\Cache\Home\bc0144a4fd1292e6da37880e61825715.php ç¬¬ 60 è¡Œ.
NOTIC: [8] Undefined index: league D:\phpserver\match.boss.com\Web\Runtime\Cache\Home\bc0144a4fd1292e6da37880e61825715.php ç¬¬ 57 è¡Œ.
NOTIC: [8] Undefined index: homename D:\phpserver\match.boss.com\Web\Runtime\Cache\Home\bc0144a4fd1292e6da37880e61825715.php ç¬¬ 58 è¡Œ.
NOTIC: [8] Undefined index: awayname D:\phpserver\match.boss.com\Web\Runtime\Cache\Home\bc0144a4fd1292e6da37880e61825715.php ç¬¬ 59 è¡Œ.
NOTIC: [8] Undefined index: lost D:\phpserver\match.boss.com\Web\Runtime\Cache\Home\bc0144a4fd1292e6da37880e61825715.php ç¬¬ 60 è¡Œ.
NOTIC: [8] Undefined index: league D:\phpserver\match.boss.com\Web\Runtime\Cache\Home\bc0144a4fd1292e6da37880e61825715.php ç¬¬ 57 è¡Œ.
NOTIC: [8] Undefined index: homename D:\phpserver\match.boss.com\Web\Runtime\Cache\Home\bc0144a4fd1292e6da37880e61825715.php ç¬¬ 58 è¡Œ.
NOTIC: [8] Undefined index: awayname D:\phpserver\match.boss.com\Web\Runtime\Cache\Home\bc0144a4fd1292e6da37880e61825715.php ç¬¬ 59 è¡Œ.
NOTIC: [8] Undefined index: lost D:\phpserver\match.boss.com\Web\Runtime\Cache\Home\bc0144a4fd1292e6da37880e61825715.php ç¬¬ 60 è¡Œ.
NOTIC: [8] Undefined index: league D:\phpserver\match.boss.com\Web\Runtime\Cache\Home\bc0144a4fd1292e6da37880e61825715.php ç¬¬ 57 è¡Œ.
NOTIC: [8] Undefined index: homename D:\phpserver\match.boss.com\Web\Runtime\Cache\Home\bc0144a4fd1292e6da37880e61825715.php ç¬¬ 58 è¡Œ.
NOTIC: [8] Undefined index: awayname D:\phpserver\match.boss.com\Web\Runtime\Cache\Home\bc0144a4fd1292e6da37880e61825715.php ç¬¬ 59 è¡Œ.
NOTIC: [8] Undefined index: lost D:\phpserver\match.boss.com\Web\Runtime\Cache\Home\bc0144a4fd1292e6da37880e61825715.php ç¬¬ 60 è¡Œ.
NOTIC: [8] Undefined index: league D:\phpserver\match.boss.com\Web\Runtime\Cache\Home\bc0144a4fd1292e6da37880e61825715.php ç¬¬ 57 è¡Œ.
NOTIC: [8] Undefined index: homename D:\phpserver\match.boss.com\Web\Runtime\Cache\Home\bc0144a4fd1292e6da37880e61825715.php ç¬¬ 58 è¡Œ.
NOTIC: [8] Undefined index: awayname D:\phpserver\match.boss.com\Web\Runtime\Cache\Home\bc0144a4fd1292e6da37880e61825715.php ç¬¬ 59 è¡Œ.
NOTIC: [8] Undefined index: lost D:\phpserver\match.boss.com\Web\Runtime\Cache\Home\bc0144a4fd1292e6da37880e61825715.php ç¬¬ 60 è¡Œ.
NOTIC: [8] Undefined index: league D:\phpserver\match.boss.com\Web\Runtime\Cache\Home\bc0144a4fd1292e6da37880e61825715.php ç¬¬ 57 è¡Œ.
NOTIC: [8] Undefined index: homename D:\phpserver\match.boss.com\Web\Runtime\Cache\Home\bc0144a4fd1292e6da37880e61825715.php ç¬¬ 58 è¡Œ.
NOTIC: [8] Undefined index: awayname D:\phpserver\match.boss.com\Web\Runtime\Cache\Home\bc0144a4fd1292e6da37880e61825715.php ç¬¬ 59 è¡Œ.
NOTIC: [8] Undefined index: lost D:\phpserver\match.boss.com\Web\Runtime\Cache\Home\bc0144a4fd1292e6da37880e61825715.php ç¬¬ 60 è¡Œ.
NOTIC: [8] Undefined index: league D:\phpserver\match.boss.com\Web\Runtime\Cache\Home\bc0144a4fd1292e6da37880e61825715.php ç¬¬ 57 è¡Œ.
NOTIC: [8] Undefined index: homename D:\phpserver\match.boss.com\Web\Runtime\Cache\Home\bc0144a4fd1292e6da37880e61825715.php ç¬¬ 58 è¡Œ.
NOTIC: [8] Undefined index: awayname D:\phpserver\match.boss.com\Web\Runtime\Cache\Home\bc0144a4fd1292e6da37880e61825715.php ç¬¬ 59 è¡Œ.
NOTIC: [8] Undefined index: lost D:\phpserver\match.boss.com\Web\Runtime\Cache\Home\bc0144a4fd1292e6da37880e61825715.php ç¬¬ 60 è¡Œ.
NOTIC: [8] Undefined index: league D:\phpserver\match.boss.com\Web\Runtime\Cache\Home\bc0144a4fd1292e6da37880e61825715.php ç¬¬ 57 è¡Œ.
NOTIC: [8] Undefined index: homename D:\phpserver\match.boss.com\Web\Runtime\Cache\Home\bc0144a4fd1292e6da37880e61825715.php ç¬¬ 58 è¡Œ.
NOTIC: [8] Undefined index: awayname D:\phpserver\match.boss.com\Web\Runtime\Cache\Home\bc0144a4fd1292e6da37880e61825715.php ç¬¬ 59 è¡Œ.
NOTIC: [8] Undefined index: lost D:\phpserver\match.boss.com\Web\Runtime\Cache\Home\bc0144a4fd1292e6da37880e61825715.php ç¬¬ 60 è¡Œ.
NOTIC: [8] Undefined index: league D:\phpserver\match.boss.com\Web\Runtime\Cache\Home\bc0144a4fd1292e6da37880e61825715.php ç¬¬ 57 è¡Œ.
NOTIC: [8] Undefined index: homename D:\phpserver\match.boss.com\Web\Runtime\Cache\Home\bc0144a4fd1292e6da37880e61825715.php ç¬¬ 58 è¡Œ.
NOTIC: [8] Undefined index: awayname D:\phpserver\match.boss.com\Web\Runtime\Cache\Home\bc0144a4fd1292e6da37880e61825715.php ç¬¬ 59 è¡Œ.
NOTIC: [8] Undefined index: lost D:\phpserver\match.boss.com\Web\Runtime\Cache\Home\bc0144a4fd1292e6da37880e61825715.php ç¬¬ 60 è¡Œ.
NOTIC: [8] Undefined index: league D:\phpserver\match.boss.com\Web\Runtime\Cache\Home\bc0144a4fd1292e6da37880e61825715.php ç¬¬ 57 è¡Œ.
NOTIC: [8] Undefined index: homename D:\phpserver\match.boss.com\Web\Runtime\Cache\Home\bc0144a4fd1292e6da37880e61825715.php ç¬¬ 58 è¡Œ.
NOTIC: [8] Undefined index: awayname D:\phpserver\match.boss.com\Web\Runtime\Cache\Home\bc0144a4fd1292e6da37880e61825715.php ç¬¬ 59 è¡Œ.
NOTIC: [8] Undefined index: lost D:\phpserver\match.boss.com\Web\Runtime\Cache\Home\bc0144a4fd1292e6da37880e61825715.php ç¬¬ 60 è¡Œ.
NOTIC: [8] Undefined index: league D:\phpserver\match.boss.com\Web\Runtime\Cache\Home\bc0144a4fd1292e6da37880e61825715.php ç¬¬ 57 è¡Œ.
NOTIC: [8] Undefined index: homename D:\phpserver\match.boss.com\Web\Runtime\Cache\Home\bc0144a4fd1292e6da37880e61825715.php ç¬¬ 58 è¡Œ.
NOTIC: [8] Undefined index: awayname D:\phpserver\match.boss.com\Web\Runtime\Cache\Home\bc0144a4fd1292e6da37880e61825715.php ç¬¬ 59 è¡Œ.
NOTIC: [8] Undefined index: lost D:\phpserver\match.boss.com\Web\Runtime\Cache\Home\bc0144a4fd1292e6da37880e61825715.php ç¬¬ 60 è¡Œ.
NOTIC: [8] Undefined index: league D:\phpserver\match.boss.com\Web\Runtime\Cache\Home\bc0144a4fd1292e6da37880e61825715.php ç¬¬ 57 è¡Œ.
NOTIC: [8] Undefined index: homename D:\phpserver\match.boss.com\Web\Runtime\Cache\Home\bc0144a4fd1292e6da37880e61825715.php ç¬¬ 58 è¡Œ.
NOTIC: [8] Undefined index: awayname D:\phpserver\match.boss.com\Web\Runtime\Cache\Home\bc0144a4fd1292e6da37880e61825715.php ç¬¬ 59 è¡Œ.
NOTIC: [8] Undefined index: lost D:\phpserver\match.boss.com\Web\Runtime\Cache\Home\bc0144a4fd1292e6da37880e61825715.php ç¬¬ 60 è¡Œ.
NOTIC: [8] Undefined index: league D:\phpserver\match.boss.com\Web\Runtime\Cache\Home\bc0144a4fd1292e6da37880e61825715.php ç¬¬ 57 è¡Œ.
NOTIC: [8] Undefined index: homename D:\phpserver\match.boss.com\Web\Runtime\Cache\Home\bc0144a4fd1292e6da37880e61825715.php ç¬¬ 58 è¡Œ.
NOTIC: [8] Undefined index: awayname D:\phpserver\match.boss.com\Web\Runtime\Cache\Home\bc0144a4fd1292e6da37880e61825715.php ç¬¬ 59 è¡Œ.
NOTIC: [8] Undefined index: lost D:\phpserver\match.boss.com\Web\Runtime\Cache\Home\bc0144a4fd1292e6da37880e61825715.php ç¬¬ 60 è¡Œ.
NOTIC: [8] Undefined index: league D:\phpserver\match.boss.com\Web\Runtime\Cache\Home\bc0144a4fd1292e6da37880e61825715.php ç¬¬ 57 è¡Œ.
NOTIC: [8] Undefined index: homename D:\phpserver\match.boss.com\Web\Runtime\Cache\Home\bc0144a4fd1292e6da37880e61825715.php ç¬¬ 58 è¡Œ.
NOTIC: [8] Undefined index: awayname D:\phpserver\match.boss.com\Web\Runtime\Cache\Home\bc0144a4fd1292e6da37880e61825715.php ç¬¬ 59 è¡Œ.
NOTIC: [8] Undefined index: lost D:\phpserver\match.boss.com\Web\Runtime\Cache\Home\bc0144a4fd1292e6da37880e61825715.php ç¬¬ 60 è¡Œ.
NOTIC: [8] Undefined index: league D:\phpserver\match.boss.com\Web\Runtime\Cache\Home\bc0144a4fd1292e6da37880e61825715.php ç¬¬ 57 è¡Œ.
NOTIC: [8] Undefined index: homename D:\phpserver\match.boss.com\Web\Runtime\Cache\Home\bc0144a4fd1292e6da37880e61825715.php ç¬¬ 58 è¡Œ.
NOTIC: [8] Undefined index: awayname D:\phpserver\match.boss.com\Web\Runtime\Cache\Home\bc0144a4fd1292e6da37880e61825715.php ç¬¬ 59 è¡Œ.
NOTIC: [8] Undefined index: lost D:\phpserver\match.boss.com\Web\Runtime\Cache\Home\bc0144a4fd1292e6da37880e61825715.php ç¬¬ 60 è¡Œ.
NOTIC: [8] Undefined index: league D:\phpserver\match.boss.com\Web\Runtime\Cache\Home\bc0144a4fd1292e6da37880e61825715.php ç¬¬ 57 è¡Œ.
NOTIC: [8] Undefined index: homename D:\phpserver\match.boss.com\Web\Runtime\Cache\Home\bc0144a4fd1292e6da37880e61825715.php ç¬¬ 58 è¡Œ.
NOTIC: [8] Undefined index: awayname D:\phpserver\match.boss.com\Web\Runtime\Cache\Home\bc0144a4fd1292e6da37880e61825715.php ç¬¬ 59 è¡Œ.
NOTIC: [8] Undefined index: lost D:\phpserver\match.boss.com\Web\Runtime\Cache\Home\bc0144a4fd1292e6da37880e61825715.php ç¬¬ 60 è¡Œ.
NOTIC: [8] Undefined index: league D:\phpserver\match.boss.com\Web\Runtime\Cache\Home\bc0144a4fd1292e6da37880e61825715.php ç¬¬ 57 è¡Œ.
NOTIC: [8] Undefined index: homename D:\phpserver\match.boss.com\Web\Runtime\Cache\Home\bc0144a4fd1292e6da37880e61825715.php ç¬¬ 58 è¡Œ.
NOTIC: [8] Undefined index: awayname D:\phpserver\match.boss.com\Web\Runtime\Cache\Home\bc0144a4fd1292e6da37880e61825715.php ç¬¬ 59 è¡Œ.
NOTIC: [8] Undefined index: lost D:\phpserver\match.boss.com\Web\Runtime\Cache\Home\bc0144a4fd1292e6da37880e61825715.php ç¬¬ 60 è¡Œ.
NOTIC: [8] Undefined variable: data D:\phpserver\match.boss.com\Web\Runtime\Cache\Home\bc0144a4fd1292e6da37880e61825715.php ç¬¬ 65 è¡Œ.
INFO: Run Behavior\ParseTemplate [ RunTime:0.137597s ]
INFO: [ view_parse ] --END-- [ RunTime:0.137726s ]
INFO: [ view_filter ] --START--
INFO: Run Behavior\WriteHtmlCache [ RunTime:0.001094s ]
INFO: [ view_filter ] --END-- [ RunTime:0.001317s ]
INFO: [ app_end ] --START--
INFO: Run Behavior\ShowPageTrace [ RunTime:0.025234s ]
INFO: [ app_end ] --END-- [ RunTime:0.025483s ]

[ 2014-07-17T22:27:15+08:00 ] 127.0.0.1 /
INFO: [ app_begin ] --START--
INFO: Run Behavior\ReadHtmlCache [ RunTime:0.000781s ]
INFO: [ app_begin ] --END-- [ RunTime:0.001333s ]
NOTIC: [2] file_get_contents() [<a href='function.file-get-contents'>function.file-get-contents</a>]: php_network_getaddresses: getaddrinfo failed: ²»ÖªµÀÕâÑùµÄÖ÷»ú¡£  D:\phpserver\match.boss.com\Web\Libs\Trade\Jcpublic.class.php ç¬¬ 17 è¡Œ.
NOTIC: [2] file_get_contents(http://trade.500.com/static/public/jczq/xml/match/match.xml) [<a href='function.file-get-contents'>function.file-get-contents</a>]: failed to open stream: php_network_getaddresses: getaddrinfo failed: ²»ÖªµÀÕâÑùµÄÖ÷»ú¡£  D:\phpserver\match.boss.com\Web\Libs\Trade\Jcpublic.class.php ç¬¬ 17 è¡Œ.
INFO: [ view_parse ] --START--
INFO: [ template_filter ] --START--
INFO: Run Behavior\ContentReplace [ RunTime:0.000131s ]
INFO: [ template_filter ] --END-- [ RunTime:0.000284s ]
NOTIC: [8] Undefined variable: data D:\phpserver\match.boss.com\Web\Runtime\Cache\Home\bc0144a4fd1292e6da37880e61825715.php ç¬¬ 65 è¡Œ.
INFO: Run Behavior\ParseTemplate [ RunTime:0.014812s ]
INFO: [ view_parse ] --END-- [ RunTime:0.014958s ]
INFO: [ view_filter ] --START--
INFO: Run Behavior\WriteHtmlCache [ RunTime:0.000681s ]
INFO: [ view_filter ] --END-- [ RunTime:0.000815s ]
INFO: [ app_end ] --START--
INFO: Run Behavior\ShowPageTrace [ RunTime:0.001264s ]
INFO: [ app_end ] --END-- [ RunTime:0.001427s ]

[ 2014-07-17T22:27:22+08:00 ] 127.0.0.1 /
INFO: [ app_begin ] --START--
INFO: Run Behavior\ReadHtmlCache [ RunTime:0.000549s ]
INFO: [ app_begin ] --END-- [ RunTime:0.001159s ]
INFO: [ view_parse ] --START--
INFO: [ template_filter ] --START--
INFO: Run Behavior\ContentReplace [ RunTime:0.000086s ]
INFO: [ template_filter ] --END-- [ RunTime:0.000199s ]
NOTIC: [8] Undefined variable: data D:\phpserver\match.boss.com\Web\Runtime\Cache\Home\bc0144a4fd1292e6da37880e61825715.php ç¬¬ 65 è¡Œ.
INFO: Run Behavior\ParseTemplate [ RunTime:0.019696s ]
INFO: [ view_parse ] --END-- [ RunTime:0.020579s ]
INFO: [ view_filter ] --START--
INFO: Run Behavior\WriteHtmlCache [ RunTime:0.000601s ]
INFO: [ view_filter ] --END-- [ RunTime:0.000742s ]
INFO: [ app_end ] --START--
INFO: Run Behavior\ShowPageTrace [ RunTime:0.001001s ]
INFO: [ app_end ] --END-- [ RunTime:0.001169s ]

[ 2014-07-17T22:27:41+08:00 ] 127.0.0.1 /
INFO: [ app_begin ] --START--
INFO: Run Behavior\ReadHtmlCache [ RunTime:0.002446s ]
INFO: [ app_begin ] --END-- [ RunTime:0.003121s ]
INFO: [ view_parse ] --START--
INFO: [ template_filter ] --START--
INFO: Run Behavior\ContentReplace [ RunTime:0.000084s ]
INFO: [ template_filter ] --END-- [ RunTime:0.000189s ]
NOTIC: [8] Undefined variable: data D:\phpserver\match.boss.com\Web\Runtime\Cache\Home\bc0144a4fd1292e6da37880e61825715.php ç¬¬ 65 è¡Œ.
INFO: Run Behavior\ParseTemplate [ RunTime:0.013056s ]
INFO: [ view_parse ] --END-- [ RunTime:0.013151s ]
INFO: [ view_filter ] --START--
INFO: Run Behavior\WriteHtmlCache [ RunTime:0.000436s ]
INFO: [ view_filter ] --END-- [ RunTime:0.000510s ]
INFO: [ app_end ] --START--
INFO: Run Behavior\ShowPageTrace [ RunTime:0.001018s ]
INFO: [ app_end ] --END-- [ RunTime:0.001158s ]

[ 2014-07-17T22:27:48+08:00 ] 127.0.0.1 /
INFO: [ app_begin ] --START--
INFO: Run Behavior\ReadHtmlCache [ RunTime:0.000507s ]
INFO: [ app_begin ] --END-- [ RunTime:0.000916s ]
INFO: [ view_parse ] --START--
INFO: [ template_filter ] --START--
INFO: Run Behavior\ContentReplace [ RunTime:0.000083s ]
INFO: [ template_filter ] --END-- [ RunTime:0.000215s ]
NOTIC: [8] Undefined index: league D:\phpserver\match.boss.com\Web\Runtime\Cache\Home\bc0144a4fd1292e6da37880e61825715.php ç¬¬ 57 è¡Œ.
NOTIC: [8] Undefined index: homename D:\phpserver\match.boss.com\Web\Runtime\Cache\Home\bc0144a4fd1292e6da37880e61825715.php ç¬¬ 58 è¡Œ.
NOTIC: [8] Undefined index: awayname D:\phpserver\match.boss.com\Web\Runtime\Cache\Home\bc0144a4fd1292e6da37880e61825715.php ç¬¬ 59 è¡Œ.
NOTIC: [8] Undefined index: lost D:\phpserver\match.boss.com\Web\Runtime\Cache\Home\bc0144a4fd1292e6da37880e61825715.php ç¬¬ 60 è¡Œ.
NOTIC: [8] Undefined index: league D:\phpserver\match.boss.com\Web\Runtime\Cache\Home\bc0144a4fd1292e6da37880e61825715.php ç¬¬ 57 è¡Œ.
NOTIC: [8] Undefined index: homename D:\phpserver\match.boss.com\Web\Runtime\Cache\Home\bc0144a4fd1292e6da37880e61825715.php ç¬¬ 58 è¡Œ.
NOTIC: [8] Undefined index: awayname D:\phpserver\match.boss.com\Web\Runtime\Cache\Home\bc0144a4fd1292e6da37880e61825715.php ç¬¬ 59 è¡Œ.
NOTIC: [8] Undefined index: lost D:\phpserver\match.boss.com\Web\Runtime\Cache\Home\bc0144a4fd1292e6da37880e61825715.php ç¬¬ 60 è¡Œ.
NOTIC: [8] Undefined index: league D:\phpserver\match.boss.com\Web\Runtime\Cache\Home\bc0144a4fd1292e6da37880e61825715.php ç¬¬ 57 è¡Œ.
NOTIC: [8] Undefined index: homename D:\phpserver\match.boss.com\Web\Runtime\Cache\Home\bc0144a4fd1292e6da37880e61825715.php ç¬¬ 58 è¡Œ.
NOTIC: [8] Undefined index: awayname D:\phpserver\match.boss.com\Web\Runtime\Cache\Home\bc0144a4fd1292e6da37880e61825715.php ç¬¬ 59 è¡Œ.
NOTIC: [8] Undefined index: lost D:\phpserver\match.boss.com\Web\Runtime\Cache\Home\bc0144a4fd1292e6da37880e61825715.php ç¬¬ 60 è¡Œ.
NOTIC: [8] Undefined index: league D:\phpserver\match.boss.com\Web\Runtime\Cache\Home\bc0144a4fd1292e6da37880e61825715.php ç¬¬ 57 è¡Œ.
NOTIC: [8] Undefined index: homename D:\phpserver\match.boss.com\Web\Runtime\Cache\Home\bc0144a4fd1292e6da37880e61825715.php ç¬¬ 58 è¡Œ.
NOTIC: [8] Undefined index: awayname D:\phpserver\match.boss.com\Web\Runtime\Cache\Home\bc0144a4fd1292e6da37880e61825715.php ç¬¬ 59 è¡Œ.
NOTIC: [8] Undefined index: lost D:\phpserver\match.boss.com\Web\Runtime\Cache\Home\bc0144a4fd1292e6da37880e61825715.php ç¬¬ 60 è¡Œ.
NOTIC: [8] Undefined index: league D:\phpserver\match.boss.com\Web\Runtime\Cache\Home\bc0144a4fd1292e6da37880e61825715.php ç¬¬ 57 è¡Œ.
NOTIC: [8] Undefined index: homename D:\phpserver\match.boss.com\Web\Runtime\Cache\Home\bc0144a4fd1292e6da37880e61825715.php ç¬¬ 58 è¡Œ.
NOTIC: [8] Undefined index: awayname D:\phpserver\match.boss.com\Web\Runtime\Cache\Home\bc0144a4fd1292e6da37880e61825715.php ç¬¬ 59 è¡Œ.
NOTIC: [8] Undefined index: lost D:\phpserver\match.boss.com\Web\Runtime\Cache\Home\bc0144a4fd1292e6da37880e61825715.php ç¬¬ 60 è¡Œ.
NOTIC: [8] Undefined index: league D:\phpserver\match.boss.com\Web\Runtime\Cache\Home\bc0144a4fd1292e6da37880e61825715.php ç¬¬ 57 è¡Œ.
NOTIC: [8] Undefined index: homename D:\phpserver\match.boss.com\Web\Runtime\Cache\Home\bc0144a4fd1292e6da37880e61825715.php ç¬¬ 58 è¡Œ.
NOTIC: [8] Undefined index: awayname D:\phpserver\match.boss.com\Web\Runtime\Cache\Home\bc0144a4fd1292e6da37880e61825715.php ç¬¬ 59 è¡Œ.
NOTIC: [8] Undefined index: lost D:\phpserver\match.boss.com\Web\Runtime\Cache\Home\bc0144a4fd1292e6da37880e61825715.php ç¬¬ 60 è¡Œ.
NOTIC: [8] Undefined index: league D:\phpserver\match.boss.com\Web\Runtime\Cache\Home\bc0144a4fd1292e6da37880e61825715.php ç¬¬ 57 è¡Œ.
NOTIC: [8] Undefined index: homename D:\phpserver\match.boss.com\Web\Runtime\Cache\Home\bc0144a4fd1292e6da37880e61825715.php ç¬¬ 58 è¡Œ.
NOTIC: [8] Undefined index: awayname D:\phpserver\match.boss.com\Web\Runtime\Cache\Home\bc0144a4fd1292e6da37880e61825715.php ç¬¬ 59 è¡Œ.
NOTIC: [8] Undefined index: lost D:\phpserver\match.boss.com\Web\Runtime\Cache\Home\bc0144a4fd1292e6da37880e61825715.php ç¬¬ 60 è¡Œ.
NOTIC: [8] Undefined index: league D:\phpserver\match.boss.com\Web\Runtime\Cache\Home\bc0144a4fd1292e6da37880e61825715.php ç¬¬ 57 è¡Œ.
NOTIC: [8] Undefined index: homename D:\phpserver\match.boss.com\Web\Runtime\Cache\Home\bc0144a4fd1292e6da37880e61825715.php ç¬¬ 58 è¡Œ.
NOTIC: [8] Undefined index: awayname D:\phpserver\match.boss.com\Web\Runtime\Cache\Home\bc0144a4fd1292e6da37880e61825715.php ç¬¬ 59 è¡Œ.
NOTIC: [8] Undefined index: lost D:\phpserver\match.boss.com\Web\Runtime\Cache\Home\bc0144a4fd1292e6da37880e61825715.php ç¬¬ 60 è¡Œ.
NOTIC: [8] Undefined index: league D:\phpserver\match.boss.com\Web\Runtime\Cache\Home\bc0144a4fd1292e6da37880e61825715.php ç¬¬ 57 è¡Œ.
NOTIC: [8] Undefined index: homename D:\phpserver\match.boss.com\Web\Runtime\Cache\Home\bc0144a4fd1292e6da37880e61825715.php ç¬¬ 58 è¡Œ.
NOTIC: [8] Undefined index: awayname D:\phpserver\match.boss.com\Web\Runtime\Cache\Home\bc0144a4fd1292e6da37880e61825715.php ç¬¬ 59 è¡Œ.
NOTIC: [8] Undefined index: lost D:\phpserver\match.boss.com\Web\Runtime\Cache\Home\bc0144a4fd1292e6da37880e61825715.php ç¬¬ 60 è¡Œ.
NOTIC: [8] Undefined index: league D:\phpserver\match.boss.com\Web\Runtime\Cache\Home\bc0144a4fd1292e6da37880e61825715.php ç¬¬ 57 è¡Œ.
NOTIC: [8] Undefined index: homename D:\phpserver\match.boss.com\Web\Runtime\Cache\Home\bc0144a4fd1292e6da37880e61825715.php ç¬¬ 58 è¡Œ.
NOTIC: [8] Undefined index: awayname D:\phpserver\match.boss.com\Web\Runtime\Cache\Home\bc0144a4fd1292e6da37880e61825715.php ç¬¬ 59 è¡Œ.
NOTIC: [8] Undefined index: lost D:\phpserver\match.boss.com\Web\Runtime\Cache\Home\bc0144a4fd1292e6da37880e61825715.php ç¬¬ 60 è¡Œ.
NOTIC: [8] Undefined index: league D:\phpserver\match.boss.com\Web\Runtime\Cache\Home\bc0144a4fd1292e6da37880e61825715.php ç¬¬ 57 è¡Œ.
NOTIC: [8] Undefined index: homename D:\phpserver\match.boss.com\Web\Runtime\Cache\Home\bc0144a4fd1292e6da37880e61825715.php ç¬¬ 58 è¡Œ.
NOTIC: [8] Undefined index: awayname D:\phpserver\match.boss.com\Web\Runtime\Cache\Home\bc0144a4fd1292e6da37880e61825715.php ç¬¬ 59 è¡Œ.
NOTIC: [8] Undefined index: lost D:\phpserver\match.boss.com\Web\Runtime\Cache\Home\bc0144a4fd1292e6da37880e61825715.php ç¬¬ 60 è¡Œ.
NOTIC: [8] Undefined index: league D:\phpserver\match.boss.com\Web\Runtime\Cache\Home\bc0144a4fd1292e6da37880e61825715.php ç¬¬ 57 è¡Œ.
NOTIC: [8] Undefined index: homename D:\phpserver\match.boss.com\Web\Runtime\Cache\Home\bc0144a4fd1292e6da37880e61825715.php ç¬¬ 58 è¡Œ.
NOTIC: [8] Undefined index: awayname D:\phpserver\match.boss.com\Web\Runtime\Cache\Home\bc0144a4fd1292e6da37880e61825715.php ç¬¬ 59 è¡Œ.
NOTIC: [8] Undefined index: lost D:\phpserver\match.boss.com\Web\Runtime\Cache\Home\bc0144a4fd1292e6da37880e61825715.php ç¬¬ 60 è¡Œ.
NOTIC: [8] Undefined index: league D:\phpserver\match.boss.com\Web\Runtime\Cache\Home\bc0144a4fd1292e6da37880e61825715.php ç¬¬ 57 è¡Œ.
NOTIC: [8] Undefined index: homename D:\phpserver\match.boss.com\Web\Runtime\Cache\Home\bc0144a4fd1292e6da37880e61825715.php ç¬¬ 58 è¡Œ.
NOTIC: [8] Undefined index: awayname D:\phpserver\match.boss.com\Web\Runtime\Cache\Home\bc0144a4fd1292e6da37880e61825715.php ç¬¬ 59 è¡Œ.
NOTIC: [8] Undefined index: lost D:\phpserver\match.boss.com\Web\Runtime\Cache\Home\bc0144a4fd1292e6da37880e61825715.php ç¬¬ 60 è¡Œ.
NOTIC: [8] Undefined index: league D:\phpserver\match.boss.com\Web\Runtime\Cache\Home\bc0144a4fd1292e6da37880e61825715.php ç¬¬ 57 è¡Œ.
NOTIC: [8] Undefined index: homename D:\phpserver\match.boss.com\Web\Runtime\Cache\Home\bc0144a4fd1292e6da37880e61825715.php ç¬¬ 58 è¡Œ.
NOTIC: [8] Undefined index: awayname D:\phpserver\match.boss.com\Web\Runtime\Cache\Home\bc0144a4fd1292e6da37880e61825715.php ç¬¬ 59 è¡Œ.
NOTIC: [8] Undefined index: lost D:\phpserver\match.boss.com\Web\Runtime\Cache\Home\bc0144a4fd1292e6da37880e61825715.php ç¬¬ 60 è¡Œ.
NOTIC: [8] Undefined index: league D:\phpserver\match.boss.com\Web\Runtime\Cache\Home\bc0144a4fd1292e6da37880e61825715.php ç¬¬ 57 è¡Œ.
NOTIC: [8] Undefined index: homename D:\phpserver\match.boss.com\Web\Runtime\Cache\Home\bc0144a4fd1292e6da37880e61825715.php ç¬¬ 58 è¡Œ.
NOTIC: [8] Undefined index: awayname D:\phpserver\match.boss.com\Web\Runtime\Cache\Home\bc0144a4fd1292e6da37880e61825715.php ç¬¬ 59 è¡Œ.
NOTIC: [8] Undefined index: lost D:\phpserver\match.boss.com\Web\Runtime\Cache\Home\bc0144a4fd1292e6da37880e61825715.php ç¬¬ 60 è¡Œ.
NOTIC: [8] Undefined index: league D:\phpserver\match.boss.com\Web\Runtime\Cache\Home\bc0144a4fd1292e6da37880e61825715.php ç¬¬ 57 è¡Œ.
NOTIC: [8] Undefined index: homename D:\phpserver\match.boss.com\Web\Runtime\Cache\Home\bc0144a4fd1292e6da37880e61825715.php ç¬¬ 58 è¡Œ.
NOTIC: [8] Undefined index: awayname D:\phpserver\match.boss.com\Web\Runtime\Cache\Home\bc0144a4fd1292e6da37880e61825715.php ç¬¬ 59 è¡Œ.
NOTIC: [8] Undefined index: lost D:\phpserver\match.boss.com\Web\Runtime\Cache\Home\bc0144a4fd1292e6da37880e61825715.php ç¬¬ 60 è¡Œ.
NOTIC: [8] Undefined index: league D:\phpserver\match.boss.com\Web\Runtime\Cache\Home\bc0144a4fd1292e6da37880e61825715.php ç¬¬ 57 è¡Œ.
NOTIC: [8] Undefined index: homename D:\phpserver\match.boss.com\Web\Runtime\Cache\Home\bc0144a4fd1292e6da37880e61825715.php ç¬¬ 58 è¡Œ.
NOTIC: [8] Undefined index: awayname D:\phpserver\match.boss.com\Web\Runtime\Cache\Home\bc0144a4fd1292e6da37880e61825715.php ç¬¬ 59 è¡Œ.
NOTIC: [8] Undefined index: lost D:\phpserver\match.boss.com\Web\Runtime\Cache\Home\bc0144a4fd1292e6da37880e61825715.php ç¬¬ 60 è¡Œ.
NOTIC: [8] Undefined variable: data D:\phpserver\match.boss.com\Web\Runtime\Cache\Home\bc0144a4fd1292e6da37880e61825715.php ç¬¬ 65 è¡Œ.
INFO: Run Behavior\ParseTemplate [ RunTime:0.013492s ]
INFO: [ view_parse ] --END-- [ RunTime:0.013583s ]
INFO: [ view_filter ] --START--
INFO: Run Behavior\WriteHtmlCache [ RunTime:0.000560s ]
INFO: [ view_filter ] --END-- [ RunTime:0.000630s ]
INFO: [ app_end ] --START--
INFO: Run Behavior\ShowPageTrace [ RunTime:0.000978s ]
INFO: [ app_end ] --END-- [ RunTime:0.001111s ]

[ 2014-07-17T22:27:53+08:00 ] 127.0.0.1 /
INFO: [ app_begin ] --START--
INFO: Run Behavior\ReadHtmlCache [ RunTime:0.000537s ]
INFO: [ app_begin ] --END-- [ RunTime:0.001147s ]
INFO: [ view_parse ] --START--
INFO: [ template_filter ] --START--
INFO: Run Behavior\ContentReplace [ RunTime:0.000120s ]
INFO: [ template_filter ] --END-- [ RunTime:0.000331s ]
NOTIC: [8] Undefined variable: data D:\phpserver\match.boss.com\Web\Runtime\Cache\Home\bc0144a4fd1292e6da37880e61825715.php ç¬¬ 65 è¡Œ.
INFO: Run Behavior\ParseTemplate [ RunTime:0.011688s ]
INFO: [ view_parse ] --END-- [ RunTime:0.011793s ]
INFO: [ view_filter ] --START--
INFO: Run Behavior\WriteHtmlCache [ RunTime:0.000529s ]
INFO: [ view_filter ] --END-- [ RunTime:0.000601s ]
INFO: [ app_end ] --START--
INFO: Run Behavior\ShowPageTrace [ RunTime:0.000728s ]
INFO: [ app_end ] --END-- [ RunTime:0.000858s ]

[ 2014-07-17T22:28:38+08:00 ] 127.0.0.1 /
INFO: [ app_begin ] --START--
INFO: Run Behavior\ReadHtmlCache [ RunTime:0.000872s ]
INFO: [ app_begin ] --END-- [ RunTime:0.001594s ]

[ 2014-07-17T22:28:40+08:00 ] 127.0.0.1 /
INFO: [ app_begin ] --START--
INFO: Run Behavior\ReadHtmlCache [ RunTime:0.000816s ]
INFO: [ app_begin ] --END-- [ RunTime:0.001492s ]

[ 2014-07-17T22:28:46+08:00 ] 127.0.0.1 /
INFO: [ app_begin ] --START--
INFO: Run Behavior\ReadHtmlCache [ RunTime:0.000941s ]
INFO: [ app_begin ] --END-- [ RunTime:0.001700s ]

[ 2014-07-17T22:29:12+08:00 ] 127.0.0.1 /
INFO: [ app_begin ] --START--
INFO: Run Behavior\ReadHtmlCache [ RunTime:0.000702s ]
INFO: [ app_begin ] --END-- [ RunTime:0.001299s ]

[ 2014-07-17T22:37:10+08:00 ] 127.0.0.1 /
INFO: [ app_begin ] --START--
INFO: Run Behavior\ReadHtmlCache [ RunTime:0.000803s ]
INFO: [ app_begin ] --END-- [ RunTime:0.001436s ]
INFO: [ view_parse ] --START--
INFO: [ template_filter ] --START--
INFO: Run Behavior\ContentReplace [ RunTime:0.000085s ]
INFO: [ template_filter ] --END-- [ RunTime:0.000190s ]
NOTIC: [8] Undefined variable: data D:\phpserver\match.boss.com\Web\Runtime\Cache\Home\bc0144a4fd1292e6da37880e61825715.php ç¬¬ 65 è¡Œ.
INFO: Run Behavior\ParseTemplate [ RunTime:0.011029s ]
INFO: [ view_parse ] --END-- [ RunTime:0.011128s ]
INFO: [ view_filter ] --START--
INFO: Run Behavior\WriteHtmlCache [ RunTime:0.000401s ]
INFO: [ view_filter ] --END-- [ RunTime:0.000488s ]
INFO: [ app_end ] --START--
INFO: Run Behavior\ShowPageTrace [ RunTime:0.001970s ]
INFO: [ app_end ] --END-- [ RunTime:0.002069s ]

[ 2014-07-17T23:04:59+08:00 ] 127.0.0.1 /
INFO: [ app_begin ] --START--
INFO: Run Behavior\ReadHtmlCache [ RunTime:0.000695s ]
INFO: [ app_begin ] --END-- [ RunTime:0.001173s ]
INFO: [ view_parse ] --START--
INFO: [ template_filter ] --START--
INFO: Run Behavior\ContentReplace [ RunTime:0.000083s ]
INFO: [ template_filter ] --END-- [ RunTime:0.000226s ]
NOTIC: [8] Undefined variable: data D:\phpserver\match.boss.com\Web\Runtime\Cache\Home\bc0144a4fd1292e6da37880e61825715.php ç¬¬ 65 è¡Œ.
INFO: Run Behavior\ParseTemplate [ RunTime:0.012967s ]
INFO: [ view_parse ] --END-- [ RunTime:0.013108s ]
INFO: [ view_filter ] --START--
INFO: Run Behavior\WriteHtmlCache [ RunTime:0.000496s ]
INFO: [ view_filter ] --END-- [ RunTime:0.000568s ]
INFO: [ app_end ] --START--
INFO: Run Behavior\ShowPageTrace [ RunTime:0.000771s ]
INFO: [ app_end ] --END-- [ RunTime:0.000866s ]

[ 2014-07-17T23:05:13+08:00 ] 127.0.0.1 /
INFO: [ app_begin ] --START--
INFO: Run Behavior\ReadHtmlCache [ RunTime:0.000622s ]
INFO: [ app_begin ] --END-- [ RunTime:0.001066s ]

[ 2014-07-17T23:05:46+08:00 ] 127.0.0.1 /
INFO: [ app_begin ] --START--
INFO: Run Behavior\ReadHtmlCache [ RunTime:0.000808s ]
INFO: [ app_begin ] --END-- [ RunTime:0.001460s ]

[ 2014-07-17T23:07:40+08:00 ] 127.0.0.1 /
INFO: [ app_begin ] --START--
INFO: Run Behavior\ReadHtmlCache [ RunTime:0.000709s ]
INFO: [ app_begin ] --END-- [ RunTime:0.001199s ]

[ 2014-07-17T23:07:48+08:00 ] 127.0.0.1 /
INFO: [ app_begin ] --START--
INFO: Run Behavior\ReadHtmlCache [ RunTime:0.000638s ]
INFO: [ app_begin ] --END-- [ RunTime:0.001161s ]

[ 2014-07-17T23:08:17+08:00 ] 127.0.0.1 /
INFO: [ app_begin ] --START--
INFO: Run Behavior\ReadHtmlCache [ RunTime:0.001053s ]
INFO: [ app_begin ] --END-- [ RunTime:0.001691s ]
INFO: [ view_parse ] --START--
INFO: [ template_filter ] --START--
INFO: Run Behavior\ContentReplace [ RunTime:0.000102s ]
INFO: [ template_filter ] --END-- [ RunTime:0.000210s ]

[ 2014-07-17T23:08:18+08:00 ] 127.0.0.1 /
INFO: [ app_begin ] --START--
INFO: Run Behavior\ReadHtmlCache [ RunTime:0.000611s ]
INFO: [ app_begin ] --END-- [ RunTime:0.001098s ]
INFO: [ view_parse ] --START--
INFO: [ template_filter ] --START--
INFO: Run Behavior\ContentReplace [ RunTime:0.000079s ]
INFO: [ template_filter ] --END-- [ RunTime:0.000173s ]

[ 2014-07-17T23:08:25+08:00 ] 127.0.0.1 /
INFO: [ app_begin ] --START--
INFO: Run Behavior\ReadHtmlCache [ RunTime:0.000673s ]
INFO: [ app_begin ] --END-- [ RunTime:0.001125s ]

[ 2014-07-17T23:08:34+08:00 ] 127.0.0.1 /
INFO: [ app_begin ] --START--
INFO: Run Behavior\ReadHtmlCache [ RunTime:0.000954s ]
INFO: [ app_begin ] --END-- [ RunTime:0.001693s ]

[ 2014-07-17T23:13:03+08:00 ] 127.0.0.1 /
INFO: [ app_begin ] --START--
INFO: Run Behavior\ReadHtmlCache [ RunTime:0.000833s ]
INFO: [ app_begin ] --END-- [ RunTime:0.001531s ]

[ 2014-07-17T23:13:35+08:00 ] 127.0.0.1 /
INFO: [ app_begin ] --START--
INFO: Run Behavior\ReadHtmlCache [ RunTime:0.000708s ]
INFO: [ app_begin ] --END-- [ RunTime:0.001337s ]
INFO: [ view_parse ] --START--
INFO: [ template_filter ] --START--
INFO: Run Behavior\ContentReplace [ RunTime:0.000085s ]
INFO: [ template_filter ] --END-- [ RunTime:0.000228s ]
NOTIC: [8] Undefined index: allend D:\phpserver\match.boss.com\Web\Runtime\Cache\Home\bc0144a4fd1292e6da37880e61825715.php ç¬¬ 53 è¡Œ.
NOTIC: [8] Undefined index: homename D:\phpserver\match.boss.com\Web\Runtime\Cache\Home\bc0144a4fd1292e6da37880e61825715.php ç¬¬ 58 è¡Œ.
NOTIC: [8] Undefined index: awayname D:\phpserver\match.boss.com\Web\Runtime\Cache\Home\bc0144a4fd1292e6da37880e61825715.php ç¬¬ 59 è¡Œ.
NOTIC: [8] Undefined index: lost D:\phpserver\match.boss.com\Web\Runtime\Cache\Home\bc0144a4fd1292e6da37880e61825715.php ç¬¬ 60 è¡Œ.
NOTIC: [8] Undefined index: homename D:\phpserver\match.boss.com\Web\Runtime\Cache\Home\bc0144a4fd1292e6da37880e61825715.php ç¬¬ 58 è¡Œ.
NOTIC: [8] Undefined index: awayname D:\phpserver\match.boss.com\Web\Runtime\Cache\Home\bc0144a4fd1292e6da37880e61825715.php ç¬¬ 59 è¡Œ.
NOTIC: [8] Undefined index: lost D:\phpserver\match.boss.com\Web\Runtime\Cache\Home\bc0144a4fd1292e6da37880e61825715.php ç¬¬ 60 è¡Œ.
NOTIC: [8] Undefined index: homename D:\phpserver\match.boss.com\Web\Runtime\Cache\Home\bc0144a4fd1292e6da37880e61825715.php ç¬¬ 58 è¡Œ.
NOTIC: [8] Undefined index: awayname D:\phpserver\match.boss.com\Web\Runtime\Cache\Home\bc0144a4fd1292e6da37880e61825715.php ç¬¬ 59 è¡Œ.
NOTIC: [8] Undefined index: lost D:\phpserver\match.boss.com\Web\Runtime\Cache\Home\bc0144a4fd1292e6da37880e61825715.php ç¬¬ 60 è¡Œ.
NOTIC: [8] Undefined index: homename D:\phpserver\match.boss.com\Web\Runtime\Cache\Home\bc0144a4fd1292e6da37880e61825715.php ç¬¬ 58 è¡Œ.
NOTIC: [8] Undefined index: awayname D:\phpserver\match.boss.com\Web\Runtime\Cache\Home\bc0144a4fd1292e6da37880e61825715.php ç¬¬ 59 è¡Œ.
NOTIC: [8] Undefined index: lost D:\phpserver\match.boss.com\Web\Runtime\Cache\Home\bc0144a4fd1292e6da37880e61825715.php ç¬¬ 60 è¡Œ.
NOTIC: [8] Undefined index: homename D:\phpserver\match.boss.com\Web\Runtime\Cache\Home\bc0144a4fd1292e6da37880e61825715.php ç¬¬ 58 è¡Œ.
NOTIC: [8] Undefined index: awayname D:\phpserver\match.boss.com\Web\Runtime\Cache\Home\bc0144a4fd1292e6da37880e61825715.php ç¬¬ 59 è¡Œ.
NOTIC: [8] Undefined index: lost D:\phpserver\match.boss.com\Web\Runtime\Cache\Home\bc0144a4fd1292e6da37880e61825715.php ç¬¬ 60 è¡Œ.
NOTIC: [8] Undefined index: homename D:\phpserver\match.boss.com\Web\Runtime\Cache\Home\bc0144a4fd1292e6da37880e61825715.php ç¬¬ 58 è¡Œ.
NOTIC: [8] Undefined index: awayname D:\phpserver\match.boss.com\Web\Runtime\Cache\Home\bc0144a4fd1292e6da37880e61825715.php ç¬¬ 59 è¡Œ.
NOTIC: [8] Undefined index: lost D:\phpserver\match.boss.com\Web\Runtime\Cache\Home\bc0144a4fd1292e6da37880e61825715.php ç¬¬ 60 è¡Œ.
NOTIC: [8] Undefined index: homename D:\phpserver\match.boss.com\Web\Runtime\Cache\Home\bc0144a4fd1292e6da37880e61825715.php ç¬¬ 58 è¡Œ.
NOTIC: [8] Undefined index: awayname D:\phpserver\match.boss.com\Web\Runtime\Cache\Home\bc0144a4fd1292e6da37880e61825715.php ç¬¬ 59 è¡Œ.
NOTIC: [8] Undefined index: lost D:\phpserver\match.boss.com\Web\Runtime\Cache\Home\bc0144a4fd1292e6da37880e61825715.php ç¬¬ 60 è¡Œ.
NOTIC: [8] Undefined index: homename D:\phpserver\match.boss.com\Web\Runtime\Cache\Home\bc0144a4fd1292e6da37880e61825715.php ç¬¬ 58 è¡Œ.
NOTIC: [8] Undefined index: awayname D:\phpserver\match.boss.com\Web\Runtime\Cache\Home\bc0144a4fd1292e6da37880e61825715.php ç¬¬ 59 è¡Œ.
NOTIC: [8] Undefined index: lost D:\phpserver\match.boss.com\Web\Runtime\Cache\Home\bc0144a4fd1292e6da37880e61825715.php ç¬¬ 60 è¡Œ.
NOTIC: [8] Undefined index: homename D:\phpserver\match.boss.com\Web\Runtime\Cache\Home\bc0144a4fd1292e6da37880e61825715.php ç¬¬ 58 è¡Œ.
NOTIC: [8] Undefined index: awayname D:\phpserver\match.boss.com\Web\Runtime\Cache\Home\bc0144a4fd1292e6da37880e61825715.php ç¬¬ 59 è¡Œ.
NOTIC: [8] Undefined index: lost D:\phpserver\match.boss.com\Web\Runtime\Cache\Home\bc0144a4fd1292e6da37880e61825715.php ç¬¬ 60 è¡Œ.
NOTIC: [8] Undefined index: homename D:\phpserver\match.boss.com\Web\Runtime\Cache\Home\bc0144a4fd1292e6da37880e61825715.php ç¬¬ 58 è¡Œ.
NOTIC: [8] Undefined index: awayname D:\phpserver\match.boss.com\Web\Runtime\Cache\Home\bc0144a4fd1292e6da37880e61825715.php ç¬¬ 59 è¡Œ.
NOTIC: [8] Undefined index: lost D:\phpserver\match.boss.com\Web\Runtime\Cache\Home\bc0144a4fd1292e6da37880e61825715.php ç¬¬ 60 è¡Œ.
NOTIC: [8] Undefined index: homename D:\phpserver\match.boss.com\Web\Runtime\Cache\Home\bc0144a4fd1292e6da37880e61825715.php ç¬¬ 58 è¡Œ.
NOTIC: [8] Undefined index: awayname D:\phpserver\match.boss.com\Web\Runtime\Cache\Home\bc0144a4fd1292e6da37880e61825715.php ç¬¬ 59 è¡Œ.
NOTIC: [8] Undefined index: lost D:\phpserver\match.boss.com\Web\Runtime\Cache\Home\bc0144a4fd1292e6da37880e61825715.php ç¬¬ 60 è¡Œ.
NOTIC: [8] Undefined index: homename D:\phpserver\match.boss.com\Web\Runtime\Cache\Home\bc0144a4fd1292e6da37880e61825715.php ç¬¬ 58 è¡Œ.
NOTIC: [8] Undefined index: awayname D:\phpserver\match.boss.com\Web\Runtime\Cache\Home\bc0144a4fd1292e6da37880e61825715.php ç¬¬ 59 è¡Œ.
NOTIC: [8] Undefined index: lost D:\phpserver\match.boss.com\Web\Runtime\Cache\Home\bc0144a4fd1292e6da37880e61825715.php ç¬¬ 60 è¡Œ.
NOTIC: [8] Undefined variable: data D:\phpserver\match.boss.com\Web\Runtime\Cache\Home\bc0144a4fd1292e6da37880e61825715.php ç¬¬ 65 è¡Œ.
INFO: Run Behavior\ParseTemplate [ RunTime:0.012769s ]
INFO: [ view_parse ] --END-- [ RunTime:0.012850s ]
INFO: [ view_filter ] --START--
INFO: Run Behavior\WriteHtmlCache [ RunTime:0.000530s ]
INFO: [ view_filter ] --END-- [ RunTime:0.000612s ]
INFO: [ app_end ] --START--
INFO: Run Behavior\ShowPageTrace [ RunTime:0.000824s ]
INFO: [ app_end ] --END-- [ RunTime:0.000926s ]

[ 2014-07-17T23:20:28+08:00 ] 127.0.0.1 /
INFO: [ app_begin ] --START--
INFO: Run Behavior\ReadHtmlCache [ RunTime:0.000785s ]
INFO: [ app_begin ] --END-- [ RunTime:0.001366s ]
INFO: [ view_parse ] --START--
INFO: [ template_filter ] --START--
INFO: Run Behavior\ContentReplace [ RunTime:0.000083s ]
INFO: [ template_filter ] --END-- [ RunTime:0.000189s ]
NOTIC: [8] Undefined index: allend D:\phpserver\match.boss.com\Web\Runtime\Cache\Home\bc0144a4fd1292e6da37880e61825715.php ç¬¬ 53 è¡Œ.
NOTIC: [8] Undefined index: homename D:\phpserver\match.boss.com\Web\Runtime\Cache\Home\bc0144a4fd1292e6da37880e61825715.php ç¬¬ 58 è¡Œ.
NOTIC: [8] Undefined index: awayname D:\phpserver\match.boss.com\Web\Runtime\Cache\Home\bc0144a4fd1292e6da37880e61825715.php ç¬¬ 59 è¡Œ.
NOTIC: [8] Undefined index: lost D:\phpserver\match.boss.com\Web\Runtime\Cache\Home\bc0144a4fd1292e6da37880e61825715.php ç¬¬ 60 è¡Œ.
NOTIC: [8] Undefined index: homename D:\phpserver\match.boss.com\Web\Runtime\Cache\Home\bc0144a4fd1292e6da37880e61825715.php ç¬¬ 58 è¡Œ.
NOTIC: [8] Undefined index: awayname D:\phpserver\match.boss.com\Web\Runtime\Cache\Home\bc0144a4fd1292e6da37880e61825715.php ç¬¬ 59 è¡Œ.
NOTIC: [8] Undefined index: lost D:\phpserver\match.boss.com\Web\Runtime\Cache\Home\bc0144a4fd1292e6da37880e61825715.php ç¬¬ 60 è¡Œ.
NOTIC: [8] Undefined index: homename D:\phpserver\match.boss.com\Web\Runtime\Cache\Home\bc0144a4fd1292e6da37880e61825715.php ç¬¬ 58 è¡Œ.
NOTIC: [8] Undefined index: awayname D:\phpserver\match.boss.com\Web\Runtime\Cache\Home\bc0144a4fd1292e6da37880e61825715.php ç¬¬ 59 è¡Œ.
NOTIC: [8] Undefined index: lost D:\phpserver\match.boss.com\Web\Runtime\Cache\Home\bc0144a4fd1292e6da37880e61825715.php ç¬¬ 60 è¡Œ.
NOTIC: [8] Undefined index: homename D:\phpserver\match.boss.com\Web\Runtime\Cache\Home\bc0144a4fd1292e6da37880e61825715.php ç¬¬ 58 è¡Œ.
NOTIC: [8] Undefined index: awayname D:\phpserver\match.boss.com\Web\Runtime\Cache\Home\bc0144a4fd1292e6da37880e61825715.php ç¬¬ 59 è¡Œ.
NOTIC: [8] Undefined index: lost D:\phpserver\match.boss.com\Web\Runtime\Cache\Home\bc0144a4fd1292e6da37880e61825715.php ç¬¬ 60 è¡Œ.
NOTIC: [8] Undefined index: homename D:\phpserver\match.boss.com\Web\Runtime\Cache\Home\bc0144a4fd1292e6da37880e61825715.php ç¬¬ 58 è¡Œ.
NOTIC: [8] Undefined index: awayname D:\phpserver\match.boss.com\Web\Runtime\Cache\Home\bc0144a4fd1292e6da37880e61825715.php ç¬¬ 59 è¡Œ.
NOTIC: [8] Undefined index: lost D:\phpserver\match.boss.com\Web\Runtime\Cache\Home\bc0144a4fd1292e6da37880e61825715.php ç¬¬ 60 è¡Œ.
NOTIC: [8] Undefined index: homename D:\phpserver\match.boss.com\Web\Runtime\Cache\Home\bc0144a4fd1292e6da37880e61825715.php ç¬¬ 58 è¡Œ.
NOTIC: [8] Undefined index: awayname D:\phpserver\match.boss.com\Web\Runtime\Cache\Home\bc0144a4fd1292e6da37880e61825715.php ç¬¬ 59 è¡Œ.
NOTIC: [8] Undefined index: lost D:\phpserver\match.boss.com\Web\Runtime\Cache\Home\bc0144a4fd1292e6da37880e61825715.php ç¬¬ 60 è¡Œ.
NOTIC: [8] Undefined index: homename D:\phpserver\match.boss.com\Web\Runtime\Cache\Home\bc0144a4fd1292e6da37880e61825715.php ç¬¬ 58 è¡Œ.
NOTIC: [8] Undefined index: awayname D:\phpserver\match.boss.com\Web\Runtime\Cache\Home\bc0144a4fd1292e6da37880e61825715.php ç¬¬ 59 è¡Œ.
NOTIC: [8] Undefined index: lost D:\phpserver\match.boss.com\Web\Runtime\Cache\Home\bc0144a4fd1292e6da37880e61825715.php ç¬¬ 60 è¡Œ.
NOTIC: [8] Undefined index: homename D:\phpserver\match.boss.com\Web\Runtime\Cache\Home\bc0144a4fd1292e6da37880e61825715.php ç¬¬ 58 è¡Œ.
NOTIC: [8] Undefined index: awayname D:\phpserver\match.boss.com\Web\Runtime\Cache\Home\bc0144a4fd1292e6da37880e61825715.php ç¬¬ 59 è¡Œ.
NOTIC: [8] Undefined index: lost D:\phpserver\match.boss.com\Web\Runtime\Cache\Home\bc0144a4fd1292e6da37880e61825715.php ç¬¬ 60 è¡Œ.
NOTIC: [8] Undefined index: homename D:\phpserver\match.boss.com\Web\Runtime\Cache\Home\bc0144a4fd1292e6da37880e61825715.php ç¬¬ 58 è¡Œ.
NOTIC: [8] Undefined index: awayname D:\phpserver\match.boss.com\Web\Runtime\Cache\Home\bc0144a4fd1292e6da37880e61825715.php ç¬¬ 59 è¡Œ.
NOTIC: [8] Undefined index: lost D:\phpserver\match.boss.com\Web\Runtime\Cache\Home\bc0144a4fd1292e6da37880e61825715.php ç¬¬ 60 è¡Œ.
NOTIC: [8] Undefined index: homename D:\phpserver\match.boss.com\Web\Runtime\Cache\Home\bc0144a4fd1292e6da37880e61825715.php ç¬¬ 58 è¡Œ.
NOTIC: [8] Undefined index: awayname D:\phpserver\match.boss.com\Web\Runtime\Cache\Home\bc0144a4fd1292e6da37880e61825715.php ç¬¬ 59 è¡Œ.
NOTIC: [8] Undefined index: lost D:\phpserver\match.boss.com\Web\Runtime\Cache\Home\bc0144a4fd1292e6da37880e61825715.php ç¬¬ 60 è¡Œ.
NOTIC: [8] Undefined index: homename D:\phpserver\match.boss.com\Web\Runtime\Cache\Home\bc0144a4fd1292e6da37880e61825715.php ç¬¬ 58 è¡Œ.
NOTIC: [8] Undefined index: awayname D:\phpserver\match.boss.com\Web\Runtime\Cache\Home\bc0144a4fd1292e6da37880e61825715.php ç¬¬ 59 è¡Œ.
NOTIC: [8] Undefined index: lost D:\phpserver\match.boss.com\Web\Runtime\Cache\Home\bc0144a4fd1292e6da37880e61825715.php ç¬¬ 60 è¡Œ.
NOTIC: [8] Undefined index: homename D:\phpserver\match.boss.com\Web\Runtime\Cache\Home\bc0144a4fd1292e6da37880e61825715.php ç¬¬ 58 è¡Œ.
NOTIC: [8] Undefined index: awayname D:\phpserver\match.boss.com\Web\Runtime\Cache\Home\bc0144a4fd1292e6da37880e61825715.php ç¬¬ 59 è¡Œ.
NOTIC: [8] Undefined index: lost D:\phpserver\match.boss.com\Web\Runtime\Cache\Home\bc0144a4fd1292e6da37880e61825715.php ç¬¬ 60 è¡Œ.
NOTIC: [8] Undefined variable: data D:\phpserver\match.boss.com\Web\Runtime\Cache\Home\bc0144a4fd1292e6da37880e61825715.php ç¬¬ 65 è¡Œ.
INFO: Run Behavior\ParseTemplate [ RunTime:0.013899s ]
INFO: [ view_parse ] --END-- [ RunTime:0.014001s ]
INFO: [ view_filter ] --START--
INFO: Run Behavior\WriteHtmlCache [ RunTime:0.000447s ]
INFO: [ view_filter ] --END-- [ RunTime:0.000520s ]
INFO: [ app_end ] --START--
INFO: Run Behavior\ShowPageTrace [ RunTime:0.001009s ]
INFO: [ app_end ] --END-- [ RunTime:0.001124s ]

[ 2014-07-17T23:21:42+08:00 ] 127.0.0.1 /
INFO: [ app_begin ] --START--
INFO: Run Behavior\ReadHtmlCache [ RunTime:0.000867s ]
INFO: [ app_begin ] --END-- [ RunTime:0.001387s ]
INFO: [ view_parse ] --START--
INFO: [ template_filter ] --START--
INFO: Run Behavior\ContentReplace [ RunTime:0.000081s ]
INFO: [ template_filter ] --END-- [ RunTime:0.000177s ]
NOTIC: [8] Undefined index: allend D:\phpserver\match.boss.com\Web\Runtime\Cache\Home\bc0144a4fd1292e6da37880e61825715.php ç¬¬ 53 è¡Œ.
NOTIC: [8] Undefined variable: data D:\phpserver\match.boss.com\Web\Runtime\Cache\Home\bc0144a4fd1292e6da37880e61825715.php ç¬¬ 65 è¡Œ.
INFO: Run Behavior\ParseTemplate [ RunTime:0.010487s ]
INFO: [ view_parse ] --END-- [ RunTime:0.010578s ]
INFO: [ view_filter ] --START--
INFO: Run Behavior\WriteHtmlCache [ RunTime:0.000378s ]
INFO: [ view_filter ] --END-- [ RunTime:0.000448s ]
INFO: [ app_end ] --START--
INFO: Run Behavior\ShowPageTrace [ RunTime:0.000612s ]
INFO: [ app_end ] --END-- [ RunTime:0.000700s ]

[ 2014-07-17T23:22:03+08:00 ] 127.0.0.1 /
INFO: [ app_begin ] --START--
INFO: Run Behavior\ReadHtmlCache [ RunTime:0.000830s ]
INFO: [ app_begin ] --END-- [ RunTime:0.001512s ]
INFO: [ view_parse ] --START--
INFO: [ template_filter ] --START--
INFO: Run Behavior\ContentReplace [ RunTime:0.000082s ]
INFO: [ template_filter ] --END-- [ RunTime:0.000190s ]
NOTIC: [8] Undefined index: allend D:\phpserver\match.boss.com\Web\Runtime\Cache\Home\bc0144a4fd1292e6da37880e61825715.php ç¬¬ 53 è¡Œ.
INFO: Run Behavior\ParseTemplate [ RunTime:0.012243s ]
INFO: [ view_parse ] --END-- [ RunTime:0.012409s ]
INFO: [ view_filter ] --START--
INFO: Run Behavior\WriteHtmlCache [ RunTime:0.000568s ]
INFO: [ view_filter ] --END-- [ RunTime:0.000644s ]
INFO: [ app_end ] --START--
INFO: Run Behavior\ShowPageTrace [ RunTime:0.000850s ]
INFO: [ app_end ] --END-- [ RunTime:0.001009s ]

[ 2014-07-17T23:24:02+08:00 ] 127.0.0.1 /
INFO: [ app_begin ] --START--
INFO: Run Behavior\ReadHtmlCache [ RunTime:0.000676s ]
INFO: [ app_begin ] --END-- [ RunTime:0.001374s ]
INFO: [ view_parse ] --START--
INFO: [ template_filter ] --START--
INFO: Run Behavior\ContentReplace [ RunTime:0.000076s ]
INFO: [ template_filter ] --END-- [ RunTime:0.000162s ]
NOTIC: [8] Undefined index: allend D:\phpserver\match.boss.com\Web\Runtime\Cache\Home\bc0144a4fd1292e6da37880e61825715.php ç¬¬ 53 è¡Œ.
INFO: Run Behavior\ParseTemplate [ RunTime:0.019418s ]
INFO: [ view_parse ] --END-- [ RunTime:0.019527s ]
INFO: [ view_filter ] --START--
INFO: Run Behavior\WriteHtmlCache [ RunTime:0.000598s ]
INFO: [ view_filter ] --END-- [ RunTime:0.000712s ]
INFO: [ app_end ] --START--
INFO: Run Behavior\ShowPageTrace [ RunTime:0.002242s ]
INFO: [ app_end ] --END-- [ RunTime:0.002642s ]

[ 2014-07-17T23:26:21+08:00 ] 127.0.0.1 /
INFO: [ app_begin ] --START--
INFO: Run Behavior\ReadHtmlCache [ RunTime:0.000811s ]
INFO: [ app_begin ] --END-- [ RunTime:0.001415s ]
INFO: [ view_parse ] --START--
INFO: [ template_filter ] --START--
INFO: Run Behavior\ContentReplace [ RunTime:0.000083s ]
INFO: [ template_filter ] --END-- [ RunTime:0.000194s ]
NOTIC: [8] Undefined index: allend D:\phpserver\match.boss.com\Web\Runtime\Cache\Home\bc0144a4fd1292e6da37880e61825715.php ç¬¬ 53 è¡Œ.
INFO: Run Behavior\ParseTemplate [ RunTime:0.049831s ]
INFO: [ view_parse ] --END-- [ RunTime:0.049959s ]
INFO: [ view_filter ] --START--
INFO: Run Behavior\WriteHtmlCache [ RunTime:0.000564s ]
INFO: [ view_filter ] --END-- [ RunTime:0.000635s ]
INFO: [ app_end ] --START--
INFO: Run Behavior\ShowPageTrace [ RunTime:0.000759s ]
INFO: [ app_end ] --END-- [ RunTime:0.000855s ]

[ 2014-07-17T23:27:06+08:00 ] 127.0.0.1 /
INFO: [ app_begin ] --START--
INFO: Run Behavior\ReadHtmlCache [ RunTime:0.000760s ]
INFO: [ app_begin ] --END-- [ RunTime:0.001385s ]
INFO: [ view_parse ] --START--
INFO: [ template_filter ] --START--
INFO: Run Behavior\ContentReplace [ RunTime:0.000082s ]
INFO: [ template_filter ] --END-- [ RunTime:0.000195s ]
NOTIC: [8] Undefined index: allend D:\phpserver\match.boss.com\Web\Runtime\Cache\Home\bc0144a4fd1292e6da37880e61825715.php ç¬¬ 53 è¡Œ.
INFO: Run Behavior\ParseTemplate [ RunTime:0.010640s ]
INFO: [ view_parse ] --END-- [ RunTime:0.010724s ]
INFO: [ view_filter ] --START--
INFO: Run Behavior\WriteHtmlCache [ RunTime:0.000381s ]
INFO: [ view_filter ] --END-- [ RunTime:0.000460s ]
INFO: [ app_end ] --START--
INFO: Run Behavior\ShowPageTrace [ RunTime:0.000782s ]
INFO: [ app_end ] --END-- [ RunTime:0.000881s ]

[ 2014-07-17T23:29:34+08:00 ] 127.0.0.1 /
INFO: [ app_begin ] --START--
INFO: Run Behavior\ReadHtmlCache [ RunTime:0.000754s ]
INFO: [ app_begin ] --END-- [ RunTime:0.001354s ]
INFO: [ view_parse ] --START--
INFO: [ template_filter ] --START--
INFO: Run Behavior\ContentReplace [ RunTime:0.000089s ]
INFO: [ template_filter ] --END-- [ RunTime:0.000215s ]
NOTIC: [8] Undefined index: allend D:\phpserver\match.boss.com\Web\Runtime\Cache\Home\bc0144a4fd1292e6da37880e61825715.php ç¬¬ 53 è¡Œ.
INFO: Run Behavior\ParseTemplate [ RunTime:0.009461s ]
INFO: [ view_parse ] --END-- [ RunTime:0.009544s ]
INFO: [ view_filter ] --START--
INFO: Run Behavior\WriteHtmlCache [ RunTime:0.000446s ]
INFO: [ view_filter ] --END-- [ RunTime:0.000515s ]
INFO: [ app_end ] --START--
INFO: Run Behavior\ShowPageTrace [ RunTime:0.000820s ]
INFO: [ app_end ] --END-- [ RunTime:0.000932s ]

[ 2014-07-17T23:53:44+08:00 ] 127.0.0.1 /
INFO: [ app_begin ] --START--
INFO: Run Behavior\ReadHtmlCache [ RunTime:0.000736s ]
INFO: [ app_begin ] --END-- [ RunTime:0.001555s ]
INFO: [ view_parse ] --START--
INFO: [ template_filter ] --START--
INFO: Run Behavior\ContentReplace [ RunTime:0.000128s ]
INFO: [ template_filter ] --END-- [ RunTime:0.000241s ]
NOTIC: [8] Undefined index: allend D:\phpserver\match.boss.com\Web\Runtime\Cache\Home\bc0144a4fd1292e6da37880e61825715.php ç¬¬ 53 è¡Œ.
INFO: Run Behavior\ParseTemplate [ RunTime:0.009817s ]
INFO: [ view_parse ] --END-- [ RunTime:0.009906s ]
INFO: [ view_filter ] --START--
INFO: Run Behavior\WriteHtmlCache [ RunTime:0.000485s ]
INFO: [ view_filter ] --END-- [ RunTime:0.000590s ]
INFO: [ app_end ] --START--
INFO: Run Behavior\ShowPageTrace [ RunTime:0.000883s ]
INFO: [ app_end ] --END-- [ RunTime:0.001025s ]

[ 2014-07-17T23:53:46+08:00 ] 127.0.0.1 /
INFO: [ app_begin ] --START--
INFO: Run Behavior\ReadHtmlCache [ RunTime:0.000666s ]
INFO: [ app_begin ] --END-- [ RunTime:0.001282s ]
INFO: [ view_parse ] --START--
INFO: [ template_filter ] --START--
INFO: Run Behavior\ContentReplace [ RunTime:0.000083s ]
INFO: [ template_filter ] --END-- [ RunTime:0.000195s ]
NOTIC: [8] Undefined index: allend D:\phpserver\match.boss.com\Web\Runtime\Cache\Home\bc0144a4fd1292e6da37880e61825715.php ç¬¬ 53 è¡Œ.
INFO: Run Behavior\ParseTemplate [ RunTime:0.010230s ]
INFO: [ view_parse ] --END-- [ RunTime:0.010314s ]
INFO: [ view_filter ] --START--
INFO: Run Behavior\WriteHtmlCache [ RunTime:0.000447s ]
INFO: [ view_filter ] --END-- [ RunTime:0.000517s ]
INFO: [ app_end ] --START--
INFO: Run Behavior\ShowPageTrace [ RunTime:0.000761s ]
INFO: [ app_end ] --END-- [ RunTime:0.000950s ]

