[ 2014-08-28T00:01:34+08:00 ] 127.0.0.1 /Home/MatAdmin/modteamUp.html
ERR: éæ³•æ“ä½œ:modteamup

[ 2014-08-28T00:01:41+08:00 ] 127.0.0.1 /Home/MatAdmin/modteamUp.html
ERR: éæ³•æ“ä½œ:modteamup

[ 2014-08-28T00:02:03+08:00 ] 127.0.0.1 /Home/MatAdmin/modteamUp.html?tid=211&team=%E6%B5%B7%E7%89%99s
ERR: éæ³•æ“ä½œ:modteamup

[ 2014-08-28T00:04:23+08:00 ] 127.0.0.1 /Home/MatAdmin/modteamUp.html?tid=211&team=%E6%B5%B7%E7%89%99s
ERR: éæ³•æ“ä½œ:modteamup

[ 2014-08-28T01:09:10+08:00 ] 127.0.0.1 /Home/Match/addteamUp.html
ERR: 1062:Duplicate entry '1' for key 'PRIMARY'
 [ SQLè¯­å¥ ] : INSERT INTO `m_team` (`tid`,`tname`,`qtname`) VALUES (1,'æµ·ç‰™','æµ·ç‰™'),(2,'å°¼ç¾æ \¹','å°¼ç¾æ \¹')

[ 2014-08-28T01:09:37+08:00 ] 127.0.0.1 /Home/Match/addteamUp.html
ERR: 1062:Duplicate entry '1' for key 'PRIMARY'
 [ SQLè¯­å¥ ] : INSERT INTO `m_team` (`tid`,`tname`,`qtname`) VALUES (1,'æµ·ç‰™','æµ·ç‰™'),(2,'å°¼ç¾æ \¹','å°¼ç¾æ \¹')

[ 2014-08-28T01:27:15+08:00 ] 127.0.0.1 /Home/Match/teamUpAll.html
ERR: 1062:Duplicate entry '688' for key 'PRIMARY'
 [ SQLè¯­å¥ ] : INSERT INTO `m_team` (`tid`,`tname`,`qtname`) VALUES (688,'è´è¥¿å…‹å¡”æ–\¯','è´è¥¿å…‹å¡”æ–\¯')
ERR: 1062:Duplicate entry '554' for key 'PRIMARY'
 [ SQLè¯­å¥ ] : INSERT INTO `m_team` (`tid`,`tname`,`qtname`) VALUES (554,'é˜¿æ£®çº\³','é˜¿æ£®çº\³')
ERR: 1062:Duplicate entry '688' for key 'PRIMARY'
 [ SQLè¯­å¥ ] : INSERT INTO `m_team` (`tid`,`tname`,`qtname`) VALUES (688,'è´è¥¿å…‹å¡”æ–\¯','è´è¥¿å…‹å¡”æ–\¯')
ERR: 1062:Duplicate entry '690' for key 'PRIMARY'
 [ SQLè¯­å¥ ] : INSERT INTO `m_team` (`tid`,`tname`,`qtname`) VALUES (690,'æ¯•å°”å·´é„‚ç«æŠ€','æ¯•å°”å·´é„‚ç«æŠ€')
ERR: 1062:Duplicate entry '1125' for key 'PRIMARY'
 [ SQLè¯­å¥ ] : INSERT INTO `m_team` (`tid`,`tname`,`qtname`) VALUES (1125,'é‚£ä¸å‹’æ–¯','é‚£ä¸å‹’æ–¯')
ERR: 1062:Duplicate entry '690' for key 'PRIMARY'
 [ SQLè¯­å¥ ] : INSERT INTO `m_team` (`tid`,`tname`,`qtname`) VALUES (690,'æ¯•å°”å·´é„‚ç«æŠ€','æ¯•å°”å·´é„‚ç«æŠ€')
ERR: 1062:Duplicate entry '1125' for key 'PRIMARY'
 [ SQLè¯­å¥ ] : INSERT INTO `m_team` (`tid`,`tname`,`qtname`) VALUES (1125,'é‚£ä¸å‹’æ–¯','é‚£ä¸å‹’æ–¯')
ERR: 1062:Duplicate entry '986' for key 'PRIMARY'
 [ SQLè¯­å¥ ] : INSERT INTO `m_team` (`tid`,`tname`,`qtname`) VALUES (986,'å‹’æ²ƒåº“æ£®','å‹’æ²ƒåº“æ£®')
ERR: 1062:Duplicate entry '819' for key 'PRIMARY'
 [ SQLè¯­å¥ ] : INSERT INTO `m_team` (`tid`,`tname`,`qtname`) VALUES (819,'å“¥æœ¬å“ˆæ ¹','å“¥æœ¬å“ˆæ ¹')
ERR: 1062:Duplicate entry '986' for key 'PRIMARY'
 [ SQLè¯­å¥ ] : INSERT INTO `m_team` (`tid`,`tname`,`qtname`) VALUES (986,'å‹’æ²ƒåº“æ£®','å‹’æ²ƒåº“æ£®')
ERR: 1062:Duplicate entry '819' for key 'PRIMARY'
 [ SQLè¯­å¥ ] : INSERT INTO `m_team` (`tid`,`tname`,`qtname`) VALUES (819,'å“¥æœ¬å“ˆæ ¹','å“¥æœ¬å“ˆæ ¹')
ERR: 1062:Duplicate entry '712' for key 'PRIMARY'
 [ SQLè¯­å¥ ] : INSERT INTO `m_team` (`tid`,`tname`,`qtname`) VALUES (712,'å¸ƒåŠ å‹’æ–¯ç‰¹æ˜Ÿ','å¸ƒåŠ å‹’æ–¯ç‰¹æ˜Ÿ')
ERR: 1062:Duplicate entry '712' for key 'PRIMARY'
 [ SQLè¯­å¥ ] : INSERT INTO `m_team` (`tid`,`tname`,`qtname`) VALUES (712,'å¸ƒåŠ å‹’æ–¯ç‰¹æ˜Ÿ','å¸ƒåŠ å‹’æ–¯ç‰¹æ˜Ÿ')
ERR: 1062:Duplicate entry '1051' for key 'PRIMARY'
 [ SQLè¯­å¥ ] : INSERT INTO `m_team` (`tid`,`tname`,`qtname`) VALUES (1051,'é©¬å°”é»\˜','é©¬å°”é»\˜')
ERR: 1062:Duplicate entry '446' for key 'PRIMARY'
 [ SQLè¯­å¥ ] : INSERT INTO `m_team` (`tid`,`tname`,`qtname`) VALUES (446,'è¨å°”èŒ¨å ¡','è¨å°”èŒ¨å ¡')
ERR: 1062:Duplicate entry '555' for key 'PRIMARY'
 [ SQLè¯­å¥ ] : INSERT INTO `m_team` (`tid`,`tname`,`qtname`) VALUES (555,'é˜¿æ–¯é¡¿ç»´æ‹\‰','é˜¿æ–¯é¡¿ç»´æ‹\‰')
ERR: 1062:Duplicate entry '1626' for key 'PRIMARY'
 [ SQLè¯­å¥ ] : INSERT INTO `m_team` (`tid`,`tname`,`qtname`) VALUES (1626,'è±é¡¿ä¸œæ–¹','è±é¡¿ä¸œæ–¹')
ERR: 1062:Duplicate entry '555' for key 'PRIMARY'
 [ SQLè¯­å¥ ] : INSERT INTO `m_team` (`tid`,`tname`,`qtname`) VALUES (555,'é˜¿æ–¯é¡¿ç»´æ‹\‰','é˜¿æ–¯é¡¿ç»´æ‹\‰')
ERR: 1062:Duplicate entry '1626' for key 'PRIMARY'
 [ SQLè¯­å¥ ] : INSERT INTO `m_team` (`tid`,`tname`,`qtname`) VALUES (1626,'è±é¡¿ä¸œæ–¹','è±é¡¿ä¸œæ–¹')
ERR: 1062:Duplicate entry '466' for key 'PRIMARY'
 [ SQLè¯­å¥ ] : INSERT INTO `m_team` (`tid`,`tname`,`qtname`) VALUES (466,'æ¡‘å¾·å…\°','æ¡‘å¾·å…\°')
ERR: 1062:Duplicate entry '701' for key 'PRIMARY'
 [ SQLè¯­å¥ ] : INSERT INTO `m_team` (`tid`,`tname`,`qtname`) VALUES (701,'ä¼¯æ˜ç¿\°','ä¼¯æ˜ç¿\°')
ERR: 1062:Duplicate entry '466' for key 'PRIMARY'
 [ SQLè¯­å¥ ] : INSERT INTO `m_team` (`tid`,`tname`,`qtname`) VALUES (466,'æ¡‘å¾·å…\°','æ¡‘å¾·å…\°')
ERR: 1062:Duplicate entry '2351' for key 'PRIMARY'
 [ SQLè¯­å¥ ] : INSERT INTO `m_team` (`tid`,`tname`,`qtname`) VALUES (2351,'ä¼¯é¡¿','ä¼¯é¡¿')
ERR: 1062:Duplicate entry '954' for key 'PRIMARY'
 [ SQLè¯­å¥ ] : INSERT INTO `m_team` (`tid`,`tname`,`qtname`) VALUES (954,'å¥³ç‹å…¬å›­å·¡æ¸¸è€\…','å¥³ç‹å…¬å›­å·¡æ¸¸è€\…')
ERR: 1062:Duplicate entry '1197' for key 'PRIMARY'
 [ SQLè¯­å¥ ] : INSERT INTO `m_team` (`tid`,`tname`,`qtname`) VALUES (1197,'æ–¯æ‰˜å…‹åŸ','æ–¯æ‰˜å…‹åŸ')
ERR: 1062:Duplicate entry '716' for key 'PRIMARY'
 [ SQLè¯­å¥ ] : INSERT INTO `m_team` (`tid`,`tname`,`qtname`) VALUES (716,'å¸ƒæ‹‰å¾·ç¦å¾\·','å¸ƒæ‹‰å¾·ç¦å¾\·')
ERR: 1062:Duplicate entry '1015' for key 'PRIMARY'
 [ SQLè¯­å¥ ] : INSERT INTO `m_team` (`tid`,`tname`,`qtname`) VALUES (1015,'åˆ©å…¹è\”','åˆ©å…¹è\”')
ERR: 1062:Duplicate entry '1183' for key 'PRIMARY'
 [ SQLè¯­å¥ ] : INSERT INTO `m_team` (`tid`,`tname`,`qtname`) VALUES (1183,'æ‹‰æ–æ‹‰ç«æŠ€','æ‹‰æ–æ‹‰ç«æŠ€')
ERR: 1062:Duplicate entry '1136' for key 'PRIMARY'
 [ SQLè¯­å¥ ] : INSERT INTO `m_team` (`tid`,`tname`,`qtname`) VALUES (1136,'çº½ç»´å°”è€ç”·å­\©','çº½ç»´å°”è€ç”·å­\©')
ERR: 1062:Duplicate entry '1034' for key 'PRIMARY'
 [ SQLè¯­å¥ ] : INSERT INTO `m_team` (`tid`,`tname`,`qtname`) VALUES (1034,'ç½—è¨é‡Œå¥¥ä¸­å¤®','ç½—è¨é‡Œå¥¥ä¸­å¤®')
ERR: 1062:Duplicate entry '3608' for key 'PRIMARY'
 [ SQLè¯­å¥ ] : INSERT INTO `m_team` (`tid`,`tname`,`qtname`) VALUES (3608,'æˆˆå¤šä¼Šå…‹é²æ–¯','æˆˆå¤šä¼Šå…‹é²æ–¯')
ERR: 1062:Duplicate entry '864' for key 'PRIMARY'
 [ SQLè¯­å¥ ] : INSERT INTO `m_team` (`tid`,`tname`,`qtname`) VALUES (864,'æ²³åºŠ','æ²³åºŠ')
ERR: 1062:Duplicate entry '1571' for key 'PRIMARY'
 [ SQLè¯­å¥ ] : INSERT INTO `m_team` (`tid`,`tname`,`qtname`) VALUES (1571,'å·´æ‹‰çº³ç«æŠ€','å·´æ‹‰çº³ç«æŠ€')
ERR: 1062:Duplicate entry '6945' for key 'PRIMARY'
 [ SQLè¯­å¥ ] : INSERT INTO `m_team` (`tid`,`tname`,`qtname`) VALUES (6945,'è±æ˜‚','è±æ˜‚')
ERR: 1062:Duplicate entry '6945' for key 'PRIMARY'
 [ SQLè¯­å¥ ] : INSERT INTO `m_team` (`tid`,`tname`,`qtname`) VALUES (6945,'è±æ˜‚','è±æ˜‚')
ERR: 1062:Duplicate entry '569' for key 'PRIMARY'
 [ SQLè¯­å¥ ] : INSERT INTO `m_team` (`tid`,`tname`,`qtname`) VALUES (569,'æ‹‰æ™®æ‹‰å¡”å¤§å­¦ç”\Ÿ','æ‹‰æ™®æ‹‰å¡”å¤§å­¦ç”\Ÿ')
ERR: 1062:Duplicate entry '705' for key 'PRIMARY'
 [ SQLè¯­å¥ ] : INSERT INTO `m_team` (`tid`,`tname`,`qtname`) VALUES (705,'åšå¡é’å¹´','åšå¡é’å¹´')
ERR: 1062:Duplicate entry '1582' for key 'PRIMARY'
 [ SQLè¯­å¥ ] : INSERT INTO `m_team` (`tid`,`tname`,`qtname`) VALUES (1582,'å·´è¥¿å›½é™…','å·´è¥¿å›½é™…')
ERR: 1062:Duplicate entry '2277' for key 'PRIMARY'
 [ SQLè¯­å¥ ] : INSERT INTO `m_team` (`tid`,`tname`,`qtname`) VALUES (2277,'å·´ä¼Šäº\š','å·´ä¼Šäº\š')
ERR: 1062:Duplicate entry '1568' for key 'PRIMARY'
 [ SQLè¯­å¥ ] : INSERT INTO `m_team` (`tid`,`tname`,`qtname`) VALUES (1568,'åšå¡”å¼—æˆˆ','åšå¡”å¼—æˆˆ')
ERR: 1062:Duplicate entry '2407' for key 'PRIMARY'
 [ SQLè¯­å¥ ] : INSERT INTO `m_team` (`tid`,`tname`,`qtname`) VALUES (2407,'å¡é˜¿æ‹\‰','å¡é˜¿æ‹\‰')
ERR: 1062:Duplicate entry '1572' for key 'PRIMARY'
 [ SQLè¯­å¥ ] : INSERT INTO `m_team` (`tid`,`tname`,`qtname`) VALUES (1572,'ç§‘æ—è’‚å®‰','ç§‘æ—è’‚å®‰')
ERR: 1062:Duplicate entry '1573' for key 'PRIMARY'
 [ SQLè¯­å¥ ] : INSERT INTO `m_team` (`tid`,`tname`,`qtname`) VALUES (1573,'ç§‘é‡Œè’‚å·´','ç§‘é‡Œè’‚å·´')
ERR: 1062:Duplicate entry '1577' for key 'PRIMARY'
 [ SQLè¯­å¥ ] : INSERT INTO `m_team` (`tid`,`tname`,`qtname`) VALUES (1577,'å¼—æ‹‰é—¨æˆˆ','å¼—æ‹‰é—¨æˆˆ')
ERR: 1062:Duplicate entry '1567' for key 'PRIMARY'
 [ SQLè¯­å¥ ] : INSERT INTO `m_team` (`tid`,`tname`,`qtname`) VALUES (1567,'å¸•å°”æ¢…æ‹‰æ–\¯','å¸•å°”æ¢…æ‹‰æ–\¯')
ERR: 1062:Duplicate entry '1570' for key 'PRIMARY'
 [ SQLè¯­å¥ ] : INSERT INTO `m_team` (`tid`,`tname`,`qtname`) VALUES (1570,'ç±³å†…ç½—ç«æŠ€','ç±³å†…ç½—ç«æŠ€')
ERR: 1062:Duplicate entry '2258' for key 'PRIMARY'
 [ SQLè¯­å¥ ] : INSERT INTO `m_team` (`tid`,`tname`,`qtname`) VALUES (2258,'åˆ©é©¬è”ç›Ÿ','åˆ©é©¬è”ç›Ÿ')
ERR: 1062:Duplicate entry '1888' for key 'PRIMARY'
 [ SQLè¯­å¥ ] : INSERT INTO `m_team` (`tid`,`tname`,`qtname`) VALUES (1888,'å¸•ä¸˜å\¡','å¸•ä¸˜å\¡')
ERR: 1062:Duplicate entry '1888' for key 'PRIMARY'
 [ SQLè¯­å¥ ] : INSERT INTO `m_team` (`tid`,`tname`,`qtname`) VALUES (1888,'å¸•ä¸˜å\¡','å¸•ä¸˜å\¡')
ERR: 1062:Duplicate entry '1044' for key 'PRIMARY'
 [ SQLè¯­å¥ ] : INSERT INTO `m_team` (`tid`,`tname`,`qtname`) VALUES (1044,'æ´›æ‰çŸ¶é“¶æ²\³','æ´›æ‰çŸ¶é“¶æ²\³')
ERR: 1062:Duplicate entry '881' for key 'PRIMARY'
 [ SQLè¯­å¥ ] : INSERT INTO `m_team` (`tid`,`tname`,`qtname`) VALUES (881,'åç››é¡¿è”','åç››é¡¿è”')
ERR: 1062:Duplicate entry '1113' for key 'PRIMARY'
 [ SQLè¯­å¥ ] : INSERT INTO `m_team` (`tid`,`tname`,`qtname`) VALUES (1113,'è«æ–¯ç§‘ç«è½¦å¤´','è«æ–¯ç§‘ç«è½¦å¤´')
ERR: 1062:Duplicate entry '1113' for key 'PRIMARY'
 [ SQLè¯­å¥ ] : INSERT INTO `m_team` (`tid`,`tname`,`qtname`) VALUES (1113,'è«æ–¯ç§‘ç«è½¦å¤´','è«æ–¯ç§‘ç«è½¦å¤´')
ERR: 1062:Duplicate entry '1112' for key 'PRIMARY'
 [ SQLè¯­å¥ ] : INSERT INTO `m_team` (`tid`,`tname`,`qtname`) VALUES (1112,'è«æ–¯ç§‘è¿ªçº³æ‘©','è«æ–¯ç§‘è¿ªçº³æ‘©')
ERR: 1062:Duplicate entry '2513' for key 'PRIMARY'
 [ SQLè¯­å¥ ] : INSERT INTO `m_team` (`tid`,`tname`,`qtname`) VALUES (2513,'å¥¥è«å°¼äºš','å¥¥è«å°¼äºš')
ERR: 1062:Duplicate entry '1112' for key 'PRIMARY'
 [ SQLè¯­å¥ ] : INSERT INTO `m_team` (`tid`,`tname`,`qtname`) VALUES (1112,'è«æ–¯ç§‘è¿ªçº³æ‘©','è«æ–¯ç§‘è¿ªçº³æ‘©')
ERR: 1062:Duplicate entry '5872' for key 'PRIMARY'
 [ SQLè¯­å¥ ] : INSERT INTO `m_team` (`tid`,`tname`,`qtname`) VALUES (5872,'å…‹æ‹‰æ–¯è¯ºè¾¾å°”','å…‹æ‹‰æ–¯è¯ºè¾¾å°”')
ERR: 1062:Duplicate entry '5872' for key 'PRIMARY'
 [ SQLè¯­å¥ ] : INSERT INTO `m_team` (`tid`,`tname`,`qtname`) VALUES (5872,'å…‹æ‹‰æ–¯è¯ºè¾¾å°”','å…‹æ‹‰æ–¯è¯ºè¾¾å°”')
ERR: 1062:Duplicate entry '885' for key 'PRIMARY'
 [ SQLè¯­å¥ ] : INSERT INTO `m_team` (`tid`,`tname`,`qtname`) VALUES (885,'çš‡å®¶ç¤¾ä¼š','çš‡å®¶ç¤¾ä¼š')
ERR: 1062:Duplicate entry '997' for key 'PRIMARY'
 [ SQLè¯­å¥ ] : INSERT INTO `m_team` (`tid`,`tname`,`qtname`) VALUES (997,'é‡Œæ˜‚','é‡Œæ˜‚')
ERR: 1062:Duplicate entry '997' for key 'PRIMARY'
 [ SQLè¯­å¥ ] : INSERT INTO `m_team` (`tid`,`tname`,`qtname`) VALUES (997,'é‡Œæ˜‚','é‡Œæ˜‚')
ERR: 1062:Duplicate entry '2694' for key 'PRIMARY'
 [ SQLè¯­å¥ ] : INSERT INTO `m_team` (`tid`,`tname`,`qtname`) VALUES (2694,'ç´¢åˆ©æˆˆå°”æ–¯å…‹çŸ¿å·¥','ç´¢åˆ©æˆˆå°”æ–¯å…‹çŸ¿å·¥')
ERR: 1062:Duplicate entry '1295' for key 'PRIMARY'
 [ SQLè¯­å¥ ] : INSERT INTO `m_team` (`tid`,`tname`,`qtname`) VALUES (1295,'æ–¯æ™®åˆ©ç‰¹æµ·æœå…\‹','æ–¯æ™®åˆ©ç‰¹æµ·æœå…\‹')
ERR: 1062:Duplicate entry '1295' for key 'PRIMARY'
 [ SQLè¯­å¥ ] : INSERT INTO `m_team` (`tid`,`tname`,`qtname`) VALUES (1295,'æ–¯æ™®åˆ©ç‰¹æµ·æœå…\‹','æ–¯æ™®åˆ©ç‰¹æµ·æœå…\‹')
ERR: 1062:Duplicate entry '1219' for key 'PRIMARY'
 [ SQLè¯­å¥ ] : INSERT INTO `m_team` (`tid`,`tname`,`qtname`) VALUES (1219,'ç‰¹æ‹‰å¸ƒå®—ä½“è‚²','ç‰¹æ‹‰å¸ƒå®—ä½“è‚²')
ERR: 1062:Duplicate entry '1038' for key 'PRIMARY'
 [ SQLè¯­å¥ ] : INSERT INTO `m_team` (`tid`,`tname`,`qtname`) VALUES (1038,'ç½—æ–¯æ‰˜å¤«','ç½—æ–¯æ‰˜å¤«')
ERR: 1062:Duplicate entry '1219' for key 'PRIMARY'
 [ SQLè¯­å¥ ] : INSERT INTO `m_team` (`tid`,`tname`,`qtname`) VALUES (1219,'ç‰¹æ‹‰å¸ƒå®—ä½“è‚²','ç‰¹æ‹‰å¸ƒå®—ä½“è‚²')
ERR: 1062:Duplicate entry '1231' for key 'PRIMARY'
 [ SQLè¯­å¥ ] : INSERT INTO `m_team` (`tid`,`tname`,`qtname`) VALUES (1231,'ç‰¹æ¸©ç‰\¹','ç‰¹æ¸©ç‰\¹')
ERR: 1062:Duplicate entry '1231' for key 'PRIMARY'
 [ SQLè¯­å¥ ] : INSERT INTO `m_team` (`tid`,`tname`,`qtname`) VALUES (1231,'ç‰¹æ¸©ç‰\¹','ç‰¹æ¸©ç‰\¹')
ERR: 1062:Duplicate entry '1160' for key 'PRIMARY'
 [ SQLè¯­å¥ ] : INSERT INTO `m_team` (`tid`,`tname`,`qtname`) VALUES (1160,'å¸•çº³è¾›çº³ç§‘æ–¯','å¸•çº³è¾›çº³ç§‘æ–¯')
ERR: 1062:Duplicate entry '801' for key 'PRIMARY'
 [ SQLè¯­å¥ ] : INSERT INTO `m_team` (`tid`,`tname`,`qtname`) VALUES (801,'è´¹è€¶è¯ºå¾\·','è´¹è€¶è¯ºå¾\·')
ERR: 1062:Duplicate entry '6017' for key 'PRIMARY'
 [ SQLè¯­å¥ ] : INSERT INTO `m_team` (`tid`,`tname`,`qtname`) VALUES (6017,'RNKæ–¯æ™®åˆ©ç‰¹','RNKæ–¯æ™®åˆ©ç‰¹')
ERR: 1062:Duplicate entry '776' for key 'PRIMARY'
 [ SQLè¯­å¥ ] : INSERT INTO `m_team` (`tid`,`tname`,`qtname`) VALUES (776,'éƒ½çµ','éƒ½çµ')
ERR: 1062:Duplicate entry '776' for key 'PRIMARY'
 [ SQLè¯­å¥ ] : INSERT INTO `m_team` (`tid`,`tname`,`qtname`) VALUES (776,'éƒ½çµ','éƒ½çµ')
ERR: 1062:Duplicate entry '6017' for key 'PRIMARY'
 [ SQLè¯­å¥ ] : INSERT INTO `m_team` (`tid`,`tname`,`qtname`) VALUES (6017,'RNKæ–¯æ™®åˆ©ç‰¹','RNKæ–¯æ™®åˆ©ç‰¹')
ERR: 1062:Duplicate entry '717' for key 'PRIMARY'
 [ SQLè¯­å¥ ] : INSERT INTO `m_team` (`tid`,`tname`,`qtname`) VALUES (717,'å¸ƒæ‹‰æ ¼æ–¯å·´è¾¾','å¸ƒæ‹‰æ ¼æ–¯å·´è¾¾')
ERR: 1062:Duplicate entry '915' for key 'PRIMARY'
 [ SQLè¯­å¥ ] : INSERT INTO `m_team` (`tid`,`tname`,`qtname`) VALUES (915,'å¡æ‹‰æ¯”å…‹ä½“è‚²','å¡æ‹‰æ¯”å…‹ä½“è‚²')
ERR: 1062:Duplicate entry '494' for key 'PRIMARY'
 [ SQLè¯­å¥ ] : INSERT INTO `m_team` (`tid`,`tname`,`qtname`) VALUES (494,'åœ£åŸƒè’‚å®‰','åœ£åŸƒè’‚å®‰')
ERR: 1062:Duplicate entry '915' for key 'PRIMARY'
 [ SQLè¯­å¥ ] : INSERT INTO `m_team` (`tid`,`tname`,`qtname`) VALUES (915,'å¡æ‹‰æ¯”å…‹ä½“è‚²','å¡æ‹‰æ¯”å…‹ä½“è‚²')
ERR: 1062:Duplicate entry '1089' for key 'PRIMARY'
 [ SQLè¯­å¥ ] : INSERT INTO `m_team` (`tid`,`tname`,`qtname`) VALUES (1089,'é—¨å…´æ ¼æ‹‰å¾·å·´èµ\«','é—¨å…´æ ¼æ‹‰å¾·å·´èµ\«')
ERR: 1062:Duplicate entry '480' for key 'PRIMARY'
 [ SQLè¯­å¥ ] : INSERT INTO `m_team` (`tid`,`tname`,`qtname`) VALUES (480,'è¨æ‹‰çƒ­çª','è¨æ‹‰çƒ­çª')
ERR: 1062:Duplicate entry '1099' for key 'PRIMARY'
 [ SQLè¯­å¥ ] : INSERT INTO `m_team` (`tid`,`tname`,`qtname`) VALUES (1099,'è‘¡è„ç‰™å›½æ°\‘','è‘¡è„ç‰™å›½æ°\‘')
ERR: 1062:Duplicate entry '1099' for key 'PRIMARY'
 [ SQLè¯­å¥ ] : INSERT INTO `m_team` (`tid`,`tname`,`qtname`) VALUES (1099,'è‘¡è„ç‰™å›½æ°\‘','è‘¡è„ç‰™å›½æ°\‘')
ERR: 1062:Duplicate entry '683' for key 'PRIMARY'
 [ SQLè¯­å¥ ] : INSERT INTO `m_team` (`tid`,`tname`,`qtname`) VALUES (683,'æ¯”åˆ©äºšé›·äºšå°”','æ¯”åˆ©äºšé›·äºšå°”')
ERR: 1062:Duplicate entry '683' for key 'PRIMARY'
 [ SQLè¯­å¥ ] : INSERT INTO `m_team` (`tid`,`tname`,`qtname`) VALUES (683,'æ¯”åˆ©äºšé›·äºšå°”','æ¯”åˆ©äºšé›·äºšå°”')
ERR: 1062:Duplicate entry '872' for key 'PRIMARY'
 [ SQLè¯­å¥ ] : INSERT INTO `m_team` (`tid`,`tname`,`qtname`) VALUES (872,'èµ«å°”åŸ\','èµ«å°”åŸ\')
ERR: 1062:Duplicate entry '1042' for key 'PRIMARY'
 [ SQLè¯­å¥ ] : INSERT INTO `m_team` (`tid`,`tname`,`qtname`) VALUES (1042,'æ´›å…‹ä¼\¦','æ´›å…‹ä¼\¦')
ERR: 1062:Duplicate entry '1238' for key 'PRIMARY'
 [ SQLè¯­å¥ ] : INSERT INTO `m_team` (`tid`,`tname`,`qtname`) VALUES (1238,'æ‰˜ç‰¹çº³å§†çƒ­åˆº','æ‰˜ç‰¹çº³å§†çƒ­åˆº')
ERR: 1062:Duplicate entry '1238' for key 'PRIMARY'
 [ SQLè¯­å¥ ] : INSERT INTO `m_team` (`tid`,`tname`,`qtname`) VALUES (1238,'æ‰˜ç‰¹çº³å§†çƒ­åˆº','æ‰˜ç‰¹çº³å§†çƒ­åˆº')
ERR: 1062:Duplicate entry '2514' for key 'PRIMARY'
 [ SQLè¯­å¥ ] : INSERT INTO `m_team` (`tid`,`tname`,`qtname`) VALUES (2514,'AELåˆ©é©¬ç´¢å°”','AELåˆ©é©¬ç´¢å°”')
ERR: 1062:Duplicate entry '729' for key 'PRIMARY'
 [ SQLè¯­å¥ ] : INSERT INTO `m_team` (`tid`,`tname`,`qtname`) VALUES (729,'å¸ƒé²æ—\¥','å¸ƒé²æ—\¥')
ERR: 1062:Duplicate entry '729' for key 'PRIMARY'
 [ SQLè¯­å¥ ] : INSERT INTO `m_team` (`tid`,`tname`,`qtname`) VALUES (729,'å¸ƒé²æ—\¥','å¸ƒé²æ—\¥')
ERR: 1062:Duplicate entry '737' for key 'PRIMARY'
 [ SQLè¯­å¥ ] : INSERT INTO `m_team` (`tid`,`tname`,`qtname`) VALUES (737,'è‰èœ¢','è‰èœ¢')
ERR: 1062:Duplicate entry '1002' for key 'PRIMARY'
 [ SQLè¯­å¥ ] : INSERT INTO `m_team` (`tid`,`tname`,`qtname`) VALUES (1002,'é‡Œå¥¥é˜¿ç»´','é‡Œå¥¥é˜¿ç»´')
ERR: 1062:Duplicate entry '1002' for key 'PRIMARY'
 [ SQLè¯­å¥ ] : INSERT INTO `m_team` (`tid`,`tname`,`qtname`) VALUES (1002,'é‡Œå¥¥é˜¿ç»´','é‡Œå¥¥é˜¿ç»´')
ERR: 1062:Duplicate entry '563' for key 'PRIMARY'
 [ SQLè¯­å¥ ] : INSERT INTO `m_team` (`tid`,`tname`,`qtname`) VALUES (563,'åŸƒå°”å¤«æ–¯å \¡','åŸƒå°”å¤«æ–¯å \¡')
ERR: 1062:Duplicate entry '1578' for key 'PRIMARY'
 [ SQLè¯­å¥ ] : INSERT INTO `m_team` (`tid`,`tname`,`qtname`) VALUES (1578,'å¼—é²ç±³å«©å¡\','å¼—é²ç±³å«©å¡\')
ERR: 1062:Duplicate entry '1385' for key 'PRIMARY'
 [ SQLè¯­å¥ ] : INSERT INTO `m_team` (`tid`,`tname`,`qtname`) VALUES (1385,'åœ£ä¿ç½\—','åœ£ä¿ç½\—')
ERR: 1062:Duplicate entry '1580' for key 'PRIMARY'
 [ SQLè¯­å¥ ] : INSERT INTO `m_team` (`tid`,`tname`,`qtname`) VALUES (1580,'æ ¼é›·ç±³å¥¥','æ ¼é›·ç±³å¥¥')
ERR: 1062:Duplicate entry '472' for key 'PRIMARY'
 [ SQLè¯­å¥ ] : INSERT INTO `m_team` (`tid`,`tname`,`qtname`) VALUES (472,'æ¡‘æ‰˜æ–\¯','æ¡‘æ‰˜æ–\¯')
ERR: 1062:Duplicate entry '3988' for key 'PRIMARY'
 [ SQLè¯­å¥ ] : INSERT INTO `m_team` (`tid`,`tname`,`qtname`) VALUES (3988,'ç´¯è¥¿è…“ä½“è‚\²','ç´¯è¥¿è…“ä½“è‚\²')
ERR: 1062:Duplicate entry '1589' for key 'PRIMARY'
 [ SQLè¯­å¥ ] : INSERT INTO `m_team` (`tid`,`tname`,`qtname`) VALUES (1589,'ç»´å¤šåˆ©äºš','ç»´å¤šåˆ©äºš')
ERR: 1062:Duplicate entry '2061' for key 'PRIMARY'
 [ SQLè¯­å¥ ] : INSERT INTO `m_team` (`tid`,`tname`,`qtname`) VALUES (2061,'ä½©çº³ç½—å°”','ä½©çº³ç½—å°”')
ERR: 1062:Duplicate entry '3359' for key 'PRIMARY'
 [ SQLè¯­å¥ ] : INSERT INTO `m_team` (`tid`,`tname`,`qtname`) VALUES (3359,'é˜¿æ‹‰èƒ¡åŸƒä¼¦æ–¯','é˜¿æ‹‰èƒ¡åŸƒä¼¦æ–¯')

[ 2014-08-28T01:28:39+08:00 ] 127.0.0.1 /Home/Match/teamUpAll.html
ERR: 1062:Duplicate entry '688' for key 'PRIMARY'
 [ SQLè¯­å¥ ] : INSERT INTO `m_team` (`tid`,`tname`,`qtname`) VALUES (688,'è´è¥¿å…‹å¡”æ–\¯','è´è¥¿å…‹å¡”æ–\¯')
ERR: 1062:Duplicate entry '554' for key 'PRIMARY'
 [ SQLè¯­å¥ ] : INSERT INTO `m_team` (`tid`,`tname`,`qtname`) VALUES (554,'é˜¿æ£®çº\³','é˜¿æ£®çº\³')
ERR: 1062:Duplicate entry '688' for key 'PRIMARY'
 [ SQLè¯­å¥ ] : INSERT INTO `m_team` (`tid`,`tname`,`qtname`) VALUES (688,'è´è¥¿å…‹å¡”æ–\¯','è´è¥¿å…‹å¡”æ–\¯')
ERR: 1062:Duplicate entry '690' for key 'PRIMARY'
 [ SQLè¯­å¥ ] : INSERT INTO `m_team` (`tid`,`tname`,`qtname`) VALUES (690,'æ¯•å°”å·´é„‚ç«æŠ€','æ¯•å°”å·´é„‚ç«æŠ€')
ERR: 1062:Duplicate entry '1125' for key 'PRIMARY'
 [ SQLè¯­å¥ ] : INSERT INTO `m_team` (`tid`,`tname`,`qtname`) VALUES (1125,'é‚£ä¸å‹’æ–¯','é‚£ä¸å‹’æ–¯')
ERR: 1062:Duplicate entry '690' for key 'PRIMARY'
 [ SQLè¯­å¥ ] : INSERT INTO `m_team` (`tid`,`tname`,`qtname`) VALUES (690,'æ¯•å°”å·´é„‚ç«æŠ€','æ¯•å°”å·´é„‚ç«æŠ€')
ERR: 1062:Duplicate entry '1125' for key 'PRIMARY'
 [ SQLè¯­å¥ ] : INSERT INTO `m_team` (`tid`,`tname`,`qtname`) VALUES (1125,'é‚£ä¸å‹’æ–¯','é‚£ä¸å‹’æ–¯')
ERR: 1062:Duplicate entry '986' for key 'PRIMARY'
 [ SQLè¯­å¥ ] : INSERT INTO `m_team` (`tid`,`tname`,`qtname`) VALUES (986,'å‹’æ²ƒåº“æ£®','å‹’æ²ƒåº“æ£®')
ERR: 1062:Duplicate entry '819' for key 'PRIMARY'
 [ SQLè¯­å¥ ] : INSERT INTO `m_team` (`tid`,`tname`,`qtname`) VALUES (819,'å“¥æœ¬å“ˆæ ¹','å“¥æœ¬å“ˆæ ¹')
ERR: 1062:Duplicate entry '986' for key 'PRIMARY'
 [ SQLè¯­å¥ ] : INSERT INTO `m_team` (`tid`,`tname`,`qtname`) VALUES (986,'å‹’æ²ƒåº“æ£®','å‹’æ²ƒåº“æ£®')
ERR: 1062:Duplicate entry '819' for key 'PRIMARY'
 [ SQLè¯­å¥ ] : INSERT INTO `m_team` (`tid`,`tname`,`qtname`) VALUES (819,'å“¥æœ¬å“ˆæ ¹','å“¥æœ¬å“ˆæ ¹')
ERR: 1062:Duplicate entry '712' for key 'PRIMARY'
 [ SQLè¯­å¥ ] : INSERT INTO `m_team` (`tid`,`tname`,`qtname`) VALUES (712,'å¸ƒåŠ å‹’æ–¯ç‰¹æ˜Ÿ','å¸ƒåŠ å‹’æ–¯ç‰¹æ˜Ÿ')
ERR: 1062:Duplicate entry '712' for key 'PRIMARY'
 [ SQLè¯­å¥ ] : INSERT INTO `m_team` (`tid`,`tname`,`qtname`) VALUES (712,'å¸ƒåŠ å‹’æ–¯ç‰¹æ˜Ÿ','å¸ƒåŠ å‹’æ–¯ç‰¹æ˜Ÿ')
ERR: 1062:Duplicate entry '1051' for key 'PRIMARY'
 [ SQLè¯­å¥ ] : INSERT INTO `m_team` (`tid`,`tname`,`qtname`) VALUES (1051,'é©¬å°”é»\˜','é©¬å°”é»\˜')
ERR: 1062:Duplicate entry '446' for key 'PRIMARY'
 [ SQLè¯­å¥ ] : INSERT INTO `m_team` (`tid`,`tname`,`qtname`) VALUES (446,'è¨å°”èŒ¨å ¡','è¨å°”èŒ¨å ¡')
ERR: 1062:Duplicate entry '555' for key 'PRIMARY'
 [ SQLè¯­å¥ ] : INSERT INTO `m_team` (`tid`,`tname`,`qtname`) VALUES (555,'é˜¿æ–¯é¡¿ç»´æ‹\‰','é˜¿æ–¯é¡¿ç»´æ‹\‰')
ERR: 1062:Duplicate entry '1626' for key 'PRIMARY'
 [ SQLè¯­å¥ ] : INSERT INTO `m_team` (`tid`,`tname`,`qtname`) VALUES (1626,'è±é¡¿ä¸œæ–¹','è±é¡¿ä¸œæ–¹')
ERR: 1062:Duplicate entry '555' for key 'PRIMARY'
 [ SQLè¯­å¥ ] : INSERT INTO `m_team` (`tid`,`tname`,`qtname`) VALUES (555,'é˜¿æ–¯é¡¿ç»´æ‹\‰','é˜¿æ–¯é¡¿ç»´æ‹\‰')
ERR: 1062:Duplicate entry '1626' for key 'PRIMARY'
 [ SQLè¯­å¥ ] : INSERT INTO `m_team` (`tid`,`tname`,`qtname`) VALUES (1626,'è±é¡¿ä¸œæ–¹','è±é¡¿ä¸œæ–¹')
ERR: 1062:Duplicate entry '466' for key 'PRIMARY'
 [ SQLè¯­å¥ ] : INSERT INTO `m_team` (`tid`,`tname`,`qtname`) VALUES (466,'æ¡‘å¾·å…\°','æ¡‘å¾·å…\°')
ERR: 1062:Duplicate entry '701' for key 'PRIMARY'
 [ SQLè¯­å¥ ] : INSERT INTO `m_team` (`tid`,`tname`,`qtname`) VALUES (701,'ä¼¯æ˜ç¿\°','ä¼¯æ˜ç¿\°')
ERR: 1062:Duplicate entry '466' for key 'PRIMARY'
 [ SQLè¯­å¥ ] : INSERT INTO `m_team` (`tid`,`tname`,`qtname`) VALUES (466,'æ¡‘å¾·å…\°','æ¡‘å¾·å…\°')
ERR: 1062:Duplicate entry '2351' for key 'PRIMARY'
 [ SQLè¯­å¥ ] : INSERT INTO `m_team` (`tid`,`tname`,`qtname`) VALUES (2351,'ä¼¯é¡¿','ä¼¯é¡¿')
ERR: 1062:Duplicate entry '954' for key 'PRIMARY'
 [ SQLè¯­å¥ ] : INSERT INTO `m_team` (`tid`,`tname`,`qtname`) VALUES (954,'å¥³ç‹å…¬å›­å·¡æ¸¸è€\…','å¥³ç‹å…¬å›­å·¡æ¸¸è€\…')
ERR: 1062:Duplicate entry '1197' for key 'PRIMARY'
 [ SQLè¯­å¥ ] : INSERT INTO `m_team` (`tid`,`tname`,`qtname`) VALUES (1197,'æ–¯æ‰˜å…‹åŸ','æ–¯æ‰˜å…‹åŸ')
ERR: 1062:Duplicate entry '716' for key 'PRIMARY'
 [ SQLè¯­å¥ ] : INSERT INTO `m_team` (`tid`,`tname`,`qtname`) VALUES (716,'å¸ƒæ‹‰å¾·ç¦å¾\·','å¸ƒæ‹‰å¾·ç¦å¾\·')
ERR: 1062:Duplicate entry '1015' for key 'PRIMARY'
 [ SQLè¯­å¥ ] : INSERT INTO `m_team` (`tid`,`tname`,`qtname`) VALUES (1015,'åˆ©å…¹è\”','åˆ©å…¹è\”')
ERR: 1062:Duplicate entry '1183' for key 'PRIMARY'
 [ SQLè¯­å¥ ] : INSERT INTO `m_team` (`tid`,`tname`,`qtname`) VALUES (1183,'æ‹‰æ–æ‹‰ç«æŠ€','æ‹‰æ–æ‹‰ç«æŠ€')
ERR: 1062:Duplicate entry '1136' for key 'PRIMARY'
 [ SQLè¯­å¥ ] : INSERT INTO `m_team` (`tid`,`tname`,`qtname`) VALUES (1136,'çº½ç»´å°”è€ç”·å­\©','çº½ç»´å°”è€ç”·å­\©')
ERR: 1062:Duplicate entry '1034' for key 'PRIMARY'
 [ SQLè¯­å¥ ] : INSERT INTO `m_team` (`tid`,`tname`,`qtname`) VALUES (1034,'ç½—è¨é‡Œå¥¥ä¸­å¤®','ç½—è¨é‡Œå¥¥ä¸­å¤®')
ERR: 1062:Duplicate entry '3608' for key 'PRIMARY'
 [ SQLè¯­å¥ ] : INSERT INTO `m_team` (`tid`,`tname`,`qtname`) VALUES (3608,'æˆˆå¤šä¼Šå…‹é²æ–¯','æˆˆå¤šä¼Šå…‹é²æ–¯')
ERR: 1062:Duplicate entry '864' for key 'PRIMARY'
 [ SQLè¯­å¥ ] : INSERT INTO `m_team` (`tid`,`tname`,`qtname`) VALUES (864,'æ²³åºŠ','æ²³åºŠ')
ERR: 1062:Duplicate entry '1571' for key 'PRIMARY'
 [ SQLè¯­å¥ ] : INSERT INTO `m_team` (`tid`,`tname`,`qtname`) VALUES (1571,'å·´æ‹‰çº³ç«æŠ€','å·´æ‹‰çº³ç«æŠ€')
ERR: 1062:Duplicate entry '6945' for key 'PRIMARY'
 [ SQLè¯­å¥ ] : INSERT INTO `m_team` (`tid`,`tname`,`qtname`) VALUES (6945,'è±æ˜‚','è±æ˜‚')
ERR: 1062:Duplicate entry '6945' for key 'PRIMARY'
 [ SQLè¯­å¥ ] : INSERT INTO `m_team` (`tid`,`tname`,`qtname`) VALUES (6945,'è±æ˜‚','è±æ˜‚')
ERR: 1062:Duplicate entry '569' for key 'PRIMARY'
 [ SQLè¯­å¥ ] : INSERT INTO `m_team` (`tid`,`tname`,`qtname`) VALUES (569,'æ‹‰æ™®æ‹‰å¡”å¤§å­¦ç”\Ÿ','æ‹‰æ™®æ‹‰å¡”å¤§å­¦ç”\Ÿ')
ERR: 1062:Duplicate entry '705' for key 'PRIMARY'
 [ SQLè¯­å¥ ] : INSERT INTO `m_team` (`tid`,`tname`,`qtname`) VALUES (705,'åšå¡é’å¹´','åšå¡é’å¹´')
ERR: 1062:Duplicate entry '1582' for key 'PRIMARY'
 [ SQLè¯­å¥ ] : INSERT INTO `m_team` (`tid`,`tname`,`qtname`) VALUES (1582,'å·´è¥¿å›½é™…','å·´è¥¿å›½é™…')
ERR: 1062:Duplicate entry '2277' for key 'PRIMARY'
 [ SQLè¯­å¥ ] : INSERT INTO `m_team` (`tid`,`tname`,`qtname`) VALUES (2277,'å·´ä¼Šäº\š','å·´ä¼Šäº\š')
ERR: 1062:Duplicate entry '1568' for key 'PRIMARY'
 [ SQLè¯­å¥ ] : INSERT INTO `m_team` (`tid`,`tname`,`qtname`) VALUES (1568,'åšå¡”å¼—æˆˆ','åšå¡”å¼—æˆˆ')
ERR: 1062:Duplicate entry '2407' for key 'PRIMARY'
 [ SQLè¯­å¥ ] : INSERT INTO `m_team` (`tid`,`tname`,`qtname`) VALUES (2407,'å¡é˜¿æ‹\‰','å¡é˜¿æ‹\‰')
ERR: 1062:Duplicate entry '1572' for key 'PRIMARY'
 [ SQLè¯­å¥ ] : INSERT INTO `m_team` (`tid`,`tname`,`qtname`) VALUES (1572,'ç§‘æ—è’‚å®‰','ç§‘æ—è’‚å®‰')
ERR: 1062:Duplicate entry '1573' for key 'PRIMARY'
 [ SQLè¯­å¥ ] : INSERT INTO `m_team` (`tid`,`tname`,`qtname`) VALUES (1573,'ç§‘é‡Œè’‚å·´','ç§‘é‡Œè’‚å·´')
ERR: 1062:Duplicate entry '1577' for key 'PRIMARY'
 [ SQLè¯­å¥ ] : INSERT INTO `m_team` (`tid`,`tname`,`qtname`) VALUES (1577,'å¼—æ‹‰é—¨æˆˆ','å¼—æ‹‰é—¨æˆˆ')
ERR: 1062:Duplicate entry '1567' for key 'PRIMARY'
 [ SQLè¯­å¥ ] : INSERT INTO `m_team` (`tid`,`tname`,`qtname`) VALUES (1567,'å¸•å°”æ¢…æ‹‰æ–\¯','å¸•å°”æ¢…æ‹‰æ–\¯')
ERR: 1062:Duplicate entry '1570' for key 'PRIMARY'
 [ SQLè¯­å¥ ] : INSERT INTO `m_team` (`tid`,`tname`,`qtname`) VALUES (1570,'ç±³å†…ç½—ç«æŠ€','ç±³å†…ç½—ç«æŠ€')
ERR: 1062:Duplicate entry '2258' for key 'PRIMARY'
 [ SQLè¯­å¥ ] : INSERT INTO `m_team` (`tid`,`tname`,`qtname`) VALUES (2258,'åˆ©é©¬è”ç›Ÿ','åˆ©é©¬è”ç›Ÿ')
ERR: 1062:Duplicate entry '1888' for key 'PRIMARY'
 [ SQLè¯­å¥ ] : INSERT INTO `m_team` (`tid`,`tname`,`qtname`) VALUES (1888,'å¸•ä¸˜å\¡','å¸•ä¸˜å\¡')
ERR: 1062:Duplicate entry '1888' for key 'PRIMARY'
 [ SQLè¯­å¥ ] : INSERT INTO `m_team` (`tid`,`tname`,`qtname`) VALUES (1888,'å¸•ä¸˜å\¡','å¸•ä¸˜å\¡')
ERR: 1062:Duplicate entry '1044' for key 'PRIMARY'
 [ SQLè¯­å¥ ] : INSERT INTO `m_team` (`tid`,`tname`,`qtname`) VALUES (1044,'æ´›æ‰çŸ¶é“¶æ²\³','æ´›æ‰çŸ¶é“¶æ²\³')
ERR: 1062:Duplicate entry '881' for key 'PRIMARY'
 [ SQLè¯­å¥ ] : INSERT INTO `m_team` (`tid`,`tname`,`qtname`) VALUES (881,'åç››é¡¿è”','åç››é¡¿è”')
ERR: 1062:Duplicate entry '1113' for key 'PRIMARY'
 [ SQLè¯­å¥ ] : INSERT INTO `m_team` (`tid`,`tname`,`qtname`) VALUES (1113,'è«æ–¯ç§‘ç«è½¦å¤´','è«æ–¯ç§‘ç«è½¦å¤´')
ERR: 1062:Duplicate entry '1113' for key 'PRIMARY'
 [ SQLè¯­å¥ ] : INSERT INTO `m_team` (`tid`,`tname`,`qtname`) VALUES (1113,'è«æ–¯ç§‘ç«è½¦å¤´','è«æ–¯ç§‘ç«è½¦å¤´')
ERR: 1062:Duplicate entry '1112' for key 'PRIMARY'
 [ SQLè¯­å¥ ] : INSERT INTO `m_team` (`tid`,`tname`,`qtname`) VALUES (1112,'è«æ–¯ç§‘è¿ªçº³æ‘©','è«æ–¯ç§‘è¿ªçº³æ‘©')
ERR: 1062:Duplicate entry '2513' for key 'PRIMARY'
 [ SQLè¯­å¥ ] : INSERT INTO `m_team` (`tid`,`tname`,`qtname`) VALUES (2513,'å¥¥è«å°¼äºš','å¥¥è«å°¼äºš')
ERR: 1062:Duplicate entry '1112' for key 'PRIMARY'
 [ SQLè¯­å¥ ] : INSERT INTO `m_team` (`tid`,`tname`,`qtname`) VALUES (1112,'è«æ–¯ç§‘è¿ªçº³æ‘©','è«æ–¯ç§‘è¿ªçº³æ‘©')
ERR: 1062:Duplicate entry '5872' for key 'PRIMARY'
 [ SQLè¯­å¥ ] : INSERT INTO `m_team` (`tid`,`tname`,`qtname`) VALUES (5872,'å…‹æ‹‰æ–¯è¯ºè¾¾å°”','å…‹æ‹‰æ–¯è¯ºè¾¾å°”')
ERR: 1062:Duplicate entry '5872' for key 'PRIMARY'
 [ SQLè¯­å¥ ] : INSERT INTO `m_team` (`tid`,`tname`,`qtname`) VALUES (5872,'å…‹æ‹‰æ–¯è¯ºè¾¾å°”','å…‹æ‹‰æ–¯è¯ºè¾¾å°”')
ERR: 1062:Duplicate entry '885' for key 'PRIMARY'
 [ SQLè¯­å¥ ] : INSERT INTO `m_team` (`tid`,`tname`,`qtname`) VALUES (885,'çš‡å®¶ç¤¾ä¼š','çš‡å®¶ç¤¾ä¼š')
ERR: 1062:Duplicate entry '997' for key 'PRIMARY'
 [ SQLè¯­å¥ ] : INSERT INTO `m_team` (`tid`,`tname`,`qtname`) VALUES (997,'é‡Œæ˜‚','é‡Œæ˜‚')
ERR: 1062:Duplicate entry '997' for key 'PRIMARY'
 [ SQLè¯­å¥ ] : INSERT INTO `m_team` (`tid`,`tname`,`qtname`) VALUES (997,'é‡Œæ˜‚','é‡Œæ˜‚')
ERR: 1062:Duplicate entry '2694' for key 'PRIMARY'
 [ SQLè¯­å¥ ] : INSERT INTO `m_team` (`tid`,`tname`,`qtname`) VALUES (2694,'ç´¢åˆ©æˆˆå°”æ–¯å…‹çŸ¿å·¥','ç´¢åˆ©æˆˆå°”æ–¯å…‹çŸ¿å·¥')
ERR: 1062:Duplicate entry '1295' for key 'PRIMARY'
 [ SQLè¯­å¥ ] : INSERT INTO `m_team` (`tid`,`tname`,`qtname`) VALUES (1295,'æ–¯æ™®åˆ©ç‰¹æµ·æœå…\‹','æ–¯æ™®åˆ©ç‰¹æµ·æœå…\‹')
ERR: 1062:Duplicate entry '1295' for key 'PRIMARY'
 [ SQLè¯­å¥ ] : INSERT INTO `m_team` (`tid`,`tname`,`qtname`) VALUES (1295,'æ–¯æ™®åˆ©ç‰¹æµ·æœå…\‹','æ–¯æ™®åˆ©ç‰¹æµ·æœå…\‹')
ERR: 1062:Duplicate entry '1219' for key 'PRIMARY'
 [ SQLè¯­å¥ ] : INSERT INTO `m_team` (`tid`,`tname`,`qtname`) VALUES (1219,'ç‰¹æ‹‰å¸ƒå®—ä½“è‚²','ç‰¹æ‹‰å¸ƒå®—ä½“è‚²')
ERR: 1062:Duplicate entry '1038' for key 'PRIMARY'
 [ SQLè¯­å¥ ] : INSERT INTO `m_team` (`tid`,`tname`,`qtname`) VALUES (1038,'ç½—æ–¯æ‰˜å¤«','ç½—æ–¯æ‰˜å¤«')
ERR: 1062:Duplicate entry '1219' for key 'PRIMARY'
 [ SQLè¯­å¥ ] : INSERT INTO `m_team` (`tid`,`tname`,`qtname`) VALUES (1219,'ç‰¹æ‹‰å¸ƒå®—ä½“è‚²','ç‰¹æ‹‰å¸ƒå®—ä½“è‚²')
ERR: 1062:Duplicate entry '1231' for key 'PRIMARY'
 [ SQLè¯­å¥ ] : INSERT INTO `m_team` (`tid`,`tname`,`qtname`) VALUES (1231,'ç‰¹æ¸©ç‰\¹','ç‰¹æ¸©ç‰\¹')
ERR: 1062:Duplicate entry '1231' for key 'PRIMARY'
 [ SQLè¯­å¥ ] : INSERT INTO `m_team` (`tid`,`tname`,`qtname`) VALUES (1231,'ç‰¹æ¸©ç‰\¹','ç‰¹æ¸©ç‰\¹')
ERR: 1062:Duplicate entry '1160' for key 'PRIMARY'
 [ SQLè¯­å¥ ] : INSERT INTO `m_team` (`tid`,`tname`,`qtname`) VALUES (1160,'å¸•çº³è¾›çº³ç§‘æ–¯','å¸•çº³è¾›çº³ç§‘æ–¯')
ERR: 1062:Duplicate entry '801' for key 'PRIMARY'
 [ SQLè¯­å¥ ] : INSERT INTO `m_team` (`tid`,`tname`,`qtname`) VALUES (801,'è´¹è€¶è¯ºå¾\·','è´¹è€¶è¯ºå¾\·')
ERR: 1062:Duplicate entry '6017' for key 'PRIMARY'
 [ SQLè¯­å¥ ] : INSERT INTO `m_team` (`tid`,`tname`,`qtname`) VALUES (6017,'RNKæ–¯æ™®åˆ©ç‰¹','RNKæ–¯æ™®åˆ©ç‰¹')
ERR: 1062:Duplicate entry '776' for key 'PRIMARY'
 [ SQLè¯­å¥ ] : INSERT INTO `m_team` (`tid`,`tname`,`qtname`) VALUES (776,'éƒ½çµ','éƒ½çµ')
ERR: 1062:Duplicate entry '776' for key 'PRIMARY'
 [ SQLè¯­å¥ ] : INSERT INTO `m_team` (`tid`,`tname`,`qtname`) VALUES (776,'éƒ½çµ','éƒ½çµ')
ERR: 1062:Duplicate entry '6017' for key 'PRIMARY'
 [ SQLè¯­å¥ ] : INSERT INTO `m_team` (`tid`,`tname`,`qtname`) VALUES (6017,'RNKæ–¯æ™®åˆ©ç‰¹','RNKæ–¯æ™®åˆ©ç‰¹')
ERR: 1062:Duplicate entry '717' for key 'PRIMARY'
 [ SQLè¯­å¥ ] : INSERT INTO `m_team` (`tid`,`tname`,`qtname`) VALUES (717,'å¸ƒæ‹‰æ ¼æ–¯å·´è¾¾','å¸ƒæ‹‰æ ¼æ–¯å·´è¾¾')
ERR: 1062:Duplicate entry '915' for key 'PRIMARY'
 [ SQLè¯­å¥ ] : INSERT INTO `m_team` (`tid`,`tname`,`qtname`) VALUES (915,'å¡æ‹‰æ¯”å…‹ä½“è‚²','å¡æ‹‰æ¯”å…‹ä½“è‚²')
ERR: 1062:Duplicate entry '494' for key 'PRIMARY'
 [ SQLè¯­å¥ ] : INSERT INTO `m_team` (`tid`,`tname`,`qtname`) VALUES (494,'åœ£åŸƒè’‚å®‰','åœ£åŸƒè’‚å®‰')
ERR: 1062:Duplicate entry '915' for key 'PRIMARY'
 [ SQLè¯­å¥ ] : INSERT INTO `m_team` (`tid`,`tname`,`qtname`) VALUES (915,'å¡æ‹‰æ¯”å…‹ä½“è‚²','å¡æ‹‰æ¯”å…‹ä½“è‚²')
ERR: 1062:Duplicate entry '1089' for key 'PRIMARY'
 [ SQLè¯­å¥ ] : INSERT INTO `m_team` (`tid`,`tname`,`qtname`) VALUES (1089,'é—¨å…´æ ¼æ‹‰å¾·å·´èµ\«','é—¨å…´æ ¼æ‹‰å¾·å·´èµ\«')
ERR: 1062:Duplicate entry '480' for key 'PRIMARY'
 [ SQLè¯­å¥ ] : INSERT INTO `m_team` (`tid`,`tname`,`qtname`) VALUES (480,'è¨æ‹‰çƒ­çª','è¨æ‹‰çƒ­çª')
ERR: 1062:Duplicate entry '1099' for key 'PRIMARY'
 [ SQLè¯­å¥ ] : INSERT INTO `m_team` (`tid`,`tname`,`qtname`) VALUES (1099,'è‘¡è„ç‰™å›½æ°\‘','è‘¡è„ç‰™å›½æ°\‘')
ERR: 1062:Duplicate entry '1099' for key 'PRIMARY'
 [ SQLè¯­å¥ ] : INSERT INTO `m_team` (`tid`,`tname`,`qtname`) VALUES (1099,'è‘¡è„ç‰™å›½æ°\‘','è‘¡è„ç‰™å›½æ°\‘')
ERR: 1062:Duplicate entry '683' for key 'PRIMARY'
 [ SQLè¯­å¥ ] : INSERT INTO `m_team` (`tid`,`tname`,`qtname`) VALUES (683,'æ¯”åˆ©äºšé›·äºšå°”','æ¯”åˆ©äºšé›·äºšå°”')
ERR: 1062:Duplicate entry '683' for key 'PRIMARY'
 [ SQLè¯­å¥ ] : INSERT INTO `m_team` (`tid`,`tname`,`qtname`) VALUES (683,'æ¯”åˆ©äºšé›·äºšå°”','æ¯”åˆ©äºšé›·äºšå°”')
ERR: 1062:Duplicate entry '872' for key 'PRIMARY'
 [ SQLè¯­å¥ ] : INSERT INTO `m_team` (`tid`,`tname`,`qtname`) VALUES (872,'èµ«å°”åŸ\','èµ«å°”åŸ\')
ERR: 1062:Duplicate entry '1042' for key 'PRIMARY'
 [ SQLè¯­å¥ ] : INSERT INTO `m_team` (`tid`,`tname`,`qtname`) VALUES (1042,'æ´›å…‹ä¼\¦','æ´›å…‹ä¼\¦')
ERR: 1062:Duplicate entry '1238' for key 'PRIMARY'
 [ SQLè¯­å¥ ] : INSERT INTO `m_team` (`tid`,`tname`,`qtname`) VALUES (1238,'æ‰˜ç‰¹çº³å§†çƒ­åˆº','æ‰˜ç‰¹çº³å§†çƒ­åˆº')
ERR: 1062:Duplicate entry '1238' for key 'PRIMARY'
 [ SQLè¯­å¥ ] : INSERT INTO `m_team` (`tid`,`tname`,`qtname`) VALUES (1238,'æ‰˜ç‰¹çº³å§†çƒ­åˆº','æ‰˜ç‰¹çº³å§†çƒ­åˆº')
ERR: 1062:Duplicate entry '2514' for key 'PRIMARY'
 [ SQLè¯­å¥ ] : INSERT INTO `m_team` (`tid`,`tname`,`qtname`) VALUES (2514,'AELåˆ©é©¬ç´¢å°”','AELåˆ©é©¬ç´¢å°”')
ERR: 1062:Duplicate entry '729' for key 'PRIMARY'
 [ SQLè¯­å¥ ] : INSERT INTO `m_team` (`tid`,`tname`,`qtname`) VALUES (729,'å¸ƒé²æ—\¥','å¸ƒé²æ—\¥')
ERR: 1062:Duplicate entry '729' for key 'PRIMARY'
 [ SQLè¯­å¥ ] : INSERT INTO `m_team` (`tid`,`tname`,`qtname`) VALUES (729,'å¸ƒé²æ—\¥','å¸ƒé²æ—\¥')
ERR: 1062:Duplicate entry '737' for key 'PRIMARY'
 [ SQLè¯­å¥ ] : INSERT INTO `m_team` (`tid`,`tname`,`qtname`) VALUES (737,'è‰èœ¢','è‰èœ¢')
ERR: 1062:Duplicate entry '1002' for key 'PRIMARY'
 [ SQLè¯­å¥ ] : INSERT INTO `m_team` (`tid`,`tname`,`qtname`) VALUES (1002,'é‡Œå¥¥é˜¿ç»´','é‡Œå¥¥é˜¿ç»´')
ERR: 1062:Duplicate entry '1002' for key 'PRIMARY'
 [ SQLè¯­å¥ ] : INSERT INTO `m_team` (`tid`,`tname`,`qtname`) VALUES (1002,'é‡Œå¥¥é˜¿ç»´','é‡Œå¥¥é˜¿ç»´')
ERR: 1062:Duplicate entry '563' for key 'PRIMARY'
 [ SQLè¯­å¥ ] : INSERT INTO `m_team` (`tid`,`tname`,`qtname`) VALUES (563,'åŸƒå°”å¤«æ–¯å \¡','åŸƒå°”å¤«æ–¯å \¡')
ERR: 1062:Duplicate entry '1578' for key 'PRIMARY'
 [ SQLè¯­å¥ ] : INSERT INTO `m_team` (`tid`,`tname`,`qtname`) VALUES (1578,'å¼—é²ç±³å«©å¡\','å¼—é²ç±³å«©å¡\')
ERR: 1062:Duplicate entry '1385' for key 'PRIMARY'
 [ SQLè¯­å¥ ] : INSERT INTO `m_team` (`tid`,`tname`,`qtname`) VALUES (1385,'åœ£ä¿ç½\—','åœ£ä¿ç½\—')
ERR: 1062:Duplicate entry '1580' for key 'PRIMARY'
 [ SQLè¯­å¥ ] : INSERT INTO `m_team` (`tid`,`tname`,`qtname`) VALUES (1580,'æ ¼é›·ç±³å¥¥','æ ¼é›·ç±³å¥¥')
ERR: 1062:Duplicate entry '472' for key 'PRIMARY'
 [ SQLè¯­å¥ ] : INSERT INTO `m_team` (`tid`,`tname`,`qtname`) VALUES (472,'æ¡‘æ‰˜æ–\¯','æ¡‘æ‰˜æ–\¯')
ERR: 1062:Duplicate entry '3988' for key 'PRIMARY'
 [ SQLè¯­å¥ ] : INSERT INTO `m_team` (`tid`,`tname`,`qtname`) VALUES (3988,'ç´¯è¥¿è…“ä½“è‚\²','ç´¯è¥¿è…“ä½“è‚\²')
ERR: 1062:Duplicate entry '1589' for key 'PRIMARY'
 [ SQLè¯­å¥ ] : INSERT INTO `m_team` (`tid`,`tname`,`qtname`) VALUES (1589,'ç»´å¤šåˆ©äºš','ç»´å¤šåˆ©äºš')
ERR: 1062:Duplicate entry '2061' for key 'PRIMARY'
 [ SQLè¯­å¥ ] : INSERT INTO `m_team` (`tid`,`tname`,`qtname`) VALUES (2061,'ä½©çº³ç½—å°”','ä½©çº³ç½—å°”')
ERR: 1062:Duplicate entry '3359' for key 'PRIMARY'
 [ SQLè¯­å¥ ] : INSERT INTO `m_team` (`tid`,`tname`,`qtname`) VALUES (3359,'é˜¿æ‹‰èƒ¡åŸƒä¼¦æ–¯','é˜¿æ‹‰èƒ¡åŸƒä¼¦æ–¯')

