[ 2014-07-31T17:02:04+08:00 ] 192.168.50.4 /
INFO: [ app_begin ] --START--
INFO: Run Behavior\ReadHtmlCache [ RunTime:0.012840s ]
INFO: [ app_begin ] --END-- [ RunTime:0.037832s ]

[ 2014-07-31T17:02:13+08:00 ] 192.168.50.4 /
INFO: [ app_begin ] --START--
INFO: Run Behavior\ReadHtmlCache [ RunTime:0.000798s ]
INFO: [ app_begin ] --END-- [ RunTime:0.001445s ]

[ 2014-07-31T17:06:46+08:00 ] 192.168.50.4 /
INFO: [ app_begin ] --START--
INFO: Run Behavior\ReadHtmlCache [ RunTime:0.001451s ]
INFO: [ app_begin ] --END-- [ RunTime:0.002410s ]

[ 2014-07-31T17:06:47+08:00 ] 192.168.50.4 /
INFO: [ app_begin ] --START--
INFO: Run Behavior\ReadHtmlCache [ RunTime:0.000729s ]
INFO: [ app_begin ] --END-- [ RunTime:0.001386s ]

[ 2014-07-31T17:06:49+08:00 ] 192.168.50.4 /
INFO: [ app_begin ] --START--
INFO: Run Behavior\ReadHtmlCache [ RunTime:0.000947s ]
INFO: [ app_begin ] --END-- [ RunTime:0.001826s ]

[ 2014-07-31T17:06:49+08:00 ] 192.168.50.4 /
INFO: [ app_begin ] --START--
INFO: Run Behavior\ReadHtmlCache [ RunTime:0.000792s ]
INFO: [ app_begin ] --END-- [ RunTime:0.001547s ]

[ 2014-07-31T17:06:50+08:00 ] 192.168.50.4 /
INFO: [ app_begin ] --START--
INFO: Run Behavior\ReadHtmlCache [ RunTime:0.000976s ]
INFO: [ app_begin ] --END-- [ RunTime:0.001986s ]

[ 2014-07-31T17:06:50+08:00 ] 192.168.50.4 /
INFO: [ app_begin ] --START--
INFO: Run Behavior\ReadHtmlCache [ RunTime:0.005260s ]
INFO: [ app_begin ] --END-- [ RunTime:0.007651s ]

[ 2014-07-31T17:06:50+08:00 ] 192.168.50.4 /
INFO: [ app_begin ] --START--
INFO: Run Behavior\ReadHtmlCache [ RunTime:0.000868s ]
INFO: [ app_begin ] --END-- [ RunTime:0.001589s ]

[ 2014-07-31T17:10:09+08:00 ] 192.168.50.4 /
INFO: [ app_begin ] --START--
INFO: Run Behavior\ReadHtmlCache [ RunTime:0.001426s ]
INFO: [ app_begin ] --END-- [ RunTime:0.002324s ]

[ 2014-07-31T17:11:17+08:00 ] 192.168.50.4 /
INFO: [ app_begin ] --START--
INFO: Run Behavior\ReadHtmlCache [ RunTime:0.063011s ]
INFO: [ app_begin ] --END-- [ RunTime:0.234177s ]
INFO: [ app_end ] --START--
INFO: Run Behavior\ShowPageTrace [ RunTime:0.145024s ]
INFO: [ app_end ] --END-- [ RunTime:0.145286s ]

[ 2014-07-31T17:12:08+08:00 ] 192.168.50.4 /
INFO: [ app_begin ] --START--
INFO: Run Behavior\ReadHtmlCache [ RunTime:0.001399s ]
INFO: [ app_begin ] --END-- [ RunTime:0.002622s ]
INFO: [ app_end ] --START--
INFO: Run Behavior\ShowPageTrace [ RunTime:0.001072s ]
INFO: [ app_end ] --END-- [ RunTime:0.001267s ]

[ 2014-07-31T17:13:54+08:00 ] 192.168.50.4 /
INFO: [ app_begin ] --START--
INFO: Run Behavior\ReadHtmlCache [ RunTime:0.001793s ]
INFO: [ app_begin ] --END-- [ RunTime:0.003198s ]
INFO: [ app_end ] --START--
INFO: Run Behavior\ShowPageTrace [ RunTime:0.001631s ]
INFO: [ app_end ] --END-- [ RunTime:0.001836s ]

[ 2014-07-31T17:14:05+08:00 ] 192.168.50.4 /
INFO: [ app_begin ] --START--
INFO: Run Behavior\ReadHtmlCache [ RunTime:0.000728s ]
INFO: [ app_begin ] --END-- [ RunTime:0.001406s ]
INFO: [ app_end ] --START--
INFO: Run Behavior\ShowPageTrace [ RunTime:0.001639s ]
INFO: [ app_end ] --END-- [ RunTime:0.001902s ]

[ 2014-07-31T17:14:06+08:00 ] 192.168.50.4 /
INFO: [ app_begin ] --START--
INFO: Run Behavior\ReadHtmlCache [ RunTime:0.001107s ]
INFO: [ app_begin ] --END-- [ RunTime:0.001973s ]
INFO: [ app_end ] --START--
INFO: Run Behavior\ShowPageTrace [ RunTime:0.000908s ]
INFO: [ app_end ] --END-- [ RunTime:0.001103s ]

[ 2014-07-31T17:14:24+08:00 ] 192.168.50.4 /
INFO: [ app_begin ] --START--
INFO: Run Behavior\ReadHtmlCache [ RunTime:0.000996s ]
INFO: [ app_begin ] --END-- [ RunTime:0.001851s ]
INFO: [ app_end ] --START--
INFO: Run Behavior\ShowPageTrace [ RunTime:0.001118s ]
INFO: [ app_end ] --END-- [ RunTime:0.001315s ]

[ 2014-07-31T17:14:26+08:00 ] 192.168.50.4 /
INFO: [ app_begin ] --START--
INFO: Run Behavior\ReadHtmlCache [ RunTime:0.000861s ]
INFO: [ app_begin ] --END-- [ RunTime:0.001832s ]
INFO: [ app_end ] --START--
INFO: Run Behavior\ShowPageTrace [ RunTime:0.001136s ]
INFO: [ app_end ] --END-- [ RunTime:0.001338s ]

[ 2014-07-31T17:14:44+08:00 ] 192.168.50.4 /
INFO: [ app_begin ] --START--
INFO: Run Behavior\ReadHtmlCache [ RunTime:0.000978s ]
INFO: [ app_begin ] --END-- [ RunTime:0.001866s ]
INFO: [ app_end ] --START--
INFO: Run Behavior\ShowPageTrace [ RunTime:0.001128s ]
INFO: [ app_end ] --END-- [ RunTime:0.001325s ]

[ 2014-07-31T17:15:08+08:00 ] 192.168.50.4 /
INFO: [ app_begin ] --START--
INFO: Run Behavior\ReadHtmlCache [ RunTime:0.000741s ]
INFO: [ app_begin ] --END-- [ RunTime:0.001380s ]

[ 2014-07-31T17:15:51+08:00 ] 192.168.50.4 /
INFO: [ app_begin ] --START--
INFO: Run Behavior\ReadHtmlCache [ RunTime:0.000880s ]
INFO: [ app_begin ] --END-- [ RunTime:0.001983s ]
INFO: [ app_end ] --START--
INFO: Run Behavior\ShowPageTrace [ RunTime:0.001052s ]
INFO: [ app_end ] --END-- [ RunTime:0.001243s ]

[ 2014-07-31T17:15:52+08:00 ] 192.168.50.4 /
INFO: [ app_begin ] --START--
INFO: Run Behavior\ReadHtmlCache [ RunTime:0.000724s ]
INFO: [ app_begin ] --END-- [ RunTime:0.001395s ]
INFO: [ app_end ] --START--
INFO: Run Behavior\ShowPageTrace [ RunTime:0.001531s ]
INFO: [ app_end ] --END-- [ RunTime:0.001785s ]

[ 2014-07-31T17:16:01+08:00 ] 192.168.50.4 /
INFO: [ app_begin ] --START--
INFO: Run Behavior\ReadHtmlCache [ RunTime:0.001385s ]
INFO: [ app_begin ] --END-- [ RunTime:0.002258s ]
INFO: [ app_end ] --START--
INFO: Run Behavior\ShowPageTrace [ RunTime:0.001539s ]
INFO: [ app_end ] --END-- [ RunTime:0.001727s ]

[ 2014-07-31T17:16:12+08:00 ] 192.168.50.4 /
INFO: [ app_begin ] --START--
INFO: Run Behavior\ReadHtmlCache [ RunTime:0.000813s ]
INFO: [ app_begin ] --END-- [ RunTime:0.001766s ]
INFO: [ app_end ] --START--
INFO: Run Behavior\ShowPageTrace [ RunTime:0.001565s ]
INFO: [ app_end ] --END-- [ RunTime:0.001777s ]

[ 2014-07-31T17:16:32+08:00 ] 192.168.50.4 /
INFO: [ app_begin ] --START--
INFO: Run Behavior\ReadHtmlCache [ RunTime:0.000850s ]
INFO: [ app_begin ] --END-- [ RunTime:0.001556s ]
INFO: [ app_end ] --START--
INFO: Run Behavior\ShowPageTrace [ RunTime:0.001120s ]
INFO: [ app_end ] --END-- [ RunTime:0.001343s ]

[ 2014-07-31T17:16:53+08:00 ] 192.168.50.4 /
INFO: [ app_begin ] --START--
INFO: Run Behavior\ReadHtmlCache [ RunTime:0.001881s ]
INFO: [ app_begin ] --END-- [ RunTime:0.002542s ]
INFO: [ app_end ] --START--
INFO: Run Behavior\ShowPageTrace [ RunTime:0.002274s ]
INFO: [ app_end ] --END-- [ RunTime:0.002488s ]

[ 2014-07-31T17:17:10+08:00 ] 192.168.50.4 /
INFO: [ app_begin ] --START--
INFO: Run Behavior\ReadHtmlCache [ RunTime:0.001465s ]
INFO: [ app_begin ] --END-- [ RunTime:0.003963s ]
INFO: [ app_end ] --START--
INFO: Run Behavior\ShowPageTrace [ RunTime:0.002041s ]
INFO: [ app_end ] --END-- [ RunTime:0.002312s ]

[ 2014-07-31T17:27:59+08:00 ] 192.168.50.4 /
INFO: [ app_begin ] --START--
INFO: Run Behavior\ReadHtmlCache [ RunTime:0.001721s ]
INFO: [ app_begin ] --END-- [ RunTime:0.002794s ]
INFO: [ app_end ] --START--
INFO: Run Behavior\ShowPageTrace [ RunTime:0.001779s ]
INFO: [ app_end ] --END-- [ RunTime:0.002010s ]

[ 2014-07-31T22:27:13+08:00 ] 127.0.0.1 /Home/Index/getSp.html
INFO: [ app_begin ] --START--
INFO: Run Behavior\ReadHtmlCache [ RunTime:0.000591s ]
INFO: [ app_begin ] --END-- [ RunTime:0.001106s ]
ERR: éæ³•æ“ä½œ:getsp

[ 2014-07-31T22:27:40+08:00 ] 127.0.0.1 /Home/Match/getSp.html
INFO: [ app_begin ] --START--
INFO: Run Behavior\ReadHtmlCache [ RunTime:0.000898s ]
INFO: [ app_begin ] --END-- [ RunTime:0.001383s ]

[ 2014-07-31T22:33:06+08:00 ] 127.0.0.1 /Home/Match/getSp.html
INFO: [ app_begin ] --START--
INFO: Run Behavior\ReadHtmlCache [ RunTime:0.000626s ]
INFO: [ app_begin ] --END-- [ RunTime:0.001320s ]

[ 2014-07-31T22:33:07+08:00 ] 127.0.0.1 /Home/Match/getSp.html
INFO: [ app_begin ] --START--
INFO: Run Behavior\ReadHtmlCache [ RunTime:0.000505s ]
INFO: [ app_begin ] --END-- [ RunTime:0.000924s ]

[ 2014-07-31T22:33:24+08:00 ] 127.0.0.1 /Home/Match/getSp.html
INFO: [ app_begin ] --START--
INFO: Run Behavior\ReadHtmlCache [ RunTime:0.000919s ]
INFO: [ app_begin ] --END-- [ RunTime:0.001607s ]
INFO: [ app_end ] --START--
INFO: Run Behavior\ShowPageTrace [ RunTime:0.000881s ]
INFO: [ app_end ] --END-- [ RunTime:0.001025s ]

[ 2014-07-31T22:33:39+08:00 ] 127.0.0.1 /Home/Match/getSp.html
INFO: [ app_begin ] --START--
INFO: Run Behavior\ReadHtmlCache [ RunTime:0.000648s ]
INFO: [ app_begin ] --END-- [ RunTime:0.001141s ]
INFO: [ app_end ] --START--
INFO: Run Behavior\ShowPageTrace [ RunTime:0.001149s ]
INFO: [ app_end ] --END-- [ RunTime:0.001353s ]

[ 2014-07-31T22:34:54+08:00 ] 127.0.0.1 /Home/Match/getSp.html
INFO: [ app_begin ] --START--
INFO: Run Behavior\ReadHtmlCache [ RunTime:0.000463s ]
INFO: [ app_begin ] --END-- [ RunTime:0.000811s ]
INFO: [ app_end ] --START--
INFO: Run Behavior\ShowPageTrace [ RunTime:0.000658s ]
INFO: [ app_end ] --END-- [ RunTime:0.000788s ]

[ 2014-07-31T22:34:59+08:00 ] 127.0.0.1 /Home/Match/getSp.html
INFO: [ app_begin ] --START--
INFO: Run Behavior\ReadHtmlCache [ RunTime:0.000457s ]
INFO: [ app_begin ] --END-- [ RunTime:0.000836s ]
INFO: [ app_end ] --START--
INFO: Run Behavior\ShowPageTrace [ RunTime:0.000669s ]
INFO: [ app_end ] --END-- [ RunTime:0.000900s ]

[ 2014-07-31T22:37:00+08:00 ] 127.0.0.1 /Home/Match/getSp.html
INFO: [ app_begin ] --START--
INFO: Run Behavior\ReadHtmlCache [ RunTime:0.000732s ]
INFO: [ app_begin ] --END-- [ RunTime:0.001161s ]
INFO: [ app_end ] --START--
INFO: Run Behavior\ShowPageTrace [ RunTime:0.000790s ]
INFO: [ app_end ] --END-- [ RunTime:0.000919s ]

[ 2014-07-31T22:37:17+08:00 ] 127.0.0.1 /Home/Match/getSp.html
INFO: [ app_begin ] --START--
INFO: Run Behavior\ReadHtmlCache [ RunTime:0.000730s ]
INFO: [ app_begin ] --END-- [ RunTime:0.001120s ]
INFO: [ app_end ] --START--
INFO: Run Behavior\ShowPageTrace [ RunTime:0.000783s ]
INFO: [ app_end ] --END-- [ RunTime:0.000944s ]

[ 2014-07-31T22:56:21+08:00 ] 127.0.0.1 /Home/Match/getSp.html
INFO: [ app_begin ] --START--
INFO: Run Behavior\ReadHtmlCache [ RunTime:0.000743s ]
INFO: [ app_begin ] --END-- [ RunTime:0.001161s ]
NOTIC: [8] Undefined variable: sp D:\phpserver\match.boss.com\Web\Home\Controller\MatchController.class.php ç¬¬ 49 è¡Œ.
INFO: [ app_end ] --START--
INFO: Run Behavior\ShowPageTrace [ RunTime:0.001074s ]
INFO: [ app_end ] --END-- [ RunTime:0.001223s ]

[ 2014-07-31T22:56:38+08:00 ] 127.0.0.1 /Home/Match/getSp.html
INFO: [ app_begin ] --START--
INFO: Run Behavior\ReadHtmlCache [ RunTime:0.000519s ]
INFO: [ app_begin ] --END-- [ RunTime:0.002166s ]
NOTIC: [8] Undefined offset: 4 D:\phpserver\match.boss.com\Web\Home\Controller\MatchController.class.php ç¬¬ 55 è¡Œ.
INFO: [ app_end ] --START--
INFO: Run Behavior\ShowPageTrace [ RunTime:0.000675s ]
INFO: [ app_end ] --END-- [ RunTime:0.000796s ]

[ 2014-07-31T22:56:52+08:00 ] 127.0.0.1 /Home/Match/getSp.html
INFO: [ app_begin ] --START--
INFO: Run Behavior\ReadHtmlCache [ RunTime:0.000534s ]
INFO: [ app_begin ] --END-- [ RunTime:0.000932s ]
NOTIC: [8] Undefined offset: 4 D:\phpserver\match.boss.com\Web\Home\Controller\MatchController.class.php ç¬¬ 56 è¡Œ.
INFO: [ app_end ] --START--
INFO: Run Behavior\ShowPageTrace [ RunTime:0.000919s ]
INFO: [ app_end ] --END-- [ RunTime:0.001068s ]

[ 2014-07-31T22:57:26+08:00 ] 127.0.0.1 /Home/Match/getSp.html
INFO: [ app_begin ] --START--
INFO: Run Behavior\ReadHtmlCache [ RunTime:0.000806s ]
INFO: [ app_begin ] --END-- [ RunTime:0.001274s ]
NOTIC: [8] Undefined offset: 4 D:\phpserver\match.boss.com\Web\Home\Controller\MatchController.class.php ç¬¬ 55 è¡Œ.
INFO: [ app_end ] --START--
INFO: Run Behavior\ShowPageTrace [ RunTime:0.000710s ]
INFO: [ app_end ] --END-- [ RunTime:0.000809s ]

[ 2014-07-31T22:57:49+08:00 ] 127.0.0.1 /Home/Match/getSp.html
INFO: [ app_begin ] --START--
INFO: Run Behavior\ReadHtmlCache [ RunTime:0.000566s ]
INFO: [ app_begin ] --END-- [ RunTime:0.001241s ]
NOTIC: [8] Undefined offset: 4 D:\phpserver\match.boss.com\Web\Home\Controller\MatchController.class.php ç¬¬ 55 è¡Œ.
INFO: [ app_end ] --START--
INFO: Run Behavior\ShowPageTrace [ RunTime:0.000943s ]
INFO: [ app_end ] --END-- [ RunTime:0.001072s ]

[ 2014-07-31T22:58:13+08:00 ] 127.0.0.1 /Home/Match/getSp.html
INFO: [ app_begin ] --START--
INFO: Run Behavior\ReadHtmlCache [ RunTime:0.000577s ]
INFO: [ app_begin ] --END-- [ RunTime:0.001080s ]
NOTIC: [8] Undefined offset: 0 D:\phpserver\match.boss.com\Web\Home\Controller\MatchController.class.php ç¬¬ 54 è¡Œ.
NOTIC: [2] Invalid argument supplied for foreach() D:\phpserver\match.boss.com\Web\Home\Controller\MatchController.class.php ç¬¬ 54 è¡Œ.
INFO: [ app_end ] --START--
INFO: Run Behavior\ShowPageTrace [ RunTime:0.000665s ]
INFO: [ app_end ] --END-- [ RunTime:0.000752s ]

[ 2014-07-31T22:58:34+08:00 ] 127.0.0.1 /Home/Match/getSp.html
INFO: [ app_begin ] --START--
INFO: Run Behavior\ReadHtmlCache [ RunTime:0.000646s ]
INFO: [ app_begin ] --END-- [ RunTime:0.001118s ]
NOTIC: [8] Undefined offset: 4 D:\phpserver\match.boss.com\Web\Home\Controller\MatchController.class.php ç¬¬ 56 è¡Œ.
INFO: [ app_end ] --START--
INFO: Run Behavior\ShowPageTrace [ RunTime:0.000808s ]
INFO: [ app_end ] --END-- [ RunTime:0.000904s ]

[ 2014-07-31T22:58:51+08:00 ] 127.0.0.1 /Home/Match/getSp.html
INFO: [ app_begin ] --START--
INFO: Run Behavior\ReadHtmlCache [ RunTime:0.000675s ]
INFO: [ app_begin ] --END-- [ RunTime:0.001167s ]
NOTIC: [8] Undefined index: d D:\phpserver\match.boss.com\Web\Home\Controller\MatchController.class.php ç¬¬ 53 è¡Œ.
INFO: [ app_end ] --START--
INFO: Run Behavior\ShowPageTrace [ RunTime:0.000826s ]
INFO: [ app_end ] --END-- [ RunTime:0.000922s ]

[ 2014-07-31T22:59:04+08:00 ] 127.0.0.1 /Home/Match/getSp.html
INFO: [ app_begin ] --START--
INFO: Run Behavior\ReadHtmlCache [ RunTime:0.000469s ]
INFO: [ app_begin ] --END-- [ RunTime:0.000841s ]
NOTIC: [8] Trying to get property of non-object D:\phpserver\match.boss.com\Web\Home\Controller\MatchController.class.php ç¬¬ 53 è¡Œ.
INFO: [ app_end ] --START--
INFO: Run Behavior\ShowPageTrace [ RunTime:0.000672s ]
INFO: [ app_end ] --END-- [ RunTime:0.000764s ]

[ 2014-07-31T22:59:10+08:00 ] 127.0.0.1 /Home/Match/getSp.html
INFO: [ app_begin ] --START--
INFO: Run Behavior\ReadHtmlCache [ RunTime:0.000494s ]
INFO: [ app_begin ] --END-- [ RunTime:0.000919s ]
NOTIC: [8] Undefined offset: 4 D:\phpserver\match.boss.com\Web\Home\Controller\MatchController.class.php ç¬¬ 56 è¡Œ.
INFO: [ app_end ] --START--
INFO: Run Behavior\ShowPageTrace [ RunTime:0.000784s ]
INFO: [ app_end ] --END-- [ RunTime:0.000892s ]

[ 2014-07-31T22:59:37+08:00 ] 127.0.0.1 /Home/Match/getSp.html
INFO: [ app_begin ] --START--
INFO: Run Behavior\ReadHtmlCache [ RunTime:0.000896s ]
INFO: [ app_begin ] --END-- [ RunTime:0.001581s ]
NOTIC: [8] Undefined offset: 4 D:\phpserver\match.boss.com\Web\Home\Controller\MatchController.class.php ç¬¬ 56 è¡Œ.
INFO: [ app_end ] --START--
INFO: Run Behavior\ShowPageTrace [ RunTime:0.000660s ]
INFO: [ app_end ] --END-- [ RunTime:0.000750s ]

[ 2014-07-31T23:00:31+08:00 ] 127.0.0.1 /Home/Match/getSp.html
INFO: [ app_begin ] --START--
INFO: Run Behavior\ReadHtmlCache [ RunTime:0.000590s ]
INFO: [ app_begin ] --END-- [ RunTime:0.001066s ]
NOTIC: [8] Undefined offset: 4 D:\phpserver\match.boss.com\Web\Home\Controller\MatchController.class.php ç¬¬ 55 è¡Œ.
INFO: [ app_end ] --START--
INFO: Run Behavior\ShowPageTrace [ RunTime:0.000728s ]
INFO: [ app_end ] --END-- [ RunTime:0.000839s ]

[ 2014-07-31T23:00:40+08:00 ] 127.0.0.1 /Home/Match/getSp.html
INFO: [ app_begin ] --START--
INFO: Run Behavior\ReadHtmlCache [ RunTime:0.000506s ]
INFO: [ app_begin ] --END-- [ RunTime:0.000951s ]
NOTIC: [8] Undefined offset: 4 D:\phpserver\match.boss.com\Web\Home\Controller\MatchController.class.php ç¬¬ 55 è¡Œ.
NOTIC: [8] Undefined offset: 4 D:\phpserver\match.boss.com\Web\Home\Controller\MatchController.class.php ç¬¬ 56 è¡Œ.
INFO: [ app_end ] --START--
INFO: Run Behavior\ShowPageTrace [ RunTime:0.000668s ]
INFO: [ app_end ] --END-- [ RunTime:0.000753s ]

[ 2014-07-31T23:00:43+08:00 ] 127.0.0.1 /Home/Match/getSp.html
INFO: [ app_begin ] --START--
INFO: Run Behavior\ReadHtmlCache [ RunTime:0.000494s ]
INFO: [ app_begin ] --END-- [ RunTime:0.000904s ]
INFO: [ app_end ] --START--
INFO: Run Behavior\ShowPageTrace [ RunTime:0.000723s ]
INFO: [ app_end ] --END-- [ RunTime:0.000876s ]

[ 2014-07-31T23:00:44+08:00 ] 127.0.0.1 /Home/Match/getSp.html
INFO: [ app_begin ] --START--
INFO: Run Behavior\ReadHtmlCache [ RunTime:0.000569s ]
INFO: [ app_begin ] --END-- [ RunTime:0.001056s ]
INFO: [ app_end ] --START--
INFO: Run Behavior\ShowPageTrace [ RunTime:0.000699s ]
INFO: [ app_end ] --END-- [ RunTime:0.000827s ]

[ 2014-07-31T23:00:51+08:00 ] 127.0.0.1 /Home/Match/getSp.html
INFO: [ app_begin ] --START--
INFO: Run Behavior\ReadHtmlCache [ RunTime:0.001722s ]
INFO: [ app_begin ] --END-- [ RunTime:0.002280s ]
NOTIC: [8] Undefined offset: 4 D:\phpserver\match.boss.com\Web\Home\Controller\MatchController.class.php ç¬¬ 55 è¡Œ.
NOTIC: [8] Undefined offset: 4 D:\phpserver\match.boss.com\Web\Home\Controller\MatchController.class.php ç¬¬ 56 è¡Œ.
INFO: [ app_end ] --START--
INFO: Run Behavior\ShowPageTrace [ RunTime:0.000955s ]
INFO: [ app_end ] --END-- [ RunTime:0.002562s ]

[ 2014-07-31T23:01:15+08:00 ] 127.0.0.1 /Home/Match/getSp.html
INFO: [ app_begin ] --START--
INFO: Run Behavior\ReadHtmlCache [ RunTime:0.000576s ]
INFO: [ app_begin ] --END-- [ RunTime:0.001189s ]
NOTIC: [2] Invalid argument supplied for foreach() D:\phpserver\match.boss.com\Web\Home\Controller\MatchController.class.php ç¬¬ 68 è¡Œ.
NOTIC: [8] Undefined offset: 5 D:\phpserver\match.boss.com\Web\Home\Controller\MatchController.class.php ç¬¬ 62 è¡Œ.
NOTIC: [8] Undefined offset: 5 D:\phpserver\match.boss.com\Web\Home\Controller\MatchController.class.php ç¬¬ 63 è¡Œ.
NOTIC: [8] Undefined offset: 6 D:\phpserver\match.boss.com\Web\Home\Controller\MatchController.class.php ç¬¬ 64 è¡Œ.
NOTIC: [8] Undefined offset: 6 D:\phpserver\match.boss.com\Web\Home\Controller\MatchController.class.php ç¬¬ 65 è¡Œ.
NOTIC: [8] Undefined offset: 7 D:\phpserver\match.boss.com\Web\Home\Controller\MatchController.class.php ç¬¬ 66 è¡Œ.
NOTIC: [8] Undefined offset: 10 D:\phpserver\match.boss.com\Web\Home\Controller\MatchController.class.php ç¬¬ 68 è¡Œ.
NOTIC: [2] Invalid argument supplied for foreach() D:\phpserver\match.boss.com\Web\Home\Controller\MatchController.class.php ç¬¬ 68 è¡Œ.
NOTIC: [2] Invalid argument supplied for foreach() D:\phpserver\match.boss.com\Web\Home\Controller\MatchController.class.php ç¬¬ 68 è¡Œ.
NOTIC: [2] Invalid argument supplied for foreach() D:\phpserver\match.boss.com\Web\Home\Controller\MatchController.class.php ç¬¬ 68 è¡Œ.
NOTIC: [8] Undefined offset: 5 D:\phpserver\match.boss.com\Web\Home\Controller\MatchController.class.php ç¬¬ 62 è¡Œ.
NOTIC: [8] Undefined offset: 5 D:\phpserver\match.boss.com\Web\Home\Controller\MatchController.class.php ç¬¬ 63 è¡Œ.
NOTIC: [8] Undefined offset: 6 D:\phpserver\match.boss.com\Web\Home\Controller\MatchController.class.php ç¬¬ 64 è¡Œ.
NOTIC: [8] Undefined offset: 6 D:\phpserver\match.boss.com\Web\Home\Controller\MatchController.class.php ç¬¬ 65 è¡Œ.
NOTIC: [8] Undefined offset: 7 D:\phpserver\match.boss.com\Web\Home\Controller\MatchController.class.php ç¬¬ 66 è¡Œ.
NOTIC: [8] Undefined offset: 10 D:\phpserver\match.boss.com\Web\Home\Controller\MatchController.class.php ç¬¬ 68 è¡Œ.
NOTIC: [2] Invalid argument supplied for foreach() D:\phpserver\match.boss.com\Web\Home\Controller\MatchController.class.php ç¬¬ 68 è¡Œ.
INFO: [ app_end ] --START--
INFO: Run Behavior\ShowPageTrace [ RunTime:0.001286s ]
INFO: [ app_end ] --END-- [ RunTime:0.001435s ]

[ 2014-07-31T23:02:18+08:00 ] 127.0.0.1 /Home/Match/getSp.html
INFO: [ app_begin ] --START--
INFO: Run Behavior\ReadHtmlCache [ RunTime:0.000591s ]
INFO: [ app_begin ] --END-- [ RunTime:0.001043s ]
INFO: [ app_end ] --START--
INFO: Run Behavior\ShowPageTrace [ RunTime:0.001234s ]
INFO: [ app_end ] --END-- [ RunTime:0.001733s ]

[ 2014-07-31T23:02:30+08:00 ] 127.0.0.1 /Home/Match/getSp.html
INFO: [ app_begin ] --START--
INFO: Run Behavior\ReadHtmlCache [ RunTime:0.000564s ]
INFO: [ app_begin ] --END-- [ RunTime:0.000932s ]
NOTIC: [8] Undefined index: d D:\phpserver\match.boss.com\Web\Home\Controller\MatchController.class.php ç¬¬ 53 è¡Œ.
INFO: [ app_end ] --START--
INFO: Run Behavior\ShowPageTrace [ RunTime:0.000678s ]
INFO: [ app_end ] --END-- [ RunTime:0.000772s ]

[ 2014-07-31T23:02:32+08:00 ] 127.0.0.1 /Home/Match/getSp.html
INFO: [ app_begin ] --START--
INFO: Run Behavior\ReadHtmlCache [ RunTime:0.000484s ]
INFO: [ app_begin ] --END-- [ RunTime:0.000854s ]
INFO: [ app_end ] --START--
INFO: Run Behavior\ShowPageTrace [ RunTime:0.000720s ]
INFO: [ app_end ] --END-- [ RunTime:0.000849s ]

[ 2014-07-31T23:02:52+08:00 ] 127.0.0.1 /Home/Match/getSp.html
INFO: [ app_begin ] --START--
INFO: Run Behavior\ReadHtmlCache [ RunTime:0.000677s ]
INFO: [ app_begin ] --END-- [ RunTime:0.001139s ]
NOTIC: [8] Undefined index: d D:\phpserver\match.boss.com\Web\Home\Controller\MatchController.class.php ç¬¬ 53 è¡Œ.
INFO: [ app_end ] --START--
INFO: Run Behavior\ShowPageTrace [ RunTime:0.000745s ]
INFO: [ app_end ] --END-- [ RunTime:0.000841s ]

[ 2014-07-31T23:05:33+08:00 ] 127.0.0.1 /Home/Match/getSp.html
INFO: [ app_begin ] --START--
INFO: Run Behavior\ReadHtmlCache [ RunTime:0.000504s ]
INFO: [ app_begin ] --END-- [ RunTime:0.000964s ]
NOTIC: [8] Undefined index: d D:\phpserver\match.boss.com\Web\Home\Controller\MatchController.class.php ç¬¬ 53 è¡Œ.
INFO: [ app_end ] --START--
INFO: Run Behavior\ShowPageTrace [ RunTime:0.001008s ]
INFO: [ app_end ] --END-- [ RunTime:0.001105s ]

[ 2014-07-31T23:05:33+08:00 ] 127.0.0.1 /Home/Match/getSp.html
INFO: [ app_begin ] --START--
INFO: Run Behavior\ReadHtmlCache [ RunTime:0.000608s ]
INFO: [ app_begin ] --END-- [ RunTime:0.000999s ]

[ 2014-07-31T23:05:33+08:00 ] 127.0.0.1 /Home/Match/getSp.html
INFO: [ app_begin ] --START--
INFO: Run Behavior\ReadHtmlCache [ RunTime:0.000625s ]
INFO: [ app_begin ] --END-- [ RunTime:0.001054s ]

[ 2014-07-31T23:05:33+08:00 ] 127.0.0.1 /Home/Match/getSp.html
INFO: [ app_begin ] --START--
INFO: Run Behavior\ReadHtmlCache [ RunTime:0.000560s ]
INFO: [ app_begin ] --END-- [ RunTime:0.000983s ]

[ 2014-07-31T23:05:33+08:00 ] 127.0.0.1 /Home/Match/getSp.html
INFO: [ app_begin ] --START--
INFO: Run Behavior\ReadHtmlCache [ RunTime:0.000576s ]
INFO: [ app_begin ] --END-- [ RunTime:0.000959s ]

[ 2014-07-31T23:05:33+08:00 ] 127.0.0.1 /Home/Match/getSp.html
INFO: [ app_begin ] --START--
INFO: Run Behavior\ReadHtmlCache [ RunTime:0.000875s ]
INFO: [ app_begin ] --END-- [ RunTime:0.001483s ]

[ 2014-07-31T23:05:41+08:00 ] 127.0.0.1 /Home/Match/getSp.html
INFO: [ app_begin ] --START--
INFO: Run Behavior\ReadHtmlCache [ RunTime:0.000455s ]
INFO: [ app_begin ] --END-- [ RunTime:0.000819s ]
NOTIC: [8] Undefined index: d D:\phpserver\match.boss.com\Web\Home\Controller\MatchController.class.php ç¬¬ 53 è¡Œ.

[ 2014-07-31T23:05:48+08:00 ] 127.0.0.1 /Home/Match/getSp.html
INFO: [ app_begin ] --START--
INFO: Run Behavior\ReadHtmlCache [ RunTime:0.000780s ]
INFO: [ app_begin ] --END-- [ RunTime:0.001131s ]

[ 2014-07-31T23:07:50+08:00 ] 127.0.0.1 /Home/Match/getSp.html
INFO: [ app_begin ] --START--
INFO: Run Behavior\ReadHtmlCache [ RunTime:0.000578s ]
INFO: [ app_begin ] --END-- [ RunTime:0.000967s ]
INFO: [ app_end ] --START--
INFO: Run Behavior\ShowPageTrace [ RunTime:0.000797s ]
INFO: [ app_end ] --END-- [ RunTime:0.000918s ]

[ 2014-07-31T23:11:59+08:00 ] 127.0.0.1 /Home/Match/getSp.html
INFO: [ app_begin ] --START--
INFO: Run Behavior\ReadHtmlCache [ RunTime:0.000619s ]
INFO: [ app_begin ] --END-- [ RunTime:0.001154s ]
INFO: [ app_end ] --START--
INFO: Run Behavior\ShowPageTrace [ RunTime:0.000798s ]
INFO: [ app_end ] --END-- [ RunTime:0.000922s ]

[ 2014-07-31T23:12:04+08:00 ] 127.0.0.1 /Home/Match/index.html
INFO: [ app_begin ] --START--
INFO: Run Behavior\ReadHtmlCache [ RunTime:0.000480s ]
INFO: [ app_begin ] --END-- [ RunTime:0.000876s ]
INFO: [ app_end ] --START--
INFO: Run Behavior\ShowPageTrace [ RunTime:0.000777s ]
INFO: [ app_end ] --END-- [ RunTime:0.000993s ]

[ 2014-07-31T23:13:20+08:00 ] 127.0.0.1 /Home/Match/getSp.html
INFO: [ app_begin ] --START--
INFO: Run Behavior\ReadHtmlCache [ RunTime:0.000575s ]
INFO: [ app_begin ] --END-- [ RunTime:0.000970s ]
INFO: [ app_end ] --START--
INFO: Run Behavior\ShowPageTrace [ RunTime:0.000769s ]
INFO: [ app_end ] --END-- [ RunTime:0.000888s ]

[ 2014-07-31T23:14:23+08:00 ] 127.0.0.1 /Home/Match/getSp.html
INFO: [ app_begin ] --START--
INFO: Run Behavior\ReadHtmlCache [ RunTime:0.000534s ]
INFO: [ app_begin ] --END-- [ RunTime:0.001058s ]
INFO: [ app_end ] --START--
INFO: Run Behavior\ShowPageTrace [ RunTime:0.002615s ]
INFO: [ app_end ] --END-- [ RunTime:0.002794s ]

[ 2014-07-31T23:16:28+08:00 ] 127.0.0.1 /Home/Match/getSp.html
INFO: [ app_begin ] --START--
INFO: Run Behavior\ReadHtmlCache [ RunTime:0.000571s ]
INFO: [ app_begin ] --END-- [ RunTime:0.000992s ]
INFO: [ app_end ] --START--
INFO: Run Behavior\ShowPageTrace [ RunTime:0.000761s ]
INFO: [ app_end ] --END-- [ RunTime:0.000884s ]

[ 2014-07-31T23:17:18+08:00 ] 127.0.0.1 /Home/Match/getSp.html
INFO: [ app_begin ] --START--
INFO: Run Behavior\ReadHtmlCache [ RunTime:0.000482s ]
INFO: [ app_begin ] --END-- [ RunTime:0.000847s ]
INFO: [ app_end ] --START--
INFO: Run Behavior\ShowPageTrace [ RunTime:0.000690s ]
INFO: [ app_end ] --END-- [ RunTime:0.000817s ]

[ 2014-07-31T23:18:15+08:00 ] 127.0.0.1 /Home/Match/getSp.html
INFO: [ app_begin ] --START--
INFO: Run Behavior\ReadHtmlCache [ RunTime:0.000705s ]
INFO: [ app_begin ] --END-- [ RunTime:0.001341s ]
NOTIC: [8] Undefined index: d D:\phpserver\match.boss.com\Web\Home\Controller\MatchController.class.php ç¬¬ 59 è¡Œ.
INFO: [ app_end ] --START--
INFO: Run Behavior\ShowPageTrace [ RunTime:0.000646s ]
INFO: [ app_end ] --END-- [ RunTime:0.000742s ]

[ 2014-07-31T23:18:18+08:00 ] 127.0.0.1 /Home/Match/getSp.html
INFO: [ app_begin ] --START--
INFO: Run Behavior\ReadHtmlCache [ RunTime:0.000507s ]
INFO: [ app_begin ] --END-- [ RunTime:0.000922s ]
NOTIC: [8] Undefined index: d D:\phpserver\match.boss.com\Web\Home\Controller\MatchController.class.php ç¬¬ 59 è¡Œ.
INFO: [ app_end ] --START--
INFO: Run Behavior\ShowPageTrace [ RunTime:0.000666s ]
INFO: [ app_end ] --END-- [ RunTime:0.000757s ]

[ 2014-07-31T23:18:20+08:00 ] 127.0.0.1 /Home/Match/getSp.html
INFO: [ app_begin ] --START--
INFO: Run Behavior\ReadHtmlCache [ RunTime:0.000520s ]
INFO: [ app_begin ] --END-- [ RunTime:0.000911s ]
INFO: [ app_end ] --START--
INFO: Run Behavior\ShowPageTrace [ RunTime:0.000738s ]
INFO: [ app_end ] --END-- [ RunTime:0.000864s ]

[ 2014-07-31T23:20:19+08:00 ] 127.0.0.1 /Home/Match/getSp.html
INFO: [ app_begin ] --START--
INFO: Run Behavior\ReadHtmlCache [ RunTime:0.000757s ]
INFO: [ app_begin ] --END-- [ RunTime:0.001279s ]
INFO: [ app_end ] --START--
INFO: Run Behavior\ShowPageTrace [ RunTime:0.001017s ]
INFO: [ app_end ] --END-- [ RunTime:0.001160s ]

[ 2014-07-31T23:20:25+08:00 ] 127.0.0.1 /Home/Match/getSp.html
INFO: [ app_begin ] --START--
INFO: Run Behavior\ReadHtmlCache [ RunTime:0.000646s ]
INFO: [ app_begin ] --END-- [ RunTime:0.001172s ]
INFO: [ app_end ] --START--
INFO: Run Behavior\ShowPageTrace [ RunTime:0.000672s ]
INFO: [ app_end ] --END-- [ RunTime:0.000795s ]

[ 2014-07-31T23:20:48+08:00 ] 127.0.0.1 /Home/Match/getSp.html
INFO: [ app_begin ] --START--
INFO: Run Behavior\ReadHtmlCache [ RunTime:0.000517s ]
INFO: [ app_begin ] --END-- [ RunTime:0.000956s ]
INFO: [ app_end ] --START--
INFO: Run Behavior\ShowPageTrace [ RunTime:0.000664s ]
INFO: [ app_end ] --END-- [ RunTime:0.000784s ]

[ 2014-07-31T23:21:50+08:00 ] 127.0.0.1 /Home/Match/getXml.html
INFO: [ app_begin ] --START--
INFO: Run Behavior\ReadHtmlCache [ RunTime:0.000636s ]
INFO: [ app_begin ] --END-- [ RunTime:0.001007s ]
NOTIC: [8] Undefined variable: url D:\phpserver\match.boss.com\Web\Libs\Trade\Jcpublic.class.php ç¬¬ 10 è¡Œ.
NOTIC: [8] Undefined variable: count_active D:\phpserver\match.boss.com\Web\Libs\Trade\Jcpublic.class.php ç¬¬ 31 è¡Œ.
NOTIC: [8] Undefined variable: now D:\phpserver\match.boss.com\Web\Libs\Trade\Jcpublic.class.php ç¬¬ 71 è¡Œ.
NOTIC: [8] Undefined variable: now D:\phpserver\match.boss.com\Web\Libs\Trade\Jcpublic.class.php ç¬¬ 71 è¡Œ.
NOTIC: [8] Undefined variable: now D:\phpserver\match.boss.com\Web\Libs\Trade\Jcpublic.class.php ç¬¬ 71 è¡Œ.
NOTIC: [8] Undefined variable: now D:\phpserver\match.boss.com\Web\Libs\Trade\Jcpublic.class.php ç¬¬ 71 è¡Œ.
NOTIC: [8] Undefined variable: now D:\phpserver\match.boss.com\Web\Libs\Trade\Jcpublic.class.php ç¬¬ 71 è¡Œ.
NOTIC: [8] Undefined variable: now D:\phpserver\match.boss.com\Web\Libs\Trade\Jcpublic.class.php ç¬¬ 71 è¡Œ.
NOTIC: [8] Undefined variable: now D:\phpserver\match.boss.com\Web\Libs\Trade\Jcpublic.class.php ç¬¬ 71 è¡Œ.
NOTIC: [8] Undefined variable: now D:\phpserver\match.boss.com\Web\Libs\Trade\Jcpublic.class.php ç¬¬ 71 è¡Œ.
NOTIC: [8] Undefined variable: now D:\phpserver\match.boss.com\Web\Libs\Trade\Jcpublic.class.php ç¬¬ 71 è¡Œ.
NOTIC: [8] Undefined variable: now D:\phpserver\match.boss.com\Web\Libs\Trade\Jcpublic.class.php ç¬¬ 71 è¡Œ.
NOTIC: [8] Undefined variable: now D:\phpserver\match.boss.com\Web\Libs\Trade\Jcpublic.class.php ç¬¬ 71 è¡Œ.
NOTIC: [8] Undefined variable: now D:\phpserver\match.boss.com\Web\Libs\Trade\Jcpublic.class.php ç¬¬ 71 è¡Œ.
NOTIC: [8] Undefined variable: now D:\phpserver\match.boss.com\Web\Libs\Trade\Jcpublic.class.php ç¬¬ 71 è¡Œ.
NOTIC: [8] Undefined variable: now D:\phpserver\match.boss.com\Web\Libs\Trade\Jcpublic.class.php ç¬¬ 71 è¡Œ.
NOTIC: [8] Undefined variable: now D:\phpserver\match.boss.com\Web\Libs\Trade\Jcpublic.class.php ç¬¬ 71 è¡Œ.
NOTIC: [8] Undefined variable: now D:\phpserver\match.boss.com\Web\Libs\Trade\Jcpublic.class.php ç¬¬ 71 è¡Œ.
NOTIC: [8] Undefined variable: now D:\phpserver\match.boss.com\Web\Libs\Trade\Jcpublic.class.php ç¬¬ 71 è¡Œ.
NOTIC: [8] Undefined variable: now D:\phpserver\match.boss.com\Web\Libs\Trade\Jcpublic.class.php ç¬¬ 71 è¡Œ.
NOTIC: [8] Undefined variable: now D:\phpserver\match.boss.com\Web\Libs\Trade\Jcpublic.class.php ç¬¬ 71 è¡Œ.
NOTIC: [8] Undefined variable: now D:\phpserver\match.boss.com\Web\Libs\Trade\Jcpublic.class.php ç¬¬ 71 è¡Œ.
NOTIC: [8] Undefined variable: now D:\phpserver\match.boss.com\Web\Libs\Trade\Jcpublic.class.php ç¬¬ 71 è¡Œ.
NOTIC: [8] Undefined variable: now D:\phpserver\match.boss.com\Web\Libs\Trade\Jcpublic.class.php ç¬¬ 71 è¡Œ.
NOTIC: [8] Undefined variable: now D:\phpserver\match.boss.com\Web\Libs\Trade\Jcpublic.class.php ç¬¬ 71 è¡Œ.
ERR: 1062:Duplicate entry '78765' for key 'PRIMARY'
 [ SQLè¯­å¥ ] : INSERT INTO `match` (`id`,`rangqiu`,`isshow`,`matchnum`,`league`,`simpleleague`,`homename`,`homesxname`,`awayname`,`awaysxname`,`win`,`processname`,`processdate`,`matchdate`,`matchtime`,`endtime`,`matchnumdate`,`title`,`date`,`end`) VALUES (78753,'-1',1,'å‘¨å››001','æ¬§ç½—å·´è”èµ\›','æ¬§è”','é˜¿æ–¯å¡”çº³','é˜¿æ–¯å\¦','AIKç´¢å°”çº\³','ç´¢å°”çº\³','4.85','4001','2014-07-31','2014-07-31','2014-07-31 22:00','2014-07-31 21:59','2014-07-31','2014-07-31 æ˜ŸæœŸå›\›','20140731',0),(78754,'-1',1,'å‘¨å››002','æ¬§ç½—å·´è”èµ\›','æ¬§è”','åŸƒå°”å¤«æ–¯å \¡','åŸƒå°”å¤\«','å“ˆå¤«çº³å¤«çº¦æœå°\”','å“ˆå¤«çº\³','2.35','4002','2014-07-31','2014-08-01','2014-08-01 00:00','2014-07-31 23:59','2014-07-31','2014-07-31 æ˜ŸæœŸå›\›','20140731',0),(78755,'1',1,'å‘¨å››003','æ¬§ç½—å·´è”èµ\›','æ¬§è”','ç‰¹ä¼¦é’\¦','ç‰¹ä¼¦é’\¦','èµ«å°”åŸ\','èµ«å°”åŸ\','3.35','4003','2014-07-31','2014-08-01','2014-08-01 01:00','2014-08-01 00:59','2014-07-31','2014-07-31 æ˜ŸæœŸå›\›','20140731',0),(78756,'1',1,'å‘¨å››004','æ¬§ç½—å·´è”èµ\›','æ¬§è”','åšè±æ–¯æ‹‰å¤\«','åšè±æ–\¯','é‡Œæ˜‚','é‡\Œ  æ˜\‚','3.45','4004','2014-07-31','2014-08-01','2014-08-01 01:00','2014-08-01 00:59','2014-07-31','2014-07-31 æ˜ŸæœŸå›\›','20140731',0),(78757,'-1',1,'å‘¨å››005','æ¬§ç½—å·´è”èµ\›','æ¬§è”','IFKå“¥å¾·å \¡','å“¥å¾·å \¡','é‡Œå¥¥é˜¿ç»´','é‡Œå¥¥é˜\¿','4.65','4005','2014-07-31','2014-08-01','2014-08-01 01:00','2014-08-01 00:59','2014-07-31','2014-07-31 æ˜ŸæœŸå›\›','20140731',0),(78759,'1',1,'å‘¨å››007','æ¬§ç½—å·´è”èµ\›','æ¬§è”','å¸ƒé²é©¬æ³¢å¡çº³','å¸ƒé²é©\¬','éƒ½çµ','éƒ\½  ç\µ','2.08','4007','2014-07-31','2014-08-01','2014-08-01 01:00','2014-08-01 00:59','2014-07-31','2014-07-31 æ˜ŸæœŸå›\›','20140731',0),(78760,'-1',1,'å‘¨å››008','æ¬§ç½—å·´è”èµ\›','æ¬§è”','å¡æ‹‰æ¯”å…‹ä½“è‚²','å¡æ‹‰æ¯\”','ç½—æ£®åšæ ¼','ç½—æ£®å\š','4.15','4008','2014-07-31','2014-08-01','2014-08-01 01:00','2014-08-01 00:59','2014-07-31','2014-07-31 æ˜ŸæœŸå›\›','20140731',0),(78761,'-1',1,'å‘¨å››009','æ¬§ç½—å·´è”èµ\›','æ¬§è”','å¸ƒé²æ—\¥','å¸ƒé²æ—\¥','å¸ƒéš†å¾·æ¯”','å¸ƒéš†å¾\·','2.80','4009','2014-07-31','2014-08-01','2014-08-01 02:30','2014-08-01 02:29','2014-07-31','2014-07-31 æ˜ŸæœŸå›\›','20140731',0),(78762,'-1',1,'å‘¨å››010','æ¬§ç½—å·´è”èµ\›','æ¬§è”','ç¾å› èŒ\¨','ç¾å› èŒ\¨','ç‰¹é‡Œæ³¢åˆ©æµ·æ˜Ÿ','ç‰¹æµ·æ˜\Ÿ','1.68','4010','2014-07-31','2014-08-01','2014-08-01 02:30','2014-08-01 02:29','2014-07-31','2014-07-31 æ˜ŸæœŸå›\›','20140731',0),(78763,'-1',1,'å‘¨å››011','æ¬§ç½—å·´è”èµ\›','æ¬§è”','çš‡å®¶ç¤¾ä¼š','ç¤\¾  ä¼\š','é˜¿ä¼¯ä¸\','é˜¿ä¼¯ä¸\','1.73','4011','2014-07-31','2014-08-01','2014-08-01 02:30','2014-08-01 02:29','2014-07-31','2014-07-31 æ˜ŸæœŸå›\›','20140731',0),(78764,'-1',1,'å‘¨å››012','æ¬§ç½—å·´è”èµ\›','æ¬§è”','åœ£çº¦ç¿°æ–¯é€\š','åœ£çº¦ç¿\°','ç‰¹å°”çº³ç“¦æ–¯å·´è¾\¾','ç‰¹å°”çº\³','4.55','4012','2014-07-31','2014-08-01','2014-08-01 02:45','2014-08-01 02:44','2014-07-31','2014-07-31 æ˜ŸæœŸå›\›','20140731',0),(78765,'-1',1,'å‘¨å››013','å·´è¥¿æ\¯','å·´è¥¿æ\¯','ç§‘é‡Œè’‚å·´','ç§‘é‡Œè’\‚','æ´¾æ¡‘æ\œ','å¸•æ¡‘åº\¦','1.90','4013','2014-07-31','2014-08-01','2014-08-01 08:00','2014-08-01 07:59','2014-07-31','2014-07-31 æ˜ŸæœŸå›\›','20140731',0),(78767,'-1',1,'å‘¨äº”001','æŒªå¨è¶…çº§è”èµ›','æŒªè¶…','åˆ©å‹’æ–¯ç‰¹ç½—å§†','åˆ©å‹’æ–\¯','å¸ƒå…°','å¸\ƒ  å…\°','2.70','5001','2014-08-01','2014-08-02','2014-08-02 01:00','2014-08-02 00:59','2014-08-01','2014-08-01 æ˜ŸæœŸäº\”','20140801',0),(78768,'-1',1,'å‘¨äº”002','æ³•å›½ä¹™çº§è”èµ›','æ³•ä¹™','é˜¿å°”å‹\’','é˜¿å°”å‹\’','é˜¿é›…å…‹è‚–','é˜¿é›…å…\‹','4.60','5002','2014-08-01','2014-08-02','2014-08-02 02:00','2014-08-02 01:59','2014-08-01','2014-08-01 æ˜ŸæœŸäº\”','20140801',0),(78769,'-1',1,'å‘¨äº”003','æ³•å›½ä¹™çº§è”èµ›','æ³•ä¹™','æ¬§å¡å°\”','æ¬§å¡å°\”','å‹’é˜¿å¼—å°”','é˜¿å¼—å°\”','4.35','5003','2014-08-01','2014-08-02','2014-08-02 02:00','2014-08-02 01:59','2014-08-01','2014-08-01 æ˜ŸæœŸäº\”','20140801',0),(78770,'-1',1,'å‘¨äº”004','æ³•å›½ä¹™çº§è”èµ›','æ³•ä¹™','é˜¿é›…å…‹è‚–GFCO','é˜¿é›…GF','ç“¦æœ—è°¢çº³','ç“¦æœ—è°\¢','5.50','5004','2014-08-01','2014-08-02','2014-08-02 02:00','2014-08-02 01:59','2014-08-01','2014-08-01 æ˜ŸæœŸäº\”','20140801',0),(78771,'-1',1,'å‘¨äº”005','æ³•å›½ä¹™çº§è”èµ›','æ³•ä¹™','å—é”¡','å\—  é”\¡','ç¬¬æˆ','ç¬\¬  æˆ\','3.60','5005','2014-08-01','2014-08-02','2014-08-02 02:00','2014-08-02 01:59','2014-08-01','2014-08-01 æ˜ŸæœŸäº\”','20140801',0),(78772,'-1',1,'å‘¨äº”006','æ³•å›½ä¹™çº§è”èµ›','æ³•ä¹™','å°¼å§†','å°\¼  å§\†','æ˜‚çƒ­','æ˜\‚  çƒ\­','4.20','5006','2014-08-01','2014-08-02','2014-08-02 02:00','2014-08-02 01:59','2014-08-01','2014-08-01 æ˜ŸæœŸäº\”','20140801',0),(78773,'-1',1,'å‘¨äº”007','æ³•å›½ä¹™çº§è”èµ›','æ³•ä¹™','æ‹‰ç“¦å‹\’','æ‹‰ç“¦å‹\’','å°¼å¥¥å°\”','å°¼å¥¥å°\”','4.45','5007','2014-08-01','2014-08-02','2014-08-02 02:00','2014-08-02 01:59','2014-08-01','2014-08-01 æ˜ŸæœŸäº\”','20140801',0),(78774,'-1',1,'å‘¨äº”008','æ³•å›½ä¹™çº§è”èµ›','æ³•ä¹™','å›¾å°”','å›\¾ å°\”','å…‹é›·æ³°ä¼Š','å…‹é›·æ³\°','3.65','5008','2014-08-01','2014-08-02','2014-08-02 02:00','2014-08-02 01:59','2014-08-01','2014-08-01 æ˜ŸæœŸäº\”','20140801',0),(78775,'1',1,'å‘¨äº”009','æ³•å›½ä¹™çº§è”èµ›','æ³•ä¹™','æ²™æ‰˜é²\','æ²™æ‰˜é²\','ç‰¹é²ç“\¦','ç‰¹é²ç“\¦','4.95','5009','2014-08-01','2014-08-02','2014-08-02 02:00','2014-08-02 01:59','2014-08-01','2014-08-01 æ˜ŸæœŸäº\”','20140801',0),(78776,'-1',1,'å‘¨äº”010','å¾·å›½ä¹™çº§è”èµ›','å¾·ä¹™','æœå¡å°”å¤šå¤\«','æœå¡å°\”','ä¸ä¼¦ç‘å…‹','ä¸ä¼¦ç‘\','3.80','5010','2014-08-01','2014-08-02','2014-08-02 02:30','2014-08-02 02:29','2014-08-01','2014-08-01 æ˜ŸæœŸäº\”','20140801',0),(78779,'-1',1,'å‘¨äº”013','ç¾å›½èŒä¸šå¤§è”ç›\Ÿ','ç¾èŒè\”','å ªè¨æ–¯åŸç«æŠ€','è‚¯è¨æ–\¯','è´¹åŸè”åˆ','è´¹åŸè\”','2.60','5013','2014-08-01','2014-08-02','2014-08-02 08:00','2014-08-02 07:59','2014-08-01','2014-08-01 æ˜ŸæœŸäº\”','20140801',0)

[ 2014-07-31T23:21:56+08:00 ] 127.0.0.1 /Home/Match/getXml.html
INFO: [ app_begin ] --START--
INFO: Run Behavior\ReadHtmlCache [ RunTime:0.000546s ]
INFO: [ app_begin ] --END-- [ RunTime:0.000955s ]
NOTIC: [8] Undefined variable: url D:\phpserver\match.boss.com\Web\Libs\Trade\Jcpublic.class.php ç¬¬ 10 è¡Œ.
NOTIC: [8] Undefined variable: count_active D:\phpserver\match.boss.com\Web\Libs\Trade\Jcpublic.class.php ç¬¬ 31 è¡Œ.
NOTIC: [8] Undefined variable: now D:\phpserver\match.boss.com\Web\Libs\Trade\Jcpublic.class.php ç¬¬ 71 è¡Œ.
NOTIC: [8] Undefined variable: now D:\phpserver\match.boss.com\Web\Libs\Trade\Jcpublic.class.php ç¬¬ 71 è¡Œ.
NOTIC: [8] Undefined variable: now D:\phpserver\match.boss.com\Web\Libs\Trade\Jcpublic.class.php ç¬¬ 71 è¡Œ.
NOTIC: [8] Undefined variable: now D:\phpserver\match.boss.com\Web\Libs\Trade\Jcpublic.class.php ç¬¬ 71 è¡Œ.
NOTIC: [8] Undefined variable: now D:\phpserver\match.boss.com\Web\Libs\Trade\Jcpublic.class.php ç¬¬ 71 è¡Œ.
NOTIC: [8] Undefined variable: now D:\phpserver\match.boss.com\Web\Libs\Trade\Jcpublic.class.php ç¬¬ 71 è¡Œ.
NOTIC: [8] Undefined variable: now D:\phpserver\match.boss.com\Web\Libs\Trade\Jcpublic.class.php ç¬¬ 71 è¡Œ.
NOTIC: [8] Undefined variable: now D:\phpserver\match.boss.com\Web\Libs\Trade\Jcpublic.class.php ç¬¬ 71 è¡Œ.
NOTIC: [8] Undefined variable: now D:\phpserver\match.boss.com\Web\Libs\Trade\Jcpublic.class.php ç¬¬ 71 è¡Œ.
NOTIC: [8] Undefined variable: now D:\phpserver\match.boss.com\Web\Libs\Trade\Jcpublic.class.php ç¬¬ 71 è¡Œ.
NOTIC: [8] Undefined variable: now D:\phpserver\match.boss.com\Web\Libs\Trade\Jcpublic.class.php ç¬¬ 71 è¡Œ.
NOTIC: [8] Undefined variable: now D:\phpserver\match.boss.com\Web\Libs\Trade\Jcpublic.class.php ç¬¬ 71 è¡Œ.
NOTIC: [8] Undefined variable: now D:\phpserver\match.boss.com\Web\Libs\Trade\Jcpublic.class.php ç¬¬ 71 è¡Œ.
NOTIC: [8] Undefined variable: now D:\phpserver\match.boss.com\Web\Libs\Trade\Jcpublic.class.php ç¬¬ 71 è¡Œ.
NOTIC: [8] Undefined variable: now D:\phpserver\match.boss.com\Web\Libs\Trade\Jcpublic.class.php ç¬¬ 71 è¡Œ.
NOTIC: [8] Undefined variable: now D:\phpserver\match.boss.com\Web\Libs\Trade\Jcpublic.class.php ç¬¬ 71 è¡Œ.
NOTIC: [8] Undefined variable: now D:\phpserver\match.boss.com\Web\Libs\Trade\Jcpublic.class.php ç¬¬ 71 è¡Œ.
NOTIC: [8] Undefined variable: now D:\phpserver\match.boss.com\Web\Libs\Trade\Jcpublic.class.php ç¬¬ 71 è¡Œ.
NOTIC: [8] Undefined variable: now D:\phpserver\match.boss.com\Web\Libs\Trade\Jcpublic.class.php ç¬¬ 71 è¡Œ.
NOTIC: [8] Undefined variable: now D:\phpserver\match.boss.com\Web\Libs\Trade\Jcpublic.class.php ç¬¬ 71 è¡Œ.
NOTIC: [8] Undefined variable: now D:\phpserver\match.boss.com\Web\Libs\Trade\Jcpublic.class.php ç¬¬ 71 è¡Œ.
NOTIC: [8] Undefined variable: now D:\phpserver\match.boss.com\Web\Libs\Trade\Jcpublic.class.php ç¬¬ 71 è¡Œ.
NOTIC: [8] Undefined variable: now D:\phpserver\match.boss.com\Web\Libs\Trade\Jcpublic.class.php ç¬¬ 71 è¡Œ.
ERR: 1062:Duplicate entry '78765' for key 'PRIMARY'
 [ SQLè¯­å¥ ] : INSERT INTO `match` (`id`,`rangqiu`,`isshow`,`matchnum`,`league`,`simpleleague`,`homename`,`homesxname`,`awayname`,`awaysxname`,`win`,`processname`,`processdate`,`matchdate`,`matchtime`,`endtime`,`matchnumdate`,`title`,`date`,`end`) VALUES (78753,'-1',1,'å‘¨å››001','æ¬§ç½—å·´è”èµ\›','æ¬§è”','é˜¿æ–¯å¡”çº³','é˜¿æ–¯å\¦','AIKç´¢å°”çº\³','ç´¢å°”çº\³','4.85','4001','2014-07-31','2014-07-31','2014-07-31 22:00','2014-07-31 21:59','2014-07-31','2014-07-31 æ˜ŸæœŸå›\›','20140731',0),(78754,'-1',1,'å‘¨å››002','æ¬§ç½—å·´è”èµ\›','æ¬§è”','åŸƒå°”å¤«æ–¯å \¡','åŸƒå°”å¤\«','å“ˆå¤«çº³å¤«çº¦æœå°\”','å“ˆå¤«çº\³','2.35','4002','2014-07-31','2014-08-01','2014-08-01 00:00','2014-07-31 23:59','2014-07-31','2014-07-31 æ˜ŸæœŸå›\›','20140731',0),(78755,'1',1,'å‘¨å››003','æ¬§ç½—å·´è”èµ\›','æ¬§è”','ç‰¹ä¼¦é’\¦','ç‰¹ä¼¦é’\¦','èµ«å°”åŸ\','èµ«å°”åŸ\','3.35','4003','2014-07-31','2014-08-01','2014-08-01 01:00','2014-08-01 00:59','2014-07-31','2014-07-31 æ˜ŸæœŸå›\›','20140731',0),(78756,'1',1,'å‘¨å››004','æ¬§ç½—å·´è”èµ\›','æ¬§è”','åšè±æ–¯æ‹‰å¤\«','åšè±æ–\¯','é‡Œæ˜‚','é‡\Œ  æ˜\‚','3.45','4004','2014-07-31','2014-08-01','2014-08-01 01:00','2014-08-01 00:59','2014-07-31','2014-07-31 æ˜ŸæœŸå›\›','20140731',0),(78757,'-1',1,'å‘¨å››005','æ¬§ç½—å·´è”èµ\›','æ¬§è”','IFKå“¥å¾·å \¡','å“¥å¾·å \¡','é‡Œå¥¥é˜¿ç»´','é‡Œå¥¥é˜\¿','4.65','4005','2014-07-31','2014-08-01','2014-08-01 01:00','2014-08-01 00:59','2014-07-31','2014-07-31 æ˜ŸæœŸå›\›','20140731',0),(78759,'1',1,'å‘¨å››007','æ¬§ç½—å·´è”èµ\›','æ¬§è”','å¸ƒé²é©¬æ³¢å¡çº³','å¸ƒé²é©\¬','éƒ½çµ','éƒ\½  ç\µ','2.08','4007','2014-07-31','2014-08-01','2014-08-01 01:00','2014-08-01 00:59','2014-07-31','2014-07-31 æ˜ŸæœŸå›\›','20140731',0),(78760,'-1',1,'å‘¨å››008','æ¬§ç½—å·´è”èµ\›','æ¬§è”','å¡æ‹‰æ¯”å…‹ä½“è‚²','å¡æ‹‰æ¯\”','ç½—æ£®åšæ ¼','ç½—æ£®å\š','4.15','4008','2014-07-31','2014-08-01','2014-08-01 01:00','2014-08-01 00:59','2014-07-31','2014-07-31 æ˜ŸæœŸå›\›','20140731',0),(78761,'-1',1,'å‘¨å››009','æ¬§ç½—å·´è”èµ\›','æ¬§è”','å¸ƒé²æ—\¥','å¸ƒé²æ—\¥','å¸ƒéš†å¾·æ¯”','å¸ƒéš†å¾\·','2.80','4009','2014-07-31','2014-08-01','2014-08-01 02:30','2014-08-01 02:29','2014-07-31','2014-07-31 æ˜ŸæœŸå›\›','20140731',0),(78762,'-1',1,'å‘¨å››010','æ¬§ç½—å·´è”èµ\›','æ¬§è”','ç¾å› èŒ\¨','ç¾å› èŒ\¨','ç‰¹é‡Œæ³¢åˆ©æµ·æ˜Ÿ','ç‰¹æµ·æ˜\Ÿ','1.68','4010','2014-07-31','2014-08-01','2014-08-01 02:30','2014-08-01 02:29','2014-07-31','2014-07-31 æ˜ŸæœŸå›\›','20140731',0),(78763,'-1',1,'å‘¨å››011','æ¬§ç½—å·´è”èµ\›','æ¬§è”','çš‡å®¶ç¤¾ä¼š','ç¤\¾  ä¼\š','é˜¿ä¼¯ä¸\','é˜¿ä¼¯ä¸\','1.73','4011','2014-07-31','2014-08-01','2014-08-01 02:30','2014-08-01 02:29','2014-07-31','2014-07-31 æ˜ŸæœŸå›\›','20140731',0),(78764,'-1',1,'å‘¨å››012','æ¬§ç½—å·´è”èµ\›','æ¬§è”','åœ£çº¦ç¿°æ–¯é€\š','åœ£çº¦ç¿\°','ç‰¹å°”çº³ç“¦æ–¯å·´è¾\¾','ç‰¹å°”çº\³','4.55','4012','2014-07-31','2014-08-01','2014-08-01 02:45','2014-08-01 02:44','2014-07-31','2014-07-31 æ˜ŸæœŸå›\›','20140731',0),(78765,'-1',1,'å‘¨å››013','å·´è¥¿æ\¯','å·´è¥¿æ\¯','ç§‘é‡Œè’‚å·´','ç§‘é‡Œè’\‚','æ´¾æ¡‘æ\œ','å¸•æ¡‘åº\¦','1.90','4013','2014-07-31','2014-08-01','2014-08-01 08:00','2014-08-01 07:59','2014-07-31','2014-07-31 æ˜ŸæœŸå›\›','20140731',0),(78767,'-1',1,'å‘¨äº”001','æŒªå¨è¶…çº§è”èµ›','æŒªè¶…','åˆ©å‹’æ–¯ç‰¹ç½—å§†','åˆ©å‹’æ–\¯','å¸ƒå…°','å¸\ƒ  å…\°','2.70','5001','2014-08-01','2014-08-02','2014-08-02 01:00','2014-08-02 00:59','2014-08-01','2014-08-01 æ˜ŸæœŸäº\”','20140801',0),(78768,'-1',1,'å‘¨äº”002','æ³•å›½ä¹™çº§è”èµ›','æ³•ä¹™','é˜¿å°”å‹\’','é˜¿å°”å‹\’','é˜¿é›…å…‹è‚–','é˜¿é›…å…\‹','4.60','5002','2014-08-01','2014-08-02','2014-08-02 02:00','2014-08-02 01:59','2014-08-01','2014-08-01 æ˜ŸæœŸäº\”','20140801',0),(78769,'-1',1,'å‘¨äº”003','æ³•å›½ä¹™çº§è”èµ›','æ³•ä¹™','æ¬§å¡å°\”','æ¬§å¡å°\”','å‹’é˜¿å¼—å°”','é˜¿å¼—å°\”','4.35','5003','2014-08-01','2014-08-02','2014-08-02 02:00','2014-08-02 01:59','2014-08-01','2014-08-01 æ˜ŸæœŸäº\”','20140801',0),(78770,'-1',1,'å‘¨äº”004','æ³•å›½ä¹™çº§è”èµ›','æ³•ä¹™','é˜¿é›…å…‹è‚–GFCO','é˜¿é›…GF','ç“¦æœ—è°¢çº³','ç“¦æœ—è°\¢','5.50','5004','2014-08-01','2014-08-02','2014-08-02 02:00','2014-08-02 01:59','2014-08-01','2014-08-01 æ˜ŸæœŸäº\”','20140801',0),(78771,'-1',1,'å‘¨äº”005','æ³•å›½ä¹™çº§è”èµ›','æ³•ä¹™','å—é”¡','å\—  é”\¡','ç¬¬æˆ','ç¬\¬  æˆ\','3.60','5005','2014-08-01','2014-08-02','2014-08-02 02:00','2014-08-02 01:59','2014-08-01','2014-08-01 æ˜ŸæœŸäº\”','20140801',0),(78772,'-1',1,'å‘¨äº”006','æ³•å›½ä¹™çº§è”èµ›','æ³•ä¹™','å°¼å§†','å°\¼  å§\†','æ˜‚çƒ­','æ˜\‚  çƒ\­','4.20','5006','2014-08-01','2014-08-02','2014-08-02 02:00','2014-08-02 01:59','2014-08-01','2014-08-01 æ˜ŸæœŸäº\”','20140801',0),(78773,'-1',1,'å‘¨äº”007','æ³•å›½ä¹™çº§è”èµ›','æ³•ä¹™','æ‹‰ç“¦å‹\’','æ‹‰ç“¦å‹\’','å°¼å¥¥å°\”','å°¼å¥¥å°\”','4.45','5007','2014-08-01','2014-08-02','2014-08-02 02:00','2014-08-02 01:59','2014-08-01','2014-08-01 æ˜ŸæœŸäº\”','20140801',0),(78774,'-1',1,'å‘¨äº”008','æ³•å›½ä¹™çº§è”èµ›','æ³•ä¹™','å›¾å°”','å›\¾ å°\”','å…‹é›·æ³°ä¼Š','å…‹é›·æ³\°','3.65','5008','2014-08-01','2014-08-02','2014-08-02 02:00','2014-08-02 01:59','2014-08-01','2014-08-01 æ˜ŸæœŸäº\”','20140801',0),(78775,'1',1,'å‘¨äº”009','æ³•å›½ä¹™çº§è”èµ›','æ³•ä¹™','æ²™æ‰˜é²\','æ²™æ‰˜é²\','ç‰¹é²ç“\¦','ç‰¹é²ç“\¦','4.95','5009','2014-08-01','2014-08-02','2014-08-02 02:00','2014-08-02 01:59','2014-08-01','2014-08-01 æ˜ŸæœŸäº\”','20140801',0),(78776,'-1',1,'å‘¨äº”010','å¾·å›½ä¹™çº§è”èµ›','å¾·ä¹™','æœå¡å°”å¤šå¤\«','æœå¡å°\”','ä¸ä¼¦ç‘å…‹','ä¸ä¼¦ç‘\','3.80','5010','2014-08-01','2014-08-02','2014-08-02 02:30','2014-08-02 02:29','2014-08-01','2014-08-01 æ˜ŸæœŸäº\”','20140801',0),(78779,'-1',1,'å‘¨äº”013','ç¾å›½èŒä¸šå¤§è”ç›\Ÿ','ç¾èŒè\”','å ªè¨æ–¯åŸç«æŠ€','è‚¯è¨æ–\¯','è´¹åŸè”åˆ','è´¹åŸè\”','2.60','5013','2014-08-01','2014-08-02','2014-08-02 08:00','2014-08-02 07:59','2014-08-01','2014-08-01 æ˜ŸæœŸäº\”','20140801',0)

[ 2014-07-31T23:22:52+08:00 ] 127.0.0.1 /Home/Match/getXml.html
INFO: [ app_begin ] --START--
INFO: Run Behavior\ReadHtmlCache [ RunTime:0.000704s ]
INFO: [ app_begin ] --END-- [ RunTime:0.001152s ]
NOTIC: [8] Undefined variable: url D:\phpserver\match.boss.com\Web\Libs\Trade\Jcpublic.class.php ç¬¬ 10 è¡Œ.
NOTIC: [8] Undefined variable: count_active D:\phpserver\match.boss.com\Web\Libs\Trade\Jcpublic.class.php ç¬¬ 31 è¡Œ.
NOTIC: [8] Undefined variable: now D:\phpserver\match.boss.com\Web\Libs\Trade\Jcpublic.class.php ç¬¬ 71 è¡Œ.
NOTIC: [8] Undefined variable: now D:\phpserver\match.boss.com\Web\Libs\Trade\Jcpublic.class.php ç¬¬ 71 è¡Œ.
NOTIC: [8] Undefined variable: now D:\phpserver\match.boss.com\Web\Libs\Trade\Jcpublic.class.php ç¬¬ 71 è¡Œ.
NOTIC: [8] Undefined variable: now D:\phpserver\match.boss.com\Web\Libs\Trade\Jcpublic.class.php ç¬¬ 71 è¡Œ.
NOTIC: [8] Undefined variable: now D:\phpserver\match.boss.com\Web\Libs\Trade\Jcpublic.class.php ç¬¬ 71 è¡Œ.
NOTIC: [8] Undefined variable: now D:\phpserver\match.boss.com\Web\Libs\Trade\Jcpublic.class.php ç¬¬ 71 è¡Œ.
NOTIC: [8] Undefined variable: now D:\phpserver\match.boss.com\Web\Libs\Trade\Jcpublic.class.php ç¬¬ 71 è¡Œ.
NOTIC: [8] Undefined variable: now D:\phpserver\match.boss.com\Web\Libs\Trade\Jcpublic.class.php ç¬¬ 71 è¡Œ.
NOTIC: [8] Undefined variable: now D:\phpserver\match.boss.com\Web\Libs\Trade\Jcpublic.class.php ç¬¬ 71 è¡Œ.
NOTIC: [8] Undefined variable: now D:\phpserver\match.boss.com\Web\Libs\Trade\Jcpublic.class.php ç¬¬ 71 è¡Œ.
NOTIC: [8] Undefined variable: now D:\phpserver\match.boss.com\Web\Libs\Trade\Jcpublic.class.php ç¬¬ 71 è¡Œ.
NOTIC: [8] Undefined variable: now D:\phpserver\match.boss.com\Web\Libs\Trade\Jcpublic.class.php ç¬¬ 71 è¡Œ.
NOTIC: [8] Undefined variable: now D:\phpserver\match.boss.com\Web\Libs\Trade\Jcpublic.class.php ç¬¬ 71 è¡Œ.
NOTIC: [8] Undefined variable: now D:\phpserver\match.boss.com\Web\Libs\Trade\Jcpublic.class.php ç¬¬ 71 è¡Œ.
NOTIC: [8] Undefined variable: now D:\phpserver\match.boss.com\Web\Libs\Trade\Jcpublic.class.php ç¬¬ 71 è¡Œ.
NOTIC: [8] Undefined variable: now D:\phpserver\match.boss.com\Web\Libs\Trade\Jcpublic.class.php ç¬¬ 71 è¡Œ.
NOTIC: [8] Undefined variable: now D:\phpserver\match.boss.com\Web\Libs\Trade\Jcpublic.class.php ç¬¬ 71 è¡Œ.
NOTIC: [8] Undefined variable: now D:\phpserver\match.boss.com\Web\Libs\Trade\Jcpublic.class.php ç¬¬ 71 è¡Œ.
NOTIC: [8] Undefined variable: now D:\phpserver\match.boss.com\Web\Libs\Trade\Jcpublic.class.php ç¬¬ 71 è¡Œ.
NOTIC: [8] Undefined variable: now D:\phpserver\match.boss.com\Web\Libs\Trade\Jcpublic.class.php ç¬¬ 71 è¡Œ.
NOTIC: [8] Undefined variable: now D:\phpserver\match.boss.com\Web\Libs\Trade\Jcpublic.class.php ç¬¬ 71 è¡Œ.
NOTIC: [8] Undefined variable: now D:\phpserver\match.boss.com\Web\Libs\Trade\Jcpublic.class.php ç¬¬ 71 è¡Œ.
NOTIC: [8] Undefined variable: now D:\phpserver\match.boss.com\Web\Libs\Trade\Jcpublic.class.php ç¬¬ 71 è¡Œ.
ERR: 1062:Duplicate entry '78765' for key 'PRIMARY'
 [ SQLè¯­å¥ ] : INSERT INTO `match` (`id`,`rangqiu`,`isshow`,`matchnum`,`league`,`simpleleague`,`homename`,`homesxname`,`awayname`,`awaysxname`,`win`,`processname`,`processdate`,`matchdate`,`matchtime`,`endtime`,`matchnumdate`,`title`,`date`,`end`) VALUES (78753,'-1',1,'å‘¨å››001','æ¬§ç½—å·´è”èµ\›','æ¬§è”','é˜¿æ–¯å¡”çº³','é˜¿æ–¯å\¦','AIKç´¢å°”çº\³','ç´¢å°”çº\³','4.85','4001','2014-07-31','2014-07-31','2014-07-31 22:00','2014-07-31 21:59','2014-07-31','2014-07-31 æ˜ŸæœŸå›\›','20140731',0),(78754,'-1',1,'å‘¨å››002','æ¬§ç½—å·´è”èµ\›','æ¬§è”','åŸƒå°”å¤«æ–¯å \¡','åŸƒå°”å¤\«','å“ˆå¤«çº³å¤«çº¦æœå°\”','å“ˆå¤«çº\³','2.35','4002','2014-07-31','2014-08-01','2014-08-01 00:00','2014-07-31 23:59','2014-07-31','2014-07-31 æ˜ŸæœŸå›\›','20140731',0),(78755,'1',1,'å‘¨å››003','æ¬§ç½—å·´è”èµ\›','æ¬§è”','ç‰¹ä¼¦é’\¦','ç‰¹ä¼¦é’\¦','èµ«å°”åŸ\','èµ«å°”åŸ\','3.35','4003','2014-07-31','2014-08-01','2014-08-01 01:00','2014-08-01 00:59','2014-07-31','2014-07-31 æ˜ŸæœŸå›\›','20140731',0),(78756,'1',1,'å‘¨å››004','æ¬§ç½—å·´è”èµ\›','æ¬§è”','åšè±æ–¯æ‹‰å¤\«','åšè±æ–\¯','é‡Œæ˜‚','é‡\Œ  æ˜\‚','3.45','4004','2014-07-31','2014-08-01','2014-08-01 01:00','2014-08-01 00:59','2014-07-31','2014-07-31 æ˜ŸæœŸå›\›','20140731',0),(78757,'-1',1,'å‘¨å››005','æ¬§ç½—å·´è”èµ\›','æ¬§è”','IFKå“¥å¾·å \¡','å“¥å¾·å \¡','é‡Œå¥¥é˜¿ç»´','é‡Œå¥¥é˜\¿','4.65','4005','2014-07-31','2014-08-01','2014-08-01 01:00','2014-08-01 00:59','2014-07-31','2014-07-31 æ˜ŸæœŸå›\›','20140731',0),(78759,'1',1,'å‘¨å››007','æ¬§ç½—å·´è”èµ\›','æ¬§è”','å¸ƒé²é©¬æ³¢å¡çº³','å¸ƒé²é©\¬','éƒ½çµ','éƒ\½  ç\µ','2.08','4007','2014-07-31','2014-08-01','2014-08-01 01:00','2014-08-01 00:59','2014-07-31','2014-07-31 æ˜ŸæœŸå›\›','20140731',0),(78760,'-1',1,'å‘¨å››008','æ¬§ç½—å·´è”èµ\›','æ¬§è”','å¡æ‹‰æ¯”å…‹ä½“è‚²','å¡æ‹‰æ¯\”','ç½—æ£®åšæ ¼','ç½—æ£®å\š','4.15','4008','2014-07-31','2014-08-01','2014-08-01 01:00','2014-08-01 00:59','2014-07-31','2014-07-31 æ˜ŸæœŸå›\›','20140731',0),(78761,'-1',1,'å‘¨å››009','æ¬§ç½—å·´è”èµ\›','æ¬§è”','å¸ƒé²æ—\¥','å¸ƒé²æ—\¥','å¸ƒéš†å¾·æ¯”','å¸ƒéš†å¾\·','2.80','4009','2014-07-31','2014-08-01','2014-08-01 02:30','2014-08-01 02:29','2014-07-31','2014-07-31 æ˜ŸæœŸå›\›','20140731',0),(78762,'-1',1,'å‘¨å››010','æ¬§ç½—å·´è”èµ\›','æ¬§è”','ç¾å› èŒ\¨','ç¾å› èŒ\¨','ç‰¹é‡Œæ³¢åˆ©æµ·æ˜Ÿ','ç‰¹æµ·æ˜\Ÿ','1.68','4010','2014-07-31','2014-08-01','2014-08-01 02:30','2014-08-01 02:29','2014-07-31','2014-07-31 æ˜ŸæœŸå›\›','20140731',0),(78763,'-1',1,'å‘¨å››011','æ¬§ç½—å·´è”èµ\›','æ¬§è”','çš‡å®¶ç¤¾ä¼š','ç¤\¾  ä¼\š','é˜¿ä¼¯ä¸\','é˜¿ä¼¯ä¸\','1.73','4011','2014-07-31','2014-08-01','2014-08-01 02:30','2014-08-01 02:29','2014-07-31','2014-07-31 æ˜ŸæœŸå›\›','20140731',0),(78764,'-1',1,'å‘¨å››012','æ¬§ç½—å·´è”èµ\›','æ¬§è”','åœ£çº¦ç¿°æ–¯é€\š','åœ£çº¦ç¿\°','ç‰¹å°”çº³ç“¦æ–¯å·´è¾\¾','ç‰¹å°”çº\³','4.55','4012','2014-07-31','2014-08-01','2014-08-01 02:45','2014-08-01 02:44','2014-07-31','2014-07-31 æ˜ŸæœŸå›\›','20140731',0),(78765,'-1',1,'å‘¨å››013','å·´è¥¿æ\¯','å·´è¥¿æ\¯','ç§‘é‡Œè’‚å·´','ç§‘é‡Œè’\‚','æ´¾æ¡‘æ\œ','å¸•æ¡‘åº\¦','1.90','4013','2014-07-31','2014-08-01','2014-08-01 08:00','2014-08-01 07:59','2014-07-31','2014-07-31 æ˜ŸæœŸå›\›','20140731',0),(78767,'-1',1,'å‘¨äº”001','æŒªå¨è¶…çº§è”èµ›','æŒªè¶…','åˆ©å‹’æ–¯ç‰¹ç½—å§†','åˆ©å‹’æ–\¯','å¸ƒå…°','å¸\ƒ  å…\°','2.70','5001','2014-08-01','2014-08-02','2014-08-02 01:00','2014-08-02 00:59','2014-08-01','2014-08-01 æ˜ŸæœŸäº\”','20140801',0),(78768,'-1',1,'å‘¨äº”002','æ³•å›½ä¹™çº§è”èµ›','æ³•ä¹™','é˜¿å°”å‹\’','é˜¿å°”å‹\’','é˜¿é›…å…‹è‚–','é˜¿é›…å…\‹','4.60','5002','2014-08-01','2014-08-02','2014-08-02 02:00','2014-08-02 01:59','2014-08-01','2014-08-01 æ˜ŸæœŸäº\”','20140801',0),(78769,'-1',1,'å‘¨äº”003','æ³•å›½ä¹™çº§è”èµ›','æ³•ä¹™','æ¬§å¡å°\”','æ¬§å¡å°\”','å‹’é˜¿å¼—å°”','é˜¿å¼—å°\”','4.35','5003','2014-08-01','2014-08-02','2014-08-02 02:00','2014-08-02 01:59','2014-08-01','2014-08-01 æ˜ŸæœŸäº\”','20140801',0),(78770,'-1',1,'å‘¨äº”004','æ³•å›½ä¹™çº§è”èµ›','æ³•ä¹™','é˜¿é›…å…‹è‚–GFCO','é˜¿é›…GF','ç“¦æœ—è°¢çº³','ç“¦æœ—è°\¢','5.50','5004','2014-08-01','2014-08-02','2014-08-02 02:00','2014-08-02 01:59','2014-08-01','2014-08-01 æ˜ŸæœŸäº\”','20140801',0),(78771,'-1',1,'å‘¨äº”005','æ³•å›½ä¹™çº§è”èµ›','æ³•ä¹™','å—é”¡','å\—  é”\¡','ç¬¬æˆ','ç¬\¬  æˆ\','3.60','5005','2014-08-01','2014-08-02','2014-08-02 02:00','2014-08-02 01:59','2014-08-01','2014-08-01 æ˜ŸæœŸäº\”','20140801',0),(78772,'-1',1,'å‘¨äº”006','æ³•å›½ä¹™çº§è”èµ›','æ³•ä¹™','å°¼å§†','å°\¼  å§\†','æ˜‚çƒ­','æ˜\‚  çƒ\­','4.20','5006','2014-08-01','2014-08-02','2014-08-02 02:00','2014-08-02 01:59','2014-08-01','2014-08-01 æ˜ŸæœŸäº\”','20140801',0),(78773,'-1',1,'å‘¨äº”007','æ³•å›½ä¹™çº§è”èµ›','æ³•ä¹™','æ‹‰ç“¦å‹\’','æ‹‰ç“¦å‹\’','å°¼å¥¥å°\”','å°¼å¥¥å°\”','4.45','5007','2014-08-01','2014-08-02','2014-08-02 02:00','2014-08-02 01:59','2014-08-01','2014-08-01 æ˜ŸæœŸäº\”','20140801',0),(78774,'-1',1,'å‘¨äº”008','æ³•å›½ä¹™çº§è”èµ›','æ³•ä¹™','å›¾å°”','å›\¾ å°\”','å…‹é›·æ³°ä¼Š','å…‹é›·æ³\°','3.65','5008','2014-08-01','2014-08-02','2014-08-02 02:00','2014-08-02 01:59','2014-08-01','2014-08-01 æ˜ŸæœŸäº\”','20140801',0),(78775,'1',1,'å‘¨äº”009','æ³•å›½ä¹™çº§è”èµ›','æ³•ä¹™','æ²™æ‰˜é²\','æ²™æ‰˜é²\','ç‰¹é²ç“\¦','ç‰¹é²ç“\¦','4.95','5009','2014-08-01','2014-08-02','2014-08-02 02:00','2014-08-02 01:59','2014-08-01','2014-08-01 æ˜ŸæœŸäº\”','20140801',0),(78776,'-1',1,'å‘¨äº”010','å¾·å›½ä¹™çº§è”èµ›','å¾·ä¹™','æœå¡å°”å¤šå¤\«','æœå¡å°\”','ä¸ä¼¦ç‘å…‹','ä¸ä¼¦ç‘\','3.80','5010','2014-08-01','2014-08-02','2014-08-02 02:30','2014-08-02 02:29','2014-08-01','2014-08-01 æ˜ŸæœŸäº\”','20140801',0),(78779,'-1',1,'å‘¨äº”013','ç¾å›½èŒä¸šå¤§è”ç›\Ÿ','ç¾èŒè\”','å ªè¨æ–¯åŸç«æŠ€','è‚¯è¨æ–\¯','è´¹åŸè”åˆ','è´¹åŸè\”','2.60','5013','2014-08-01','2014-08-02','2014-08-02 08:00','2014-08-02 07:59','2014-08-01','2014-08-01 æ˜ŸæœŸäº\”','20140801',0)

[ 2014-07-31T23:23:11+08:00 ] 127.0.0.1 /Home/Match/getXml.html
INFO: [ app_begin ] --START--
INFO: Run Behavior\ReadHtmlCache [ RunTime:0.000809s ]
INFO: [ app_begin ] --END-- [ RunTime:0.001234s ]
NOTIC: [8] Undefined variable: url D:\phpserver\match.boss.com\Web\Libs\Trade\Jcpublic.class.php ç¬¬ 10 è¡Œ.
NOTIC: [8] Undefined variable: count_active D:\phpserver\match.boss.com\Web\Libs\Trade\Jcpublic.class.php ç¬¬ 31 è¡Œ.
NOTIC: [8] Undefined variable: now D:\phpserver\match.boss.com\Web\Libs\Trade\Jcpublic.class.php ç¬¬ 71 è¡Œ.
NOTIC: [8] Undefined variable: now D:\phpserver\match.boss.com\Web\Libs\Trade\Jcpublic.class.php ç¬¬ 71 è¡Œ.
NOTIC: [8] Undefined variable: now D:\phpserver\match.boss.com\Web\Libs\Trade\Jcpublic.class.php ç¬¬ 71 è¡Œ.
NOTIC: [8] Undefined variable: now D:\phpserver\match.boss.com\Web\Libs\Trade\Jcpublic.class.php ç¬¬ 71 è¡Œ.
NOTIC: [8] Undefined variable: now D:\phpserver\match.boss.com\Web\Libs\Trade\Jcpublic.class.php ç¬¬ 71 è¡Œ.
NOTIC: [8] Undefined variable: now D:\phpserver\match.boss.com\Web\Libs\Trade\Jcpublic.class.php ç¬¬ 71 è¡Œ.
NOTIC: [8] Undefined variable: now D:\phpserver\match.boss.com\Web\Libs\Trade\Jcpublic.class.php ç¬¬ 71 è¡Œ.
NOTIC: [8] Undefined variable: now D:\phpserver\match.boss.com\Web\Libs\Trade\Jcpublic.class.php ç¬¬ 71 è¡Œ.
NOTIC: [8] Undefined variable: now D:\phpserver\match.boss.com\Web\Libs\Trade\Jcpublic.class.php ç¬¬ 71 è¡Œ.
NOTIC: [8] Undefined variable: now D:\phpserver\match.boss.com\Web\Libs\Trade\Jcpublic.class.php ç¬¬ 71 è¡Œ.
NOTIC: [8] Undefined variable: now D:\phpserver\match.boss.com\Web\Libs\Trade\Jcpublic.class.php ç¬¬ 71 è¡Œ.
NOTIC: [8] Undefined variable: now D:\phpserver\match.boss.com\Web\Libs\Trade\Jcpublic.class.php ç¬¬ 71 è¡Œ.
NOTIC: [8] Undefined variable: now D:\phpserver\match.boss.com\Web\Libs\Trade\Jcpublic.class.php ç¬¬ 71 è¡Œ.
NOTIC: [8] Undefined variable: now D:\phpserver\match.boss.com\Web\Libs\Trade\Jcpublic.class.php ç¬¬ 71 è¡Œ.
NOTIC: [8] Undefined variable: now D:\phpserver\match.boss.com\Web\Libs\Trade\Jcpublic.class.php ç¬¬ 71 è¡Œ.
NOTIC: [8] Undefined variable: now D:\phpserver\match.boss.com\Web\Libs\Trade\Jcpublic.class.php ç¬¬ 71 è¡Œ.
NOTIC: [8] Undefined variable: now D:\phpserver\match.boss.com\Web\Libs\Trade\Jcpublic.class.php ç¬¬ 71 è¡Œ.
NOTIC: [8] Undefined variable: now D:\phpserver\match.boss.com\Web\Libs\Trade\Jcpublic.class.php ç¬¬ 71 è¡Œ.
NOTIC: [8] Undefined variable: now D:\phpserver\match.boss.com\Web\Libs\Trade\Jcpublic.class.php ç¬¬ 71 è¡Œ.
NOTIC: [8] Undefined variable: now D:\phpserver\match.boss.com\Web\Libs\Trade\Jcpublic.class.php ç¬¬ 71 è¡Œ.
NOTIC: [8] Undefined variable: now D:\phpserver\match.boss.com\Web\Libs\Trade\Jcpublic.class.php ç¬¬ 71 è¡Œ.
NOTIC: [8] Undefined variable: now D:\phpserver\match.boss.com\Web\Libs\Trade\Jcpublic.class.php ç¬¬ 71 è¡Œ.
NOTIC: [8] Undefined variable: now D:\phpserver\match.boss.com\Web\Libs\Trade\Jcpublic.class.php ç¬¬ 71 è¡Œ.
ERR: 1062:Duplicate entry '78765' for key 'PRIMARY'
 [ SQLè¯­å¥ ] : INSERT INTO `match` (`id`,`rangqiu`,`isshow`,`matchnum`,`league`,`simpleleague`,`homename`,`homesxname`,`awayname`,`awaysxname`,`win`,`processname`,`processdate`,`matchdate`,`matchtime`,`endtime`,`matchnumdate`,`title`,`date`,`end`) VALUES (78753,'-1',1,'å‘¨å››001','æ¬§ç½—å·´è”èµ\›','æ¬§è”','é˜¿æ–¯å¡”çº³','é˜¿æ–¯å\¦','AIKç´¢å°”çº\³','ç´¢å°”çº\³','4.85','4001','2014-07-31','2014-07-31','2014-07-31 22:00','2014-07-31 21:59','2014-07-31','2014-07-31 æ˜ŸæœŸå›\›','20140731',0),(78754,'-1',1,'å‘¨å››002','æ¬§ç½—å·´è”èµ\›','æ¬§è”','åŸƒå°”å¤«æ–¯å \¡','åŸƒå°”å¤\«','å“ˆå¤«çº³å¤«çº¦æœå°\”','å“ˆå¤«çº\³','2.35','4002','2014-07-31','2014-08-01','2014-08-01 00:00','2014-07-31 23:59','2014-07-31','2014-07-31 æ˜ŸæœŸå›\›','20140731',0),(78755,'1',1,'å‘¨å››003','æ¬§ç½—å·´è”èµ\›','æ¬§è”','ç‰¹ä¼¦é’\¦','ç‰¹ä¼¦é’\¦','èµ«å°”åŸ\','èµ«å°”åŸ\','3.35','4003','2014-07-31','2014-08-01','2014-08-01 01:00','2014-08-01 00:59','2014-07-31','2014-07-31 æ˜ŸæœŸå›\›','20140731',0),(78756,'1',1,'å‘¨å››004','æ¬§ç½—å·´è”èµ\›','æ¬§è”','åšè±æ–¯æ‹‰å¤\«','åšè±æ–\¯','é‡Œæ˜‚','é‡\Œ  æ˜\‚','3.45','4004','2014-07-31','2014-08-01','2014-08-01 01:00','2014-08-01 00:59','2014-07-31','2014-07-31 æ˜ŸæœŸå›\›','20140731',0),(78757,'-1',1,'å‘¨å››005','æ¬§ç½—å·´è”èµ\›','æ¬§è”','IFKå“¥å¾·å \¡','å“¥å¾·å \¡','é‡Œå¥¥é˜¿ç»´','é‡Œå¥¥é˜\¿','4.65','4005','2014-07-31','2014-08-01','2014-08-01 01:00','2014-08-01 00:59','2014-07-31','2014-07-31 æ˜ŸæœŸå›\›','20140731',0),(78759,'1',1,'å‘¨å››007','æ¬§ç½—å·´è”èµ\›','æ¬§è”','å¸ƒé²é©¬æ³¢å¡çº³','å¸ƒé²é©\¬','éƒ½çµ','éƒ\½  ç\µ','2.08','4007','2014-07-31','2014-08-01','2014-08-01 01:00','2014-08-01 00:59','2014-07-31','2014-07-31 æ˜ŸæœŸå›\›','20140731',0),(78760,'-1',1,'å‘¨å››008','æ¬§ç½—å·´è”èµ\›','æ¬§è”','å¡æ‹‰æ¯”å…‹ä½“è‚²','å¡æ‹‰æ¯\”','ç½—æ£®åšæ ¼','ç½—æ£®å\š','4.15','4008','2014-07-31','2014-08-01','2014-08-01 01:00','2014-08-01 00:59','2014-07-31','2014-07-31 æ˜ŸæœŸå›\›','20140731',0),(78761,'-1',1,'å‘¨å››009','æ¬§ç½—å·´è”èµ\›','æ¬§è”','å¸ƒé²æ—\¥','å¸ƒé²æ—\¥','å¸ƒéš†å¾·æ¯”','å¸ƒéš†å¾\·','2.80','4009','2014-07-31','2014-08-01','2014-08-01 02:30','2014-08-01 02:29','2014-07-31','2014-07-31 æ˜ŸæœŸå›\›','20140731',0),(78762,'-1',1,'å‘¨å››010','æ¬§ç½—å·´è”èµ\›','æ¬§è”','ç¾å› èŒ\¨','ç¾å› èŒ\¨','ç‰¹é‡Œæ³¢åˆ©æµ·æ˜Ÿ','ç‰¹æµ·æ˜\Ÿ','1.68','4010','2014-07-31','2014-08-01','2014-08-01 02:30','2014-08-01 02:29','2014-07-31','2014-07-31 æ˜ŸæœŸå›\›','20140731',0),(78763,'-1',1,'å‘¨å››011','æ¬§ç½—å·´è”èµ\›','æ¬§è”','çš‡å®¶ç¤¾ä¼š','ç¤\¾  ä¼\š','é˜¿ä¼¯ä¸\','é˜¿ä¼¯ä¸\','1.73','4011','2014-07-31','2014-08-01','2014-08-01 02:30','2014-08-01 02:29','2014-07-31','2014-07-31 æ˜ŸæœŸå›\›','20140731',0),(78764,'-1',1,'å‘¨å››012','æ¬§ç½—å·´è”èµ\›','æ¬§è”','åœ£çº¦ç¿°æ–¯é€\š','åœ£çº¦ç¿\°','ç‰¹å°”çº³ç“¦æ–¯å·´è¾\¾','ç‰¹å°”çº\³','4.55','4012','2014-07-31','2014-08-01','2014-08-01 02:45','2014-08-01 02:44','2014-07-31','2014-07-31 æ˜ŸæœŸå›\›','20140731',0),(78765,'-1',1,'å‘¨å››013','å·´è¥¿æ\¯','å·´è¥¿æ\¯','ç§‘é‡Œè’‚å·´','ç§‘é‡Œè’\‚','æ´¾æ¡‘æ\œ','å¸•æ¡‘åº\¦','1.90','4013','2014-07-31','2014-08-01','2014-08-01 08:00','2014-08-01 07:59','2014-07-31','2014-07-31 æ˜ŸæœŸå›\›','20140731',0),(78767,'-1',1,'å‘¨äº”001','æŒªå¨è¶…çº§è”èµ›','æŒªè¶…','åˆ©å‹’æ–¯ç‰¹ç½—å§†','åˆ©å‹’æ–\¯','å¸ƒå…°','å¸\ƒ  å…\°','2.70','5001','2014-08-01','2014-08-02','2014-08-02 01:00','2014-08-02 00:59','2014-08-01','2014-08-01 æ˜ŸæœŸäº\”','20140801',0),(78768,'-1',1,'å‘¨äº”002','æ³•å›½ä¹™çº§è”èµ›','æ³•ä¹™','é˜¿å°”å‹\’','é˜¿å°”å‹\’','é˜¿é›…å…‹è‚–','é˜¿é›…å…\‹','4.60','5002','2014-08-01','2014-08-02','2014-08-02 02:00','2014-08-02 01:59','2014-08-01','2014-08-01 æ˜ŸæœŸäº\”','20140801',0),(78769,'-1',1,'å‘¨äº”003','æ³•å›½ä¹™çº§è”èµ›','æ³•ä¹™','æ¬§å¡å°\”','æ¬§å¡å°\”','å‹’é˜¿å¼—å°”','é˜¿å¼—å°\”','4.35','5003','2014-08-01','2014-08-02','2014-08-02 02:00','2014-08-02 01:59','2014-08-01','2014-08-01 æ˜ŸæœŸäº\”','20140801',0),(78770,'-1',1,'å‘¨äº”004','æ³•å›½ä¹™çº§è”èµ›','æ³•ä¹™','é˜¿é›…å…‹è‚–GFCO','é˜¿é›…GF','ç“¦æœ—è°¢çº³','ç“¦æœ—è°\¢','5.50','5004','2014-08-01','2014-08-02','2014-08-02 02:00','2014-08-02 01:59','2014-08-01','2014-08-01 æ˜ŸæœŸäº\”','20140801',0),(78771,'-1',1,'å‘¨äº”005','æ³•å›½ä¹™çº§è”èµ›','æ³•ä¹™','å—é”¡','å\—  é”\¡','ç¬¬æˆ','ç¬\¬  æˆ\','3.60','5005','2014-08-01','2014-08-02','2014-08-02 02:00','2014-08-02 01:59','2014-08-01','2014-08-01 æ˜ŸæœŸäº\”','20140801',0),(78772,'-1',1,'å‘¨äº”006','æ³•å›½ä¹™çº§è”èµ›','æ³•ä¹™','å°¼å§†','å°\¼  å§\†','æ˜‚çƒ­','æ˜\‚  çƒ\­','4.20','5006','2014-08-01','2014-08-02','2014-08-02 02:00','2014-08-02 01:59','2014-08-01','2014-08-01 æ˜ŸæœŸäº\”','20140801',0),(78773,'-1',1,'å‘¨äº”007','æ³•å›½ä¹™çº§è”èµ›','æ³•ä¹™','æ‹‰ç“¦å‹\’','æ‹‰ç“¦å‹\’','å°¼å¥¥å°\”','å°¼å¥¥å°\”','4.45','5007','2014-08-01','2014-08-02','2014-08-02 02:00','2014-08-02 01:59','2014-08-01','2014-08-01 æ˜ŸæœŸäº\”','20140801',0),(78774,'-1',1,'å‘¨äº”008','æ³•å›½ä¹™çº§è”èµ›','æ³•ä¹™','å›¾å°”','å›\¾ å°\”','å…‹é›·æ³°ä¼Š','å…‹é›·æ³\°','3.65','5008','2014-08-01','2014-08-02','2014-08-02 02:00','2014-08-02 01:59','2014-08-01','2014-08-01 æ˜ŸæœŸäº\”','20140801',0),(78775,'1',1,'å‘¨äº”009','æ³•å›½ä¹™çº§è”èµ›','æ³•ä¹™','æ²™æ‰˜é²\','æ²™æ‰˜é²\','ç‰¹é²ç“\¦','ç‰¹é²ç“\¦','4.95','5009','2014-08-01','2014-08-02','2014-08-02 02:00','2014-08-02 01:59','2014-08-01','2014-08-01 æ˜ŸæœŸäº\”','20140801',0),(78776,'-1',1,'å‘¨äº”010','å¾·å›½ä¹™çº§è”èµ›','å¾·ä¹™','æœå¡å°”å¤šå¤\«','æœå¡å°\”','ä¸ä¼¦ç‘å…‹','ä¸ä¼¦ç‘\','3.80','5010','2014-08-01','2014-08-02','2014-08-02 02:30','2014-08-02 02:29','2014-08-01','2014-08-01 æ˜ŸæœŸäº\”','20140801',0),(78779,'-1',1,'å‘¨äº”013','ç¾å›½èŒä¸šå¤§è”ç›\Ÿ','ç¾èŒè\”','å ªè¨æ–¯åŸç«æŠ€','è‚¯è¨æ–\¯','è´¹åŸè”åˆ','è´¹åŸè\”','2.60','5013','2014-08-01','2014-08-02','2014-08-02 08:00','2014-08-02 07:59','2014-08-01','2014-08-01 æ˜ŸæœŸäº\”','20140801',0)

[ 2014-07-31T23:24:47+08:00 ] 127.0.0.1 /Home/Match/getXml.html
INFO: [ app_begin ] --START--
INFO: Run Behavior\ReadHtmlCache [ RunTime:0.000487s ]
INFO: [ app_begin ] --END-- [ RunTime:0.000925s ]
NOTIC: [8] Undefined variable: url D:\phpserver\match.boss.com\Web\Libs\Trade\Jcpublic.class.php ç¬¬ 10 è¡Œ.
NOTIC: [8] Undefined variable: count_active D:\phpserver\match.boss.com\Web\Libs\Trade\Jcpublic.class.php ç¬¬ 31 è¡Œ.
NOTIC: [8] Undefined variable: now D:\phpserver\match.boss.com\Web\Libs\Trade\Jcpublic.class.php ç¬¬ 71 è¡Œ.
NOTIC: [8] Undefined variable: now D:\phpserver\match.boss.com\Web\Libs\Trade\Jcpublic.class.php ç¬¬ 71 è¡Œ.
NOTIC: [8] Undefined variable: now D:\phpserver\match.boss.com\Web\Libs\Trade\Jcpublic.class.php ç¬¬ 71 è¡Œ.
NOTIC: [8] Undefined variable: now D:\phpserver\match.boss.com\Web\Libs\Trade\Jcpublic.class.php ç¬¬ 71 è¡Œ.
NOTIC: [8] Undefined variable: now D:\phpserver\match.boss.com\Web\Libs\Trade\Jcpublic.class.php ç¬¬ 71 è¡Œ.
NOTIC: [8] Undefined variable: now D:\phpserver\match.boss.com\Web\Libs\Trade\Jcpublic.class.php ç¬¬ 71 è¡Œ.
NOTIC: [8] Undefined variable: now D:\phpserver\match.boss.com\Web\Libs\Trade\Jcpublic.class.php ç¬¬ 71 è¡Œ.
NOTIC: [8] Undefined variable: now D:\phpserver\match.boss.com\Web\Libs\Trade\Jcpublic.class.php ç¬¬ 71 è¡Œ.
NOTIC: [8] Undefined variable: now D:\phpserver\match.boss.com\Web\Libs\Trade\Jcpublic.class.php ç¬¬ 71 è¡Œ.
NOTIC: [8] Undefined variable: now D:\phpserver\match.boss.com\Web\Libs\Trade\Jcpublic.class.php ç¬¬ 71 è¡Œ.
NOTIC: [8] Undefined variable: now D:\phpserver\match.boss.com\Web\Libs\Trade\Jcpublic.class.php ç¬¬ 71 è¡Œ.
NOTIC: [8] Undefined variable: now D:\phpserver\match.boss.com\Web\Libs\Trade\Jcpublic.class.php ç¬¬ 71 è¡Œ.
NOTIC: [8] Undefined variable: now D:\phpserver\match.boss.com\Web\Libs\Trade\Jcpublic.class.php ç¬¬ 71 è¡Œ.
NOTIC: [8] Undefined variable: now D:\phpserver\match.boss.com\Web\Libs\Trade\Jcpublic.class.php ç¬¬ 71 è¡Œ.
NOTIC: [8] Undefined variable: now D:\phpserver\match.boss.com\Web\Libs\Trade\Jcpublic.class.php ç¬¬ 71 è¡Œ.
NOTIC: [8] Undefined variable: now D:\phpserver\match.boss.com\Web\Libs\Trade\Jcpublic.class.php ç¬¬ 71 è¡Œ.
NOTIC: [8] Undefined variable: now D:\phpserver\match.boss.com\Web\Libs\Trade\Jcpublic.class.php ç¬¬ 71 è¡Œ.
NOTIC: [8] Undefined variable: now D:\phpserver\match.boss.com\Web\Libs\Trade\Jcpublic.class.php ç¬¬ 71 è¡Œ.
NOTIC: [8] Undefined variable: now D:\phpserver\match.boss.com\Web\Libs\Trade\Jcpublic.class.php ç¬¬ 71 è¡Œ.
NOTIC: [8] Undefined variable: now D:\phpserver\match.boss.com\Web\Libs\Trade\Jcpublic.class.php ç¬¬ 71 è¡Œ.
NOTIC: [8] Undefined variable: now D:\phpserver\match.boss.com\Web\Libs\Trade\Jcpublic.class.php ç¬¬ 71 è¡Œ.
NOTIC: [8] Undefined variable: now D:\phpserver\match.boss.com\Web\Libs\Trade\Jcpublic.class.php ç¬¬ 71 è¡Œ.
NOTIC: [8] Undefined variable: now D:\phpserver\match.boss.com\Web\Libs\Trade\Jcpublic.class.php ç¬¬ 71 è¡Œ.
ERR: 1062:Duplicate entry '78765' for key 'PRIMARY'
 [ SQLè¯­å¥ ] : INSERT INTO `match` (`id`,`rangqiu`,`isshow`,`matchnum`,`league`,`simpleleague`,`homename`,`homesxname`,`awayname`,`awaysxname`,`win`,`processname`,`processdate`,`matchdate`,`matchtime`,`endtime`,`matchnumdate`,`title`,`date`,`end`) VALUES (78753,'-1',1,'å‘¨å››001','æ¬§ç½—å·´è”èµ\›','æ¬§è”','é˜¿æ–¯å¡”çº³','é˜¿æ–¯å\¦','AIKç´¢å°”çº\³','ç´¢å°”çº\³','4.85','4001','2014-07-31','2014-07-31','2014-07-31 22:00','2014-07-31 21:59','2014-07-31','2014-07-31 æ˜ŸæœŸå›\›','20140731',0),(78754,'-1',1,'å‘¨å››002','æ¬§ç½—å·´è”èµ\›','æ¬§è”','åŸƒå°”å¤«æ–¯å \¡','åŸƒå°”å¤\«','å“ˆå¤«çº³å¤«çº¦æœå°\”','å“ˆå¤«çº\³','2.35','4002','2014-07-31','2014-08-01','2014-08-01 00:00','2014-07-31 23:59','2014-07-31','2014-07-31 æ˜ŸæœŸå›\›','20140731',0),(78755,'1',1,'å‘¨å››003','æ¬§ç½—å·´è”èµ\›','æ¬§è”','ç‰¹ä¼¦é’\¦','ç‰¹ä¼¦é’\¦','èµ«å°”åŸ\','èµ«å°”åŸ\','3.35','4003','2014-07-31','2014-08-01','2014-08-01 01:00','2014-08-01 00:59','2014-07-31','2014-07-31 æ˜ŸæœŸå›\›','20140731',0),(78756,'1',1,'å‘¨å››004','æ¬§ç½—å·´è”èµ\›','æ¬§è”','åšè±æ–¯æ‹‰å¤\«','åšè±æ–\¯','é‡Œæ˜‚','é‡\Œ  æ˜\‚','3.45','4004','2014-07-31','2014-08-01','2014-08-01 01:00','2014-08-01 00:59','2014-07-31','2014-07-31 æ˜ŸæœŸå›\›','20140731',0),(78757,'-1',1,'å‘¨å››005','æ¬§ç½—å·´è”èµ\›','æ¬§è”','IFKå“¥å¾·å \¡','å“¥å¾·å \¡','é‡Œå¥¥é˜¿ç»´','é‡Œå¥¥é˜\¿','4.65','4005','2014-07-31','2014-08-01','2014-08-01 01:00','2014-08-01 00:59','2014-07-31','2014-07-31 æ˜ŸæœŸå›\›','20140731',0),(78759,'1',1,'å‘¨å››007','æ¬§ç½—å·´è”èµ\›','æ¬§è”','å¸ƒé²é©¬æ³¢å¡çº³','å¸ƒé²é©\¬','éƒ½çµ','éƒ\½  ç\µ','2.08','4007','2014-07-31','2014-08-01','2014-08-01 01:00','2014-08-01 00:59','2014-07-31','2014-07-31 æ˜ŸæœŸå›\›','20140731',0),(78760,'-1',1,'å‘¨å››008','æ¬§ç½—å·´è”èµ\›','æ¬§è”','å¡æ‹‰æ¯”å…‹ä½“è‚²','å¡æ‹‰æ¯\”','ç½—æ£®åšæ ¼','ç½—æ£®å\š','4.15','4008','2014-07-31','2014-08-01','2014-08-01 01:00','2014-08-01 00:59','2014-07-31','2014-07-31 æ˜ŸæœŸå›\›','20140731',0),(78761,'-1',1,'å‘¨å››009','æ¬§ç½—å·´è”èµ\›','æ¬§è”','å¸ƒé²æ—\¥','å¸ƒé²æ—\¥','å¸ƒéš†å¾·æ¯”','å¸ƒéš†å¾\·','2.80','4009','2014-07-31','2014-08-01','2014-08-01 02:30','2014-08-01 02:29','2014-07-31','2014-07-31 æ˜ŸæœŸå›\›','20140731',0),(78762,'-1',1,'å‘¨å››010','æ¬§ç½—å·´è”èµ\›','æ¬§è”','ç¾å› èŒ\¨','ç¾å› èŒ\¨','ç‰¹é‡Œæ³¢åˆ©æµ·æ˜Ÿ','ç‰¹æµ·æ˜\Ÿ','1.68','4010','2014-07-31','2014-08-01','2014-08-01 02:30','2014-08-01 02:29','2014-07-31','2014-07-31 æ˜ŸæœŸå›\›','20140731',0),(78763,'-1',1,'å‘¨å››011','æ¬§ç½—å·´è”èµ\›','æ¬§è”','çš‡å®¶ç¤¾ä¼š','ç¤\¾  ä¼\š','é˜¿ä¼¯ä¸\','é˜¿ä¼¯ä¸\','1.73','4011','2014-07-31','2014-08-01','2014-08-01 02:30','2014-08-01 02:29','2014-07-31','2014-07-31 æ˜ŸæœŸå›\›','20140731',0),(78764,'-1',1,'å‘¨å››012','æ¬§ç½—å·´è”èµ\›','æ¬§è”','åœ£çº¦ç¿°æ–¯é€\š','åœ£çº¦ç¿\°','ç‰¹å°”çº³ç“¦æ–¯å·´è¾\¾','ç‰¹å°”çº\³','4.55','4012','2014-07-31','2014-08-01','2014-08-01 02:45','2014-08-01 02:44','2014-07-31','2014-07-31 æ˜ŸæœŸå›\›','20140731',0),(78765,'-1',1,'å‘¨å››013','å·´è¥¿æ\¯','å·´è¥¿æ\¯','ç§‘é‡Œè’‚å·´','ç§‘é‡Œè’\‚','æ´¾æ¡‘æ\œ','å¸•æ¡‘åº\¦','1.90','4013','2014-07-31','2014-08-01','2014-08-01 08:00','2014-08-01 07:59','2014-07-31','2014-07-31 æ˜ŸæœŸå›\›','20140731',0),(78767,'-1',1,'å‘¨äº”001','æŒªå¨è¶…çº§è”èµ›','æŒªè¶…','åˆ©å‹’æ–¯ç‰¹ç½—å§†','åˆ©å‹’æ–\¯','å¸ƒå…°','å¸\ƒ  å…\°','2.70','5001','2014-08-01','2014-08-02','2014-08-02 01:00','2014-08-02 00:59','2014-08-01','2014-08-01 æ˜ŸæœŸäº\”','20140801',0),(78768,'-1',1,'å‘¨äº”002','æ³•å›½ä¹™çº§è”èµ›','æ³•ä¹™','é˜¿å°”å‹\’','é˜¿å°”å‹\’','é˜¿é›…å…‹è‚–','é˜¿é›…å…\‹','4.60','5002','2014-08-01','2014-08-02','2014-08-02 02:00','2014-08-02 01:59','2014-08-01','2014-08-01 æ˜ŸæœŸäº\”','20140801',0),(78769,'-1',1,'å‘¨äº”003','æ³•å›½ä¹™çº§è”èµ›','æ³•ä¹™','æ¬§å¡å°\”','æ¬§å¡å°\”','å‹’é˜¿å¼—å°”','é˜¿å¼—å°\”','4.35','5003','2014-08-01','2014-08-02','2014-08-02 02:00','2014-08-02 01:59','2014-08-01','2014-08-01 æ˜ŸæœŸäº\”','20140801',0),(78770,'-1',1,'å‘¨äº”004','æ³•å›½ä¹™çº§è”èµ›','æ³•ä¹™','é˜¿é›…å…‹è‚–GFCO','é˜¿é›…GF','ç“¦æœ—è°¢çº³','ç“¦æœ—è°\¢','5.50','5004','2014-08-01','2014-08-02','2014-08-02 02:00','2014-08-02 01:59','2014-08-01','2014-08-01 æ˜ŸæœŸäº\”','20140801',0),(78771,'-1',1,'å‘¨äº”005','æ³•å›½ä¹™çº§è”èµ›','æ³•ä¹™','å—é”¡','å\—  é”\¡','ç¬¬æˆ','ç¬\¬  æˆ\','3.60','5005','2014-08-01','2014-08-02','2014-08-02 02:00','2014-08-02 01:59','2014-08-01','2014-08-01 æ˜ŸæœŸäº\”','20140801',0),(78772,'-1',1,'å‘¨äº”006','æ³•å›½ä¹™çº§è”èµ›','æ³•ä¹™','å°¼å§†','å°\¼  å§\†','æ˜‚çƒ­','æ˜\‚  çƒ\­','4.20','5006','2014-08-01','2014-08-02','2014-08-02 02:00','2014-08-02 01:59','2014-08-01','2014-08-01 æ˜ŸæœŸäº\”','20140801',0),(78773,'-1',1,'å‘¨äº”007','æ³•å›½ä¹™çº§è”èµ›','æ³•ä¹™','æ‹‰ç“¦å‹\’','æ‹‰ç“¦å‹\’','å°¼å¥¥å°\”','å°¼å¥¥å°\”','4.45','5007','2014-08-01','2014-08-02','2014-08-02 02:00','2014-08-02 01:59','2014-08-01','2014-08-01 æ˜ŸæœŸäº\”','20140801',0),(78774,'-1',1,'å‘¨äº”008','æ³•å›½ä¹™çº§è”èµ›','æ³•ä¹™','å›¾å°”','å›\¾ å°\”','å…‹é›·æ³°ä¼Š','å…‹é›·æ³\°','3.65','5008','2014-08-01','2014-08-02','2014-08-02 02:00','2014-08-02 01:59','2014-08-01','2014-08-01 æ˜ŸæœŸäº\”','20140801',0),(78775,'1',1,'å‘¨äº”009','æ³•å›½ä¹™çº§è”èµ›','æ³•ä¹™','æ²™æ‰˜é²\','æ²™æ‰˜é²\','ç‰¹é²ç“\¦','ç‰¹é²ç“\¦','4.95','5009','2014-08-01','2014-08-02','2014-08-02 02:00','2014-08-02 01:59','2014-08-01','2014-08-01 æ˜ŸæœŸäº\”','20140801',0),(78776,'-1',1,'å‘¨äº”010','å¾·å›½ä¹™çº§è”èµ›','å¾·ä¹™','æœå¡å°”å¤šå¤\«','æœå¡å°\”','ä¸ä¼¦ç‘å…‹','ä¸ä¼¦ç‘\','3.80','5010','2014-08-01','2014-08-02','2014-08-02 02:30','2014-08-02 02:29','2014-08-01','2014-08-01 æ˜ŸæœŸäº\”','20140801',0),(78779,'-1',1,'å‘¨äº”013','ç¾å›½èŒä¸šå¤§è”ç›\Ÿ','ç¾èŒè\”','å ªè¨æ–¯åŸç«æŠ€','è‚¯è¨æ–\¯','è´¹åŸè”åˆ','è´¹åŸè\”','2.60','5013','2014-08-01','2014-08-02','2014-08-02 08:00','2014-08-02 07:59','2014-08-01','2014-08-01 æ˜ŸæœŸäº\”','20140801',0)

[ 2014-07-31T23:25:30+08:00 ] 127.0.0.1 /Home/Match/getXml.html
INFO: [ app_begin ] --START--
INFO: Run Behavior\ReadHtmlCache [ RunTime:0.000588s ]
INFO: [ app_begin ] --END-- [ RunTime:0.001041s ]
NOTIC: [8] Undefined variable: url D:\phpserver\match.boss.com\Web\Libs\Trade\Jcpublic.class.php ç¬¬ 10 è¡Œ.
NOTIC: [8] Undefined variable: count_active D:\phpserver\match.boss.com\Web\Libs\Trade\Jcpublic.class.php ç¬¬ 31 è¡Œ.
NOTIC: [8] Undefined variable: now D:\phpserver\match.boss.com\Web\Libs\Trade\Jcpublic.class.php ç¬¬ 71 è¡Œ.
NOTIC: [8] Undefined variable: now D:\phpserver\match.boss.com\Web\Libs\Trade\Jcpublic.class.php ç¬¬ 71 è¡Œ.
NOTIC: [8] Undefined variable: now D:\phpserver\match.boss.com\Web\Libs\Trade\Jcpublic.class.php ç¬¬ 71 è¡Œ.
NOTIC: [8] Undefined variable: now D:\phpserver\match.boss.com\Web\Libs\Trade\Jcpublic.class.php ç¬¬ 71 è¡Œ.
NOTIC: [8] Undefined variable: now D:\phpserver\match.boss.com\Web\Libs\Trade\Jcpublic.class.php ç¬¬ 71 è¡Œ.
NOTIC: [8] Undefined variable: now D:\phpserver\match.boss.com\Web\Libs\Trade\Jcpublic.class.php ç¬¬ 71 è¡Œ.
NOTIC: [8] Undefined variable: now D:\phpserver\match.boss.com\Web\Libs\Trade\Jcpublic.class.php ç¬¬ 71 è¡Œ.
NOTIC: [8] Undefined variable: now D:\phpserver\match.boss.com\Web\Libs\Trade\Jcpublic.class.php ç¬¬ 71 è¡Œ.
NOTIC: [8] Undefined variable: now D:\phpserver\match.boss.com\Web\Libs\Trade\Jcpublic.class.php ç¬¬ 71 è¡Œ.
NOTIC: [8] Undefined variable: now D:\phpserver\match.boss.com\Web\Libs\Trade\Jcpublic.class.php ç¬¬ 71 è¡Œ.
NOTIC: [8] Undefined variable: now D:\phpserver\match.boss.com\Web\Libs\Trade\Jcpublic.class.php ç¬¬ 71 è¡Œ.
NOTIC: [8] Undefined variable: now D:\phpserver\match.boss.com\Web\Libs\Trade\Jcpublic.class.php ç¬¬ 71 è¡Œ.
NOTIC: [8] Undefined variable: now D:\phpserver\match.boss.com\Web\Libs\Trade\Jcpublic.class.php ç¬¬ 71 è¡Œ.
NOTIC: [8] Undefined variable: now D:\phpserver\match.boss.com\Web\Libs\Trade\Jcpublic.class.php ç¬¬ 71 è¡Œ.
NOTIC: [8] Undefined variable: now D:\phpserver\match.boss.com\Web\Libs\Trade\Jcpublic.class.php ç¬¬ 71 è¡Œ.
NOTIC: [8] Undefined variable: now D:\phpserver\match.boss.com\Web\Libs\Trade\Jcpublic.class.php ç¬¬ 71 è¡Œ.
NOTIC: [8] Undefined variable: now D:\phpserver\match.boss.com\Web\Libs\Trade\Jcpublic.class.php ç¬¬ 71 è¡Œ.
NOTIC: [8] Undefined variable: now D:\phpserver\match.boss.com\Web\Libs\Trade\Jcpublic.class.php ç¬¬ 71 è¡Œ.
NOTIC: [8] Undefined variable: now D:\phpserver\match.boss.com\Web\Libs\Trade\Jcpublic.class.php ç¬¬ 71 è¡Œ.
NOTIC: [8] Undefined variable: now D:\phpserver\match.boss.com\Web\Libs\Trade\Jcpublic.class.php ç¬¬ 71 è¡Œ.
NOTIC: [8] Undefined variable: now D:\phpserver\match.boss.com\Web\Libs\Trade\Jcpublic.class.php ç¬¬ 71 è¡Œ.
NOTIC: [8] Undefined variable: now D:\phpserver\match.boss.com\Web\Libs\Trade\Jcpublic.class.php ç¬¬ 71 è¡Œ.
NOTIC: [8] Undefined variable: now D:\phpserver\match.boss.com\Web\Libs\Trade\Jcpublic.class.php ç¬¬ 71 è¡Œ.

[ 2014-07-31T23:26:42+08:00 ] 127.0.0.1 /Home/Match/getSp.html
INFO: [ app_begin ] --START--
INFO: Run Behavior\ReadHtmlCache [ RunTime:0.000931s ]
INFO: [ app_begin ] --END-- [ RunTime:0.001678s ]
NOTIC: [8] Undefined index: d D:\phpserver\match.boss.com\Web\Home\Controller\MatchController.class.php ç¬¬ 59 è¡Œ.
INFO: [ app_end ] --START--
INFO: Run Behavior\ShowPageTrace [ RunTime:0.000784s ]
INFO: [ app_end ] --END-- [ RunTime:0.000877s ]

[ 2014-07-31T23:26:42+08:00 ] 127.0.0.1 /Home/Match/getPl.html
INFO: [ app_begin ] --START--
INFO: Run Behavior\ReadHtmlCache [ RunTime:0.000566s ]
INFO: [ app_begin ] --END-- [ RunTime:0.000970s ]

[ 2014-07-31T23:26:42+08:00 ] 127.0.0.1 /Home/Match/getPl.html
INFO: [ app_begin ] --START--
INFO: Run Behavior\ReadHtmlCache [ RunTime:0.000580s ]
INFO: [ app_begin ] --END-- [ RunTime:0.001097s ]

[ 2014-07-31T23:27:12+08:00 ] 127.0.0.1 /Home/Match/getPl.html
INFO: [ app_begin ] --START--
INFO: Run Behavior\ReadHtmlCache [ RunTime:0.000574s ]
INFO: [ app_begin ] --END-- [ RunTime:0.000939s ]

[ 2014-07-31T23:27:38+08:00 ] 127.0.0.1 /Home/Match/getPl.html
INFO: [ app_begin ] --START--
INFO: Run Behavior\ReadHtmlCache [ RunTime:0.000532s ]
INFO: [ app_begin ] --END-- [ RunTime:0.000969s ]
INFO: [ app_end ] --START--
INFO: Run Behavior\ShowPageTrace [ RunTime:0.001097s ]
INFO: [ app_end ] --END-- [ RunTime:0.001310s ]

[ 2014-07-31T23:41:39+08:00 ] 127.0.0.1 /Home/Match/getXml.html
INFO: [ app_begin ] --START--
INFO: Run Behavior\ReadHtmlCache [ RunTime:0.000654s ]
INFO: [ app_begin ] --END-- [ RunTime:0.001175s ]
NOTIC: [8] Undefined variable: count_active D:\phpserver\match.boss.com\Web\Libs\Trade\Jcpublic.class.php ç¬¬ 31 è¡Œ.
NOTIC: [8] Undefined variable: now D:\phpserver\match.boss.com\Web\Libs\Trade\Jcpublic.class.php ç¬¬ 71 è¡Œ.
NOTIC: [8] Undefined variable: now D:\phpserver\match.boss.com\Web\Libs\Trade\Jcpublic.class.php ç¬¬ 71 è¡Œ.
NOTIC: [8] Undefined variable: now D:\phpserver\match.boss.com\Web\Libs\Trade\Jcpublic.class.php ç¬¬ 71 è¡Œ.
NOTIC: [8] Undefined variable: now D:\phpserver\match.boss.com\Web\Libs\Trade\Jcpublic.class.php ç¬¬ 71 è¡Œ.
NOTIC: [8] Undefined variable: now D:\phpserver\match.boss.com\Web\Libs\Trade\Jcpublic.class.php ç¬¬ 71 è¡Œ.
NOTIC: [8] Undefined variable: now D:\phpserver\match.boss.com\Web\Libs\Trade\Jcpublic.class.php ç¬¬ 71 è¡Œ.
NOTIC: [8] Undefined variable: now D:\phpserver\match.boss.com\Web\Libs\Trade\Jcpublic.class.php ç¬¬ 71 è¡Œ.
NOTIC: [8] Undefined variable: now D:\phpserver\match.boss.com\Web\Libs\Trade\Jcpublic.class.php ç¬¬ 71 è¡Œ.
NOTIC: [8] Undefined variable: now D:\phpserver\match.boss.com\Web\Libs\Trade\Jcpublic.class.php ç¬¬ 71 è¡Œ.
NOTIC: [8] Undefined variable: now D:\phpserver\match.boss.com\Web\Libs\Trade\Jcpublic.class.php ç¬¬ 71 è¡Œ.
NOTIC: [8] Undefined variable: now D:\phpserver\match.boss.com\Web\Libs\Trade\Jcpublic.class.php ç¬¬ 71 è¡Œ.
NOTIC: [8] Undefined variable: now D:\phpserver\match.boss.com\Web\Libs\Trade\Jcpublic.class.php ç¬¬ 71 è¡Œ.
NOTIC: [8] Undefined variable: now D:\phpserver\match.boss.com\Web\Libs\Trade\Jcpublic.class.php ç¬¬ 71 è¡Œ.
NOTIC: [8] Undefined variable: now D:\phpserver\match.boss.com\Web\Libs\Trade\Jcpublic.class.php ç¬¬ 71 è¡Œ.
NOTIC: [8] Undefined variable: now D:\phpserver\match.boss.com\Web\Libs\Trade\Jcpublic.class.php ç¬¬ 71 è¡Œ.
NOTIC: [8] Undefined variable: now D:\phpserver\match.boss.com\Web\Libs\Trade\Jcpublic.class.php ç¬¬ 71 è¡Œ.
NOTIC: [8] Undefined variable: now D:\phpserver\match.boss.com\Web\Libs\Trade\Jcpublic.class.php ç¬¬ 71 è¡Œ.
NOTIC: [8] Undefined variable: now D:\phpserver\match.boss.com\Web\Libs\Trade\Jcpublic.class.php ç¬¬ 71 è¡Œ.
NOTIC: [8] Undefined variable: now D:\phpserver\match.boss.com\Web\Libs\Trade\Jcpublic.class.php ç¬¬ 71 è¡Œ.
NOTIC: [8] Undefined variable: now D:\phpserver\match.boss.com\Web\Libs\Trade\Jcpublic.class.php ç¬¬ 71 è¡Œ.
NOTIC: [8] Undefined variable: now D:\phpserver\match.boss.com\Web\Libs\Trade\Jcpublic.class.php ç¬¬ 71 è¡Œ.
NOTIC: [8] Undefined variable: now D:\phpserver\match.boss.com\Web\Libs\Trade\Jcpublic.class.php ç¬¬ 71 è¡Œ.
NOTIC: [8] Undefined variable: now D:\phpserver\match.boss.com\Web\Libs\Trade\Jcpublic.class.php ç¬¬ 71 è¡Œ.

[ 2014-07-31T23:45:48+08:00 ] 127.0.0.1 /Home/Match/getXml.html
INFO: [ app_begin ] --START--
INFO: Run Behavior\ReadHtmlCache [ RunTime:0.000558s ]
INFO: [ app_begin ] --END-- [ RunTime:0.000945s ]
NOTIC: [8] Undefined variable: count_active D:\phpserver\match.boss.com\Web\Libs\Trade\Jcpublic.class.php ç¬¬ 31 è¡Œ.
NOTIC: [8] Undefined variable: now D:\phpserver\match.boss.com\Web\Libs\Trade\Jcpublic.class.php ç¬¬ 71 è¡Œ.
NOTIC: [8] Undefined variable: now D:\phpserver\match.boss.com\Web\Libs\Trade\Jcpublic.class.php ç¬¬ 71 è¡Œ.
NOTIC: [8] Undefined variable: now D:\phpserver\match.boss.com\Web\Libs\Trade\Jcpublic.class.php ç¬¬ 71 è¡Œ.
NOTIC: [8] Undefined variable: now D:\phpserver\match.boss.com\Web\Libs\Trade\Jcpublic.class.php ç¬¬ 71 è¡Œ.
NOTIC: [8] Undefined variable: now D:\phpserver\match.boss.com\Web\Libs\Trade\Jcpublic.class.php ç¬¬ 71 è¡Œ.
NOTIC: [8] Undefined variable: now D:\phpserver\match.boss.com\Web\Libs\Trade\Jcpublic.class.php ç¬¬ 71 è¡Œ.
NOTIC: [8] Undefined variable: now D:\phpserver\match.boss.com\Web\Libs\Trade\Jcpublic.class.php ç¬¬ 71 è¡Œ.
NOTIC: [8] Undefined variable: now D:\phpserver\match.boss.com\Web\Libs\Trade\Jcpublic.class.php ç¬¬ 71 è¡Œ.
NOTIC: [8] Undefined variable: now D:\phpserver\match.boss.com\Web\Libs\Trade\Jcpublic.class.php ç¬¬ 71 è¡Œ.
NOTIC: [8] Undefined variable: now D:\phpserver\match.boss.com\Web\Libs\Trade\Jcpublic.class.php ç¬¬ 71 è¡Œ.
NOTIC: [8] Undefined variable: now D:\phpserver\match.boss.com\Web\Libs\Trade\Jcpublic.class.php ç¬¬ 71 è¡Œ.
NOTIC: [8] Undefined variable: now D:\phpserver\match.boss.com\Web\Libs\Trade\Jcpublic.class.php ç¬¬ 71 è¡Œ.
NOTIC: [8] Undefined variable: now D:\phpserver\match.boss.com\Web\Libs\Trade\Jcpublic.class.php ç¬¬ 71 è¡Œ.
NOTIC: [8] Undefined variable: now D:\phpserver\match.boss.com\Web\Libs\Trade\Jcpublic.class.php ç¬¬ 71 è¡Œ.
NOTIC: [8] Undefined variable: now D:\phpserver\match.boss.com\Web\Libs\Trade\Jcpublic.class.php ç¬¬ 71 è¡Œ.
NOTIC: [8] Undefined variable: now D:\phpserver\match.boss.com\Web\Libs\Trade\Jcpublic.class.php ç¬¬ 71 è¡Œ.
NOTIC: [8] Undefined variable: now D:\phpserver\match.boss.com\Web\Libs\Trade\Jcpublic.class.php ç¬¬ 71 è¡Œ.
NOTIC: [8] Undefined variable: now D:\phpserver\match.boss.com\Web\Libs\Trade\Jcpublic.class.php ç¬¬ 71 è¡Œ.
NOTIC: [8] Undefined variable: now D:\phpserver\match.boss.com\Web\Libs\Trade\Jcpublic.class.php ç¬¬ 71 è¡Œ.
NOTIC: [8] Undefined variable: now D:\phpserver\match.boss.com\Web\Libs\Trade\Jcpublic.class.php ç¬¬ 71 è¡Œ.
NOTIC: [8] Undefined variable: now D:\phpserver\match.boss.com\Web\Libs\Trade\Jcpublic.class.php ç¬¬ 71 è¡Œ.
NOTIC: [8] Undefined variable: now D:\phpserver\match.boss.com\Web\Libs\Trade\Jcpublic.class.php ç¬¬ 71 è¡Œ.
NOTIC: [8] Undefined variable: now D:\phpserver\match.boss.com\Web\Libs\Trade\Jcpublic.class.php ç¬¬ 71 è¡Œ.
ERR: 1136:Column count doesn't match value count at row 2
 [ SQLè¯­å¥ ] : INSERT INTO `peilv` (`id`) VALUES (78753),(),('4.85'),('20140731'),(78754),(),('2.35'),('20140731'),(78755),(),('3.35'),('20140731'),(78756),(),('3.45'),('20140731'),(78757),(),('4.65'),('20140731'),(78759),(),('2.08'),('20140731'),(78760),(),('4.15'),('20140731'),(78761),(),('2.80'),('20140731'),(78762),(),('1.62'),('20140731'),(78763),(),('1.73'),('20140731'),(78764),(),('4.55'),('20140731'),(78765),(),('1.90'),('20140731'),(78767),(),('2.73'),('20140801'),(78768),(),('4.60'),('20140801'),(78769),(),('4.35'),('20140801'),(78770),(),('5.50'),('20140801'),(78771),(),('3.60'),('20140801'),(78772),(),('4.20'),('20140801'),(78773),(),('4.45'),('20140801'),(78774),(),('3.65'),('20140801'),(78775),(),('4.95'),('20140801'),(78776),(),('3.80'),('20140801'),(78779),(),('2.60'),('20140801')

[ 2014-07-31T23:46:11+08:00 ] 127.0.0.1 /Home/Match/getXml.html
INFO: [ app_begin ] --START--
INFO: Run Behavior\ReadHtmlCache [ RunTime:0.000570s ]
INFO: [ app_begin ] --END-- [ RunTime:0.000970s ]
NOTIC: [8] Undefined variable: count_active D:\phpserver\match.boss.com\Web\Libs\Trade\Jcpublic.class.php ç¬¬ 31 è¡Œ.
NOTIC: [8] Undefined variable: now D:\phpserver\match.boss.com\Web\Libs\Trade\Jcpublic.class.php ç¬¬ 71 è¡Œ.
NOTIC: [8] Undefined variable: now D:\phpserver\match.boss.com\Web\Libs\Trade\Jcpublic.class.php ç¬¬ 71 è¡Œ.
NOTIC: [8] Undefined variable: now D:\phpserver\match.boss.com\Web\Libs\Trade\Jcpublic.class.php ç¬¬ 71 è¡Œ.
NOTIC: [8] Undefined variable: now D:\phpserver\match.boss.com\Web\Libs\Trade\Jcpublic.class.php ç¬¬ 71 è¡Œ.
NOTIC: [8] Undefined variable: now D:\phpserver\match.boss.com\Web\Libs\Trade\Jcpublic.class.php ç¬¬ 71 è¡Œ.
NOTIC: [8] Undefined variable: now D:\phpserver\match.boss.com\Web\Libs\Trade\Jcpublic.class.php ç¬¬ 71 è¡Œ.
NOTIC: [8] Undefined variable: now D:\phpserver\match.boss.com\Web\Libs\Trade\Jcpublic.class.php ç¬¬ 71 è¡Œ.
NOTIC: [8] Undefined variable: now D:\phpserver\match.boss.com\Web\Libs\Trade\Jcpublic.class.php ç¬¬ 71 è¡Œ.
NOTIC: [8] Undefined variable: now D:\phpserver\match.boss.com\Web\Libs\Trade\Jcpublic.class.php ç¬¬ 71 è¡Œ.
NOTIC: [8] Undefined variable: now D:\phpserver\match.boss.com\Web\Libs\Trade\Jcpublic.class.php ç¬¬ 71 è¡Œ.
NOTIC: [8] Undefined variable: now D:\phpserver\match.boss.com\Web\Libs\Trade\Jcpublic.class.php ç¬¬ 71 è¡Œ.
NOTIC: [8] Undefined variable: now D:\phpserver\match.boss.com\Web\Libs\Trade\Jcpublic.class.php ç¬¬ 71 è¡Œ.
NOTIC: [8] Undefined variable: now D:\phpserver\match.boss.com\Web\Libs\Trade\Jcpublic.class.php ç¬¬ 71 è¡Œ.
NOTIC: [8] Undefined variable: now D:\phpserver\match.boss.com\Web\Libs\Trade\Jcpublic.class.php ç¬¬ 71 è¡Œ.
NOTIC: [8] Undefined variable: now D:\phpserver\match.boss.com\Web\Libs\Trade\Jcpublic.class.php ç¬¬ 71 è¡Œ.
NOTIC: [8] Undefined variable: now D:\phpserver\match.boss.com\Web\Libs\Trade\Jcpublic.class.php ç¬¬ 71 è¡Œ.
NOTIC: [8] Undefined variable: now D:\phpserver\match.boss.com\Web\Libs\Trade\Jcpublic.class.php ç¬¬ 71 è¡Œ.
NOTIC: [8] Undefined variable: now D:\phpserver\match.boss.com\Web\Libs\Trade\Jcpublic.class.php ç¬¬ 71 è¡Œ.
NOTIC: [8] Undefined variable: now D:\phpserver\match.boss.com\Web\Libs\Trade\Jcpublic.class.php ç¬¬ 71 è¡Œ.
NOTIC: [8] Undefined variable: now D:\phpserver\match.boss.com\Web\Libs\Trade\Jcpublic.class.php ç¬¬ 71 è¡Œ.
NOTIC: [8] Undefined variable: now D:\phpserver\match.boss.com\Web\Libs\Trade\Jcpublic.class.php ç¬¬ 71 è¡Œ.
NOTIC: [8] Undefined variable: now D:\phpserver\match.boss.com\Web\Libs\Trade\Jcpublic.class.php ç¬¬ 71 è¡Œ.
NOTIC: [8] Undefined variable: now D:\phpserver\match.boss.com\Web\Libs\Trade\Jcpublic.class.php ç¬¬ 71 è¡Œ.
ERR: 1136:Column count doesn't match value count at row 2
 [ SQLè¯­å¥ ] : INSERT INTO `peilv` (`id`) VALUES (78753),(),('4.85'),('20140731'),(78754),(),('2.35'),('20140731'),(78755),(),('3.35'),('20140731'),(78756),(),('3.45'),('20140731'),(78757),(),('4.65'),('20140731'),(78759),(),('2.08'),('20140731'),(78760),(),('4.15'),('20140731'),(78761),(),('2.80'),('20140731'),(78762),(),('1.62'),('20140731'),(78763),(),('1.73'),('20140731'),(78764),(),('4.55'),('20140731'),(78765),(),('1.90'),('20140731'),(78767),(),('2.73'),('20140801'),(78768),(),('4.60'),('20140801'),(78769),(),('4.35'),('20140801'),(78770),(),('5.50'),('20140801'),(78771),(),('3.60'),('20140801'),(78772),(),('4.20'),('20140801'),(78773),(),('4.45'),('20140801'),(78774),(),('3.65'),('20140801'),(78775),(),('4.95'),('20140801'),(78776),(),('3.80'),('20140801'),(78779),(),('2.60'),('20140801')

[ 2014-07-31T23:46:29+08:00 ] 127.0.0.1 /Home/Match/getXml.html
INFO: [ app_begin ] --START--
INFO: Run Behavior\ReadHtmlCache [ RunTime:0.000488s ]
INFO: [ app_begin ] --END-- [ RunTime:0.000857s ]
NOTIC: [8] Undefined variable: count_active D:\phpserver\match.boss.com\Web\Libs\Trade\Jcpublic.class.php ç¬¬ 31 è¡Œ.
NOTIC: [8] Undefined variable: now D:\phpserver\match.boss.com\Web\Libs\Trade\Jcpublic.class.php ç¬¬ 71 è¡Œ.
NOTIC: [8] Undefined variable: now D:\phpserver\match.boss.com\Web\Libs\Trade\Jcpublic.class.php ç¬¬ 71 è¡Œ.
NOTIC: [8] Undefined variable: now D:\phpserver\match.boss.com\Web\Libs\Trade\Jcpublic.class.php ç¬¬ 71 è¡Œ.
NOTIC: [8] Undefined variable: now D:\phpserver\match.boss.com\Web\Libs\Trade\Jcpublic.class.php ç¬¬ 71 è¡Œ.
NOTIC: [8] Undefined variable: now D:\phpserver\match.boss.com\Web\Libs\Trade\Jcpublic.class.php ç¬¬ 71 è¡Œ.
NOTIC: [8] Undefined variable: now D:\phpserver\match.boss.com\Web\Libs\Trade\Jcpublic.class.php ç¬¬ 71 è¡Œ.
NOTIC: [8] Undefined variable: now D:\phpserver\match.boss.com\Web\Libs\Trade\Jcpublic.class.php ç¬¬ 71 è¡Œ.
NOTIC: [8] Undefined variable: now D:\phpserver\match.boss.com\Web\Libs\Trade\Jcpublic.class.php ç¬¬ 71 è¡Œ.
NOTIC: [8] Undefined variable: now D:\phpserver\match.boss.com\Web\Libs\Trade\Jcpublic.class.php ç¬¬ 71 è¡Œ.
NOTIC: [8] Undefined variable: now D:\phpserver\match.boss.com\Web\Libs\Trade\Jcpublic.class.php ç¬¬ 71 è¡Œ.
NOTIC: [8] Undefined variable: now D:\phpserver\match.boss.com\Web\Libs\Trade\Jcpublic.class.php ç¬¬ 71 è¡Œ.
NOTIC: [8] Undefined variable: now D:\phpserver\match.boss.com\Web\Libs\Trade\Jcpublic.class.php ç¬¬ 71 è¡Œ.
NOTIC: [8] Undefined variable: now D:\phpserver\match.boss.com\Web\Libs\Trade\Jcpublic.class.php ç¬¬ 71 è¡Œ.
NOTIC: [8] Undefined variable: now D:\phpserver\match.boss.com\Web\Libs\Trade\Jcpublic.class.php ç¬¬ 71 è¡Œ.
NOTIC: [8] Undefined variable: now D:\phpserver\match.boss.com\Web\Libs\Trade\Jcpublic.class.php ç¬¬ 71 è¡Œ.
NOTIC: [8] Undefined variable: now D:\phpserver\match.boss.com\Web\Libs\Trade\Jcpublic.class.php ç¬¬ 71 è¡Œ.
NOTIC: [8] Undefined variable: now D:\phpserver\match.boss.com\Web\Libs\Trade\Jcpublic.class.php ç¬¬ 71 è¡Œ.
NOTIC: [8] Undefined variable: now D:\phpserver\match.boss.com\Web\Libs\Trade\Jcpublic.class.php ç¬¬ 71 è¡Œ.
NOTIC: [8] Undefined variable: now D:\phpserver\match.boss.com\Web\Libs\Trade\Jcpublic.class.php ç¬¬ 71 è¡Œ.
NOTIC: [8] Undefined variable: now D:\phpserver\match.boss.com\Web\Libs\Trade\Jcpublic.class.php ç¬¬ 71 è¡Œ.
NOTIC: [8] Undefined variable: now D:\phpserver\match.boss.com\Web\Libs\Trade\Jcpublic.class.php ç¬¬ 71 è¡Œ.
NOTIC: [8] Undefined variable: now D:\phpserver\match.boss.com\Web\Libs\Trade\Jcpublic.class.php ç¬¬ 71 è¡Œ.
NOTIC: [8] Undefined variable: now D:\phpserver\match.boss.com\Web\Libs\Trade\Jcpublic.class.php ç¬¬ 71 è¡Œ.

[ 2014-07-31T23:47:00+08:00 ] 127.0.0.1 /Home/Match/getXml.html
INFO: [ app_begin ] --START--
INFO: Run Behavior\ReadHtmlCache [ RunTime:0.000521s ]
INFO: [ app_begin ] --END-- [ RunTime:0.001099s ]
NOTIC: [8] Undefined variable: count_active D:\phpserver\match.boss.com\Web\Libs\Trade\Jcpublic.class.php ç¬¬ 31 è¡Œ.
NOTIC: [8] Undefined variable: now D:\phpserver\match.boss.com\Web\Libs\Trade\Jcpublic.class.php ç¬¬ 71 è¡Œ.
NOTIC: [8] Undefined variable: now D:\phpserver\match.boss.com\Web\Libs\Trade\Jcpublic.class.php ç¬¬ 71 è¡Œ.
NOTIC: [8] Undefined variable: now D:\phpserver\match.boss.com\Web\Libs\Trade\Jcpublic.class.php ç¬¬ 71 è¡Œ.
NOTIC: [8] Undefined variable: now D:\phpserver\match.boss.com\Web\Libs\Trade\Jcpublic.class.php ç¬¬ 71 è¡Œ.
NOTIC: [8] Undefined variable: now D:\phpserver\match.boss.com\Web\Libs\Trade\Jcpublic.class.php ç¬¬ 71 è¡Œ.
NOTIC: [8] Undefined variable: now D:\phpserver\match.boss.com\Web\Libs\Trade\Jcpublic.class.php ç¬¬ 71 è¡Œ.
NOTIC: [8] Undefined variable: now D:\phpserver\match.boss.com\Web\Libs\Trade\Jcpublic.class.php ç¬¬ 71 è¡Œ.
NOTIC: [8] Undefined variable: now D:\phpserver\match.boss.com\Web\Libs\Trade\Jcpublic.class.php ç¬¬ 71 è¡Œ.
NOTIC: [8] Undefined variable: now D:\phpserver\match.boss.com\Web\Libs\Trade\Jcpublic.class.php ç¬¬ 71 è¡Œ.
NOTIC: [8] Undefined variable: now D:\phpserver\match.boss.com\Web\Libs\Trade\Jcpublic.class.php ç¬¬ 71 è¡Œ.
NOTIC: [8] Undefined variable: now D:\phpserver\match.boss.com\Web\Libs\Trade\Jcpublic.class.php ç¬¬ 71 è¡Œ.
NOTIC: [8] Undefined variable: now D:\phpserver\match.boss.com\Web\Libs\Trade\Jcpublic.class.php ç¬¬ 71 è¡Œ.
NOTIC: [8] Undefined variable: now D:\phpserver\match.boss.com\Web\Libs\Trade\Jcpublic.class.php ç¬¬ 71 è¡Œ.
NOTIC: [8] Undefined variable: now D:\phpserver\match.boss.com\Web\Libs\Trade\Jcpublic.class.php ç¬¬ 71 è¡Œ.
NOTIC: [8] Undefined variable: now D:\phpserver\match.boss.com\Web\Libs\Trade\Jcpublic.class.php ç¬¬ 71 è¡Œ.
NOTIC: [8] Undefined variable: now D:\phpserver\match.boss.com\Web\Libs\Trade\Jcpublic.class.php ç¬¬ 71 è¡Œ.
NOTIC: [8] Undefined variable: now D:\phpserver\match.boss.com\Web\Libs\Trade\Jcpublic.class.php ç¬¬ 71 è¡Œ.
NOTIC: [8] Undefined variable: now D:\phpserver\match.boss.com\Web\Libs\Trade\Jcpublic.class.php ç¬¬ 71 è¡Œ.
NOTIC: [8] Undefined variable: now D:\phpserver\match.boss.com\Web\Libs\Trade\Jcpublic.class.php ç¬¬ 71 è¡Œ.
NOTIC: [8] Undefined variable: now D:\phpserver\match.boss.com\Web\Libs\Trade\Jcpublic.class.php ç¬¬ 71 è¡Œ.
NOTIC: [8] Undefined variable: now D:\phpserver\match.boss.com\Web\Libs\Trade\Jcpublic.class.php ç¬¬ 71 è¡Œ.
NOTIC: [8] Undefined variable: now D:\phpserver\match.boss.com\Web\Libs\Trade\Jcpublic.class.php ç¬¬ 71 è¡Œ.
NOTIC: [8] Undefined variable: now D:\phpserver\match.boss.com\Web\Libs\Trade\Jcpublic.class.php ç¬¬ 71 è¡Œ.

[ 2014-07-31T23:52:17+08:00 ] 127.0.0.1 /Home/Match/getXml.html
INFO: [ app_begin ] --START--
INFO: Run Behavior\ReadHtmlCache [ RunTime:0.000573s ]
INFO: [ app_begin ] --END-- [ RunTime:0.001050s ]
NOTIC: [8] Undefined variable: count_active D:\phpserver\match.boss.com\Web\Libs\Trade\Jcpublic.class.php ç¬¬ 31 è¡Œ.
NOTIC: [8] Undefined variable: now D:\phpserver\match.boss.com\Web\Libs\Trade\Jcpublic.class.php ç¬¬ 71 è¡Œ.
NOTIC: [8] Undefined variable: now D:\phpserver\match.boss.com\Web\Libs\Trade\Jcpublic.class.php ç¬¬ 71 è¡Œ.
NOTIC: [8] Undefined variable: now D:\phpserver\match.boss.com\Web\Libs\Trade\Jcpublic.class.php ç¬¬ 71 è¡Œ.
NOTIC: [8] Undefined variable: now D:\phpserver\match.boss.com\Web\Libs\Trade\Jcpublic.class.php ç¬¬ 71 è¡Œ.
NOTIC: [8] Undefined variable: now D:\phpserver\match.boss.com\Web\Libs\Trade\Jcpublic.class.php ç¬¬ 71 è¡Œ.
NOTIC: [8] Undefined variable: now D:\phpserver\match.boss.com\Web\Libs\Trade\Jcpublic.class.php ç¬¬ 71 è¡Œ.
NOTIC: [8] Undefined variable: now D:\phpserver\match.boss.com\Web\Libs\Trade\Jcpublic.class.php ç¬¬ 71 è¡Œ.
NOTIC: [8] Undefined variable: now D:\phpserver\match.boss.com\Web\Libs\Trade\Jcpublic.class.php ç¬¬ 71 è¡Œ.
NOTIC: [8] Undefined variable: now D:\phpserver\match.boss.com\Web\Libs\Trade\Jcpublic.class.php ç¬¬ 71 è¡Œ.
NOTIC: [8] Undefined variable: now D:\phpserver\match.boss.com\Web\Libs\Trade\Jcpublic.class.php ç¬¬ 71 è¡Œ.
NOTIC: [8] Undefined variable: now D:\phpserver\match.boss.com\Web\Libs\Trade\Jcpublic.class.php ç¬¬ 71 è¡Œ.
NOTIC: [8] Undefined variable: now D:\phpserver\match.boss.com\Web\Libs\Trade\Jcpublic.class.php ç¬¬ 71 è¡Œ.
NOTIC: [8] Undefined variable: now D:\phpserver\match.boss.com\Web\Libs\Trade\Jcpublic.class.php ç¬¬ 71 è¡Œ.
NOTIC: [8] Undefined variable: now D:\phpserver\match.boss.com\Web\Libs\Trade\Jcpublic.class.php ç¬¬ 71 è¡Œ.
NOTIC: [8] Undefined variable: now D:\phpserver\match.boss.com\Web\Libs\Trade\Jcpublic.class.php ç¬¬ 71 è¡Œ.
NOTIC: [8] Undefined variable: now D:\phpserver\match.boss.com\Web\Libs\Trade\Jcpublic.class.php ç¬¬ 71 è¡Œ.
NOTIC: [8] Undefined variable: now D:\phpserver\match.boss.com\Web\Libs\Trade\Jcpublic.class.php ç¬¬ 71 è¡Œ.
NOTIC: [8] Undefined variable: now D:\phpserver\match.boss.com\Web\Libs\Trade\Jcpublic.class.php ç¬¬ 71 è¡Œ.
NOTIC: [8] Undefined variable: now D:\phpserver\match.boss.com\Web\Libs\Trade\Jcpublic.class.php ç¬¬ 71 è¡Œ.
NOTIC: [8] Undefined variable: now D:\phpserver\match.boss.com\Web\Libs\Trade\Jcpublic.class.php ç¬¬ 71 è¡Œ.
NOTIC: [8] Undefined variable: now D:\phpserver\match.boss.com\Web\Libs\Trade\Jcpublic.class.php ç¬¬ 71 è¡Œ.
NOTIC: [8] Undefined variable: now D:\phpserver\match.boss.com\Web\Libs\Trade\Jcpublic.class.php ç¬¬ 71 è¡Œ.
NOTIC: [8] Undefined variable: now D:\phpserver\match.boss.com\Web\Libs\Trade\Jcpublic.class.php ç¬¬ 71 è¡Œ.

[ 2014-07-31T23:58:14+08:00 ] 127.0.0.1 /Home/Match/getSp.html
INFO: [ app_begin ] --START--
INFO: Run Behavior\ReadHtmlCache [ RunTime:0.000802s ]
INFO: [ app_begin ] --END-- [ RunTime:0.001303s ]
INFO: [ app_end ] --START--
INFO: Run Behavior\ShowPageTrace [ RunTime:0.000801s ]
INFO: [ app_end ] --END-- [ RunTime:0.000922s ]

[ 2014-07-31T23:58:17+08:00 ] 127.0.0.1 /Home/Match/getSp.html
INFO: [ app_begin ] --START--
INFO: Run Behavior\ReadHtmlCache [ RunTime:0.000462s ]
INFO: [ app_begin ] --END-- [ RunTime:0.000896s ]
INFO: [ app_end ] --START--
INFO: Run Behavior\ShowPageTrace [ RunTime:0.000658s ]
INFO: [ app_end ] --END-- [ RunTime:0.000833s ]

[ 2014-07-31T23:58:19+08:00 ] 127.0.0.1 /Home/Match/getSp.html
INFO: [ app_begin ] --START--
INFO: Run Behavior\ReadHtmlCache [ RunTime:0.000584s ]
INFO: [ app_begin ] --END-- [ RunTime:0.000983s ]
INFO: [ app_end ] --START--
INFO: Run Behavior\ShowPageTrace [ RunTime:0.000682s ]
INFO: [ app_end ] --END-- [ RunTime:0.000807s ]

[ 2014-07-31T23:58:20+08:00 ] 127.0.0.1 /Home/Match/getSp.html
INFO: [ app_begin ] --START--
INFO: Run Behavior\ReadHtmlCache [ RunTime:0.000499s ]
INFO: [ app_begin ] --END-- [ RunTime:0.000909s ]
NOTIC: [8] Undefined index: d D:\phpserver\match.boss.com\Web\Home\Controller\MatchController.class.php ç¬¬ 72 è¡Œ.
INFO: [ app_end ] --START--
INFO: Run Behavior\ShowPageTrace [ RunTime:0.000690s ]
INFO: [ app_end ] --END-- [ RunTime:0.000782s ]

[ 2014-07-31T23:58:22+08:00 ] 127.0.0.1 /Home/Match/getSp.html
INFO: [ app_begin ] --START--
INFO: Run Behavior\ReadHtmlCache [ RunTime:0.000500s ]
INFO: [ app_begin ] --END-- [ RunTime:0.000955s ]
INFO: [ app_end ] --START--
INFO: Run Behavior\ShowPageTrace [ RunTime:0.000655s ]
INFO: [ app_end ] --END-- [ RunTime:0.000778s ]

[ 2014-07-31T23:58:25+08:00 ] 127.0.0.1 /Home/Match/getSp.html
INFO: [ app_begin ] --START--
INFO: Run Behavior\ReadHtmlCache [ RunTime:0.000497s ]
INFO: [ app_begin ] --END-- [ RunTime:0.000844s ]
NOTIC: [8] Undefined index: d D:\phpserver\match.boss.com\Web\Home\Controller\MatchController.class.php ç¬¬ 72 è¡Œ.
INFO: [ app_end ] --START--
INFO: Run Behavior\ShowPageTrace [ RunTime:0.000663s ]
INFO: [ app_end ] --END-- [ RunTime:0.000754s ]

[ 2014-07-31T23:58:42+08:00 ] 127.0.0.1 /Home/Match/getSp.html
INFO: [ app_begin ] --START--
INFO: Run Behavior\ReadHtmlCache [ RunTime:0.000517s ]
INFO: [ app_begin ] --END-- [ RunTime:0.001033s ]
INFO: [ app_end ] --START--
INFO: Run Behavior\ShowPageTrace [ RunTime:0.000678s ]
INFO: [ app_end ] --END-- [ RunTime:0.000802s ]

[ 2014-07-31T23:58:55+08:00 ] 127.0.0.1 /Home/Match/getSp.html
INFO: [ app_begin ] --START--
INFO: Run Behavior\ReadHtmlCache [ RunTime:0.000467s ]
INFO: [ app_begin ] --END-- [ RunTime:0.000977s ]
INFO: [ app_end ] --START--
INFO: Run Behavior\ShowPageTrace [ RunTime:0.000727s ]
INFO: [ app_end ] --END-- [ RunTime:0.000852s ]

[ 2014-07-31T23:59:09+08:00 ] 127.0.0.1 /Home/Match/getSp.html
INFO: [ app_begin ] --START--
INFO: Run Behavior\ReadHtmlCache [ RunTime:0.000925s ]
INFO: [ app_begin ] --END-- [ RunTime:0.001311s ]
INFO: [ app_end ] --START--
INFO: Run Behavior\ShowPageTrace [ RunTime:0.000672s ]
INFO: [ app_end ] --END-- [ RunTime:0.000833s ]

[ 2014-07-31T23:59:26+08:00 ] 127.0.0.1 /Home/Match/getSp.html
INFO: [ app_begin ] --START--
INFO: Run Behavior\ReadHtmlCache [ RunTime:0.000592s ]
INFO: [ app_begin ] --END-- [ RunTime:0.000964s ]
NOTIC: [8] Undefined index: d D:\phpserver\match.boss.com\Web\Home\Controller\MatchController.class.php ç¬¬ 73 è¡Œ.
INFO: [ app_end ] --START--
INFO: Run Behavior\ShowPageTrace [ RunTime:0.000663s ]
INFO: [ app_end ] --END-- [ RunTime:0.000756s ]

[ 2014-07-31T23:59:27+08:00 ] 127.0.0.1 /Home/Match/getSp.html
INFO: [ app_begin ] --START--
INFO: Run Behavior\ReadHtmlCache [ RunTime:0.000670s ]
INFO: [ app_begin ] --END-- [ RunTime:0.001055s ]
INFO: [ app_end ] --START--
INFO: Run Behavior\ShowPageTrace [ RunTime:0.000759s ]
INFO: [ app_end ] --END-- [ RunTime:0.000885s ]

