[ 2014-07-03T11:36:05+08:00 ] 192.168.50.4 /
INFO: [ app_begin ] --START--
INFO: Run Behavior\ReadHtmlCache [ RunTime:0.128573s ]
INFO: [ app_begin ] --END-- [ RunTime:0.191473s ]
ERR: 模板不存在:./Web/Home/View/Default/Index/test.html

[ 2014-07-03T11:36:53+08:00 ] 192.168.50.4 /
INFO: [ app_begin ] --START--
INFO: Run Behavior\ReadHtmlCache [ RunTime:0.001301s ]
INFO: [ app_begin ] --END-- [ RunTime:0.002497s ]
INFO: [ view_parse ] --START--
INFO: [ template_filter ] --START--
INFO: Run Behavior\ContentReplace [ RunTime:0.000093s ]
INFO: [ template_filter ] --END-- [ RunTime:0.000310s ]
INFO: Run Behavior\ParseTemplate [ RunTime:0.037725s ]
INFO: [ view_parse ] --END-- [ RunTime:0.037959s ]
INFO: [ view_filter ] --START--
INFO: Run Behavior\WriteHtmlCache [ RunTime:0.001138s ]
INFO: [ view_filter ] --END-- [ RunTime:0.001299s ]
INFO: [ app_end ] --START--
INFO: Run Behavior\ShowPageTrace [ RunTime:0.028558s ]
INFO: [ app_end ] --END-- [ RunTime:0.028801s ]

[ 2014-07-03T11:37:48+08:00 ] 192.168.50.4 /
INFO: [ app_begin ] --START--
INFO: Run Behavior\ReadHtmlCache [ RunTime:0.001021s ]
INFO: [ app_begin ] --END-- [ RunTime:0.002066s ]
INFO: [ view_parse ] --START--
INFO: [ template_filter ] --START--
INFO: Run Behavior\ContentReplace [ RunTime:0.000097s ]
INFO: [ template_filter ] --END-- [ RunTime:0.000267s ]
INFO: Run Behavior\ParseTemplate [ RunTime:0.044943s ]
INFO: [ view_parse ] --END-- [ RunTime:0.045162s ]
INFO: [ view_filter ] --START--
INFO: Run Behavior\WriteHtmlCache [ RunTime:0.000737s ]
INFO: [ view_filter ] --END-- [ RunTime:0.000909s ]
INFO: [ app_end ] --START--
INFO: Run Behavior\ShowPageTrace [ RunTime:0.001209s ]
INFO: [ app_end ] --END-- [ RunTime:0.001379s ]

[ 2014-07-03T11:47:33+08:00 ] 192.168.50.4 /
INFO: [ app_begin ] --START--
INFO: Run Behavior\ReadHtmlCache [ RunTime:0.001597s ]
INFO: [ app_begin ] --END-- [ RunTime:0.002629s ]
INFO: [ view_parse ] --START--
INFO: [ template_filter ] --START--
INFO: Run Behavior\ContentReplace [ RunTime:0.000098s ]
INFO: [ template_filter ] --END-- [ RunTime:0.000274s ]
INFO: Run Behavior\ParseTemplate [ RunTime:0.014279s ]
INFO: [ view_parse ] --END-- [ RunTime:0.014496s ]
INFO: [ view_filter ] --START--
INFO: Run Behavior\WriteHtmlCache [ RunTime:0.001115s ]
INFO: [ view_filter ] --END-- [ RunTime:0.001270s ]
INFO: [ app_end ] --START--
INFO: Run Behavior\ShowPageTrace [ RunTime:0.001473s ]
INFO: [ app_end ] --END-- [ RunTime:0.001656s ]

[ 2014-07-03T11:47:47+08:00 ] 192.168.50.4 /
INFO: [ app_begin ] --START--
INFO: Run Behavior\ReadHtmlCache [ RunTime:0.002459s ]
INFO: [ app_begin ] --END-- [ RunTime:0.003694s ]
INFO: [ view_parse ] --START--
INFO: [ template_filter ] --START--
INFO: Run Behavior\ContentReplace [ RunTime:0.000103s ]
INFO: [ template_filter ] --END-- [ RunTime:0.000295s ]
INFO: Run Behavior\ParseTemplate [ RunTime:0.015032s ]
INFO: [ view_parse ] --END-- [ RunTime:0.015310s ]
INFO: [ view_filter ] --START--
INFO: Run Behavior\WriteHtmlCache [ RunTime:0.001998s ]
INFO: [ view_filter ] --END-- [ RunTime:0.002636s ]
INFO: [ app_end ] --START--
INFO: Run Behavior\ShowPageTrace [ RunTime:0.001484s ]
INFO: [ app_end ] --END-- [ RunTime:0.001670s ]

[ 2014-07-03T11:48:04+08:00 ] 192.168.50.4 /
INFO: [ app_begin ] --START--
INFO: Run Behavior\ReadHtmlCache [ RunTime:0.001583s ]
INFO: [ app_begin ] --END-- [ RunTime:0.002595s ]
INFO: [ view_parse ] --START--
INFO: [ template_filter ] --START--
INFO: Run Behavior\ContentReplace [ RunTime:0.000098s ]
INFO: [ template_filter ] --END-- [ RunTime:0.000271s ]
INFO: Run Behavior\ParseTemplate [ RunTime:0.013587s ]
INFO: [ view_parse ] --END-- [ RunTime:0.013782s ]
INFO: [ view_filter ] --START--
INFO: Run Behavior\WriteHtmlCache [ RunTime:0.001068s ]
INFO: [ view_filter ] --END-- [ RunTime:0.001219s ]
INFO: [ app_end ] --START--
INFO: Run Behavior\ShowPageTrace [ RunTime:0.002240s ]
INFO: [ app_end ] --END-- [ RunTime:0.002421s ]

[ 2014-07-03T11:48:13+08:00 ] 192.168.50.4 /
INFO: [ app_begin ] --START--
INFO: Run Behavior\ReadHtmlCache [ RunTime:0.001309s ]
INFO: [ app_begin ] --END-- [ RunTime:0.002596s ]
INFO: [ view_parse ] --START--
INFO: [ template_filter ] --START--
INFO: Run Behavior\ContentReplace [ RunTime:0.000096s ]
INFO: [ template_filter ] --END-- [ RunTime:0.000266s ]
INFO: Run Behavior\ParseTemplate [ RunTime:0.012450s ]
INFO: [ view_parse ] --END-- [ RunTime:0.012638s ]
INFO: [ view_filter ] --START--
INFO: Run Behavior\WriteHtmlCache [ RunTime:0.000533s ]
INFO: [ view_filter ] --END-- [ RunTime:0.000681s ]
INFO: [ app_end ] --START--
INFO: Run Behavior\ShowPageTrace [ RunTime:0.000902s ]
INFO: [ app_end ] --END-- [ RunTime:0.001067s ]

[ 2014-07-03T11:48:23+08:00 ] 192.168.50.4 /
INFO: [ app_begin ] --START--
INFO: Run Behavior\ReadHtmlCache [ RunTime:0.000838s ]
INFO: [ app_begin ] --END-- [ RunTime:0.001749s ]
INFO: [ view_parse ] --START--
INFO: [ template_filter ] --START--
INFO: Run Behavior\ContentReplace [ RunTime:0.000097s ]
INFO: [ template_filter ] --END-- [ RunTime:0.000269s ]
INFO: Run Behavior\ParseTemplate [ RunTime:0.009434s ]
INFO: [ view_parse ] --END-- [ RunTime:0.009633s ]
INFO: [ view_filter ] --START--
INFO: Run Behavior\WriteHtmlCache [ RunTime:0.000528s ]
INFO: [ view_filter ] --END-- [ RunTime:0.000676s ]
INFO: [ app_end ] --START--
INFO: Run Behavior\ShowPageTrace [ RunTime:0.000800s ]
INFO: [ app_end ] --END-- [ RunTime:0.000955s ]

[ 2014-07-03T11:48:29+08:00 ] 192.168.50.4 /
INFO: [ app_begin ] --START--
INFO: Run Behavior\ReadHtmlCache [ RunTime:0.000873s ]
INFO: [ app_begin ] --END-- [ RunTime:0.001709s ]
INFO: [ view_parse ] --START--
INFO: [ template_filter ] --START--
INFO: Run Behavior\ContentReplace [ RunTime:0.000099s ]
INFO: [ template_filter ] --END-- [ RunTime:0.000282s ]
INFO: Run Behavior\ParseTemplate [ RunTime:0.012413s ]
INFO: [ view_parse ] --END-- [ RunTime:0.012652s ]
INFO: [ view_filter ] --START--
INFO: Run Behavior\WriteHtmlCache [ RunTime:0.000735s ]
INFO: [ view_filter ] --END-- [ RunTime:0.002263s ]
INFO: [ app_end ] --START--
INFO: Run Behavior\ShowPageTrace [ RunTime:0.001174s ]
INFO: [ app_end ] --END-- [ RunTime:0.001346s ]

[ 2014-07-03T11:48:34+08:00 ] 192.168.50.4 /
INFO: [ app_begin ] --START--
INFO: Run Behavior\ReadHtmlCache [ RunTime:0.001040s ]
INFO: [ app_begin ] --END-- [ RunTime:0.002004s ]
INFO: [ view_parse ] --START--
INFO: [ template_filter ] --START--
INFO: Run Behavior\ContentReplace [ RunTime:0.000097s ]
INFO: [ template_filter ] --END-- [ RunTime:0.000290s ]
INFO: Run Behavior\ParseTemplate [ RunTime:0.015038s ]
INFO: [ view_parse ] --END-- [ RunTime:0.015292s ]
INFO: [ view_filter ] --START--
INFO: Run Behavior\WriteHtmlCache [ RunTime:0.000816s ]
INFO: [ view_filter ] --END-- [ RunTime:0.001002s ]
INFO: [ app_end ] --START--
INFO: Run Behavior\ShowPageTrace [ RunTime:0.001331s ]
INFO: [ app_end ] --END-- [ RunTime:0.001524s ]

[ 2014-07-03T11:54:55+08:00 ] 192.168.50.4 /
INFO: [ app_begin ] --START--
INFO: Run Behavior\ReadHtmlCache [ RunTime:0.001660s ]
INFO: [ app_begin ] --END-- [ RunTime:0.002723s ]
INFO: [ view_parse ] --START--
INFO: [ template_filter ] --START--
INFO: Run Behavior\ContentReplace [ RunTime:0.000104s ]
INFO: [ template_filter ] --END-- [ RunTime:0.000318s ]
INFO: Run Behavior\ParseTemplate [ RunTime:0.015583s ]
INFO: [ view_parse ] --END-- [ RunTime:0.015896s ]
INFO: [ view_filter ] --START--
INFO: Run Behavior\WriteHtmlCache [ RunTime:0.001195s ]
INFO: [ view_filter ] --END-- [ RunTime:0.001362s ]
INFO: [ app_end ] --START--
INFO: Run Behavior\ShowPageTrace [ RunTime:0.001385s ]
INFO: [ app_end ] --END-- [ RunTime:0.001548s ]

[ 2014-07-03T11:55:44+08:00 ] 192.168.50.4 /
INFO: [ app_begin ] --START--
INFO: Run Behavior\ReadHtmlCache [ RunTime:0.002198s ]
INFO: [ app_begin ] --END-- [ RunTime:0.003876s ]
INFO: [ view_parse ] --START--
INFO: [ template_filter ] --START--
INFO: Run Behavior\ContentReplace [ RunTime:0.000101s ]
INFO: [ template_filter ] --END-- [ RunTime:0.000290s ]
INFO: Run Behavior\ParseTemplate [ RunTime:0.015369s ]
INFO: [ view_parse ] --END-- [ RunTime:0.015611s ]
INFO: [ view_filter ] --START--
INFO: Run Behavior\WriteHtmlCache [ RunTime:0.001241s ]
INFO: [ view_filter ] --END-- [ RunTime:0.001410s ]
INFO: [ app_end ] --START--
INFO: Run Behavior\ShowPageTrace [ RunTime:0.002573s ]
INFO: [ app_end ] --END-- [ RunTime:0.002764s ]

[ 2014-07-03T11:57:01+08:00 ] 192.168.50.4 /
INFO: [ app_begin ] --START--
INFO: Run Behavior\ReadHtmlCache [ RunTime:0.001871s ]
INFO: [ app_begin ] --END-- [ RunTime:0.002942s ]
INFO: [ view_parse ] --START--
INFO: [ template_filter ] --START--
INFO: Run Behavior\ContentReplace [ RunTime:0.000199s ]
INFO: [ template_filter ] --END-- [ RunTime:0.000389s ]
INFO: Run Behavior\ParseTemplate [ RunTime:0.015306s ]
INFO: [ view_parse ] --END-- [ RunTime:0.015561s ]
INFO: [ view_filter ] --START--
INFO: Run Behavior\WriteHtmlCache [ RunTime:0.001427s ]
INFO: [ view_filter ] --END-- [ RunTime:0.001626s ]
INFO: [ app_end ] --START--
INFO: Run Behavior\ShowPageTrace [ RunTime:0.001779s ]
INFO: [ app_end ] --END-- [ RunTime:0.001972s ]

[ 2014-07-03T11:57:23+08:00 ] 192.168.50.4 /
INFO: [ app_begin ] --START--
INFO: Run Behavior\ReadHtmlCache [ RunTime:0.001908s ]
INFO: [ app_begin ] --END-- [ RunTime:0.003091s ]
INFO: [ view_parse ] --START--
INFO: [ template_filter ] --START--
INFO: Run Behavior\ContentReplace [ RunTime:0.000099s ]
INFO: [ template_filter ] --END-- [ RunTime:0.000275s ]
INFO: Run Behavior\ParseTemplate [ RunTime:0.014282s ]
INFO: [ view_parse ] --END-- [ RunTime:0.014510s ]
INFO: [ view_filter ] --START--
INFO: Run Behavior\WriteHtmlCache [ RunTime:0.001193s ]
INFO: [ view_filter ] --END-- [ RunTime:0.001354s ]
INFO: [ app_end ] --START--
INFO: Run Behavior\ShowPageTrace [ RunTime:0.001492s ]
INFO: [ app_end ] --END-- [ RunTime:0.001680s ]

[ 2014-07-03T11:57:35+08:00 ] 192.168.50.4 /
INFO: [ app_begin ] --START--
INFO: Run Behavior\ReadHtmlCache [ RunTime:0.001148s ]
INFO: [ app_begin ] --END-- [ RunTime:0.002100s ]
INFO: [ view_parse ] --START--
INFO: [ template_filter ] --START--
INFO: Run Behavior\ContentReplace [ RunTime:0.000104s ]
INFO: [ template_filter ] --END-- [ RunTime:0.000291s ]
INFO: Run Behavior\ParseTemplate [ RunTime:0.012291s ]
INFO: [ view_parse ] --END-- [ RunTime:0.012571s ]
INFO: [ view_filter ] --START--
INFO: Run Behavior\WriteHtmlCache [ RunTime:0.000706s ]
INFO: [ view_filter ] --END-- [ RunTime:0.000904s ]
INFO: [ app_end ] --START--
INFO: Run Behavior\ShowPageTrace [ RunTime:0.001338s ]
INFO: [ app_end ] --END-- [ RunTime:0.001603s ]

[ 2014-07-03T11:58:04+08:00 ] 192.168.50.4 /
INFO: [ app_begin ] --START--
INFO: Run Behavior\ReadHtmlCache [ RunTime:0.000830s ]
INFO: [ app_begin ] --END-- [ RunTime:0.001586s ]
INFO: [ view_parse ] --START--
INFO: [ template_filter ] --START--
INFO: Run Behavior\ContentReplace [ RunTime:0.000106s ]
INFO: [ template_filter ] --END-- [ RunTime:0.000296s ]
INFO: Run Behavior\ParseTemplate [ RunTime:0.014751s ]
INFO: [ view_parse ] --END-- [ RunTime:0.014967s ]
INFO: [ view_filter ] --START--
INFO: Run Behavior\WriteHtmlCache [ RunTime:0.000596s ]
INFO: [ view_filter ] --END-- [ RunTime:0.000761s ]
INFO: [ app_end ] --START--
INFO: Run Behavior\ShowPageTrace [ RunTime:0.001087s ]
INFO: [ app_end ] --END-- [ RunTime:0.001284s ]

[ 2014-07-03T11:58:17+08:00 ] 192.168.50.4 /
INFO: [ app_begin ] --START--
INFO: Run Behavior\ReadHtmlCache [ RunTime:0.000853s ]
INFO: [ app_begin ] --END-- [ RunTime:0.001616s ]
INFO: [ view_parse ] --START--
INFO: [ template_filter ] --START--
INFO: Run Behavior\ContentReplace [ RunTime:0.000100s ]
INFO: [ template_filter ] --END-- [ RunTime:0.000286s ]
INFO: Run Behavior\ParseTemplate [ RunTime:0.009632s ]
INFO: [ view_parse ] --END-- [ RunTime:0.009836s ]
INFO: [ view_filter ] --START--
INFO: Run Behavior\WriteHtmlCache [ RunTime:0.000629s ]
INFO: [ view_filter ] --END-- [ RunTime:0.000789s ]
INFO: [ app_end ] --START--
INFO: Run Behavior\ShowPageTrace [ RunTime:0.002460s ]
INFO: [ app_end ] --END-- [ RunTime:0.002662s ]

[ 2014-07-03T12:03:40+08:00 ] 192.168.50.4 /
INFO: [ app_begin ] --START--
INFO: Run Behavior\ReadHtmlCache [ RunTime:0.001959s ]
INFO: [ app_begin ] --END-- [ RunTime:0.003049s ]
INFO: [ view_parse ] --START--
INFO: [ template_filter ] --START--
INFO: Run Behavior\ContentReplace [ RunTime:0.000108s ]
INFO: [ template_filter ] --END-- [ RunTime:0.000294s ]
INFO: Run Behavior\ParseTemplate [ RunTime:0.015115s ]
INFO: [ view_parse ] --END-- [ RunTime:0.015332s ]
INFO: [ view_filter ] --START--
INFO: Run Behavior\WriteHtmlCache [ RunTime:0.001181s ]
INFO: [ view_filter ] --END-- [ RunTime:0.001345s ]
INFO: [ app_end ] --START--
INFO: Run Behavior\ShowPageTrace [ RunTime:0.001486s ]
INFO: [ app_end ] --END-- [ RunTime:0.001666s ]

[ 2014-07-03T12:03:54+08:00 ] 192.168.50.4 /
INFO: [ app_begin ] --START--
INFO: Run Behavior\ReadHtmlCache [ RunTime:0.001693s ]
INFO: [ app_begin ] --END-- [ RunTime:0.002731s ]
INFO: [ view_parse ] --START--
INFO: [ template_filter ] --START--
INFO: Run Behavior\ContentReplace [ RunTime:0.000111s ]
INFO: [ template_filter ] --END-- [ RunTime:0.000327s ]
INFO: Run Behavior\ParseTemplate [ RunTime:0.054741s ]
INFO: [ view_parse ] --END-- [ RunTime:0.055039s ]
INFO: [ view_filter ] --START--
INFO: Run Behavior\WriteHtmlCache [ RunTime:0.001195s ]
INFO: [ view_filter ] --END-- [ RunTime:0.001350s ]
INFO: [ app_end ] --START--
INFO: Run Behavior\ShowPageTrace [ RunTime:0.001404s ]
INFO: [ app_end ] --END-- [ RunTime:0.001568s ]

[ 2014-07-03T12:18:17+08:00 ] 192.168.50.4 /
INFO: [ app_begin ] --START--
INFO: Run Behavior\ReadHtmlCache [ RunTime:0.004849s ]
INFO: [ app_begin ] --END-- [ RunTime:0.006018s ]
INFO: [ view_parse ] --START--
INFO: [ template_filter ] --START--
INFO: Run Behavior\ContentReplace [ RunTime:0.000168s ]
INFO: [ template_filter ] --END-- [ RunTime:0.001455s ]
INFO: Run Behavior\ParseTemplate [ RunTime:0.016923s ]
INFO: [ view_parse ] --END-- [ RunTime:0.017238s ]
INFO: [ view_filter ] --START--
INFO: Run Behavior\WriteHtmlCache [ RunTime:0.001842s ]
INFO: [ view_filter ] --END-- [ RunTime:0.002842s ]
INFO: [ app_end ] --START--
INFO: Run Behavior\ShowPageTrace [ RunTime:0.001678s ]
INFO: [ app_end ] --END-- [ RunTime:0.001868s ]

[ 2014-07-03T12:18:33+08:00 ] 192.168.50.4 /
INFO: [ app_begin ] --START--
INFO: Run Behavior\ReadHtmlCache [ RunTime:0.001679s ]
INFO: [ app_begin ] --END-- [ RunTime:0.002728s ]
INFO: [ view_parse ] --START--
INFO: [ template_filter ] --START--
INFO: Run Behavior\ContentReplace [ RunTime:0.000102s ]
INFO: [ template_filter ] --END-- [ RunTime:0.000285s ]
INFO: Run Behavior\ParseTemplate [ RunTime:0.012873s ]
INFO: [ view_parse ] --END-- [ RunTime:0.013068s ]
INFO: [ view_filter ] --START--
INFO: Run Behavior\WriteHtmlCache [ RunTime:0.001064s ]
INFO: [ view_filter ] --END-- [ RunTime:0.001212s ]
INFO: [ app_end ] --START--
INFO: Run Behavior\ShowPageTrace [ RunTime:0.001380s ]
INFO: [ app_end ] --END-- [ RunTime:0.001542s ]

[ 2014-07-03T12:19:35+08:00 ] 192.168.50.4 /
INFO: [ app_begin ] --START--
INFO: Run Behavior\ReadHtmlCache [ RunTime:0.001761s ]
INFO: [ app_begin ] --END-- [ RunTime:0.003183s ]
INFO: [ view_parse ] --START--
INFO: [ template_filter ] --START--
INFO: Run Behavior\ContentReplace [ RunTime:0.000107s ]
INFO: [ template_filter ] --END-- [ RunTime:0.000484s ]
INFO: Run Behavior\ParseTemplate [ RunTime:0.018588s ]
INFO: [ view_parse ] --END-- [ RunTime:0.019210s ]
INFO: [ view_filter ] --START--
INFO: Run Behavior\WriteHtmlCache [ RunTime:0.001369s ]
INFO: [ view_filter ] --END-- [ RunTime:0.001544s ]
INFO: [ app_end ] --START--
INFO: Run Behavior\ShowPageTrace [ RunTime:0.001833s ]
INFO: [ app_end ] --END-- [ RunTime:0.002090s ]

[ 2014-07-03T12:21:02+08:00 ] 192.168.50.4 /
INFO: [ app_begin ] --START--
INFO: Run Behavior\ReadHtmlCache [ RunTime:0.003752s ]
INFO: [ app_begin ] --END-- [ RunTime:0.006713s ]
INFO: [ view_parse ] --START--
INFO: [ template_filter ] --START--
INFO: Run Behavior\ContentReplace [ RunTime:0.000103s ]
INFO: [ template_filter ] --END-- [ RunTime:0.000286s ]
INFO: Run Behavior\ParseTemplate [ RunTime:0.013194s ]
INFO: [ view_parse ] --END-- [ RunTime:0.013397s ]
INFO: [ view_filter ] --START--
INFO: Run Behavior\WriteHtmlCache [ RunTime:0.001146s ]
INFO: [ view_filter ] --END-- [ RunTime:0.001298s ]
INFO: [ app_end ] --START--
INFO: Run Behavior\ShowPageTrace [ RunTime:0.001385s ]
INFO: [ app_end ] --END-- [ RunTime:0.001543s ]

[ 2014-07-03T12:21:57+08:00 ] 192.168.50.4 /
INFO: [ app_begin ] --START--
INFO: Run Behavior\ReadHtmlCache [ RunTime:0.008634s ]
INFO: [ app_begin ] --END-- [ RunTime:0.009991s ]
INFO: [ view_parse ] --START--
INFO: [ template_filter ] --START--
INFO: Run Behavior\ContentReplace [ RunTime:0.000108s ]
INFO: [ template_filter ] --END-- [ RunTime:0.000299s ]
INFO: Run Behavior\ParseTemplate [ RunTime:0.017559s ]
INFO: [ view_parse ] --END-- [ RunTime:0.017786s ]
INFO: [ view_filter ] --START--
INFO: Run Behavior\WriteHtmlCache [ RunTime:0.001152s ]
INFO: [ view_filter ] --END-- [ RunTime:0.001309s ]
INFO: [ app_end ] --START--
INFO: Run Behavior\ShowPageTrace [ RunTime:0.001383s ]
INFO: [ app_end ] --END-- [ RunTime:0.001549s ]

[ 2014-07-03T12:23:40+08:00 ] 192.168.50.4 /
INFO: [ app_begin ] --START--
INFO: Run Behavior\ReadHtmlCache [ RunTime:0.003237s ]
INFO: [ app_begin ] --END-- [ RunTime:0.005505s ]
INFO: [ view_parse ] --START--
INFO: [ template_filter ] --START--
INFO: Run Behavior\ContentReplace [ RunTime:0.000100s ]
INFO: [ template_filter ] --END-- [ RunTime:0.000276s ]
INFO: Run Behavior\ParseTemplate [ RunTime:0.013331s ]
INFO: [ view_parse ] --END-- [ RunTime:0.013584s ]
INFO: [ view_filter ] --START--
INFO: Run Behavior\WriteHtmlCache [ RunTime:0.001097s ]
INFO: [ view_filter ] --END-- [ RunTime:0.001250s ]
INFO: [ app_end ] --START--
INFO: Run Behavior\ShowPageTrace [ RunTime:0.001412s ]
INFO: [ app_end ] --END-- [ RunTime:0.001583s ]

[ 2014-07-03T12:29:02+08:00 ] 192.168.50.4 /
INFO: [ app_begin ] --START--
INFO: Run Behavior\ReadHtmlCache [ RunTime:0.001646s ]
INFO: [ app_begin ] --END-- [ RunTime:0.002679s ]
INFO: [ view_parse ] --START--
INFO: [ template_filter ] --START--
INFO: Run Behavior\ContentReplace [ RunTime:0.000136s ]
INFO: [ template_filter ] --END-- [ RunTime:0.000352s ]
INFO: Run Behavior\ParseTemplate [ RunTime:0.017452s ]
INFO: [ view_parse ] --END-- [ RunTime:0.017686s ]
INFO: [ view_filter ] --START--
INFO: Run Behavior\WriteHtmlCache [ RunTime:0.001262s ]
INFO: [ view_filter ] --END-- [ RunTime:0.001456s ]
INFO: [ app_end ] --START--
INFO: Run Behavior\ShowPageTrace [ RunTime:0.001911s ]
INFO: [ app_end ] --END-- [ RunTime:0.002096s ]

[ 2014-07-03T12:29:18+08:00 ] 192.168.50.4 /
INFO: [ app_begin ] --START--
INFO: Run Behavior\ReadHtmlCache [ RunTime:0.001578s ]
INFO: [ app_begin ] --END-- [ RunTime:0.002545s ]
INFO: [ view_parse ] --START--
INFO: [ template_filter ] --START--
INFO: Run Behavior\ContentReplace [ RunTime:0.000111s ]
INFO: [ template_filter ] --END-- [ RunTime:0.000307s ]
INFO: Run Behavior\ParseTemplate [ RunTime:0.018040s ]
INFO: [ view_parse ] --END-- [ RunTime:0.018266s ]
INFO: [ view_filter ] --START--
INFO: Run Behavior\WriteHtmlCache [ RunTime:0.001325s ]
INFO: [ view_filter ] --END-- [ RunTime:0.001488s ]
INFO: [ app_end ] --START--
INFO: Run Behavior\ShowPageTrace [ RunTime:0.001441s ]
INFO: [ app_end ] --END-- [ RunTime:0.001637s ]

[ 2014-07-03T12:29:27+08:00 ] 192.168.50.4 /
INFO: [ app_begin ] --START--
INFO: Run Behavior\ReadHtmlCache [ RunTime:0.002028s ]
INFO: [ app_begin ] --END-- [ RunTime:0.003290s ]
INFO: [ view_parse ] --START--
INFO: [ template_filter ] --START--
INFO: Run Behavior\ContentReplace [ RunTime:0.000112s ]
INFO: [ template_filter ] --END-- [ RunTime:0.000297s ]
INFO: Run Behavior\ParseTemplate [ RunTime:0.015143s ]
INFO: [ view_parse ] --END-- [ RunTime:0.015481s ]
INFO: [ view_filter ] --START--
INFO: Run Behavior\WriteHtmlCache [ RunTime:0.001663s ]
INFO: [ view_filter ] --END-- [ RunTime:0.001837s ]
INFO: [ app_end ] --START--
INFO: Run Behavior\ShowPageTrace [ RunTime:0.002295s ]
INFO: [ app_end ] --END-- [ RunTime:0.002480s ]

[ 2014-07-03T12:29:37+08:00 ] 192.168.50.4 /
INFO: [ app_begin ] --START--
INFO: Run Behavior\ReadHtmlCache [ RunTime:0.001204s ]
INFO: [ app_begin ] --END-- [ RunTime:0.002229s ]
INFO: [ view_parse ] --START--
INFO: [ template_filter ] --START--
INFO: Run Behavior\ContentReplace [ RunTime:0.000104s ]
INFO: [ template_filter ] --END-- [ RunTime:0.000276s ]
INFO: Run Behavior\ParseTemplate [ RunTime:0.009586s ]
INFO: [ view_parse ] --END-- [ RunTime:0.009776s ]
INFO: [ view_filter ] --START--
INFO: Run Behavior\WriteHtmlCache [ RunTime:0.000524s ]
INFO: [ view_filter ] --END-- [ RunTime:0.000674s ]
INFO: [ app_end ] --START--
INFO: Run Behavior\ShowPageTrace [ RunTime:0.000985s ]
INFO: [ app_end ] --END-- [ RunTime:0.001170s ]

[ 2014-07-03T12:29:47+08:00 ] 192.168.50.4 /
INFO: [ app_begin ] --START--
INFO: Run Behavior\ReadHtmlCache [ RunTime:0.001581s ]
INFO: [ app_begin ] --END-- [ RunTime:0.002584s ]
INFO: [ view_parse ] --START--
INFO: [ template_filter ] --START--
INFO: Run Behavior\ContentReplace [ RunTime:0.000105s ]
INFO: [ template_filter ] --END-- [ RunTime:0.000279s ]
INFO: Run Behavior\ParseTemplate [ RunTime:0.013679s ]
INFO: [ view_parse ] --END-- [ RunTime:0.013898s ]
INFO: [ view_filter ] --START--
INFO: Run Behavior\WriteHtmlCache [ RunTime:0.001478s ]
INFO: [ view_filter ] --END-- [ RunTime:0.001654s ]
INFO: [ app_end ] --START--
INFO: Run Behavior\ShowPageTrace [ RunTime:0.002954s ]
INFO: [ app_end ] --END-- [ RunTime:0.003148s ]

[ 2014-07-03T12:30:28+08:00 ] 192.168.50.4 /
INFO: [ app_begin ] --START--
INFO: Run Behavior\ReadHtmlCache [ RunTime:0.001818s ]
INFO: [ app_begin ] --END-- [ RunTime:0.002973s ]
INFO: [ view_parse ] --START--
INFO: [ template_filter ] --START--
INFO: Run Behavior\ContentReplace [ RunTime:0.000116s ]
INFO: [ template_filter ] --END-- [ RunTime:0.000316s ]
INFO: Run Behavior\ParseTemplate [ RunTime:0.014409s ]
INFO: [ view_parse ] --END-- [ RunTime:0.014631s ]
INFO: [ view_filter ] --START--
INFO: Run Behavior\WriteHtmlCache [ RunTime:0.001183s ]
INFO: [ view_filter ] --END-- [ RunTime:0.001349s ]
INFO: [ app_end ] --START--
INFO: Run Behavior\ShowPageTrace [ RunTime:0.001473s ]
INFO: [ app_end ] --END-- [ RunTime:0.001669s ]

[ 2014-07-03T12:30:36+08:00 ] 192.168.50.4 /
INFO: [ app_begin ] --START--
INFO: Run Behavior\ReadHtmlCache [ RunTime:0.000925s ]
INFO: [ app_begin ] --END-- [ RunTime:0.001778s ]
INFO: [ view_parse ] --START--
INFO: [ template_filter ] --START--
INFO: Run Behavior\ContentReplace [ RunTime:0.000105s ]
INFO: [ template_filter ] --END-- [ RunTime:0.000281s ]
INFO: Run Behavior\ParseTemplate [ RunTime:0.009350s ]
INFO: [ view_parse ] --END-- [ RunTime:0.009871s ]
INFO: [ view_filter ] --START--
INFO: Run Behavior\WriteHtmlCache [ RunTime:0.000542s ]
INFO: [ view_filter ] --END-- [ RunTime:0.000693s ]
INFO: [ app_end ] --START--
INFO: Run Behavior\ShowPageTrace [ RunTime:0.000826s ]
INFO: [ app_end ] --END-- [ RunTime:0.000983s ]

[ 2014-07-03T12:30:43+08:00 ] 192.168.50.4 /
INFO: [ app_begin ] --START--
INFO: Run Behavior\ReadHtmlCache [ RunTime:0.001049s ]
INFO: [ app_begin ] --END-- [ RunTime:0.001986s ]
INFO: [ view_parse ] --START--
INFO: [ template_filter ] --START--
INFO: Run Behavior\ContentReplace [ RunTime:0.000104s ]
INFO: [ template_filter ] --END-- [ RunTime:0.000278s ]
INFO: Run Behavior\ParseTemplate [ RunTime:0.009779s ]
INFO: [ view_parse ] --END-- [ RunTime:0.009965s ]
INFO: [ view_filter ] --START--
INFO: Run Behavior\WriteHtmlCache [ RunTime:0.002374s ]
INFO: [ view_filter ] --END-- [ RunTime:0.002560s ]
INFO: [ app_end ] --START--
INFO: Run Behavior\ShowPageTrace [ RunTime:0.001076s ]
INFO: [ app_end ] --END-- [ RunTime:0.001244s ]

[ 2014-07-03T12:30:52+08:00 ] 192.168.50.4 /
INFO: [ app_begin ] --START--
INFO: Run Behavior\ReadHtmlCache [ RunTime:0.001924s ]
INFO: [ app_begin ] --END-- [ RunTime:0.003291s ]
INFO: [ view_parse ] --START--
INFO: [ template_filter ] --START--
INFO: Run Behavior\ContentReplace [ RunTime:0.000109s ]
INFO: [ template_filter ] --END-- [ RunTime:0.000294s ]
INFO: Run Behavior\ParseTemplate [ RunTime:0.010298s ]
INFO: [ view_parse ] --END-- [ RunTime:0.010522s ]
INFO: [ view_filter ] --START--
INFO: Run Behavior\WriteHtmlCache [ RunTime:0.000875s ]
INFO: [ view_filter ] --END-- [ RunTime:0.001048s ]
INFO: [ app_end ] --START--
INFO: Run Behavior\ShowPageTrace [ RunTime:0.001187s ]
INFO: [ app_end ] --END-- [ RunTime:0.001375s ]

[ 2014-07-03T12:31:01+08:00 ] 192.168.50.4 /
INFO: [ app_begin ] --START--
INFO: Run Behavior\ReadHtmlCache [ RunTime:0.001082s ]
INFO: [ app_begin ] --END-- [ RunTime:0.001997s ]
INFO: [ view_parse ] --START--
INFO: [ template_filter ] --START--
INFO: Run Behavior\ContentReplace [ RunTime:0.000113s ]
INFO: [ template_filter ] --END-- [ RunTime:0.000313s ]
INFO: Run Behavior\ParseTemplate [ RunTime:0.009527s ]
INFO: [ view_parse ] --END-- [ RunTime:0.009739s ]
INFO: [ view_filter ] --START--
INFO: Run Behavior\WriteHtmlCache [ RunTime:0.000701s ]
INFO: [ view_filter ] --END-- [ RunTime:0.000864s ]
INFO: [ app_end ] --START--
INFO: Run Behavior\ShowPageTrace [ RunTime:0.001313s ]
INFO: [ app_end ] --END-- [ RunTime:0.001503s ]

[ 2014-07-03T12:31:25+08:00 ] 192.168.50.4 /
INFO: [ app_begin ] --START--
INFO: Run Behavior\ReadHtmlCache [ RunTime:0.001881s ]
INFO: [ app_begin ] --END-- [ RunTime:0.002888s ]
INFO: [ view_parse ] --START--
INFO: [ template_filter ] --START--
INFO: Run Behavior\ContentReplace [ RunTime:0.000106s ]
INFO: [ template_filter ] --END-- [ RunTime:0.000296s ]
INFO: Run Behavior\ParseTemplate [ RunTime:0.017479s ]
INFO: [ view_parse ] --END-- [ RunTime:0.017730s ]
INFO: [ view_filter ] --START--
INFO: Run Behavior\WriteHtmlCache [ RunTime:0.001319s ]
INFO: [ view_filter ] --END-- [ RunTime:0.001568s ]
INFO: [ app_end ] --START--
INFO: Run Behavior\ShowPageTrace [ RunTime:0.001388s ]
INFO: [ app_end ] --END-- [ RunTime:0.001547s ]

[ 2014-07-03T12:31:35+08:00 ] 192.168.50.4 /
INFO: [ app_begin ] --START--
INFO: Run Behavior\ReadHtmlCache [ RunTime:0.002001s ]
INFO: [ app_begin ] --END-- [ RunTime:0.003580s ]
INFO: [ view_parse ] --START--
INFO: [ template_filter ] --START--
INFO: Run Behavior\ContentReplace [ RunTime:0.000148s ]
INFO: [ template_filter ] --END-- [ RunTime:0.000522s ]
INFO: Run Behavior\ParseTemplate [ RunTime:0.021778s ]
INFO: [ view_parse ] --END-- [ RunTime:0.022052s ]
INFO: [ view_filter ] --START--
INFO: Run Behavior\WriteHtmlCache [ RunTime:0.001300s ]
INFO: [ view_filter ] --END-- [ RunTime:0.001462s ]
INFO: [ app_end ] --START--
INFO: Run Behavior\ShowPageTrace [ RunTime:0.001511s ]
INFO: [ app_end ] --END-- [ RunTime:0.001690s ]

[ 2014-07-03T12:31:40+08:00 ] 192.168.50.4 /
INFO: [ app_begin ] --START--
INFO: Run Behavior\ReadHtmlCache [ RunTime:0.001117s ]
INFO: [ app_begin ] --END-- [ RunTime:0.005728s ]
INFO: [ view_parse ] --START--
INFO: [ template_filter ] --START--
INFO: Run Behavior\ContentReplace [ RunTime:0.000108s ]
INFO: [ template_filter ] --END-- [ RunTime:0.000299s ]
INFO: Run Behavior\ParseTemplate [ RunTime:0.014802s ]
INFO: [ view_parse ] --END-- [ RunTime:0.015032s ]
INFO: [ view_filter ] --START--
INFO: Run Behavior\WriteHtmlCache [ RunTime:0.000773s ]
INFO: [ view_filter ] --END-- [ RunTime:0.000941s ]
INFO: [ app_end ] --START--
INFO: Run Behavior\ShowPageTrace [ RunTime:0.001080s ]
INFO: [ app_end ] --END-- [ RunTime:0.001261s ]

[ 2014-07-03T12:32:05+08:00 ] 192.168.50.4 /
INFO: [ app_begin ] --START--
INFO: Run Behavior\ReadHtmlCache [ RunTime:0.012051s ]
INFO: [ app_begin ] --END-- [ RunTime:0.033070s ]
INFO: [ view_parse ] --START--
INFO: [ template_filter ] --START--
INFO: Run Behavior\ContentReplace [ RunTime:0.000120s ]
INFO: [ template_filter ] --END-- [ RunTime:0.000360s ]
INFO: Run Behavior\ParseTemplate [ RunTime:0.011986s ]
INFO: [ view_parse ] --END-- [ RunTime:0.012219s ]
INFO: [ view_filter ] --START--
INFO: Run Behavior\WriteHtmlCache [ RunTime:0.000774s ]
INFO: [ view_filter ] --END-- [ RunTime:0.000937s ]
INFO: [ app_end ] --START--
INFO: Run Behavior\ShowPageTrace [ RunTime:0.001039s ]
INFO: [ app_end ] --END-- [ RunTime:0.001225s ]

[ 2014-07-03T12:32:19+08:00 ] 192.168.50.4 /
INFO: [ app_begin ] --START--
INFO: Run Behavior\ReadHtmlCache [ RunTime:0.001342s ]
INFO: [ app_begin ] --END-- [ RunTime:0.002402s ]
INFO: [ view_parse ] --START--
INFO: [ template_filter ] --START--
INFO: Run Behavior\ContentReplace [ RunTime:0.000105s ]
INFO: [ template_filter ] --END-- [ RunTime:0.000332s ]
INFO: Run Behavior\ParseTemplate [ RunTime:0.010594s ]
INFO: [ view_parse ] --END-- [ RunTime:0.010811s ]
INFO: [ view_filter ] --START--
INFO: Run Behavior\WriteHtmlCache [ RunTime:0.000741s ]
INFO: [ view_filter ] --END-- [ RunTime:0.000909s ]
INFO: [ app_end ] --START--
INFO: Run Behavior\ShowPageTrace [ RunTime:0.001091s ]
INFO: [ app_end ] --END-- [ RunTime:0.001280s ]

[ 2014-07-03T12:32:29+08:00 ] 192.168.50.4 /
INFO: [ app_begin ] --START--
INFO: Run Behavior\ReadHtmlCache [ RunTime:0.001741s ]
INFO: [ app_begin ] --END-- [ RunTime:0.002853s ]
INFO: [ view_parse ] --START--
INFO: [ template_filter ] --START--
INFO: Run Behavior\ContentReplace [ RunTime:0.000103s ]
INFO: [ template_filter ] --END-- [ RunTime:0.000278s ]
INFO: Run Behavior\ParseTemplate [ RunTime:0.013970s ]
INFO: [ view_parse ] --END-- [ RunTime:0.014161s ]
INFO: [ view_filter ] --START--
INFO: Run Behavior\WriteHtmlCache [ RunTime:0.001116s ]
INFO: [ view_filter ] --END-- [ RunTime:0.001271s ]
INFO: [ app_end ] --START--
INFO: Run Behavior\ShowPageTrace [ RunTime:0.001450s ]
INFO: [ app_end ] --END-- [ RunTime:0.001625s ]

[ 2014-07-03T12:32:50+08:00 ] 192.168.50.4 /
INFO: [ app_begin ] --START--
INFO: Run Behavior\ReadHtmlCache [ RunTime:0.000944s ]
INFO: [ app_begin ] --END-- [ RunTime:0.001814s ]
INFO: [ view_parse ] --START--
INFO: [ template_filter ] --START--
INFO: Run Behavior\ContentReplace [ RunTime:0.000104s ]
INFO: [ template_filter ] --END-- [ RunTime:0.000285s ]
INFO: Run Behavior\ParseTemplate [ RunTime:0.011249s ]
INFO: [ view_parse ] --END-- [ RunTime:0.011447s ]
INFO: [ view_filter ] --START--
INFO: Run Behavior\WriteHtmlCache [ RunTime:0.000583s ]
INFO: [ view_filter ] --END-- [ RunTime:0.000738s ]
INFO: [ app_end ] --START--
INFO: Run Behavior\ShowPageTrace [ RunTime:0.000851s ]
INFO: [ app_end ] --END-- [ RunTime:0.001026s ]

[ 2014-07-03T12:33:01+08:00 ] 192.168.50.4 /
INFO: [ app_begin ] --START--
INFO: Run Behavior\ReadHtmlCache [ RunTime:0.001140s ]
INFO: [ app_begin ] --END-- [ RunTime:0.002417s ]
INFO: [ view_parse ] --START--
INFO: [ template_filter ] --START--
INFO: Run Behavior\ContentReplace [ RunTime:0.000102s ]
INFO: [ template_filter ] --END-- [ RunTime:0.000275s ]
INFO: Run Behavior\ParseTemplate [ RunTime:0.010094s ]
INFO: [ view_parse ] --END-- [ RunTime:0.010288s ]
INFO: [ view_filter ] --START--
INFO: Run Behavior\WriteHtmlCache [ RunTime:0.000737s ]
INFO: [ view_filter ] --END-- [ RunTime:0.000955s ]
INFO: [ app_end ] --START--
INFO: Run Behavior\ShowPageTrace [ RunTime:0.001099s ]
INFO: [ app_end ] --END-- [ RunTime:0.001282s ]

[ 2014-07-03T12:33:06+08:00 ] 192.168.50.4 /
INFO: [ app_begin ] --START--
INFO: Run Behavior\ReadHtmlCache [ RunTime:0.001083s ]
INFO: [ app_begin ] --END-- [ RunTime:0.003148s ]
INFO: [ view_parse ] --START--
INFO: [ template_filter ] --START--
INFO: Run Behavior\ContentReplace [ RunTime:0.000110s ]
INFO: [ template_filter ] --END-- [ RunTime:0.000310s ]
INFO: Run Behavior\ParseTemplate [ RunTime:0.010131s ]
INFO: [ view_parse ] --END-- [ RunTime:0.010363s ]
INFO: [ view_filter ] --START--
INFO: Run Behavior\WriteHtmlCache [ RunTime:0.000723s ]
INFO: [ view_filter ] --END-- [ RunTime:0.000891s ]
INFO: [ app_end ] --START--
INFO: Run Behavior\ShowPageTrace [ RunTime:0.001488s ]
INFO: [ app_end ] --END-- [ RunTime:0.001688s ]

[ 2014-07-03T12:33:13+08:00 ] 192.168.50.4 /
INFO: [ app_begin ] --START--
INFO: Run Behavior\ReadHtmlCache [ RunTime:0.001815s ]
INFO: [ app_begin ] --END-- [ RunTime:0.003047s ]
INFO: [ view_parse ] --START--
INFO: [ template_filter ] --START--
INFO: Run Behavior\ContentReplace [ RunTime:0.000106s ]
INFO: [ template_filter ] --END-- [ RunTime:0.000291s ]
INFO: Run Behavior\ParseTemplate [ RunTime:0.018138s ]
INFO: [ view_parse ] --END-- [ RunTime:0.018388s ]
INFO: [ view_filter ] --START--
INFO: Run Behavior\WriteHtmlCache [ RunTime:0.001911s ]
INFO: [ view_filter ] --END-- [ RunTime:0.002113s ]
INFO: [ app_end ] --START--
INFO: Run Behavior\ShowPageTrace [ RunTime:0.001610s ]
INFO: [ app_end ] --END-- [ RunTime:0.001785s ]

[ 2014-07-03T12:33:34+08:00 ] 192.168.50.4 /
INFO: [ app_begin ] --START--
INFO: Run Behavior\ReadHtmlCache [ RunTime:0.001487s ]
INFO: [ app_begin ] --END-- [ RunTime:0.002864s ]
INFO: [ view_parse ] --START--
INFO: [ template_filter ] --START--
INFO: Run Behavior\ContentReplace [ RunTime:0.000111s ]
INFO: [ template_filter ] --END-- [ RunTime:0.000307s ]
INFO: Run Behavior\ParseTemplate [ RunTime:0.010630s ]
INFO: [ view_parse ] --END-- [ RunTime:0.010852s ]
INFO: [ view_filter ] --START--
INFO: Run Behavior\WriteHtmlCache [ RunTime:0.003300s ]
INFO: [ view_filter ] --END-- [ RunTime:0.003488s ]
INFO: [ app_end ] --START--
INFO: Run Behavior\ShowPageTrace [ RunTime:0.001587s ]
INFO: [ app_end ] --END-- [ RunTime:0.001761s ]

[ 2014-07-03T12:35:58+08:00 ] 192.168.50.4 /
INFO: [ app_begin ] --START--
INFO: Run Behavior\ReadHtmlCache [ RunTime:0.001598s ]
INFO: [ app_begin ] --END-- [ RunTime:0.002634s ]
INFO: [ view_parse ] --START--
INFO: [ template_filter ] --START--
INFO: Run Behavior\ContentReplace [ RunTime:0.000109s ]
INFO: [ template_filter ] --END-- [ RunTime:0.000298s ]
INFO: Run Behavior\ParseTemplate [ RunTime:0.013614s ]
INFO: [ view_parse ] --END-- [ RunTime:0.013859s ]
INFO: [ view_filter ] --START--
INFO: Run Behavior\WriteHtmlCache [ RunTime:0.001369s ]
INFO: [ view_filter ] --END-- [ RunTime:0.001548s ]
INFO: [ app_end ] --START--
INFO: Run Behavior\ShowPageTrace [ RunTime:0.001469s ]
INFO: [ app_end ] --END-- [ RunTime:0.001632s ]

[ 2014-07-03T12:36:32+08:00 ] 192.168.50.4 /
INFO: [ app_begin ] --START--
INFO: Run Behavior\ReadHtmlCache [ RunTime:0.005201s ]
INFO: [ app_begin ] --END-- [ RunTime:0.006219s ]
INFO: [ view_parse ] --START--
INFO: [ template_filter ] --START--
INFO: Run Behavior\ContentReplace [ RunTime:0.000110s ]
INFO: [ template_filter ] --END-- [ RunTime:0.000404s ]
INFO: Run Behavior\ParseTemplate [ RunTime:0.016405s ]
INFO: [ view_parse ] --END-- [ RunTime:0.016633s ]
INFO: [ view_filter ] --START--
INFO: Run Behavior\WriteHtmlCache [ RunTime:0.001145s ]
INFO: [ view_filter ] --END-- [ RunTime:0.001306s ]
INFO: [ app_end ] --START--
INFO: Run Behavior\ShowPageTrace [ RunTime:0.001448s ]
INFO: [ app_end ] --END-- [ RunTime:0.001621s ]

[ 2014-07-03T12:36:59+08:00 ] 192.168.50.4 /
INFO: [ app_begin ] --START--
INFO: Run Behavior\ReadHtmlCache [ RunTime:0.001658s ]
INFO: [ app_begin ] --END-- [ RunTime:0.002672s ]
INFO: [ view_parse ] --START--
INFO: [ template_filter ] --START--
INFO: Run Behavior\ContentReplace [ RunTime:0.000106s ]
INFO: [ template_filter ] --END-- [ RunTime:0.000289s ]
INFO: Run Behavior\ParseTemplate [ RunTime:0.013660s ]
INFO: [ view_parse ] --END-- [ RunTime:0.013912s ]
INFO: [ view_filter ] --START--
INFO: Run Behavior\WriteHtmlCache [ RunTime:0.001123s ]
INFO: [ view_filter ] --END-- [ RunTime:0.001275s ]
INFO: [ app_end ] --START--
INFO: Run Behavior\ShowPageTrace [ RunTime:0.001357s ]
INFO: [ app_end ] --END-- [ RunTime:0.001514s ]

[ 2014-07-03T12:37:16+08:00 ] 192.168.50.4 /
INFO: [ app_begin ] --START--
INFO: Run Behavior\ReadHtmlCache [ RunTime:0.001688s ]
INFO: [ app_begin ] --END-- [ RunTime:0.002704s ]
INFO: [ view_parse ] --START--
INFO: [ template_filter ] --START--
INFO: Run Behavior\ContentReplace [ RunTime:0.000129s ]
INFO: [ template_filter ] --END-- [ RunTime:0.000369s ]
INFO: Run Behavior\ParseTemplate [ RunTime:0.017009s ]
INFO: [ view_parse ] --END-- [ RunTime:0.017224s ]
INFO: [ view_filter ] --START--
INFO: Run Behavior\WriteHtmlCache [ RunTime:0.001090s ]
INFO: [ view_filter ] --END-- [ RunTime:0.001242s ]
INFO: [ app_end ] --START--
INFO: Run Behavior\ShowPageTrace [ RunTime:0.001554s ]
INFO: [ app_end ] --END-- [ RunTime:0.001731s ]

[ 2014-07-03T12:37:27+08:00 ] 192.168.50.4 /
INFO: [ app_begin ] --START--
INFO: Run Behavior\ReadHtmlCache [ RunTime:0.001572s ]
INFO: [ app_begin ] --END-- [ RunTime:0.002547s ]
INFO: [ view_parse ] --START--
INFO: [ template_filter ] --START--
INFO: Run Behavior\ContentReplace [ RunTime:0.000110s ]
INFO: [ template_filter ] --END-- [ RunTime:0.000309s ]
INFO: Run Behavior\ParseTemplate [ RunTime:0.017782s ]
INFO: [ view_parse ] --END-- [ RunTime:0.018000s ]
INFO: [ view_filter ] --START--
INFO: Run Behavior\WriteHtmlCache [ RunTime:0.001134s ]
INFO: [ view_filter ] --END-- [ RunTime:0.001289s ]
INFO: [ app_end ] --START--
INFO: Run Behavior\ShowPageTrace [ RunTime:0.001494s ]
INFO: [ app_end ] --END-- [ RunTime:0.001674s ]

[ 2014-07-03T12:37:36+08:00 ] 192.168.50.4 /
INFO: [ app_begin ] --START--
INFO: Run Behavior\ReadHtmlCache [ RunTime:0.001052s ]
INFO: [ app_begin ] --END-- [ RunTime:0.001929s ]
INFO: [ view_parse ] --START--
INFO: [ template_filter ] --START--
INFO: Run Behavior\ContentReplace [ RunTime:0.000105s ]
INFO: [ template_filter ] --END-- [ RunTime:0.000288s ]
INFO: Run Behavior\ParseTemplate [ RunTime:0.009348s ]
INFO: [ view_parse ] --END-- [ RunTime:0.009559s ]
INFO: [ view_filter ] --START--
INFO: Run Behavior\WriteHtmlCache [ RunTime:0.000657s ]
INFO: [ view_filter ] --END-- [ RunTime:0.000820s ]
INFO: [ app_end ] --START--
INFO: Run Behavior\ShowPageTrace [ RunTime:0.001731s ]
INFO: [ app_end ] --END-- [ RunTime:0.001916s ]

[ 2014-07-03T12:39:32+08:00 ] 192.168.50.4 /
INFO: [ app_begin ] --START--
INFO: Run Behavior\ReadHtmlCache [ RunTime:0.003766s ]
INFO: [ app_begin ] --END-- [ RunTime:0.006099s ]
INFO: [ view_parse ] --START--
INFO: [ template_filter ] --START--
INFO: Run Behavior\ContentReplace [ RunTime:0.000105s ]
INFO: [ template_filter ] --END-- [ RunTime:0.000315s ]
INFO: Run Behavior\ParseTemplate [ RunTime:0.015765s ]
INFO: [ view_parse ] --END-- [ RunTime:0.015976s ]
INFO: [ view_filter ] --START--
INFO: Run Behavior\WriteHtmlCache [ RunTime:0.001167s ]
INFO: [ view_filter ] --END-- [ RunTime:0.001333s ]
INFO: [ app_end ] --START--
INFO: Run Behavior\ShowPageTrace [ RunTime:0.001737s ]
INFO: [ app_end ] --END-- [ RunTime:0.001932s ]

[ 2014-07-03T12:40:07+08:00 ] 192.168.50.4 /
INFO: [ app_begin ] --START--
INFO: Run Behavior\ReadHtmlCache [ RunTime:0.001592s ]
INFO: [ app_begin ] --END-- [ RunTime:0.002744s ]
INFO: [ view_parse ] --START--
INFO: [ template_filter ] --START--
INFO: Run Behavior\ContentReplace [ RunTime:0.000153s ]
INFO: [ template_filter ] --END-- [ RunTime:0.000355s ]
INFO: Run Behavior\ParseTemplate [ RunTime:0.014097s ]
INFO: [ view_parse ] --END-- [ RunTime:0.014336s ]
INFO: [ view_filter ] --START--
INFO: Run Behavior\WriteHtmlCache [ RunTime:0.001624s ]
INFO: [ view_filter ] --END-- [ RunTime:0.001811s ]
INFO: [ app_end ] --START--
INFO: Run Behavior\ShowPageTrace [ RunTime:0.001654s ]
INFO: [ app_end ] --END-- [ RunTime:0.001830s ]

[ 2014-07-03T12:40:38+08:00 ] 192.168.50.4 /
INFO: [ app_begin ] --START--
INFO: Run Behavior\ReadHtmlCache [ RunTime:0.000768s ]
INFO: [ app_begin ] --END-- [ RunTime:0.001487s ]
INFO: [ view_parse ] --START--
INFO: [ template_filter ] --START--
INFO: Run Behavior\ContentReplace [ RunTime:0.000120s ]
INFO: [ template_filter ] --END-- [ RunTime:0.000338s ]
INFO: Run Behavior\ParseTemplate [ RunTime:0.010794s ]
INFO: [ view_parse ] --END-- [ RunTime:0.011001s ]
INFO: [ view_filter ] --START--
INFO: Run Behavior\WriteHtmlCache [ RunTime:0.000671s ]
INFO: [ view_filter ] --END-- [ RunTime:0.000835s ]
INFO: [ app_end ] --START--
INFO: Run Behavior\ShowPageTrace [ RunTime:0.000934s ]
INFO: [ app_end ] --END-- [ RunTime:0.001102s ]

[ 2014-07-03T14:14:59+08:00 ] 192.168.50.4 /
INFO: [ app_begin ] --START--
INFO: Run Behavior\ReadHtmlCache [ RunTime:0.007444s ]
INFO: [ app_begin ] --END-- [ RunTime:0.015304s ]
INFO: [ view_parse ] --START--
INFO: [ template_filter ] --START--
INFO: Run Behavior\ContentReplace [ RunTime:0.000104s ]
INFO: [ template_filter ] --END-- [ RunTime:0.000277s ]
INFO: Run Behavior\ParseTemplate [ RunTime:0.140569s ]
INFO: [ view_parse ] --END-- [ RunTime:0.140805s ]
INFO: [ view_filter ] --START--
INFO: Run Behavior\WriteHtmlCache [ RunTime:0.014679s ]
INFO: [ view_filter ] --END-- [ RunTime:0.014856s ]
INFO: [ app_end ] --START--
INFO: Run Behavior\ShowPageTrace [ RunTime:0.021572s ]
INFO: [ app_end ] --END-- [ RunTime:0.021763s ]

[ 2014-07-03T14:15:40+08:00 ] 192.168.50.4 /
INFO: [ app_begin ] --START--
INFO: Run Behavior\ReadHtmlCache [ RunTime:0.002510s ]
INFO: [ app_begin ] --END-- [ RunTime:0.003616s ]
INFO: [ view_parse ] --START--
INFO: [ template_filter ] --START--
INFO: Run Behavior\ContentReplace [ RunTime:0.000106s ]
INFO: [ template_filter ] --END-- [ RunTime:0.000276s ]
INFO: Run Behavior\ParseTemplate [ RunTime:0.013050s ]
INFO: [ view_parse ] --END-- [ RunTime:0.013319s ]
INFO: [ view_filter ] --START--
INFO: Run Behavior\WriteHtmlCache [ RunTime:0.001347s ]
INFO: [ view_filter ] --END-- [ RunTime:0.001522s ]
INFO: [ app_end ] --START--
INFO: Run Behavior\ShowPageTrace [ RunTime:0.001793s ]
INFO: [ app_end ] --END-- [ RunTime:0.001992s ]

[ 2014-07-03T14:15:54+08:00 ] 192.168.50.4 /
INFO: [ app_begin ] --START--
INFO: Run Behavior\ReadHtmlCache [ RunTime:0.001604s ]
INFO: [ app_begin ] --END-- [ RunTime:0.002711s ]
INFO: [ view_parse ] --START--
INFO: [ template_filter ] --START--
INFO: Run Behavior\ContentReplace [ RunTime:0.000210s ]
INFO: [ template_filter ] --END-- [ RunTime:0.000670s ]
INFO: Run Behavior\ParseTemplate [ RunTime:0.014069s ]
INFO: [ view_parse ] --END-- [ RunTime:0.014286s ]
INFO: [ view_filter ] --START--
INFO: Run Behavior\WriteHtmlCache [ RunTime:0.001134s ]
INFO: [ view_filter ] --END-- [ RunTime:0.001286s ]
INFO: [ app_end ] --START--
INFO: Run Behavior\ShowPageTrace [ RunTime:0.001413s ]
INFO: [ app_end ] --END-- [ RunTime:0.001580s ]

[ 2014-07-03T14:16:17+08:00 ] 192.168.50.4 /
INFO: [ app_begin ] --START--
INFO: Run Behavior\ReadHtmlCache [ RunTime:0.001607s ]
INFO: [ app_begin ] --END-- [ RunTime:0.002615s ]
INFO: [ view_parse ] --START--
INFO: [ template_filter ] --START--
INFO: Run Behavior\ContentReplace [ RunTime:0.000137s ]
INFO: [ template_filter ] --END-- [ RunTime:0.000334s ]
INFO: Run Behavior\ParseTemplate [ RunTime:0.015528s ]
INFO: [ view_parse ] --END-- [ RunTime:0.015743s ]
INFO: [ view_filter ] --START--
INFO: Run Behavior\WriteHtmlCache [ RunTime:0.001157s ]
INFO: [ view_filter ] --END-- [ RunTime:0.001322s ]
INFO: [ app_end ] --START--
INFO: Run Behavior\ShowPageTrace [ RunTime:0.001750s ]
INFO: [ app_end ] --END-- [ RunTime:0.001930s ]

[ 2014-07-03T14:16:24+08:00 ] 192.168.50.4 /
INFO: [ app_begin ] --START--
INFO: Run Behavior\ReadHtmlCache [ RunTime:0.000867s ]
INFO: [ app_begin ] --END-- [ RunTime:0.001615s ]
INFO: [ view_parse ] --START--
INFO: [ template_filter ] --START--
INFO: Run Behavior\ContentReplace [ RunTime:0.000113s ]
INFO: [ template_filter ] --END-- [ RunTime:0.000301s ]
INFO: Run Behavior\ParseTemplate [ RunTime:0.010144s ]
INFO: [ view_parse ] --END-- [ RunTime:0.010352s ]
INFO: [ view_filter ] --START--
INFO: Run Behavior\WriteHtmlCache [ RunTime:0.000574s ]
INFO: [ view_filter ] --END-- [ RunTime:0.000726s ]
INFO: [ app_end ] --START--
INFO: Run Behavior\ShowPageTrace [ RunTime:0.000847s ]
INFO: [ app_end ] --END-- [ RunTime:0.001008s ]

[ 2014-07-03T14:19:59+08:00 ] 192.168.50.4 /
INFO: [ app_begin ] --START--
INFO: Run Behavior\ReadHtmlCache [ RunTime:0.001628s ]
INFO: [ app_begin ] --END-- [ RunTime:0.002656s ]
INFO: [ view_parse ] --START--
INFO: [ template_filter ] --START--
INFO: Run Behavior\ContentReplace [ RunTime:0.000108s ]
INFO: [ template_filter ] --END-- [ RunTime:0.000292s ]
INFO: Run Behavior\ParseTemplate [ RunTime:0.015450s ]
INFO: [ view_parse ] --END-- [ RunTime:0.015670s ]
INFO: [ view_filter ] --START--
INFO: Run Behavior\WriteHtmlCache [ RunTime:0.001143s ]
INFO: [ view_filter ] --END-- [ RunTime:0.001309s ]
INFO: [ app_end ] --START--
INFO: Run Behavior\ShowPageTrace [ RunTime:0.001578s ]
INFO: [ app_end ] --END-- [ RunTime:0.001758s ]

[ 2014-07-03T14:24:40+08:00 ] 192.168.50.4 /
INFO: [ app_begin ] --START--
INFO: Run Behavior\ReadHtmlCache [ RunTime:0.002365s ]
INFO: [ app_begin ] --END-- [ RunTime:0.004900s ]
INFO: [ view_parse ] --START--
INFO: [ template_filter ] --START--
INFO: Run Behavior\ContentReplace [ RunTime:0.000110s ]
INFO: [ template_filter ] --END-- [ RunTime:0.000290s ]
INFO: Run Behavior\ParseTemplate [ RunTime:0.014914s ]
INFO: [ view_parse ] --END-- [ RunTime:0.015131s ]
INFO: [ view_filter ] --START--
INFO: Run Behavior\WriteHtmlCache [ RunTime:0.001125s ]
INFO: [ view_filter ] --END-- [ RunTime:0.001290s ]
INFO: [ app_end ] --START--
INFO: Run Behavior\ShowPageTrace [ RunTime:0.001927s ]
INFO: [ app_end ] --END-- [ RunTime:0.002104s ]

[ 2014-07-03T14:24:49+08:00 ] 192.168.50.4 /
INFO: [ app_begin ] --START--
INFO: Run Behavior\ReadHtmlCache [ RunTime:0.001892s ]
INFO: [ app_begin ] --END-- [ RunTime:0.003185s ]
INFO: [ view_parse ] --START--
INFO: [ template_filter ] --START--
INFO: Run Behavior\ContentReplace [ RunTime:0.000105s ]
INFO: [ template_filter ] --END-- [ RunTime:0.000277s ]
INFO: Run Behavior\ParseTemplate [ RunTime:0.016171s ]
INFO: [ view_parse ] --END-- [ RunTime:0.016392s ]
INFO: [ view_filter ] --START--
INFO: Run Behavior\WriteHtmlCache [ RunTime:0.001288s ]
INFO: [ view_filter ] --END-- [ RunTime:0.001457s ]
INFO: [ app_end ] --START--
INFO: Run Behavior\ShowPageTrace [ RunTime:0.001536s ]
INFO: [ app_end ] --END-- [ RunTime:0.001700s ]

[ 2014-07-03T14:24:54+08:00 ] 192.168.50.4 /
INFO: [ app_begin ] --START--
INFO: Run Behavior\ReadHtmlCache [ RunTime:0.002625s ]
INFO: [ app_begin ] --END-- [ RunTime:0.003677s ]
INFO: [ view_parse ] --START--
INFO: [ template_filter ] --START--
INFO: Run Behavior\ContentReplace [ RunTime:0.000108s ]
INFO: [ template_filter ] --END-- [ RunTime:0.000280s ]
INFO: Run Behavior\ParseTemplate [ RunTime:0.013291s ]
INFO: [ view_parse ] --END-- [ RunTime:0.013486s ]
INFO: [ view_filter ] --START--
INFO: Run Behavior\WriteHtmlCache [ RunTime:0.001114s ]
INFO: [ view_filter ] --END-- [ RunTime:0.001270s ]
INFO: [ app_end ] --START--
INFO: Run Behavior\ShowPageTrace [ RunTime:0.001426s ]
INFO: [ app_end ] --END-- [ RunTime:0.001596s ]

[ 2014-07-03T14:25:10+08:00 ] 192.168.50.4 /
INFO: [ app_begin ] --START--
INFO: Run Behavior\ReadHtmlCache [ RunTime:0.000951s ]
INFO: [ app_begin ] --END-- [ RunTime:0.001858s ]
INFO: [ view_parse ] --START--
INFO: [ template_filter ] --START--
INFO: Run Behavior\ContentReplace [ RunTime:0.000114s ]
INFO: [ template_filter ] --END-- [ RunTime:0.000299s ]
INFO: Run Behavior\ParseTemplate [ RunTime:0.010842s ]
INFO: [ view_parse ] --END-- [ RunTime:0.011037s ]
INFO: [ view_filter ] --START--
INFO: Run Behavior\WriteHtmlCache [ RunTime:0.000547s ]
INFO: [ view_filter ] --END-- [ RunTime:0.000701s ]
INFO: [ app_end ] --START--
INFO: Run Behavior\ShowPageTrace [ RunTime:0.000798s ]
INFO: [ app_end ] --END-- [ RunTime:0.000954s ]

[ 2014-07-03T14:25:12+08:00 ] 192.168.50.4 /
INFO: [ app_begin ] --START--
INFO: Run Behavior\ReadHtmlCache [ RunTime:0.000793s ]
INFO: [ app_begin ] --END-- [ RunTime:0.001608s ]
INFO: [ view_parse ] --START--
INFO: [ template_filter ] --START--
INFO: Run Behavior\ContentReplace [ RunTime:0.000112s ]
INFO: [ template_filter ] --END-- [ RunTime:0.000292s ]
INFO: Run Behavior\ParseTemplate [ RunTime:0.010456s ]
INFO: [ view_parse ] --END-- [ RunTime:0.010745s ]
INFO: [ view_filter ] --START--
INFO: Run Behavior\WriteHtmlCache [ RunTime:0.000642s ]
INFO: [ view_filter ] --END-- [ RunTime:0.000800s ]
INFO: [ app_end ] --START--
INFO: Run Behavior\ShowPageTrace [ RunTime:0.000820s ]
INFO: [ app_end ] --END-- [ RunTime:0.000977s ]

[ 2014-07-03T14:25:20+08:00 ] 192.168.50.4 /
INFO: [ app_begin ] --START--
INFO: Run Behavior\ReadHtmlCache [ RunTime:0.001084s ]
INFO: [ app_begin ] --END-- [ RunTime:0.002040s ]
INFO: [ view_parse ] --START--
INFO: [ template_filter ] --START--
INFO: Run Behavior\ContentReplace [ RunTime:0.000107s ]
INFO: [ template_filter ] --END-- [ RunTime:0.000278s ]
INFO: Run Behavior\ParseTemplate [ RunTime:0.009689s ]
INFO: [ view_parse ] --END-- [ RunTime:0.009885s ]
INFO: [ view_filter ] --START--
INFO: Run Behavior\WriteHtmlCache [ RunTime:0.000629s ]
INFO: [ view_filter ] --END-- [ RunTime:0.000794s ]
INFO: [ app_end ] --START--
INFO: Run Behavior\ShowPageTrace [ RunTime:0.000956s ]
INFO: [ app_end ] --END-- [ RunTime:0.001121s ]

[ 2014-07-03T14:25:25+08:00 ] 192.168.50.4 /
INFO: [ app_begin ] --START--
INFO: Run Behavior\ReadHtmlCache [ RunTime:0.000794s ]
INFO: [ app_begin ] --END-- [ RunTime:0.001712s ]
INFO: [ view_parse ] --START--
INFO: [ template_filter ] --START--
INFO: Run Behavior\ContentReplace [ RunTime:0.000106s ]
INFO: [ template_filter ] --END-- [ RunTime:0.000282s ]
INFO: Run Behavior\ParseTemplate [ RunTime:0.009909s ]
INFO: [ view_parse ] --END-- [ RunTime:0.010106s ]
INFO: [ view_filter ] --START--
INFO: Run Behavior\WriteHtmlCache [ RunTime:0.000718s ]
INFO: [ view_filter ] --END-- [ RunTime:0.000883s ]
INFO: [ app_end ] --START--
INFO: Run Behavior\ShowPageTrace [ RunTime:0.001018s ]
INFO: [ app_end ] --END-- [ RunTime:0.001200s ]

[ 2014-07-03T14:25:31+08:00 ] 192.168.50.4 /
INFO: [ app_begin ] --START--
INFO: Run Behavior\ReadHtmlCache [ RunTime:0.001971s ]
INFO: [ app_begin ] --END-- [ RunTime:0.003095s ]
INFO: [ view_parse ] --START--
INFO: [ template_filter ] --START--
INFO: Run Behavior\ContentReplace [ RunTime:0.000104s ]
INFO: [ template_filter ] --END-- [ RunTime:0.000275s ]
INFO: Run Behavior\ParseTemplate [ RunTime:0.013809s ]
INFO: [ view_parse ] --END-- [ RunTime:0.014063s ]
INFO: [ view_filter ] --START--
INFO: Run Behavior\WriteHtmlCache [ RunTime:0.001870s ]
INFO: [ view_filter ] --END-- [ RunTime:0.002067s ]
INFO: [ app_end ] --START--
INFO: Run Behavior\ShowPageTrace [ RunTime:0.001654s ]
INFO: [ app_end ] --END-- [ RunTime:0.001823s ]

[ 2014-07-03T14:30:15+08:00 ] 192.168.50.4 /
INFO: [ app_begin ] --START--
INFO: Run Behavior\ReadHtmlCache [ RunTime:0.001890s ]
INFO: [ app_begin ] --END-- [ RunTime:0.002919s ]
INFO: [ view_parse ] --START--
INFO: [ template_filter ] --START--
INFO: Run Behavior\ContentReplace [ RunTime:0.000135s ]
INFO: [ template_filter ] --END-- [ RunTime:0.000336s ]
INFO: Run Behavior\ParseTemplate [ RunTime:0.014334s ]
INFO: [ view_parse ] --END-- [ RunTime:0.014581s ]
INFO: [ view_filter ] --START--
INFO: Run Behavior\WriteHtmlCache [ RunTime:0.001225s ]
INFO: [ view_filter ] --END-- [ RunTime:0.001382s ]
INFO: [ app_end ] --START--
INFO: Run Behavior\ShowPageTrace [ RunTime:0.001348s ]
INFO: [ app_end ] --END-- [ RunTime:0.001503s ]

[ 2014-07-03T14:34:24+08:00 ] 192.168.50.4 /
INFO: [ app_begin ] --START--
INFO: Run Behavior\ReadHtmlCache [ RunTime:0.001727s ]
INFO: [ app_begin ] --END-- [ RunTime:0.002792s ]
INFO: [ view_parse ] --START--
INFO: [ template_filter ] --START--
INFO: Run Behavior\ContentReplace [ RunTime:0.000107s ]
INFO: [ template_filter ] --END-- [ RunTime:0.000286s ]
INFO: Run Behavior\ParseTemplate [ RunTime:0.017658s ]
INFO: [ view_parse ] --END-- [ RunTime:0.017954s ]
INFO: [ view_filter ] --START--
INFO: Run Behavior\WriteHtmlCache [ RunTime:0.001530s ]
INFO: [ view_filter ] --END-- [ RunTime:0.001709s ]
INFO: [ app_end ] --START--
INFO: Run Behavior\ShowPageTrace [ RunTime:0.002199s ]
INFO: [ app_end ] --END-- [ RunTime:0.002404s ]

[ 2014-07-03T14:34:24+08:00 ] 192.168.50.4 /
INFO: [ app_begin ] --START--
INFO: Run Behavior\ReadHtmlCache [ RunTime:0.001599s ]
INFO: [ app_begin ] --END-- [ RunTime:0.002628s ]
INFO: [ view_parse ] --START--
INFO: [ template_filter ] --START--
INFO: Run Behavior\ContentReplace [ RunTime:0.000109s ]
INFO: [ template_filter ] --END-- [ RunTime:0.000288s ]
INFO: Run Behavior\ParseTemplate [ RunTime:0.023516s ]
INFO: [ view_parse ] --END-- [ RunTime:0.023778s ]
INFO: [ view_filter ] --START--
INFO: Run Behavior\WriteHtmlCache [ RunTime:0.002315s ]
INFO: [ view_filter ] --END-- [ RunTime:0.002525s ]
INFO: [ app_end ] --START--
INFO: Run Behavior\ShowPageTrace [ RunTime:0.002155s ]
INFO: [ app_end ] --END-- [ RunTime:0.002382s ]

[ 2014-07-03T14:34:25+08:00 ] 192.168.50.4 /
INFO: [ app_begin ] --START--
INFO: Run Behavior\ReadHtmlCache [ RunTime:0.002230s ]
INFO: [ app_begin ] --END-- [ RunTime:0.003278s ]
INFO: [ view_parse ] --START--
INFO: [ template_filter ] --START--
INFO: Run Behavior\ContentReplace [ RunTime:0.000136s ]
INFO: [ template_filter ] --END-- [ RunTime:0.000374s ]
INFO: Run Behavior\ParseTemplate [ RunTime:0.021094s ]
INFO: [ view_parse ] --END-- [ RunTime:0.021345s ]
INFO: [ view_filter ] --START--
INFO: Run Behavior\WriteHtmlCache [ RunTime:0.001422s ]
INFO: [ view_filter ] --END-- [ RunTime:0.001690s ]
INFO: [ app_end ] --START--
INFO: Run Behavior\ShowPageTrace [ RunTime:0.001940s ]
INFO: [ app_end ] --END-- [ RunTime:0.002133s ]

[ 2014-07-03T14:34:34+08:00 ] 192.168.50.4 /
INFO: [ app_begin ] --START--
INFO: Run Behavior\ReadHtmlCache [ RunTime:0.001350s ]
INFO: [ app_begin ] --END-- [ RunTime:0.002565s ]
INFO: [ view_parse ] --START--
INFO: [ template_filter ] --START--
INFO: Run Behavior\ContentReplace [ RunTime:0.000133s ]
INFO: [ template_filter ] --END-- [ RunTime:0.000352s ]
INFO: Run Behavior\ParseTemplate [ RunTime:0.013392s ]
INFO: [ view_parse ] --END-- [ RunTime:0.013660s ]
INFO: [ view_filter ] --START--
INFO: Run Behavior\WriteHtmlCache [ RunTime:0.000848s ]
INFO: [ view_filter ] --END-- [ RunTime:0.001042s ]
INFO: [ app_end ] --START--
INFO: Run Behavior\ShowPageTrace [ RunTime:0.001194s ]
INFO: [ app_end ] --END-- [ RunTime:0.001450s ]

[ 2014-07-03T14:35:09+08:00 ] 192.168.50.4 /
INFO: [ app_begin ] --START--
INFO: Run Behavior\ReadHtmlCache [ RunTime:0.001615s ]
INFO: [ app_begin ] --END-- [ RunTime:0.002656s ]
INFO: [ view_parse ] --START--
INFO: [ template_filter ] --START--
INFO: Run Behavior\ContentReplace [ RunTime:0.000112s ]
INFO: [ template_filter ] --END-- [ RunTime:0.000289s ]
INFO: Run Behavior\ParseTemplate [ RunTime:0.012849s ]
INFO: [ view_parse ] --END-- [ RunTime:0.013061s ]
INFO: [ view_filter ] --START--
INFO: Run Behavior\WriteHtmlCache [ RunTime:0.001076s ]
INFO: [ view_filter ] --END-- [ RunTime:0.001230s ]
INFO: [ app_end ] --START--
INFO: Run Behavior\ShowPageTrace [ RunTime:0.001329s ]
INFO: [ app_end ] --END-- [ RunTime:0.001494s ]

[ 2014-07-03T14:35:42+08:00 ] 192.168.50.4 /
INFO: [ app_begin ] --START--
INFO: Run Behavior\ReadHtmlCache [ RunTime:0.001097s ]
INFO: [ app_begin ] --END-- [ RunTime:0.002067s ]
INFO: [ view_parse ] --START--
INFO: [ template_filter ] --START--
INFO: Run Behavior\ContentReplace [ RunTime:0.000121s ]
INFO: [ template_filter ] --END-- [ RunTime:0.000308s ]
INFO: Run Behavior\ParseTemplate [ RunTime:0.010103s ]
INFO: [ view_parse ] --END-- [ RunTime:0.010315s ]
INFO: [ view_filter ] --START--
INFO: Run Behavior\WriteHtmlCache [ RunTime:0.000611s ]
INFO: [ view_filter ] --END-- [ RunTime:0.000767s ]
INFO: [ app_end ] --START--
INFO: Run Behavior\ShowPageTrace [ RunTime:0.000896s ]
INFO: [ app_end ] --END-- [ RunTime:0.001058s ]

[ 2014-07-03T14:35:55+08:00 ] 192.168.50.4 /
INFO: [ app_begin ] --START--
INFO: Run Behavior\ReadHtmlCache [ RunTime:0.001608s ]
INFO: [ app_begin ] --END-- [ RunTime:0.002634s ]
INFO: [ view_parse ] --START--
INFO: [ template_filter ] --START--
INFO: Run Behavior\ContentReplace [ RunTime:0.000110s ]
INFO: [ template_filter ] --END-- [ RunTime:0.000286s ]
INFO: Run Behavior\ParseTemplate [ RunTime:0.014134s ]
INFO: [ view_parse ] --END-- [ RunTime:0.014355s ]
INFO: [ view_filter ] --START--
INFO: Run Behavior\WriteHtmlCache [ RunTime:0.001135s ]
INFO: [ view_filter ] --END-- [ RunTime:0.001302s ]
INFO: [ app_end ] --START--
INFO: Run Behavior\ShowPageTrace [ RunTime:0.001397s ]
INFO: [ app_end ] --END-- [ RunTime:0.001570s ]

[ 2014-07-03T14:36:01+08:00 ] 192.168.50.4 /
INFO: [ app_begin ] --START--
INFO: Run Behavior\ReadHtmlCache [ RunTime:0.000965s ]
INFO: [ app_begin ] --END-- [ RunTime:0.002154s ]
INFO: [ view_parse ] --START--
INFO: [ template_filter ] --START--
INFO: Run Behavior\ContentReplace [ RunTime:0.000107s ]
INFO: [ template_filter ] --END-- [ RunTime:0.000280s ]
INFO: Run Behavior\ParseTemplate [ RunTime:0.009869s ]
INFO: [ view_parse ] --END-- [ RunTime:0.010068s ]
INFO: [ view_filter ] --START--
INFO: Run Behavior\WriteHtmlCache [ RunTime:0.000521s ]
INFO: [ view_filter ] --END-- [ RunTime:0.000671s ]
INFO: [ app_end ] --START--
INFO: Run Behavior\ShowPageTrace [ RunTime:0.000937s ]
INFO: [ app_end ] --END-- [ RunTime:0.001107s ]

[ 2014-07-03T14:36:08+08:00 ] 192.168.50.4 /
INFO: [ app_begin ] --START--
INFO: Run Behavior\ReadHtmlCache [ RunTime:0.000775s ]
INFO: [ app_begin ] --END-- [ RunTime:0.001492s ]
INFO: [ view_parse ] --START--
INFO: [ template_filter ] --START--
INFO: Run Behavior\ContentReplace [ RunTime:0.000186s ]
INFO: [ template_filter ] --END-- [ RunTime:0.000375s ]
INFO: Run Behavior\ParseTemplate [ RunTime:0.015985s ]
INFO: [ view_parse ] --END-- [ RunTime:0.016256s ]
INFO: [ view_filter ] --START--
INFO: Run Behavior\WriteHtmlCache [ RunTime:0.000549s ]
INFO: [ view_filter ] --END-- [ RunTime:0.000700s ]
INFO: [ app_end ] --START--
INFO: Run Behavior\ShowPageTrace [ RunTime:0.001139s ]
INFO: [ app_end ] --END-- [ RunTime:0.001309s ]

[ 2014-07-03T14:36:13+08:00 ] 192.168.50.4 /
INFO: [ app_begin ] --START--
INFO: Run Behavior\ReadHtmlCache [ RunTime:0.000784s ]
INFO: [ app_begin ] --END-- [ RunTime:0.001577s ]
INFO: [ view_parse ] --START--
INFO: [ template_filter ] --START--
INFO: Run Behavior\ContentReplace [ RunTime:0.000110s ]
INFO: [ template_filter ] --END-- [ RunTime:0.000285s ]
INFO: Run Behavior\ParseTemplate [ RunTime:0.009480s ]
INFO: [ view_parse ] --END-- [ RunTime:0.009697s ]
INFO: [ view_filter ] --START--
INFO: Run Behavior\WriteHtmlCache [ RunTime:0.000577s ]
INFO: [ view_filter ] --END-- [ RunTime:0.000741s ]
INFO: [ app_end ] --START--
INFO: Run Behavior\ShowPageTrace [ RunTime:0.000888s ]
INFO: [ app_end ] --END-- [ RunTime:0.001061s ]

[ 2014-07-03T14:36:25+08:00 ] 192.168.50.4 /
INFO: [ app_begin ] --START--
INFO: Run Behavior\ReadHtmlCache [ RunTime:0.001928s ]
INFO: [ app_begin ] --END-- [ RunTime:0.004665s ]
INFO: [ view_parse ] --START--
INFO: [ template_filter ] --START--
INFO: Run Behavior\ContentReplace [ RunTime:0.000112s ]
INFO: [ template_filter ] --END-- [ RunTime:0.000312s ]
INFO: Run Behavior\ParseTemplate [ RunTime:0.013966s ]
INFO: [ view_parse ] --END-- [ RunTime:0.014208s ]
INFO: [ view_filter ] --START--
INFO: Run Behavior\WriteHtmlCache [ RunTime:0.001515s ]
INFO: [ view_filter ] --END-- [ RunTime:0.001748s ]
INFO: [ app_end ] --START--
INFO: Run Behavior\ShowPageTrace [ RunTime:0.001659s ]
INFO: [ app_end ] --END-- [ RunTime:0.001830s ]

[ 2014-07-03T14:37:15+08:00 ] 192.168.50.4 /
INFO: [ app_begin ] --START--
INFO: Run Behavior\ReadHtmlCache [ RunTime:0.001221s ]
INFO: [ app_begin ] --END-- [ RunTime:0.002177s ]
INFO: [ view_parse ] --START--
INFO: [ template_filter ] --START--
INFO: Run Behavior\ContentReplace [ RunTime:0.000111s ]
INFO: [ template_filter ] --END-- [ RunTime:0.000301s ]
INFO: Run Behavior\ParseTemplate [ RunTime:0.011065s ]
INFO: [ view_parse ] --END-- [ RunTime:0.011311s ]
INFO: [ view_filter ] --START--
INFO: Run Behavior\WriteHtmlCache [ RunTime:0.000552s ]
INFO: [ view_filter ] --END-- [ RunTime:0.000753s ]
INFO: [ app_end ] --START--
INFO: Run Behavior\ShowPageTrace [ RunTime:0.001009s ]
INFO: [ app_end ] --END-- [ RunTime:0.001194s ]

[ 2014-07-03T14:37:42+08:00 ] 192.168.50.4 /
INFO: [ app_begin ] --START--
INFO: Run Behavior\ReadHtmlCache [ RunTime:0.001605s ]
INFO: [ app_begin ] --END-- [ RunTime:0.002637s ]
INFO: [ view_parse ] --START--
INFO: [ template_filter ] --START--
INFO: Run Behavior\ContentReplace [ RunTime:0.000115s ]
INFO: [ template_filter ] --END-- [ RunTime:0.000299s ]
INFO: Run Behavior\ParseTemplate [ RunTime:0.020159s ]
INFO: [ view_parse ] --END-- [ RunTime:0.020418s ]
INFO: [ view_filter ] --START--
INFO: Run Behavior\WriteHtmlCache [ RunTime:0.001251s ]
INFO: [ view_filter ] --END-- [ RunTime:0.001419s ]
INFO: [ app_end ] --START--
INFO: Run Behavior\ShowPageTrace [ RunTime:0.001582s ]
INFO: [ app_end ] --END-- [ RunTime:0.001760s ]

[ 2014-07-03T14:38:13+08:00 ] 192.168.50.4 /
INFO: [ app_begin ] --START--
INFO: Run Behavior\ReadHtmlCache [ RunTime:0.002291s ]
INFO: [ app_begin ] --END-- [ RunTime:0.003461s ]
INFO: [ view_parse ] --START--
INFO: [ template_filter ] --START--
INFO: Run Behavior\ContentReplace [ RunTime:0.000111s ]
INFO: [ template_filter ] --END-- [ RunTime:0.000292s ]
INFO: Run Behavior\ParseTemplate [ RunTime:0.016080s ]
INFO: [ view_parse ] --END-- [ RunTime:0.016336s ]
INFO: [ view_filter ] --START--
INFO: Run Behavior\WriteHtmlCache [ RunTime:0.001143s ]
INFO: [ view_filter ] --END-- [ RunTime:0.001302s ]
INFO: [ app_end ] --START--
INFO: Run Behavior\ShowPageTrace [ RunTime:0.001461s ]
INFO: [ app_end ] --END-- [ RunTime:0.001627s ]

[ 2014-07-03T14:39:34+08:00 ] 192.168.50.4 /
INFO: [ app_begin ] --START--
INFO: Run Behavior\ReadHtmlCache [ RunTime:0.001590s ]
INFO: [ app_begin ] --END-- [ RunTime:0.002649s ]
INFO: [ view_parse ] --START--
INFO: [ template_filter ] --START--
INFO: Run Behavior\ContentReplace [ RunTime:0.000114s ]
INFO: [ template_filter ] --END-- [ RunTime:0.000290s ]
INFO: Run Behavior\ParseTemplate [ RunTime:0.013912s ]
INFO: [ view_parse ] --END-- [ RunTime:0.014169s ]
INFO: [ view_filter ] --START--
INFO: Run Behavior\WriteHtmlCache [ RunTime:0.001405s ]
INFO: [ view_filter ] --END-- [ RunTime:0.001574s ]
INFO: [ app_end ] --START--
INFO: Run Behavior\ShowPageTrace [ RunTime:0.001374s ]
INFO: [ app_end ] --END-- [ RunTime:0.001544s ]

[ 2014-07-03T14:41:47+08:00 ] 192.168.50.4 /
INFO: [ app_begin ] --START--
INFO: Run Behavior\ReadHtmlCache [ RunTime:0.001789s ]
INFO: [ app_begin ] --END-- [ RunTime:0.003060s ]
INFO: [ view_parse ] --START--
INFO: [ template_filter ] --START--
INFO: Run Behavior\ContentReplace [ RunTime:0.000113s ]
INFO: [ template_filter ] --END-- [ RunTime:0.000301s ]
INFO: Run Behavior\ParseTemplate [ RunTime:0.016015s ]
INFO: [ view_parse ] --END-- [ RunTime:0.018366s ]
INFO: [ view_filter ] --START--
INFO: Run Behavior\WriteHtmlCache [ RunTime:0.001637s ]
INFO: [ view_filter ] --END-- [ RunTime:0.001859s ]
INFO: [ app_end ] --START--
INFO: Run Behavior\ShowPageTrace [ RunTime:0.001801s ]
INFO: [ app_end ] --END-- [ RunTime:0.001986s ]

[ 2014-07-03T14:41:56+08:00 ] 192.168.50.4 /
INFO: [ app_begin ] --START--
INFO: Run Behavior\ReadHtmlCache [ RunTime:0.001850s ]
INFO: [ app_begin ] --END-- [ RunTime:0.002942s ]
INFO: [ view_parse ] --START--
INFO: [ template_filter ] --START--
INFO: Run Behavior\ContentReplace [ RunTime:0.000108s ]
INFO: [ template_filter ] --END-- [ RunTime:0.000289s ]
INFO: Run Behavior\ParseTemplate [ RunTime:0.024990s ]
INFO: [ view_parse ] --END-- [ RunTime:0.025216s ]
INFO: [ view_filter ] --START--
INFO: Run Behavior\WriteHtmlCache [ RunTime:0.001312s ]
INFO: [ view_filter ] --END-- [ RunTime:0.003922s ]
INFO: [ app_end ] --START--
INFO: Run Behavior\ShowPageTrace [ RunTime:0.001527s ]
INFO: [ app_end ] --END-- [ RunTime:0.001699s ]

[ 2014-07-03T14:42:20+08:00 ] 192.168.50.4 /
INFO: [ app_begin ] --START--
INFO: Run Behavior\ReadHtmlCache [ RunTime:0.001861s ]
INFO: [ app_begin ] --END-- [ RunTime:0.003018s ]
INFO: [ view_parse ] --START--
INFO: [ template_filter ] --START--
INFO: Run Behavior\ContentReplace [ RunTime:0.000107s ]
INFO: [ template_filter ] --END-- [ RunTime:0.000288s ]
INFO: Run Behavior\ParseTemplate [ RunTime:0.012791s ]
INFO: [ view_parse ] --END-- [ RunTime:0.013018s ]
INFO: [ view_filter ] --START--
INFO: Run Behavior\WriteHtmlCache [ RunTime:0.001234s ]
INFO: [ view_filter ] --END-- [ RunTime:0.005543s ]
INFO: [ app_end ] --START--
INFO: Run Behavior\ShowPageTrace [ RunTime:0.001608s ]
INFO: [ app_end ] --END-- [ RunTime:0.001791s ]

[ 2014-07-03T14:42:55+08:00 ] 192.168.50.4 /
INFO: [ app_begin ] --START--
INFO: Run Behavior\ReadHtmlCache [ RunTime:0.002481s ]
INFO: [ app_begin ] --END-- [ RunTime:0.003647s ]
INFO: [ view_parse ] --START--
INFO: [ template_filter ] --START--
INFO: Run Behavior\ContentReplace [ RunTime:0.000124s ]
INFO: [ template_filter ] --END-- [ RunTime:0.000318s ]
INFO: Run Behavior\ParseTemplate [ RunTime:0.015938s ]
INFO: [ view_parse ] --END-- [ RunTime:0.016177s ]
INFO: [ view_filter ] --START--
INFO: Run Behavior\WriteHtmlCache [ RunTime:0.001368s ]
INFO: [ view_filter ] --END-- [ RunTime:0.001556s ]
INFO: [ app_end ] --START--
INFO: Run Behavior\ShowPageTrace [ RunTime:0.001857s ]
INFO: [ app_end ] --END-- [ RunTime:0.002107s ]

[ 2014-07-03T14:44:10+08:00 ] 192.168.50.4 /
INFO: [ app_begin ] --START--
INFO: Run Behavior\ReadHtmlCache [ RunTime:0.000778s ]
INFO: [ app_begin ] --END-- [ RunTime:0.001534s ]
INFO: [ view_parse ] --START--
INFO: [ template_filter ] --START--
INFO: Run Behavior\ContentReplace [ RunTime:0.000108s ]
INFO: [ template_filter ] --END-- [ RunTime:0.000280s ]
INFO: Run Behavior\ParseTemplate [ RunTime:0.010169s ]
INFO: [ view_parse ] --END-- [ RunTime:0.010391s ]
INFO: [ view_filter ] --START--
INFO: Run Behavior\WriteHtmlCache [ RunTime:0.001028s ]
INFO: [ view_filter ] --END-- [ RunTime:0.001224s ]
INFO: [ app_end ] --START--
INFO: Run Behavior\ShowPageTrace [ RunTime:0.001648s ]
INFO: [ app_end ] --END-- [ RunTime:0.001829s ]

[ 2014-07-03T14:44:22+08:00 ] 192.168.50.4 /
INFO: [ app_begin ] --START--
INFO: Run Behavior\ReadHtmlCache [ RunTime:0.001590s ]
INFO: [ app_begin ] --END-- [ RunTime:0.002643s ]
INFO: [ view_parse ] --START--
INFO: [ template_filter ] --START--
INFO: Run Behavior\ContentReplace [ RunTime:0.000112s ]
INFO: [ template_filter ] --END-- [ RunTime:0.000297s ]
INFO: Run Behavior\ParseTemplate [ RunTime:0.013299s ]
INFO: [ view_parse ] --END-- [ RunTime:0.013520s ]
INFO: [ view_filter ] --START--
INFO: Run Behavior\WriteHtmlCache [ RunTime:0.001841s ]
INFO: [ view_filter ] --END-- [ RunTime:0.002032s ]
INFO: [ app_end ] --START--
INFO: Run Behavior\ShowPageTrace [ RunTime:0.001965s ]
INFO: [ app_end ] --END-- [ RunTime:0.002163s ]

[ 2014-07-03T14:50:35+08:00 ] 192.168.50.4 /
INFO: [ app_begin ] --START--
INFO: Run Behavior\ReadHtmlCache [ RunTime:0.002808s ]
INFO: [ app_begin ] --END-- [ RunTime:0.004411s ]
INFO: [ view_parse ] --START--
INFO: [ template_filter ] --START--
INFO: Run Behavior\ContentReplace [ RunTime:0.000114s ]
INFO: [ template_filter ] --END-- [ RunTime:0.000329s ]
INFO: Run Behavior\ParseTemplate [ RunTime:0.016345s ]
INFO: [ view_parse ] --END-- [ RunTime:0.016573s ]
INFO: [ view_filter ] --START--
INFO: Run Behavior\WriteHtmlCache [ RunTime:0.001327s ]
INFO: [ view_filter ] --END-- [ RunTime:0.001498s ]
INFO: [ app_end ] --START--
INFO: Run Behavior\ShowPageTrace [ RunTime:0.001578s ]
INFO: [ app_end ] --END-- [ RunTime:0.001754s ]

[ 2014-07-03T14:50:50+08:00 ] 192.168.50.4 /
INFO: [ app_begin ] --START--
INFO: Run Behavior\ReadHtmlCache [ RunTime:0.001574s ]
INFO: [ app_begin ] --END-- [ RunTime:0.002589s ]
INFO: [ view_parse ] --START--
INFO: [ template_filter ] --START--
INFO: Run Behavior\ContentReplace [ RunTime:0.000209s ]
INFO: [ template_filter ] --END-- [ RunTime:0.000409s ]
INFO: Run Behavior\ParseTemplate [ RunTime:0.016593s ]
INFO: [ view_parse ] --END-- [ RunTime:0.016824s ]
INFO: [ view_filter ] --START--
INFO: Run Behavior\WriteHtmlCache [ RunTime:0.001175s ]
INFO: [ view_filter ] --END-- [ RunTime:0.001343s ]
INFO: [ app_end ] --START--
INFO: Run Behavior\ShowPageTrace [ RunTime:0.007221s ]
INFO: [ app_end ] --END-- [ RunTime:0.007449s ]

[ 2014-07-03T14:51:03+08:00 ] 192.168.50.4 /
INFO: [ app_begin ] --START--
INFO: Run Behavior\ReadHtmlCache [ RunTime:0.003885s ]
INFO: [ app_begin ] --END-- [ RunTime:0.005235s ]
INFO: [ view_parse ] --START--
INFO: [ template_filter ] --START--
INFO: Run Behavior\ContentReplace [ RunTime:0.000107s ]
INFO: [ template_filter ] --END-- [ RunTime:0.000288s ]
INFO: Run Behavior\ParseTemplate [ RunTime:0.014035s ]
INFO: [ view_parse ] --END-- [ RunTime:0.014247s ]
INFO: [ view_filter ] --START--
INFO: Run Behavior\WriteHtmlCache [ RunTime:0.001145s ]
INFO: [ view_filter ] --END-- [ RunTime:0.001306s ]
INFO: [ app_end ] --START--
INFO: Run Behavior\ShowPageTrace [ RunTime:0.001376s ]
INFO: [ app_end ] --END-- [ RunTime:0.001533s ]

[ 2014-07-03T14:52:40+08:00 ] 192.168.50.4 /
INFO: [ app_begin ] --START--
INFO: Run Behavior\ReadHtmlCache [ RunTime:0.002052s ]
INFO: [ app_begin ] --END-- [ RunTime:0.003197s ]
INFO: [ view_parse ] --START--
INFO: [ template_filter ] --START--
INFO: Run Behavior\ContentReplace [ RunTime:0.000115s ]
INFO: [ template_filter ] --END-- [ RunTime:0.000307s ]
INFO: Run Behavior\ParseTemplate [ RunTime:0.018402s ]
INFO: [ view_parse ] --END-- [ RunTime:0.018672s ]
INFO: [ view_filter ] --START--
INFO: Run Behavior\WriteHtmlCache [ RunTime:0.001559s ]
INFO: [ view_filter ] --END-- [ RunTime:0.002012s ]
INFO: [ app_end ] --START--
INFO: Run Behavior\ShowPageTrace [ RunTime:0.001753s ]
INFO: [ app_end ] --END-- [ RunTime:0.001950s ]

[ 2014-07-03T14:52:48+08:00 ] 192.168.50.4 /
INFO: [ app_begin ] --START--
INFO: Run Behavior\ReadHtmlCache [ RunTime:0.001145s ]
INFO: [ app_begin ] --END-- [ RunTime:0.005478s ]
INFO: [ view_parse ] --START--
INFO: [ template_filter ] --START--
INFO: Run Behavior\ContentReplace [ RunTime:0.000452s ]
INFO: [ template_filter ] --END-- [ RunTime:0.000681s ]
INFO: Run Behavior\ParseTemplate [ RunTime:0.013031s ]
INFO: [ view_parse ] --END-- [ RunTime:0.013259s ]
INFO: [ view_filter ] --START--
INFO: Run Behavior\WriteHtmlCache [ RunTime:0.000724s ]
INFO: [ view_filter ] --END-- [ RunTime:0.000898s ]
INFO: [ app_end ] --START--
INFO: Run Behavior\ShowPageTrace [ RunTime:0.001040s ]
INFO: [ app_end ] --END-- [ RunTime:0.001228s ]

[ 2014-07-03T16:07:38+08:00 ] 192.168.50.4 /
INFO: [ app_begin ] --START--
INFO: Run Behavior\ReadHtmlCache [ RunTime:0.002412s ]
INFO: [ app_begin ] --END-- [ RunTime:0.014758s ]
INFO: [ view_parse ] --START--
INFO: [ template_filter ] --START--
INFO: Run Behavior\ContentReplace [ RunTime:0.000341s ]
INFO: [ template_filter ] --END-- [ RunTime:0.000550s ]
INFO: Run Behavior\ParseTemplate [ RunTime:0.091137s ]
INFO: [ view_parse ] --END-- [ RunTime:0.091366s ]
INFO: [ view_filter ] --START--
INFO: Run Behavior\WriteHtmlCache [ RunTime:0.001305s ]
INFO: [ view_filter ] --END-- [ RunTime:0.001478s ]
INFO: [ app_end ] --START--
INFO: Run Behavior\ShowPageTrace [ RunTime:0.014731s ]
INFO: [ app_end ] --END-- [ RunTime:0.014969s ]

[ 2014-07-03T16:07:53+08:00 ] 192.168.50.4 /
INFO: [ app_begin ] --START--
INFO: Run Behavior\ReadHtmlCache [ RunTime:0.001841s ]
INFO: [ app_begin ] --END-- [ RunTime:0.002979s ]
INFO: [ view_parse ] --START--
INFO: [ template_filter ] --START--
INFO: Run Behavior\ContentReplace [ RunTime:0.000112s ]
INFO: [ template_filter ] --END-- [ RunTime:0.000301s ]
INFO: Run Behavior\ParseTemplate [ RunTime:0.015878s ]
INFO: [ view_parse ] --END-- [ RunTime:0.016075s ]
INFO: [ view_filter ] --START--
INFO: Run Behavior\WriteHtmlCache [ RunTime:0.001111s ]
INFO: [ view_filter ] --END-- [ RunTime:0.001264s ]
INFO: [ app_end ] --START--
INFO: Run Behavior\ShowPageTrace [ RunTime:0.001671s ]
INFO: [ app_end ] --END-- [ RunTime:0.001877s ]

[ 2014-07-03T16:10:38+08:00 ] 192.168.50.4 /
INFO: [ app_begin ] --START--
INFO: Run Behavior\ReadHtmlCache [ RunTime:0.002433s ]
INFO: [ app_begin ] --END-- [ RunTime:0.003890s ]
INFO: [ view_parse ] --START--
INFO: [ template_filter ] --START--
INFO: Run Behavior\ContentReplace [ RunTime:0.000108s ]
INFO: [ template_filter ] --END-- [ RunTime:0.000287s ]
INFO: Run Behavior\ParseTemplate [ RunTime:0.016007s ]
INFO: [ view_parse ] --END-- [ RunTime:0.016276s ]
INFO: [ view_filter ] --START--
INFO: Run Behavior\WriteHtmlCache [ RunTime:0.001105s ]
INFO: [ view_filter ] --END-- [ RunTime:0.001262s ]
INFO: [ app_end ] --START--
INFO: Run Behavior\ShowPageTrace [ RunTime:0.001676s ]
INFO: [ app_end ] --END-- [ RunTime:0.001903s ]

[ 2014-07-03T16:10:52+08:00 ] 192.168.50.4 /
INFO: [ app_begin ] --START--
INFO: Run Behavior\ReadHtmlCache [ RunTime:0.002032s ]
INFO: [ app_begin ] --END-- [ RunTime:0.003253s ]
INFO: [ view_parse ] --START--
INFO: [ template_filter ] --START--
INFO: Run Behavior\ContentReplace [ RunTime:0.000115s ]
INFO: [ template_filter ] --END-- [ RunTime:0.000309s ]
INFO: Run Behavior\ParseTemplate [ RunTime:0.016605s ]
INFO: [ view_parse ] --END-- [ RunTime:0.016825s ]
INFO: [ view_filter ] --START--
INFO: Run Behavior\WriteHtmlCache [ RunTime:0.001633s ]
INFO: [ view_filter ] --END-- [ RunTime:0.001845s ]
INFO: [ app_end ] --START--
INFO: Run Behavior\ShowPageTrace [ RunTime:0.002158s ]
INFO: [ app_end ] --END-- [ RunTime:0.002354s ]

[ 2014-07-03T16:10:59+08:00 ] 192.168.50.4 /
INFO: [ app_begin ] --START--
INFO: Run Behavior\ReadHtmlCache [ RunTime:0.008606s ]
INFO: [ app_begin ] --END-- [ RunTime:0.010295s ]
INFO: [ view_parse ] --START--
INFO: [ template_filter ] --START--
INFO: Run Behavior\ContentReplace [ RunTime:0.000115s ]
INFO: [ template_filter ] --END-- [ RunTime:0.000301s ]
INFO: Run Behavior\ParseTemplate [ RunTime:0.013800s ]
INFO: [ view_parse ] --END-- [ RunTime:0.014043s ]
INFO: [ view_filter ] --START--
INFO: Run Behavior\WriteHtmlCache [ RunTime:0.001567s ]
INFO: [ view_filter ] --END-- [ RunTime:0.001752s ]
INFO: [ app_end ] --START--
INFO: Run Behavior\ShowPageTrace [ RunTime:0.001485s ]
INFO: [ app_end ] --END-- [ RunTime:0.001649s ]

[ 2014-07-03T16:11:06+08:00 ] 192.168.50.4 /
INFO: [ app_begin ] --START--
INFO: Run Behavior\ReadHtmlCache [ RunTime:0.000894s ]
INFO: [ app_begin ] --END-- [ RunTime:0.001799s ]
INFO: [ view_parse ] --START--
INFO: [ template_filter ] --START--
INFO: Run Behavior\ContentReplace [ RunTime:0.000116s ]
INFO: [ template_filter ] --END-- [ RunTime:0.000330s ]
INFO: Run Behavior\ParseTemplate [ RunTime:0.011397s ]
INFO: [ view_parse ] --END-- [ RunTime:0.011606s ]
INFO: [ view_filter ] --START--
INFO: Run Behavior\WriteHtmlCache [ RunTime:0.000745s ]
INFO: [ view_filter ] --END-- [ RunTime:0.000926s ]
INFO: [ app_end ] --START--
INFO: Run Behavior\ShowPageTrace [ RunTime:0.001422s ]
INFO: [ app_end ] --END-- [ RunTime:0.001616s ]

