[ 2014-06-06T11:20:23+08:00 ] 192.168.50.4 /
INFO: [ app_begin ] --START--
INFO: Run Behavior\ReadHtmlCache [ RunTime:0.001970s ]
INFO: [ app_begin ] --END-- [ RunTime:0.003407s ]

[ 2014-06-06T11:20:32+08:00 ] 192.168.50.4 /
INFO: [ app_begin ] --START--
INFO: Run Behavior\ReadHtmlCache [ RunTime:0.001605s ]
INFO: [ app_begin ] --END-- [ RunTime:0.002608s ]

[ 2014-06-06T11:28:08+08:00 ] 192.168.50.4 /
INFO: [ app_begin ] --START--
INFO: Run Behavior\ReadHtmlCache [ RunTime:0.005031s ]
INFO: [ app_begin ] --END-- [ RunTime:0.007824s ]

[ 2014-06-06T11:29:18+08:00 ] 192.168.50.4 /
INFO: [ app_begin ] --START--
INFO: Run Behavior\ReadHtmlCache [ RunTime:0.002743s ]
INFO: [ app_begin ] --END-- [ RunTime:0.004143s ]

[ 2014-06-06T11:31:30+08:00 ] 192.168.50.4 /
INFO: [ app_begin ] --START--
INFO: Run Behavior\ReadHtmlCache [ RunTime:0.002704s ]
INFO: [ app_begin ] --END-- [ RunTime:0.003975s ]

[ 2014-06-06T11:39:57+08:00 ] 192.168.50.4 /
INFO: [ app_begin ] --START--
INFO: Run Behavior\ReadHtmlCache [ RunTime:0.002040s ]
INFO: [ app_begin ] --END-- [ RunTime:0.003573s ]

[ 2014-06-06T11:42:22+08:00 ] 192.168.50.4 /
INFO: [ app_begin ] --START--
INFO: Run Behavior\ReadHtmlCache [ RunTime:0.001687s ]
INFO: [ app_begin ] --END-- [ RunTime:0.002799s ]

[ 2014-06-06T11:42:47+08:00 ] 192.168.50.4 /
INFO: [ app_begin ] --START--
INFO: Run Behavior\ReadHtmlCache [ RunTime:0.000876s ]
INFO: [ app_begin ] --END-- [ RunTime:0.001783s ]

[ 2014-06-06T11:42:58+08:00 ] 192.168.50.4 /
INFO: [ app_begin ] --START--
INFO: Run Behavior\ReadHtmlCache [ RunTime:0.001852s ]
INFO: [ app_begin ] --END-- [ RunTime:0.003215s ]

[ 2014-06-06T11:43:35+08:00 ] 192.168.50.4 /
INFO: [ app_begin ] --START--
INFO: Run Behavior\ReadHtmlCache [ RunTime:0.001021s ]
INFO: [ app_begin ] --END-- [ RunTime:0.001901s ]

[ 2014-06-06T11:43:49+08:00 ] 192.168.50.4 /
INFO: [ app_begin ] --START--
INFO: Run Behavior\ReadHtmlCache [ RunTime:0.000878s ]
INFO: [ app_begin ] --END-- [ RunTime:0.001677s ]

[ 2014-06-06T12:18:40+08:00 ] 192.168.50.4 /
INFO: [ app_begin ] --START--
INFO: Run Behavior\ReadHtmlCache [ RunTime:0.001870s ]
INFO: [ app_begin ] --END-- [ RunTime:0.003294s ]

[ 2014-06-06T12:18:58+08:00 ] 192.168.50.4 /
INFO: [ app_begin ] --START--
INFO: Run Behavior\ReadHtmlCache [ RunTime:0.000780s ]
INFO: [ app_begin ] --END-- [ RunTime:0.001516s ]

[ 2014-06-06T12:21:48+08:00 ] 192.168.50.4 /
INFO: [ app_begin ] --START--
INFO: Run Behavior\ReadHtmlCache [ RunTime:0.001644s ]
INFO: [ app_begin ] --END-- [ RunTime:0.002702s ]

[ 2014-06-06T15:02:52+08:00 ] 192.168.50.4 /
INFO: [ app_begin ] --START--
INFO: Run Behavior\ReadHtmlCache [ RunTime:0.001858s ]
INFO: [ app_begin ] --END-- [ RunTime:0.003087s ]

[ 2014-06-06T15:12:04+08:00 ] 192.168.50.4 /
INFO: [ app_begin ] --START--
INFO: Run Behavior\ReadHtmlCache [ RunTime:0.001778s ]
INFO: [ app_begin ] --END-- [ RunTime:0.002806s ]

[ 2014-06-06T15:12:25+08:00 ] 192.168.50.4 /
INFO: [ app_begin ] --START--
INFO: Run Behavior\ReadHtmlCache [ RunTime:0.001833s ]
INFO: [ app_begin ] --END-- [ RunTime:0.002941s ]

[ 2014-06-06T15:21:46+08:00 ] 192.168.50.4 /
INFO: [ app_begin ] --START--
INFO: Run Behavior\ReadHtmlCache [ RunTime:0.001914s ]
INFO: [ app_begin ] --END-- [ RunTime:0.003023s ]

[ 2014-06-06T15:21:53+08:00 ] 192.168.50.4 /
INFO: [ app_begin ] --START--
INFO: Run Behavior\ReadHtmlCache [ RunTime:0.001885s ]
INFO: [ app_begin ] --END-- [ RunTime:0.002957s ]

[ 2014-06-06T15:24:41+08:00 ] 192.168.50.4 /
INFO: [ app_begin ] --START--
INFO: Run Behavior\ReadHtmlCache [ RunTime:0.001868s ]
INFO: [ app_begin ] --END-- [ RunTime:0.003118s ]

[ 2014-06-06T15:24:56+08:00 ] 192.168.50.4 /
INFO: [ app_begin ] --START--
INFO: Run Behavior\ReadHtmlCache [ RunTime:0.002143s ]
INFO: [ app_begin ] --END-- [ RunTime:0.003422s ]

[ 2014-06-06T15:25:53+08:00 ] 192.168.50.4 /
INFO: [ app_begin ] --START--
INFO: Run Behavior\ReadHtmlCache [ RunTime:0.002052s ]
INFO: [ app_begin ] --END-- [ RunTime:0.003122s ]

[ 2014-06-06T15:31:03+08:00 ] 192.168.50.4 /
INFO: [ app_begin ] --START--
INFO: Run Behavior\ReadHtmlCache [ RunTime:0.001964s ]
INFO: [ app_begin ] --END-- [ RunTime:0.003109s ]

[ 2014-06-06T15:31:23+08:00 ] 192.168.50.4 /
INFO: [ app_begin ] --START--
INFO: Run Behavior\ReadHtmlCache [ RunTime:0.003251s ]
INFO: [ app_begin ] --END-- [ RunTime:0.004319s ]

[ 2014-06-06T15:44:45+08:00 ] 192.168.50.4 /
INFO: [ app_begin ] --START--
INFO: Run Behavior\ReadHtmlCache [ RunTime:0.002004s ]
INFO: [ app_begin ] --END-- [ RunTime:0.003235s ]

[ 2014-06-06T15:45:01+08:00 ] 192.168.50.4 /
INFO: [ app_begin ] --START--
INFO: Run Behavior\ReadHtmlCache [ RunTime:0.000815s ]
INFO: [ app_begin ] --END-- [ RunTime:0.001570s ]
NOTIC: [8] Undefined offset: 6 D:\wamp\www\match.boss.com\Web\Home\Controller\IndexController.class.php 第 23 行.
NOTIC: [8] Undefined offset: 6 D:\wamp\www\match.boss.com\Web\Home\Controller\IndexController.class.php 第 23 行.
NOTIC: [8] Undefined offset: 6 D:\wamp\www\match.boss.com\Web\Home\Controller\IndexController.class.php 第 23 行.
NOTIC: [8] Undefined offset: 7 D:\wamp\www\match.boss.com\Web\Home\Controller\IndexController.class.php 第 24 行.
NOTIC: [8] Undefined offset: 7 D:\wamp\www\match.boss.com\Web\Home\Controller\IndexController.class.php 第 24 行.
NOTIC: [8] Undefined offset: 7 D:\wamp\www\match.boss.com\Web\Home\Controller\IndexController.class.php 第 24 行.

[ 2014-06-06T15:45:25+08:00 ] 192.168.50.4 /
INFO: [ app_begin ] --START--
INFO: Run Behavior\ReadHtmlCache [ RunTime:0.000801s ]
INFO: [ app_begin ] --END-- [ RunTime:0.001575s ]
NOTIC: [8] Undefined offset: 6 D:\wamp\www\match.boss.com\Web\Home\Controller\IndexController.class.php 第 24 行.
NOTIC: [8] Undefined offset: 6 D:\wamp\www\match.boss.com\Web\Home\Controller\IndexController.class.php 第 24 行.
NOTIC: [8] Undefined offset: 6 D:\wamp\www\match.boss.com\Web\Home\Controller\IndexController.class.php 第 24 行.
NOTIC: [8] Undefined offset: 7 D:\wamp\www\match.boss.com\Web\Home\Controller\IndexController.class.php 第 25 行.
NOTIC: [8] Undefined offset: 7 D:\wamp\www\match.boss.com\Web\Home\Controller\IndexController.class.php 第 25 行.
NOTIC: [8] Undefined offset: 7 D:\wamp\www\match.boss.com\Web\Home\Controller\IndexController.class.php 第 25 行.

[ 2014-06-06T15:45:49+08:00 ] 192.168.50.4 /
INFO: [ app_begin ] --START--
INFO: Run Behavior\ReadHtmlCache [ RunTime:0.000834s ]
INFO: [ app_begin ] --END-- [ RunTime:0.001640s ]

[ 2014-06-06T15:46:19+08:00 ] 192.168.50.4 /
INFO: [ app_begin ] --START--
INFO: Run Behavior\ReadHtmlCache [ RunTime:0.000793s ]
INFO: [ app_begin ] --END-- [ RunTime:0.001538s ]

[ 2014-06-06T15:49:07+08:00 ] 192.168.50.4 /
INFO: [ app_begin ] --START--
INFO: Run Behavior\ReadHtmlCache [ RunTime:0.001724s ]
INFO: [ app_begin ] --END-- [ RunTime:0.002794s ]
INFO: [ view_parse ] --START--
INFO: [ template_filter ] --START--
INFO: Run Behavior\ContentReplace [ RunTime:0.000098s ]
INFO: [ template_filter ] --END-- [ RunTime:0.000269s ]
NOTIC: [8] Undefined index: rq[1] D:\wamp\www\match.boss.com\Web\Runtime\Cache\Home\bc0144a4fd1292e6da37880e61825715.php 第 49 行.
NOTIC: [8] Undefined index: rq[2] D:\wamp\www\match.boss.com\Web\Runtime\Cache\Home\bc0144a4fd1292e6da37880e61825715.php 第 49 行.
NOTIC: [8] Undefined index: rq[1] D:\wamp\www\match.boss.com\Web\Runtime\Cache\Home\bc0144a4fd1292e6da37880e61825715.php 第 49 行.
NOTIC: [8] Undefined index: rq[2] D:\wamp\www\match.boss.com\Web\Runtime\Cache\Home\bc0144a4fd1292e6da37880e61825715.php 第 49 行.
NOTIC: [8] Undefined index: rq[1] D:\wamp\www\match.boss.com\Web\Runtime\Cache\Home\bc0144a4fd1292e6da37880e61825715.php 第 49 行.
NOTIC: [8] Undefined index: rq[2] D:\wamp\www\match.boss.com\Web\Runtime\Cache\Home\bc0144a4fd1292e6da37880e61825715.php 第 49 行.
NOTIC: [8] Undefined index: rq[1] D:\wamp\www\match.boss.com\Web\Runtime\Cache\Home\bc0144a4fd1292e6da37880e61825715.php 第 49 行.
NOTIC: [8] Undefined index: rq[2] D:\wamp\www\match.boss.com\Web\Runtime\Cache\Home\bc0144a4fd1292e6da37880e61825715.php 第 49 行.
NOTIC: [8] Undefined index: rq[1] D:\wamp\www\match.boss.com\Web\Runtime\Cache\Home\bc0144a4fd1292e6da37880e61825715.php 第 49 行.
NOTIC: [8] Undefined index: rq[2] D:\wamp\www\match.boss.com\Web\Runtime\Cache\Home\bc0144a4fd1292e6da37880e61825715.php 第 49 行.
NOTIC: [8] Undefined index: rq[1] D:\wamp\www\match.boss.com\Web\Runtime\Cache\Home\bc0144a4fd1292e6da37880e61825715.php 第 49 行.
NOTIC: [8] Undefined index: rq[2] D:\wamp\www\match.boss.com\Web\Runtime\Cache\Home\bc0144a4fd1292e6da37880e61825715.php 第 49 行.
NOTIC: [8] Undefined index: rq[1] D:\wamp\www\match.boss.com\Web\Runtime\Cache\Home\bc0144a4fd1292e6da37880e61825715.php 第 49 行.
NOTIC: [8] Undefined index: rq[2] D:\wamp\www\match.boss.com\Web\Runtime\Cache\Home\bc0144a4fd1292e6da37880e61825715.php 第 49 行.
NOTIC: [8] Undefined index: rq[1] D:\wamp\www\match.boss.com\Web\Runtime\Cache\Home\bc0144a4fd1292e6da37880e61825715.php 第 49 行.
NOTIC: [8] Undefined index: rq[2] D:\wamp\www\match.boss.com\Web\Runtime\Cache\Home\bc0144a4fd1292e6da37880e61825715.php 第 49 行.
NOTIC: [8] Undefined index: rq[1] D:\wamp\www\match.boss.com\Web\Runtime\Cache\Home\bc0144a4fd1292e6da37880e61825715.php 第 49 行.
NOTIC: [8] Undefined index: rq[2] D:\wamp\www\match.boss.com\Web\Runtime\Cache\Home\bc0144a4fd1292e6da37880e61825715.php 第 49 行.
NOTIC: [8] Undefined index: rq[1] D:\wamp\www\match.boss.com\Web\Runtime\Cache\Home\bc0144a4fd1292e6da37880e61825715.php 第 49 行.
NOTIC: [8] Undefined index: rq[2] D:\wamp\www\match.boss.com\Web\Runtime\Cache\Home\bc0144a4fd1292e6da37880e61825715.php 第 49 行.
NOTIC: [8] Undefined index: rq[1] D:\wamp\www\match.boss.com\Web\Runtime\Cache\Home\bc0144a4fd1292e6da37880e61825715.php 第 49 行.
NOTIC: [8] Undefined index: rq[2] D:\wamp\www\match.boss.com\Web\Runtime\Cache\Home\bc0144a4fd1292e6da37880e61825715.php 第 49 行.
NOTIC: [8] Undefined index: rq[1] D:\wamp\www\match.boss.com\Web\Runtime\Cache\Home\bc0144a4fd1292e6da37880e61825715.php 第 49 行.
NOTIC: [8] Undefined index: rq[2] D:\wamp\www\match.boss.com\Web\Runtime\Cache\Home\bc0144a4fd1292e6da37880e61825715.php 第 49 行.
NOTIC: [8] Undefined index: rq[1] D:\wamp\www\match.boss.com\Web\Runtime\Cache\Home\bc0144a4fd1292e6da37880e61825715.php 第 49 行.
NOTIC: [8] Undefined index: rq[2] D:\wamp\www\match.boss.com\Web\Runtime\Cache\Home\bc0144a4fd1292e6da37880e61825715.php 第 49 行.
NOTIC: [8] Undefined index: rq[1] D:\wamp\www\match.boss.com\Web\Runtime\Cache\Home\bc0144a4fd1292e6da37880e61825715.php 第 49 行.
NOTIC: [8] Undefined index: rq[2] D:\wamp\www\match.boss.com\Web\Runtime\Cache\Home\bc0144a4fd1292e6da37880e61825715.php 第 49 行.
NOTIC: [8] Undefined index: rq[1] D:\wamp\www\match.boss.com\Web\Runtime\Cache\Home\bc0144a4fd1292e6da37880e61825715.php 第 49 行.
NOTIC: [8] Undefined index: rq[2] D:\wamp\www\match.boss.com\Web\Runtime\Cache\Home\bc0144a4fd1292e6da37880e61825715.php 第 49 行.
NOTIC: [8] Undefined index: rq[1] D:\wamp\www\match.boss.com\Web\Runtime\Cache\Home\bc0144a4fd1292e6da37880e61825715.php 第 49 行.
NOTIC: [8] Undefined index: rq[2] D:\wamp\www\match.boss.com\Web\Runtime\Cache\Home\bc0144a4fd1292e6da37880e61825715.php 第 49 行.
NOTIC: [8] Undefined index: rq[1] D:\wamp\www\match.boss.com\Web\Runtime\Cache\Home\bc0144a4fd1292e6da37880e61825715.php 第 49 行.
NOTIC: [8] Undefined index: rq[2] D:\wamp\www\match.boss.com\Web\Runtime\Cache\Home\bc0144a4fd1292e6da37880e61825715.php 第 49 行.
NOTIC: [8] Undefined index: rq[1] D:\wamp\www\match.boss.com\Web\Runtime\Cache\Home\bc0144a4fd1292e6da37880e61825715.php 第 49 行.
NOTIC: [8] Undefined index: rq[2] D:\wamp\www\match.boss.com\Web\Runtime\Cache\Home\bc0144a4fd1292e6da37880e61825715.php 第 49 行.
NOTIC: [8] Undefined index: rq[1] D:\wamp\www\match.boss.com\Web\Runtime\Cache\Home\bc0144a4fd1292e6da37880e61825715.php 第 49 行.
NOTIC: [8] Undefined index: rq[2] D:\wamp\www\match.boss.com\Web\Runtime\Cache\Home\bc0144a4fd1292e6da37880e61825715.php 第 49 行.
NOTIC: [8] Undefined index: rq[1] D:\wamp\www\match.boss.com\Web\Runtime\Cache\Home\bc0144a4fd1292e6da37880e61825715.php 第 49 行.
NOTIC: [8] Undefined index: rq[2] D:\wamp\www\match.boss.com\Web\Runtime\Cache\Home\bc0144a4fd1292e6da37880e61825715.php 第 49 行.
NOTIC: [8] Undefined index: rq[1] D:\wamp\www\match.boss.com\Web\Runtime\Cache\Home\bc0144a4fd1292e6da37880e61825715.php 第 49 行.
NOTIC: [8] Undefined index: rq[2] D:\wamp\www\match.boss.com\Web\Runtime\Cache\Home\bc0144a4fd1292e6da37880e61825715.php 第 49 行.
NOTIC: [8] Undefined index: rq[1] D:\wamp\www\match.boss.com\Web\Runtime\Cache\Home\bc0144a4fd1292e6da37880e61825715.php 第 49 行.
NOTIC: [8] Undefined index: rq[2] D:\wamp\www\match.boss.com\Web\Runtime\Cache\Home\bc0144a4fd1292e6da37880e61825715.php 第 49 行.
NOTIC: [8] Undefined index: rq[1] D:\wamp\www\match.boss.com\Web\Runtime\Cache\Home\bc0144a4fd1292e6da37880e61825715.php 第 49 行.
NOTIC: [8] Undefined index: rq[2] D:\wamp\www\match.boss.com\Web\Runtime\Cache\Home\bc0144a4fd1292e6da37880e61825715.php 第 49 行.
NOTIC: [8] Undefined index: rq[1] D:\wamp\www\match.boss.com\Web\Runtime\Cache\Home\bc0144a4fd1292e6da37880e61825715.php 第 49 行.
NOTIC: [8] Undefined index: rq[2] D:\wamp\www\match.boss.com\Web\Runtime\Cache\Home\bc0144a4fd1292e6da37880e61825715.php 第 49 行.
NOTIC: [8] Undefined index: rq[1] D:\wamp\www\match.boss.com\Web\Runtime\Cache\Home\bc0144a4fd1292e6da37880e61825715.php 第 49 行.
NOTIC: [8] Undefined index: rq[2] D:\wamp\www\match.boss.com\Web\Runtime\Cache\Home\bc0144a4fd1292e6da37880e61825715.php 第 49 行.
NOTIC: [8] Undefined index: rq[1] D:\wamp\www\match.boss.com\Web\Runtime\Cache\Home\bc0144a4fd1292e6da37880e61825715.php 第 49 行.
NOTIC: [8] Undefined index: rq[2] D:\wamp\www\match.boss.com\Web\Runtime\Cache\Home\bc0144a4fd1292e6da37880e61825715.php 第 49 行.
NOTIC: [8] Undefined index: rq[1] D:\wamp\www\match.boss.com\Web\Runtime\Cache\Home\bc0144a4fd1292e6da37880e61825715.php 第 49 行.
NOTIC: [8] Undefined index: rq[2] D:\wamp\www\match.boss.com\Web\Runtime\Cache\Home\bc0144a4fd1292e6da37880e61825715.php 第 49 行.
NOTIC: [8] Undefined index: rq[1] D:\wamp\www\match.boss.com\Web\Runtime\Cache\Home\bc0144a4fd1292e6da37880e61825715.php 第 49 行.
NOTIC: [8] Undefined index: rq[2] D:\wamp\www\match.boss.com\Web\Runtime\Cache\Home\bc0144a4fd1292e6da37880e61825715.php 第 49 行.
NOTIC: [8] Undefined index: rq[1] D:\wamp\www\match.boss.com\Web\Runtime\Cache\Home\bc0144a4fd1292e6da37880e61825715.php 第 49 行.
NOTIC: [8] Undefined index: rq[2] D:\wamp\www\match.boss.com\Web\Runtime\Cache\Home\bc0144a4fd1292e6da37880e61825715.php 第 49 行.
NOTIC: [8] Undefined index: rq[1] D:\wamp\www\match.boss.com\Web\Runtime\Cache\Home\bc0144a4fd1292e6da37880e61825715.php 第 49 行.
NOTIC: [8] Undefined index: rq[2] D:\wamp\www\match.boss.com\Web\Runtime\Cache\Home\bc0144a4fd1292e6da37880e61825715.php 第 49 行.
NOTIC: [8] Undefined index: rq[1] D:\wamp\www\match.boss.com\Web\Runtime\Cache\Home\bc0144a4fd1292e6da37880e61825715.php 第 49 行.
NOTIC: [8] Undefined index: rq[2] D:\wamp\www\match.boss.com\Web\Runtime\Cache\Home\bc0144a4fd1292e6da37880e61825715.php 第 49 行.
NOTIC: [8] Undefined index: rq[1] D:\wamp\www\match.boss.com\Web\Runtime\Cache\Home\bc0144a4fd1292e6da37880e61825715.php 第 49 行.
NOTIC: [8] Undefined index: rq[2] D:\wamp\www\match.boss.com\Web\Runtime\Cache\Home\bc0144a4fd1292e6da37880e61825715.php 第 49 行.
NOTIC: [8] Undefined index: rq[1] D:\wamp\www\match.boss.com\Web\Runtime\Cache\Home\bc0144a4fd1292e6da37880e61825715.php 第 49 行.
NOTIC: [8] Undefined index: rq[2] D:\wamp\www\match.boss.com\Web\Runtime\Cache\Home\bc0144a4fd1292e6da37880e61825715.php 第 49 行.
NOTIC: [8] Undefined index: rq[1] D:\wamp\www\match.boss.com\Web\Runtime\Cache\Home\bc0144a4fd1292e6da37880e61825715.php 第 49 行.
NOTIC: [8] Undefined index: rq[2] D:\wamp\www\match.boss.com\Web\Runtime\Cache\Home\bc0144a4fd1292e6da37880e61825715.php 第 49 行.
NOTIC: [8] Undefined index: rq[1] D:\wamp\www\match.boss.com\Web\Runtime\Cache\Home\bc0144a4fd1292e6da37880e61825715.php 第 49 行.
NOTIC: [8] Undefined index: rq[2] D:\wamp\www\match.boss.com\Web\Runtime\Cache\Home\bc0144a4fd1292e6da37880e61825715.php 第 49 行.
NOTIC: [8] Undefined index: rq[1] D:\wamp\www\match.boss.com\Web\Runtime\Cache\Home\bc0144a4fd1292e6da37880e61825715.php 第 49 行.
NOTIC: [8] Undefined index: rq[2] D:\wamp\www\match.boss.com\Web\Runtime\Cache\Home\bc0144a4fd1292e6da37880e61825715.php 第 49 行.
NOTIC: [8] Undefined index: rq[1] D:\wamp\www\match.boss.com\Web\Runtime\Cache\Home\bc0144a4fd1292e6da37880e61825715.php 第 49 行.
NOTIC: [8] Undefined index: rq[2] D:\wamp\www\match.boss.com\Web\Runtime\Cache\Home\bc0144a4fd1292e6da37880e61825715.php 第 49 行.
NOTIC: [8] Undefined index: rq[1] D:\wamp\www\match.boss.com\Web\Runtime\Cache\Home\bc0144a4fd1292e6da37880e61825715.php 第 49 行.
NOTIC: [8] Undefined index: rq[2] D:\wamp\www\match.boss.com\Web\Runtime\Cache\Home\bc0144a4fd1292e6da37880e61825715.php 第 49 行.
NOTIC: [8] Undefined index: rq[1] D:\wamp\www\match.boss.com\Web\Runtime\Cache\Home\bc0144a4fd1292e6da37880e61825715.php 第 49 行.
NOTIC: [8] Undefined index: rq[2] D:\wamp\www\match.boss.com\Web\Runtime\Cache\Home\bc0144a4fd1292e6da37880e61825715.php 第 49 行.
INFO: Run Behavior\ParseTemplate [ RunTime:0.191236s ]
INFO: [ view_parse ] --END-- [ RunTime:0.191427s ]
INFO: [ view_filter ] --START--
INFO: Run Behavior\WriteHtmlCache [ RunTime:0.001284s ]
INFO: [ view_filter ] --END-- [ RunTime:0.001436s ]
INFO: [ app_end ] --START--
INFO: Run Behavior\ShowPageTrace [ RunTime:0.015517s ]
INFO: [ app_end ] --END-- [ RunTime:0.015696s ]

[ 2014-06-06T15:50:06+08:00 ] 192.168.50.4 /
INFO: [ app_begin ] --START--
INFO: Run Behavior\ReadHtmlCache [ RunTime:0.001822s ]
INFO: [ app_begin ] --END-- [ RunTime:0.002862s ]
INFO: [ view_parse ] --START--
INFO: [ template_filter ] --START--
INFO: Run Behavior\ContentReplace [ RunTime:0.000097s ]
INFO: [ template_filter ] --END-- [ RunTime:0.000275s ]
NOTIC: [8] Undefined index: rq[2] D:\wamp\www\match.boss.com\Web\Runtime\Cache\Home\bc0144a4fd1292e6da37880e61825715.php 第 49 行.
NOTIC: [8] Undefined index: rq[2] D:\wamp\www\match.boss.com\Web\Runtime\Cache\Home\bc0144a4fd1292e6da37880e61825715.php 第 49 行.
NOTIC: [8] Undefined index: rq[2] D:\wamp\www\match.boss.com\Web\Runtime\Cache\Home\bc0144a4fd1292e6da37880e61825715.php 第 49 行.
NOTIC: [8] Undefined index: rq[2] D:\wamp\www\match.boss.com\Web\Runtime\Cache\Home\bc0144a4fd1292e6da37880e61825715.php 第 49 行.
NOTIC: [8] Undefined index: rq[2] D:\wamp\www\match.boss.com\Web\Runtime\Cache\Home\bc0144a4fd1292e6da37880e61825715.php 第 49 行.
NOTIC: [8] Undefined index: rq[2] D:\wamp\www\match.boss.com\Web\Runtime\Cache\Home\bc0144a4fd1292e6da37880e61825715.php 第 49 行.
NOTIC: [8] Undefined index: rq[2] D:\wamp\www\match.boss.com\Web\Runtime\Cache\Home\bc0144a4fd1292e6da37880e61825715.php 第 49 行.
NOTIC: [8] Undefined index: rq[2] D:\wamp\www\match.boss.com\Web\Runtime\Cache\Home\bc0144a4fd1292e6da37880e61825715.php 第 49 行.
NOTIC: [8] Undefined index: rq[2] D:\wamp\www\match.boss.com\Web\Runtime\Cache\Home\bc0144a4fd1292e6da37880e61825715.php 第 49 行.
NOTIC: [8] Undefined index: rq[2] D:\wamp\www\match.boss.com\Web\Runtime\Cache\Home\bc0144a4fd1292e6da37880e61825715.php 第 49 行.
NOTIC: [8] Undefined index: rq[2] D:\wamp\www\match.boss.com\Web\Runtime\Cache\Home\bc0144a4fd1292e6da37880e61825715.php 第 49 行.
NOTIC: [8] Undefined index: rq[2] D:\wamp\www\match.boss.com\Web\Runtime\Cache\Home\bc0144a4fd1292e6da37880e61825715.php 第 49 行.
NOTIC: [8] Undefined index: rq[2] D:\wamp\www\match.boss.com\Web\Runtime\Cache\Home\bc0144a4fd1292e6da37880e61825715.php 第 49 行.
NOTIC: [8] Undefined index: rq[2] D:\wamp\www\match.boss.com\Web\Runtime\Cache\Home\bc0144a4fd1292e6da37880e61825715.php 第 49 行.
NOTIC: [8] Undefined index: rq[2] D:\wamp\www\match.boss.com\Web\Runtime\Cache\Home\bc0144a4fd1292e6da37880e61825715.php 第 49 行.
NOTIC: [8] Undefined index: rq[2] D:\wamp\www\match.boss.com\Web\Runtime\Cache\Home\bc0144a4fd1292e6da37880e61825715.php 第 49 行.
NOTIC: [8] Undefined index: rq[2] D:\wamp\www\match.boss.com\Web\Runtime\Cache\Home\bc0144a4fd1292e6da37880e61825715.php 第 49 行.
NOTIC: [8] Undefined index: rq[2] D:\wamp\www\match.boss.com\Web\Runtime\Cache\Home\bc0144a4fd1292e6da37880e61825715.php 第 49 行.
NOTIC: [8] Undefined index: rq[2] D:\wamp\www\match.boss.com\Web\Runtime\Cache\Home\bc0144a4fd1292e6da37880e61825715.php 第 49 行.
NOTIC: [8] Undefined index: rq[2] D:\wamp\www\match.boss.com\Web\Runtime\Cache\Home\bc0144a4fd1292e6da37880e61825715.php 第 49 行.
NOTIC: [8] Undefined index: rq[2] D:\wamp\www\match.boss.com\Web\Runtime\Cache\Home\bc0144a4fd1292e6da37880e61825715.php 第 49 行.
NOTIC: [8] Undefined index: rq[2] D:\wamp\www\match.boss.com\Web\Runtime\Cache\Home\bc0144a4fd1292e6da37880e61825715.php 第 49 行.
NOTIC: [8] Undefined index: rq[2] D:\wamp\www\match.boss.com\Web\Runtime\Cache\Home\bc0144a4fd1292e6da37880e61825715.php 第 49 行.
NOTIC: [8] Undefined index: rq[2] D:\wamp\www\match.boss.com\Web\Runtime\Cache\Home\bc0144a4fd1292e6da37880e61825715.php 第 49 行.
NOTIC: [8] Undefined index: rq[2] D:\wamp\www\match.boss.com\Web\Runtime\Cache\Home\bc0144a4fd1292e6da37880e61825715.php 第 49 行.
NOTIC: [8] Undefined index: rq[2] D:\wamp\www\match.boss.com\Web\Runtime\Cache\Home\bc0144a4fd1292e6da37880e61825715.php 第 49 行.
NOTIC: [8] Undefined index: rq[2] D:\wamp\www\match.boss.com\Web\Runtime\Cache\Home\bc0144a4fd1292e6da37880e61825715.php 第 49 行.
NOTIC: [8] Undefined index: rq[2] D:\wamp\www\match.boss.com\Web\Runtime\Cache\Home\bc0144a4fd1292e6da37880e61825715.php 第 49 行.
NOTIC: [8] Undefined index: rq[2] D:\wamp\www\match.boss.com\Web\Runtime\Cache\Home\bc0144a4fd1292e6da37880e61825715.php 第 49 行.
NOTIC: [8] Undefined index: rq[2] D:\wamp\www\match.boss.com\Web\Runtime\Cache\Home\bc0144a4fd1292e6da37880e61825715.php 第 49 行.
NOTIC: [8] Undefined index: rq[2] D:\wamp\www\match.boss.com\Web\Runtime\Cache\Home\bc0144a4fd1292e6da37880e61825715.php 第 49 行.
NOTIC: [8] Undefined index: rq[2] D:\wamp\www\match.boss.com\Web\Runtime\Cache\Home\bc0144a4fd1292e6da37880e61825715.php 第 49 行.
NOTIC: [8] Undefined index: rq[2] D:\wamp\www\match.boss.com\Web\Runtime\Cache\Home\bc0144a4fd1292e6da37880e61825715.php 第 49 行.
NOTIC: [8] Undefined index: rq[2] D:\wamp\www\match.boss.com\Web\Runtime\Cache\Home\bc0144a4fd1292e6da37880e61825715.php 第 49 行.
NOTIC: [8] Undefined index: rq[2] D:\wamp\www\match.boss.com\Web\Runtime\Cache\Home\bc0144a4fd1292e6da37880e61825715.php 第 49 行.
NOTIC: [8] Undefined index: rq[2] D:\wamp\www\match.boss.com\Web\Runtime\Cache\Home\bc0144a4fd1292e6da37880e61825715.php 第 49 行.
NOTIC: [8] Undefined index: rq[2] D:\wamp\www\match.boss.com\Web\Runtime\Cache\Home\bc0144a4fd1292e6da37880e61825715.php 第 49 行.
NOTIC: [8] Undefined index: rq[2] D:\wamp\www\match.boss.com\Web\Runtime\Cache\Home\bc0144a4fd1292e6da37880e61825715.php 第 49 行.
NOTIC: [8] Undefined index: rq[2] D:\wamp\www\match.boss.com\Web\Runtime\Cache\Home\bc0144a4fd1292e6da37880e61825715.php 第 49 行.
INFO: Run Behavior\ParseTemplate [ RunTime:0.021668s ]
INFO: [ view_parse ] --END-- [ RunTime:0.021839s ]
INFO: [ view_filter ] --START--
INFO: Run Behavior\WriteHtmlCache [ RunTime:0.001566s ]
INFO: [ view_filter ] --END-- [ RunTime:0.001724s ]
INFO: [ app_end ] --START--
INFO: Run Behavior\ShowPageTrace [ RunTime:0.001772s ]
INFO: [ app_end ] --END-- [ RunTime:0.001942s ]

[ 2014-06-06T15:50:11+08:00 ] 192.168.50.4 /
INFO: [ app_begin ] --START--
INFO: Run Behavior\ReadHtmlCache [ RunTime:0.001696s ]
INFO: [ app_begin ] --END-- [ RunTime:0.002833s ]
INFO: [ view_parse ] --START--
INFO: [ template_filter ] --START--
INFO: Run Behavior\ContentReplace [ RunTime:0.000108s ]
INFO: [ template_filter ] --END-- [ RunTime:0.000300s ]
NOTIC: [8] Undefined index: rq[2] D:\wamp\www\match.boss.com\Web\Runtime\Cache\Home\bc0144a4fd1292e6da37880e61825715.php 第 49 行.
NOTIC: [8] Undefined index: rq[2] D:\wamp\www\match.boss.com\Web\Runtime\Cache\Home\bc0144a4fd1292e6da37880e61825715.php 第 49 行.
NOTIC: [8] Undefined index: rq[2] D:\wamp\www\match.boss.com\Web\Runtime\Cache\Home\bc0144a4fd1292e6da37880e61825715.php 第 49 行.
NOTIC: [8] Undefined index: rq[2] D:\wamp\www\match.boss.com\Web\Runtime\Cache\Home\bc0144a4fd1292e6da37880e61825715.php 第 49 行.
NOTIC: [8] Undefined index: rq[2] D:\wamp\www\match.boss.com\Web\Runtime\Cache\Home\bc0144a4fd1292e6da37880e61825715.php 第 49 行.
NOTIC: [8] Undefined index: rq[2] D:\wamp\www\match.boss.com\Web\Runtime\Cache\Home\bc0144a4fd1292e6da37880e61825715.php 第 49 行.
NOTIC: [8] Undefined index: rq[2] D:\wamp\www\match.boss.com\Web\Runtime\Cache\Home\bc0144a4fd1292e6da37880e61825715.php 第 49 行.
NOTIC: [8] Undefined index: rq[2] D:\wamp\www\match.boss.com\Web\Runtime\Cache\Home\bc0144a4fd1292e6da37880e61825715.php 第 49 行.
NOTIC: [8] Undefined index: rq[2] D:\wamp\www\match.boss.com\Web\Runtime\Cache\Home\bc0144a4fd1292e6da37880e61825715.php 第 49 行.
NOTIC: [8] Undefined index: rq[2] D:\wamp\www\match.boss.com\Web\Runtime\Cache\Home\bc0144a4fd1292e6da37880e61825715.php 第 49 行.
NOTIC: [8] Undefined index: rq[2] D:\wamp\www\match.boss.com\Web\Runtime\Cache\Home\bc0144a4fd1292e6da37880e61825715.php 第 49 行.
NOTIC: [8] Undefined index: rq[2] D:\wamp\www\match.boss.com\Web\Runtime\Cache\Home\bc0144a4fd1292e6da37880e61825715.php 第 49 行.
NOTIC: [8] Undefined index: rq[2] D:\wamp\www\match.boss.com\Web\Runtime\Cache\Home\bc0144a4fd1292e6da37880e61825715.php 第 49 行.
NOTIC: [8] Undefined index: rq[2] D:\wamp\www\match.boss.com\Web\Runtime\Cache\Home\bc0144a4fd1292e6da37880e61825715.php 第 49 行.
NOTIC: [8] Undefined index: rq[2] D:\wamp\www\match.boss.com\Web\Runtime\Cache\Home\bc0144a4fd1292e6da37880e61825715.php 第 49 行.
NOTIC: [8] Undefined index: rq[2] D:\wamp\www\match.boss.com\Web\Runtime\Cache\Home\bc0144a4fd1292e6da37880e61825715.php 第 49 行.
NOTIC: [8] Undefined index: rq[2] D:\wamp\www\match.boss.com\Web\Runtime\Cache\Home\bc0144a4fd1292e6da37880e61825715.php 第 49 行.
NOTIC: [8] Undefined index: rq[2] D:\wamp\www\match.boss.com\Web\Runtime\Cache\Home\bc0144a4fd1292e6da37880e61825715.php 第 49 行.
NOTIC: [8] Undefined index: rq[2] D:\wamp\www\match.boss.com\Web\Runtime\Cache\Home\bc0144a4fd1292e6da37880e61825715.php 第 49 行.
NOTIC: [8] Undefined index: rq[2] D:\wamp\www\match.boss.com\Web\Runtime\Cache\Home\bc0144a4fd1292e6da37880e61825715.php 第 49 行.
NOTIC: [8] Undefined index: rq[2] D:\wamp\www\match.boss.com\Web\Runtime\Cache\Home\bc0144a4fd1292e6da37880e61825715.php 第 49 行.
NOTIC: [8] Undefined index: rq[2] D:\wamp\www\match.boss.com\Web\Runtime\Cache\Home\bc0144a4fd1292e6da37880e61825715.php 第 49 行.
NOTIC: [8] Undefined index: rq[2] D:\wamp\www\match.boss.com\Web\Runtime\Cache\Home\bc0144a4fd1292e6da37880e61825715.php 第 49 行.
NOTIC: [8] Undefined index: rq[2] D:\wamp\www\match.boss.com\Web\Runtime\Cache\Home\bc0144a4fd1292e6da37880e61825715.php 第 49 行.
NOTIC: [8] Undefined index: rq[2] D:\wamp\www\match.boss.com\Web\Runtime\Cache\Home\bc0144a4fd1292e6da37880e61825715.php 第 49 行.
NOTIC: [8] Undefined index: rq[2] D:\wamp\www\match.boss.com\Web\Runtime\Cache\Home\bc0144a4fd1292e6da37880e61825715.php 第 49 行.
NOTIC: [8] Undefined index: rq[2] D:\wamp\www\match.boss.com\Web\Runtime\Cache\Home\bc0144a4fd1292e6da37880e61825715.php 第 49 行.
NOTIC: [8] Undefined index: rq[2] D:\wamp\www\match.boss.com\Web\Runtime\Cache\Home\bc0144a4fd1292e6da37880e61825715.php 第 49 行.
NOTIC: [8] Undefined index: rq[2] D:\wamp\www\match.boss.com\Web\Runtime\Cache\Home\bc0144a4fd1292e6da37880e61825715.php 第 49 行.
NOTIC: [8] Undefined index: rq[2] D:\wamp\www\match.boss.com\Web\Runtime\Cache\Home\bc0144a4fd1292e6da37880e61825715.php 第 49 行.
NOTIC: [8] Undefined index: rq[2] D:\wamp\www\match.boss.com\Web\Runtime\Cache\Home\bc0144a4fd1292e6da37880e61825715.php 第 49 行.
NOTIC: [8] Undefined index: rq[2] D:\wamp\www\match.boss.com\Web\Runtime\Cache\Home\bc0144a4fd1292e6da37880e61825715.php 第 49 行.
NOTIC: [8] Undefined index: rq[2] D:\wamp\www\match.boss.com\Web\Runtime\Cache\Home\bc0144a4fd1292e6da37880e61825715.php 第 49 行.
NOTIC: [8] Undefined index: rq[2] D:\wamp\www\match.boss.com\Web\Runtime\Cache\Home\bc0144a4fd1292e6da37880e61825715.php 第 49 行.
NOTIC: [8] Undefined index: rq[2] D:\wamp\www\match.boss.com\Web\Runtime\Cache\Home\bc0144a4fd1292e6da37880e61825715.php 第 49 行.
NOTIC: [8] Undefined index: rq[2] D:\wamp\www\match.boss.com\Web\Runtime\Cache\Home\bc0144a4fd1292e6da37880e61825715.php 第 49 行.
NOTIC: [8] Undefined index: rq[2] D:\wamp\www\match.boss.com\Web\Runtime\Cache\Home\bc0144a4fd1292e6da37880e61825715.php 第 49 行.
NOTIC: [8] Undefined index: rq[2] D:\wamp\www\match.boss.com\Web\Runtime\Cache\Home\bc0144a4fd1292e6da37880e61825715.php 第 49 行.
NOTIC: [8] Undefined index: rq[2] D:\wamp\www\match.boss.com\Web\Runtime\Cache\Home\bc0144a4fd1292e6da37880e61825715.php 第 49 行.
INFO: Run Behavior\ParseTemplate [ RunTime:0.019665s ]
INFO: [ view_parse ] --END-- [ RunTime:0.019833s ]
INFO: [ view_filter ] --START--
INFO: Run Behavior\WriteHtmlCache [ RunTime:0.001260s ]
INFO: [ view_filter ] --END-- [ RunTime:0.001414s ]
INFO: [ app_end ] --START--
INFO: Run Behavior\ShowPageTrace [ RunTime:0.003766s ]
INFO: [ app_end ] --END-- [ RunTime:0.003942s ]

[ 2014-06-06T15:50:17+08:00 ] 192.168.50.4 /
INFO: [ app_begin ] --START--
INFO: Run Behavior\ReadHtmlCache [ RunTime:0.001659s ]
INFO: [ app_begin ] --END-- [ RunTime:0.002695s ]
INFO: [ view_parse ] --START--
INFO: [ template_filter ] --START--
INFO: Run Behavior\ContentReplace [ RunTime:0.000095s ]
INFO: [ template_filter ] --END-- [ RunTime:0.000262s ]
INFO: Run Behavior\ParseTemplate [ RunTime:0.040652s ]
INFO: [ view_parse ] --END-- [ RunTime:0.040851s ]
INFO: [ view_filter ] --START--
INFO: Run Behavior\WriteHtmlCache [ RunTime:0.001223s ]
INFO: [ view_filter ] --END-- [ RunTime:0.001380s ]
INFO: [ app_end ] --START--
INFO: Run Behavior\ShowPageTrace [ RunTime:0.001735s ]
INFO: [ app_end ] --END-- [ RunTime:0.001902s ]

[ 2014-06-06T15:56:24+08:00 ] 192.168.50.4 /
INFO: [ app_begin ] --START--
INFO: Run Behavior\ReadHtmlCache [ RunTime:0.003375s ]
INFO: [ app_begin ] --END-- [ RunTime:0.004442s ]
INFO: [ view_parse ] --START--
INFO: [ template_filter ] --START--
INFO: Run Behavior\ContentReplace [ RunTime:0.000094s ]
INFO: [ template_filter ] --END-- [ RunTime:0.000258s ]
INFO: Run Behavior\ParseTemplate [ RunTime:0.017570s ]
INFO: [ view_parse ] --END-- [ RunTime:0.017775s ]
INFO: [ view_filter ] --START--
INFO: Run Behavior\WriteHtmlCache [ RunTime:0.001499s ]
INFO: [ view_filter ] --END-- [ RunTime:0.001695s ]
INFO: [ app_end ] --START--
INFO: Run Behavior\ShowPageTrace [ RunTime:0.001757s ]
INFO: [ app_end ] --END-- [ RunTime:0.001929s ]

[ 2014-06-06T15:56:53+08:00 ] 192.168.50.4 /
INFO: [ app_begin ] --START--
INFO: Run Behavior\ReadHtmlCache [ RunTime:0.002418s ]
INFO: [ app_begin ] --END-- [ RunTime:0.003616s ]
INFO: [ view_parse ] --START--
INFO: [ template_filter ] --START--
INFO: Run Behavior\ContentReplace [ RunTime:0.000102s ]
INFO: [ template_filter ] --END-- [ RunTime:0.000282s ]
INFO: Run Behavior\ParseTemplate [ RunTime:0.020952s ]
INFO: [ view_parse ] --END-- [ RunTime:0.021156s ]
INFO: [ view_filter ] --START--
INFO: Run Behavior\WriteHtmlCache [ RunTime:0.001241s ]
INFO: [ view_filter ] --END-- [ RunTime:0.001398s ]
INFO: [ app_end ] --START--
INFO: Run Behavior\ShowPageTrace [ RunTime:0.001699s ]
INFO: [ app_end ] --END-- [ RunTime:0.001874s ]

[ 2014-06-06T15:57:23+08:00 ] 192.168.50.4 /
INFO: [ app_begin ] --START--
INFO: Run Behavior\ReadHtmlCache [ RunTime:0.000901s ]
INFO: [ app_begin ] --END-- [ RunTime:0.001759s ]
INFO: [ view_parse ] --START--
INFO: [ template_filter ] --START--
INFO: Run Behavior\ContentReplace [ RunTime:0.000095s ]
INFO: [ template_filter ] --END-- [ RunTime:0.000266s ]
INFO: Run Behavior\ParseTemplate [ RunTime:0.015169s ]
INFO: [ view_parse ] --END-- [ RunTime:0.015384s ]
INFO: [ view_filter ] --START--
INFO: Run Behavior\WriteHtmlCache [ RunTime:0.000977s ]
INFO: [ view_filter ] --END-- [ RunTime:0.001224s ]
INFO: [ app_end ] --START--
INFO: Run Behavior\ShowPageTrace [ RunTime:0.001782s ]
INFO: [ app_end ] --END-- [ RunTime:0.001988s ]

[ 2014-06-06T15:57:51+08:00 ] 192.168.50.4 /
INFO: [ app_begin ] --START--
INFO: Run Behavior\ReadHtmlCache [ RunTime:0.000816s ]
INFO: [ app_begin ] --END-- [ RunTime:0.001568s ]
INFO: [ view_parse ] --START--
INFO: [ template_filter ] --START--
INFO: Run Behavior\ContentReplace [ RunTime:0.000096s ]
INFO: [ template_filter ] --END-- [ RunTime:0.000266s ]
INFO: Run Behavior\ParseTemplate [ RunTime:0.013712s ]
INFO: [ view_parse ] --END-- [ RunTime:0.013925s ]
INFO: [ view_filter ] --START--
INFO: Run Behavior\WriteHtmlCache [ RunTime:0.000896s ]
INFO: [ view_filter ] --END-- [ RunTime:0.001141s ]
INFO: [ app_end ] --START--
INFO: Run Behavior\ShowPageTrace [ RunTime:0.001487s ]
INFO: [ app_end ] --END-- [ RunTime:0.001682s ]

[ 2014-06-06T15:57:58+08:00 ] 192.168.50.4 /
INFO: [ app_begin ] --START--
INFO: Run Behavior\ReadHtmlCache [ RunTime:0.001700s ]
INFO: [ app_begin ] --END-- [ RunTime:0.003126s ]
INFO: [ view_parse ] --START--
INFO: [ template_filter ] --START--
INFO: Run Behavior\ContentReplace [ RunTime:0.000098s ]
INFO: [ template_filter ] --END-- [ RunTime:0.000271s ]
INFO: Run Behavior\ParseTemplate [ RunTime:0.016187s ]
INFO: [ view_parse ] --END-- [ RunTime:0.016392s ]
INFO: [ view_filter ] --START--
INFO: Run Behavior\WriteHtmlCache [ RunTime:0.001287s ]
INFO: [ view_filter ] --END-- [ RunTime:0.001448s ]
INFO: [ app_end ] --START--
INFO: Run Behavior\ShowPageTrace [ RunTime:0.002023s ]
INFO: [ app_end ] --END-- [ RunTime:0.002236s ]

[ 2014-06-06T16:11:13+08:00 ] 192.168.50.4 /index.php/Home/
INFO: [ app_begin ] --START--
INFO: Run Behavior\ReadHtmlCache [ RunTime:0.002655s ]
INFO: [ app_begin ] --END-- [ RunTime:0.006119s ]
INFO: [ view_parse ] --START--
INFO: [ template_filter ] --START--
INFO: Run Behavior\ContentReplace [ RunTime:0.000216s ]
INFO: [ template_filter ] --END-- [ RunTime:0.000641s ]
NOTIC: [8] Undefined variable: data D:\wamp\www\match.boss.com\Web\Runtime\Cache\Home\bc0144a4fd1292e6da37880e61825715.php 第 42 行.
INFO: Run Behavior\ParseTemplate [ RunTime:0.046313s ]
INFO: [ view_parse ] --END-- [ RunTime:0.046508s ]
INFO: [ view_filter ] --START--
INFO: Run Behavior\WriteHtmlCache [ RunTime:0.002342s ]
INFO: [ view_filter ] --END-- [ RunTime:0.002516s ]
INFO: [ app_end ] --START--
INFO: Run Behavior\ShowPageTrace [ RunTime:0.001972s ]
INFO: [ app_end ] --END-- [ RunTime:0.005687s ]

[ 2014-06-06T16:11:24+08:00 ] 192.168.50.4 /index.php/Home/getOdds
INFO: [ app_begin ] --START--
INFO: Run Behavior\ReadHtmlCache [ RunTime:0.001726s ]
INFO: [ app_begin ] --END-- [ RunTime:0.002808s ]
ERR: 无法加载控制器:GetOdds

[ 2014-06-06T16:12:26+08:00 ] 192.168.50.4 /index.php/Home/Index/getOdds
INFO: [ app_begin ] --START--
INFO: Run Behavior\ReadHtmlCache [ RunTime:0.000950s ]
INFO: [ app_begin ] --END-- [ RunTime:0.001820s ]

[ 2014-06-06T16:13:07+08:00 ] 192.168.50.4 /index.php/Home/Index/getOdds
INFO: [ app_begin ] --START--
INFO: Run Behavior\ReadHtmlCache [ RunTime:0.001885s ]
INFO: [ app_begin ] --END-- [ RunTime:0.003031s ]
INFO: [ view_parse ] --START--
INFO: [ template_filter ] --START--
INFO: Run Behavior\ContentReplace [ RunTime:0.000100s ]
INFO: [ template_filter ] --END-- [ RunTime:0.000272s ]
INFO: Run Behavior\ParseTemplate [ RunTime:0.015611s ]
INFO: [ view_parse ] --END-- [ RunTime:0.015816s ]
INFO: [ view_filter ] --START--
INFO: Run Behavior\WriteHtmlCache [ RunTime:0.001267s ]
INFO: [ view_filter ] --END-- [ RunTime:0.001422s ]
INFO: [ app_end ] --START--
INFO: Run Behavior\ShowPageTrace [ RunTime:0.001639s ]
INFO: [ app_end ] --END-- [ RunTime:0.001806s ]

[ 2014-06-06T16:29:41+08:00 ] 192.168.50.4 /index.php/Home/Index/getOdds
INFO: [ app_begin ] --START--
INFO: Run Behavior\ReadHtmlCache [ RunTime:0.004275s ]
INFO: [ app_begin ] --END-- [ RunTime:0.005429s ]
INFO: [ view_parse ] --START--
INFO: [ template_filter ] --START--
INFO: Run Behavior\ContentReplace [ RunTime:0.000095s ]
INFO: [ template_filter ] --END-- [ RunTime:0.000258s ]
INFO: Run Behavior\ParseTemplate [ RunTime:0.016042s ]
INFO: [ view_parse ] --END-- [ RunTime:0.016267s ]
INFO: [ view_filter ] --START--
INFO: Run Behavior\WriteHtmlCache [ RunTime:0.001412s ]
INFO: [ view_filter ] --END-- [ RunTime:0.001589s ]
INFO: [ app_end ] --START--
INFO: Run Behavior\ShowPageTrace [ RunTime:0.001783s ]
INFO: [ app_end ] --END-- [ RunTime:0.001963s ]

[ 2014-06-06T17:40:26+08:00 ] 192.168.50.4 /index.php/Home/Index/getOdds
INFO: [ app_begin ] --START--
INFO: Run Behavior\ReadHtmlCache [ RunTime:0.006410s ]
INFO: [ app_begin ] --END-- [ RunTime:0.039849s ]
INFO: [ view_parse ] --START--
INFO: [ template_filter ] --START--
INFO: Run Behavior\ContentReplace [ RunTime:0.000271s ]
INFO: [ template_filter ] --END-- [ RunTime:0.015757s ]
INFO: Run Behavior\ParseTemplate [ RunTime:0.516200s ]
INFO: [ view_parse ] --END-- [ RunTime:0.516441s ]
INFO: [ view_filter ] --START--
INFO: Run Behavior\WriteHtmlCache [ RunTime:0.002267s ]
INFO: [ view_filter ] --END-- [ RunTime:0.002452s ]
INFO: [ app_end ] --START--
INFO: Run Behavior\ShowPageTrace [ RunTime:0.037178s ]
INFO: [ app_end ] --END-- [ RunTime:0.037405s ]

[ 2014-06-06T17:41:38+08:00 ] 192.168.50.4 /index.php/Home/Index/getOdds
INFO: [ app_begin ] --START--
INFO: Run Behavior\ReadHtmlCache [ RunTime:0.003602s ]
INFO: [ app_begin ] --END-- [ RunTime:0.005304s ]
INFO: [ view_parse ] --START--
INFO: [ template_filter ] --START--
INFO: Run Behavior\ContentReplace [ RunTime:0.000096s ]
INFO: [ template_filter ] --END-- [ RunTime:0.000269s ]
INFO: Run Behavior\ParseTemplate [ RunTime:0.015374s ]
INFO: [ view_parse ] --END-- [ RunTime:0.015590s ]
INFO: [ view_filter ] --START--
INFO: Run Behavior\WriteHtmlCache [ RunTime:0.001618s ]
INFO: [ view_filter ] --END-- [ RunTime:0.001791s ]
INFO: [ app_end ] --START--
INFO: Run Behavior\ShowPageTrace [ RunTime:0.002018s ]
INFO: [ app_end ] --END-- [ RunTime:0.002215s ]

[ 2014-06-06T18:00:15+08:00 ] 192.168.50.4 /index.php/Home/Index/getOdds
INFO: [ app_begin ] --START--
INFO: Run Behavior\ReadHtmlCache [ RunTime:0.008957s ]
INFO: [ app_begin ] --END-- [ RunTime:0.010122s ]
INFO: [ view_parse ] --START--
INFO: [ template_filter ] --START--
INFO: Run Behavior\ContentReplace [ RunTime:0.000101s ]
INFO: [ template_filter ] --END-- [ RunTime:0.000373s ]
INFO: Run Behavior\ParseTemplate [ RunTime:0.017464s ]
INFO: [ view_parse ] --END-- [ RunTime:0.017713s ]
INFO: [ view_filter ] --START--
INFO: Run Behavior\WriteHtmlCache [ RunTime:0.001601s ]
INFO: [ view_filter ] --END-- [ RunTime:0.001765s ]
INFO: [ app_end ] --START--
INFO: Run Behavior\ShowPageTrace [ RunTime:0.001927s ]
INFO: [ app_end ] --END-- [ RunTime:0.002113s ]

