[ 2014-11-30T01:36:49+08:00 ] 127.0.0.1 /Home/Match/teamUpAll.html
ERR: 1062:Duplicate entry '60' for key 'PRIMARY'
 [ SQLè¯­å¥ ] : INSERT INTO `m_team` (`tid`,`tname`,`oname`,`uptime`) VALUES (60,'æ¡‘å¾·å…\°','æ¡‘å¾·å…\°','2014-11-30 01:36:48')
ERR: 1062:Duplicate entry '7' for key 'PRIMARY'
 [ SQLè¯­å¥ ] : INSERT INTO `m_team` (`tid`,`tname`,`oname`,`uptime`) VALUES (7,'åˆ‡å°”è¥\¿','åˆ‡å°”è¥\¿','2014-11-30 01:36:48')
ERR: 1062:Duplicate entry '60' for key 'PRIMARY'
 [ SQLè¯­å¥ ] : INSERT INTO `m_team` (`tid`,`tname`,`oname`,`uptime`) VALUES (60,'æ¡‘å¾·å…\°','æ¡‘å¾·å…\°','2014-11-30 01:36:48')
ERR: 1062:Duplicate entry '60' for key 'PRIMARY'
 [ SQLè¯­å¥ ] : INSERT INTO `m_team` (`tid`,`tname`,`oname`,`uptime`) VALUES (60,'æ¡‘å¾·å…\°','æ¡‘å¾·å…\°','2014-11-30 01:36:48')
ERR: 1062:Duplicate entry '7' for key 'PRIMARY'
 [ SQLè¯­å¥ ] : INSERT INTO `m_team` (`tid`,`tname`,`oname`,`uptime`) VALUES (7,'åˆ‡å°”è¥\¿','åˆ‡å°”è¥\¿','2014-11-30 01:36:48')
ERR: 1062:Duplicate entry '158' for key 'PRIMARY'
 [ SQLè¯­å¥ ] : INSERT INTO `m_team` (`tid`,`tname`,`oname`,`uptime`) VALUES (158,'éœèŠ¬æµ·å§†','éœèŠ¬æµ·å§†','2014-11-30 01:36:48')
ERR: 1062:Duplicate entry '664' for key 'PRIMARY'
 [ SQLè¯­å¥ ] : INSERT INTO `m_team` (`tid`,`tname`,`oname`,`uptime`) VALUES (664,'çš‡å®¶é©¬å¾·é‡\Œ','çš‡å®¶é©¬å¾·é‡\Œ','2014-11-30 01:36:48')
ERR: 1062:Duplicate entry '512' for key 'PRIMARY'
 [ SQLè¯­å¥ ] : INSERT INTO `m_team` (`tid`,`tname`,`oname`,`uptime`) VALUES (512,'é©¬æ‹‰åŠ\ ','é©¬æ‹‰åŠ\ ','2014-11-30 01:36:48')
ERR: 1062:Duplicate entry '664' for key 'PRIMARY'
 [ SQLè¯­å¥ ] : INSERT INTO `m_team` (`tid`,`tname`,`oname`,`uptime`) VALUES (664,'çš‡å®¶é©¬å¾·é‡\Œ','çš‡å®¶é©¬å¾·é‡\Œ','2014-11-30 01:36:48')
ERR: 1062:Duplicate entry '750' for key 'PRIMARY'
 [ SQLè¯­å¥ ] : INSERT INTO `m_team` (`tid`,`tname`,`oname`,`uptime`) VALUES (750,'æ´›é‡Œæ˜\‚','æ´›é‡Œæ˜\‚','2014-11-30 01:36:48')
ERR: 1062:Duplicate entry '121' for key 'PRIMARY'
 [ SQLè¯­å¥ ] : INSERT INTO `m_team` (`tid`,`tname`,`oname`,`uptime`) VALUES (121,'åˆ‡æ²ƒ','åˆ‡æ²ƒ','2014-11-30 01:36:48')
ERR: 1062:Duplicate entry '125' for key 'PRIMARY'
 [ SQLè¯­å¥ ] : INSERT INTO `m_team` (`tid`,`tname`,`oname`,`uptime`) VALUES (125,'æ‹‰é½å¥\¥','æ‹‰é½å¥\¥','2014-11-30 01:36:48')
ERR: 1062:Duplicate entry '125' for key 'PRIMARY'
 [ SQLè¯­å¥ ] : INSERT INTO `m_team` (`tid`,`tname`,`oname`,`uptime`) VALUES (125,'æ‹‰é½å¥\¥','æ‹‰é½å¥\¥','2014-11-30 01:36:48')
ERR: 1062:Duplicate entry '121' for key 'PRIMARY'
 [ SQLè¯­å¥ ] : INSERT INTO `m_team` (`tid`,`tname`,`oname`,`uptime`) VALUES (121,'åˆ‡æ²ƒ','åˆ‡æ²ƒ','2014-11-30 01:36:48')
ERR: 1062:Duplicate entry '125' for key 'PRIMARY'
 [ SQLè¯­å¥ ] : INSERT INTO `m_team` (`tid`,`tname`,`oname`,`uptime`) VALUES (125,'æ‹‰é½å¥\¥','æ‹‰é½å¥\¥','2014-11-30 01:36:48')
ERR: 1062:Duplicate entry '1097' for key 'PRIMARY'
 [ SQLè¯­å¥ ] : INSERT INTO `m_team` (`tid`,`tname`,`oname`,`uptime`) VALUES (1097,'ç»´å¤šåˆ©äºš','ç»´å¤šåˆ©äºš','2014-11-30 01:36:48')
ERR: 1062:Duplicate entry '1136' for key 'PRIMARY'
 [ SQLè¯­å¥ ] : INSERT INTO `m_team` (`tid`,`tname`,`oname`,`uptime`) VALUES (1136,'çº½å¡æ–¯å°”å–·æ°”æœ\º','çº½å¡æ–¯å°”å–·æ°”æœ\º','2014-11-30 01:36:48')
ERR: 1062:Duplicate entry '1136' for key 'PRIMARY'
 [ SQLè¯­å¥ ] : INSERT INTO `m_team` (`tid`,`tname`,`oname`,`uptime`) VALUES (1136,'çº½å¡æ–¯å°”å–·æ°”æœ\º','çº½å¡æ–¯å°”å–·æ°”æœ\º','2014-11-30 01:36:48')
ERR: 1062:Duplicate entry '145' for key 'PRIMARY'
 [ SQLè¯­å¥ ] : INSERT INTO `m_team` (`tid`,`tname`,`oname`,`uptime`) VALUES (145,'å‡¯æ³½æ–¯åŠ³æ»\•','å‡¯æ³½æ–¯åŠ³æ»\•','2014-11-30 01:36:48')
ERR: 1062:Duplicate entry '715' for key 'PRIMARY'
 [ SQLè¯­å¥ ] : INSERT INTO `m_team` (`tid`,`tname`,`oname`,`uptime`) VALUES (715,'åœ£ä¿åˆ\©','åœ£ä¿åˆ\©','2014-11-30 01:36:48')
ERR: 1062:Duplicate entry '145' for key 'PRIMARY'
 [ SQLè¯­å¥ ] : INSERT INTO `m_team` (`tid`,`tname`,`oname`,`uptime`) VALUES (145,'å‡¯æ³½æ–¯åŠ³æ»\•','å‡¯æ³½æ–¯åŠ³æ»\•','2014-11-30 01:36:48')
ERR: 1062:Duplicate entry '839' for key 'PRIMARY'
 [ SQLè¯­å¥ ] : INSERT INTO `m_team` (`tid`,`tname`,`oname`,`uptime`) VALUES (839,'æ¡‘å¾·è±ªæ£®','æ¡‘å¾·è±ªæ£®','2014-11-30 01:36:48')
ERR: 1062:Duplicate entry '1142' for key 'PRIMARY'
 [ SQLè¯­å¥ ] : INSERT INTO `m_team` (`tid`,`tname`,`oname`,`uptime`) VALUES (1142,'FSVæ³•å…°å…‹ç¦','FSVæ³•å…°å…‹ç¦','2014-11-30 01:36:48')
ERR: 1062:Duplicate entry '521' for key 'PRIMARY'
 [ SQLè¯­å¥ ] : INSERT INTO `m_team` (`tid`,`tname`,`oname`,`uptime`) VALUES (521,'æ…•å°¼é»\‘1860','æ…•å°¼é»\‘1860','2014-11-30 01:36:48')
ERR: 1062:Duplicate entry '1142' for key 'PRIMARY'
 [ SQLè¯­å¥ ] : INSERT INTO `m_team` (`tid`,`tname`,`oname`,`uptime`) VALUES (1142,'FSVæ³•å…°å…‹ç¦','FSVæ³•å…°å…‹ç¦','2014-11-30 01:36:48')
ERR: 1062:Duplicate entry '816' for key 'PRIMARY'
 [ SQLè¯­å¥ ] : INSERT INTO `m_team` (`tid`,`tname`,`oname`,`uptime`) VALUES (816,'SBVç²¾è‹±','SBVç²¾è‹±','2014-11-30 01:36:48')
ERR: 1062:Duplicate entry '26' for key 'PRIMARY'
 [ SQLè¯­å¥ ] : INSERT INTO `m_team` (`tid`,`tname`,`oname`,`uptime`) VALUES (26,'çƒ­é‚£äº\š','çƒ­é‚£äº\š','2014-11-30 01:36:48')
ERR: 1062:Duplicate entry '26' for key 'PRIMARY'
 [ SQLè¯­å¥ ] : INSERT INTO `m_team` (`tid`,`tname`,`oname`,`uptime`) VALUES (26,'çƒ­é‚£äº\š','çƒ­é‚£äº\š','2014-11-30 01:36:48')
ERR: 1062:Duplicate entry '26' for key 'PRIMARY'
 [ SQLè¯­å¥ ] : INSERT INTO `m_team` (`tid`,`tname`,`oname`,`uptime`) VALUES (26,'çƒ­é‚£äº\š','çƒ­é‚£äº\š','2014-11-30 01:36:48')
ERR: 1062:Duplicate entry '135' for key 'PRIMARY'
 [ SQLè¯­å¥ ] : INSERT INTO `m_team` (`tid`,`tname`,`oname`,`uptime`) VALUES (135,'ä¹Œè¿ªå†…æ–¯','ä¹Œè¿ªå†…æ–¯','2014-11-30 01:36:48')
ERR: 1062:Duplicate entry '135' for key 'PRIMARY'
 [ SQLè¯­å¥ ] : INSERT INTO `m_team` (`tid`,`tname`,`oname`,`uptime`) VALUES (135,'ä¹Œè¿ªå†…æ–¯','ä¹Œè¿ªå†…æ–¯','2014-11-30 01:36:48')
ERR: 1062:Duplicate entry '116' for key 'PRIMARY'
 [ SQLè¯­å¥ ] : INSERT INTO `m_team` (`tid`,`tname`,`oname`,`uptime`) VALUES (116,'ACç±³å…°','ACç±³å…°','2014-11-30 01:36:48')
ERR: 1062:Duplicate entry '135' for key 'PRIMARY'
 [ SQLè¯­å¥ ] : INSERT INTO `m_team` (`tid`,`tname`,`oname`,`uptime`) VALUES (135,'ä¹Œè¿ªå†…æ–¯','ä¹Œè¿ªå†…æ–¯','2014-11-30 01:36:48')
ERR: 1062:Duplicate entry '117' for key 'PRIMARY'
 [ SQLè¯­å¥ ] : INSERT INTO `m_team` (`tid`,`tname`,`oname`,`uptime`) VALUES (117,'äºšç‰¹å…°å¤§','äºšç‰¹å…°å¤§','2014-11-30 01:36:48')
ERR: 1062:Duplicate entry '129' for key 'PRIMARY'
 [ SQLè¯­å¥ ] : INSERT INTO `m_team` (`tid`,`tname`,`oname`,`uptime`) VALUES (129,'å·´å‹’è\«','å·´å‹’è\«','2014-11-30 01:36:48')
ERR: 1062:Duplicate entry '130' for key 'PRIMARY'
 [ SQLè¯­å¥ ] : INSERT INTO `m_team` (`tid`,`tname`,`oname`,`uptime`) VALUES (130,'å¸•å°”é©\¬','å¸•å°”é©\¬','2014-11-30 01:36:48')
ERR: 1062:Duplicate entry '120' for key 'PRIMARY'
 [ SQLè¯­å¥ ] : INSERT INTO `m_team` (`tid`,`tname`,`oname`,`uptime`) VALUES (120,'å¡åˆ©äºšé‡Œ','å¡åˆ©äºšé‡Œ','2014-11-30 01:36:49')
ERR: 1062:Duplicate entry '120' for key 'PRIMARY'
 [ SQLè¯­å¥ ] : INSERT INTO `m_team` (`tid`,`tname`,`oname`,`uptime`) VALUES (120,'å¡åˆ©äºšé‡Œ','å¡åˆ©äºšé‡Œ','2014-11-30 01:36:49')
ERR: 1062:Duplicate entry '122' for key 'PRIMARY'
 [ SQLè¯­å¥ ] : INSERT INTO `m_team` (`tid`,`tname`,`oname`,`uptime`) VALUES (122,'ä½›ç½—ä¼¦è¨','ä½›ç½—ä¼¦è¨','2014-11-30 01:36:49')
ERR: 1062:Duplicate entry '120' for key 'PRIMARY'
 [ SQLè¯­å¥ ] : INSERT INTO `m_team` (`tid`,`tname`,`oname`,`uptime`) VALUES (120,'å¡åˆ©äºšé‡Œ','å¡åˆ©äºšé‡Œ','2014-11-30 01:36:49')
ERR: 1062:Duplicate entry '154' for key 'PRIMARY'
 [ SQLè¯­å¥ ] : INSERT INTO `m_team` (`tid`,`tname`,`oname`,`uptime`) VALUES (154,'æ²ƒå°”å¤«æ–¯å \¡','æ²ƒå°”å¤«æ–¯å \¡','2014-11-30 01:36:49')
ERR: 1062:Duplicate entry '148' for key 'PRIMARY'
 [ SQLè¯­å¥ ] : INSERT INTO `m_team` (`tid`,`tname`,`oname`,`uptime`) VALUES (148,'é—¨å…´æ ¼æ‹‰å¾·å·´èµ\«','é—¨å…´æ ¼æ‹‰å¾·å·´èµ\«','2014-11-30 01:36:49')
ERR: 1062:Duplicate entry '211' for key 'PRIMARY'
 [ SQLè¯­å¥ ] : INSERT INTO `m_team` (`tid`,`tname`,`oname`,`uptime`) VALUES (211,'å‡¯å°”ç‰¹äºº','å‡¯å°”ç‰¹äºº','2014-11-30 01:36:49')
ERR: 1062:Duplicate entry '211' for key 'PRIMARY'
 [ SQLè¯­å¥ ] : INSERT INTO `m_team` (`tid`,`tname`,`oname`,`uptime`) VALUES (211,'å‡¯å°”ç‰¹äºº','å‡¯å°”ç‰¹äºº','2014-11-30 01:36:49')
ERR: 1062:Duplicate entry '19' for key 'PRIMARY'
 [ SQLè¯­å¥ ] : INSERT INTO `m_team` (`tid`,`tname`,`oname`,`uptime`) VALUES (19,'æ‰˜ç‰¹çº³å§†çƒ­åˆº','æ‰˜ç‰¹çº³å§†çƒ­åˆº','2014-11-30 01:36:49')
ERR: 1062:Duplicate entry '9' for key 'PRIMARY'
 [ SQLè¯­å¥ ] : INSERT INTO `m_team` (`tid`,`tname`,`oname`,`uptime`) VALUES (9,'åŸƒå¼—é¡\¿','åŸƒå¼—é¡\¿','2014-11-30 01:36:49')
ERR: 1062:Duplicate entry '19' for key 'PRIMARY'
 [ SQLè¯­å¥ ] : INSERT INTO `m_team` (`tid`,`tname`,`oname`,`uptime`) VALUES (19,'æ‰˜ç‰¹çº³å§†çƒ­åˆº','æ‰˜ç‰¹çº³å§†çƒ­åˆº','2014-11-30 01:36:49')
ERR: 1062:Duplicate entry '9' for key 'PRIMARY'
 [ SQLè¯­å¥ ] : INSERT INTO `m_team` (`tid`,`tname`,`oname`,`uptime`) VALUES (9,'åŸƒå¼—é¡\¿','åŸƒå¼—é¡\¿','2014-11-30 01:36:49')
ERR: 1062:Duplicate entry '677' for key 'PRIMARY'
 [ SQLè¯­å¥ ] : INSERT INTO `m_team` (`tid`,`tname`,`oname`,`uptime`) VALUES (677,'å¡ç»´åˆ©äºš','å¡ç»´åˆ©äºš','2014-11-30 01:36:49')
ERR: 1062:Duplicate entry '677' for key 'PRIMARY'
 [ SQLè¯­å¥ ] : INSERT INTO `m_team` (`tid`,`tname`,`oname`,`uptime`) VALUES (677,'å¡ç»´åˆ©äºš','å¡ç»´åˆ©äºš','2014-11-30 01:36:49')
ERR: 1062:Duplicate entry '200' for key 'PRIMARY'
 [ SQLè¯­å¥ ] : INSERT INTO `m_team` (`tid`,`tname`,`oname`,`uptime`) VALUES (200,'ç”˜å†ˆ','ç”˜å†ˆ','2014-11-30 01:36:49')
ERR: 1062:Duplicate entry '170' for key 'PRIMARY'
 [ SQLè¯­å¥ ] : INSERT INTO `m_team` (`tid`,`tname`,`oname`,`uptime`) VALUES (170,'æ³•å…°å…‹ç¦','æ³•å…°å…‹ç¦','2014-11-30 01:36:49')
ERR: 1062:Duplicate entry '170' for key 'PRIMARY'
 [ SQLè¯­å¥ ] : INSERT INTO `m_team` (`tid`,`tname`,`oname`,`uptime`) VALUES (170,'æ³•å…°å…‹ç¦','æ³•å…°å…‹ç¦','2014-11-30 01:36:49')
ERR: 1062:Duplicate entry '140' for key 'PRIMARY'
 [ SQLè¯­å¥ ] : INSERT INTO `m_team` (`tid`,`tname`,`oname`,`uptime`) VALUES (140,'å¤šç‰¹è’™å¾·','å¤šç‰¹è’™å¾·','2014-11-30 01:36:49')
ERR: 1062:Duplicate entry '124' for key 'PRIMARY'
 [ SQLè¯­å¥ ] : INSERT INTO `m_team` (`tid`,`tname`,`oname`,`uptime`) VALUES (124,'å°¤æ–‡å›¾æ–¯','å°¤æ–‡å›¾æ–¯','2014-11-30 01:36:49')
ERR: 1062:Duplicate entry '136' for key 'PRIMARY'
 [ SQLè¯­å¥ ] : INSERT INTO `m_team` (`tid`,`tname`,`oname`,`uptime`) VALUES (136,'éƒ½çµ','éƒ½çµ','2014-11-30 01:36:49')
ERR: 1062:Duplicate entry '124' for key 'PRIMARY'
 [ SQLè¯­å¥ ] : INSERT INTO `m_team` (`tid`,`tname`,`oname`,`uptime`) VALUES (124,'å°¤æ–‡å›¾æ–¯','å°¤æ–‡å›¾æ–¯','2014-11-30 01:36:49')
ERR: 1062:Duplicate entry '136' for key 'PRIMARY'
 [ SQLè¯­å¥ ] : INSERT INTO `m_team` (`tid`,`tname`,`oname`,`uptime`) VALUES (136,'éƒ½çµ','éƒ½çµ','2014-11-30 01:36:49')
ERR: 1062:Duplicate entry '679' for key 'PRIMARY'
 [ SQLè¯­å¥ ] : INSERT INTO `m_team` (`tid`,`tname`,`oname`,`uptime`) VALUES (679,'æ¯”åˆ©äºšé›·äºšå°”','æ¯”åˆ©äºšé›·äºšå°”','2014-11-30 01:36:49')
ERR: 1062:Duplicate entry '679' for key 'PRIMARY'
 [ SQLè¯­å¥ ] : INSERT INTO `m_team` (`tid`,`tname`,`oname`,`uptime`) VALUES (679,'æ¯”åˆ©äºšé›·äºšå°”','æ¯”åˆ©äºšé›·äºšå°”','2014-11-30 01:36:49')
ERR: 1062:Duplicate entry '679' for key 'PRIMARY'
 [ SQLè¯­å¥ ] : INSERT INTO `m_team` (`tid`,`tname`,`oname`,`uptime`) VALUES (679,'æ¯”åˆ©äºšé›·äºšå°”','æ¯”åˆ©äºšé›·äºšå°”','2014-11-30 01:36:49')
ERR: 1062:Duplicate entry '267' for key 'PRIMARY'
 [ SQLè¯­å¥ ] : INSERT INTO `m_team` (`tid`,`tname`,`oname`,`uptime`) VALUES (267,'æœ¬è²å\¡','æœ¬è²å\¡','2014-11-30 01:36:49')
ERR: 1062:Duplicate entry '569' for key 'PRIMARY'
 [ SQLè¯­å¥ ] : INSERT INTO `m_team` (`tid`,`tname`,`oname`,`uptime`) VALUES (569,'å…‹é²å¡ç½—','å…‹é²å¡ç½—','2014-11-30 01:36:49')
ERR: 1062:Duplicate entry '132' for key 'PRIMARY'
 [ SQLè¯­å¥ ] : INSERT INTO `m_team` (`tid`,`tname`,`oname`,`uptime`) VALUES (132,'ç½—é©¬','ç½—é©¬','2014-11-30 01:36:49')
ERR: 1062:Duplicate entry '132' for key 'PRIMARY'
 [ SQLè¯­å¥ ] : INSERT INTO `m_team` (`tid`,`tname`,`oname`,`uptime`) VALUES (132,'ç½—é©¬','ç½—é©¬','2014-11-30 01:36:49')
ERR: 1062:Duplicate entry '132' for key 'PRIMARY'
 [ SQLè¯­å¥ ] : INSERT INTO `m_team` (`tid`,`tname`,`oname`,`uptime`) VALUES (132,'ç½—é©¬','ç½—é©¬','2014-11-30 01:36:49')
ERR: 1062:Duplicate entry '123' for key 'PRIMARY'
 [ SQLè¯­å¥ ] : INSERT INTO `m_team` (`tid`,`tname`,`oname`,`uptime`) VALUES (123,'å›½é™…ç±³å…°','å›½é™…ç±³å…°','2014-11-30 01:36:49')
ERR: 1062:Duplicate entry '132' for key 'PRIMARY'
 [ SQLè¯­å¥ ] : INSERT INTO `m_team` (`tid`,`tname`,`oname`,`uptime`) VALUES (132,'ç½—é©¬','ç½—é©¬','2014-11-30 01:36:49')
ERR: 1062:Duplicate entry '123' for key 'PRIMARY'
 [ SQLè¯­å¥ ] : INSERT INTO `m_team` (`tid`,`tname`,`oname`,`uptime`) VALUES (123,'å›½é™…ç±³å…°','å›½é™…ç±³å…°','2014-11-30 01:36:49')
ERR: 1062:Duplicate entry '401' for key 'PRIMARY'
 [ SQLè¯­å¥ ] : INSERT INTO `m_team` (`tid`,`tname`,`oname`,`uptime`) VALUES (401,'å·´å¡ç½—é‚£','å·´å¡ç½—é‚£','2014-11-30 01:36:49')
ERR: 1062:Duplicate entry '401' for key 'PRIMARY'
 [ SQLè¯­å¥ ] : INSERT INTO `m_team` (`tid`,`tname`,`oname`,`uptime`) VALUES (401,'å·´å¡ç½—é‚£','å·´å¡ç½—é‚£','2014-11-30 01:36:49')
ERR: 1062:Duplicate entry '937' for key 'PRIMARY'
 [ SQLè¯­å¥ ] : INSERT INTO `m_team` (`tid`,`tname`,`oname`,`uptime`) VALUES (937,'æ³¢å°”å›\¾','æ³¢å°”å›\¾','2014-11-30 01:36:49')
ERR: 1062:Duplicate entry '563' for key 'PRIMARY'
 [ SQLè¯­å¥ ] : INSERT INTO `m_team` (`tid`,`tname`,`oname`,`uptime`) VALUES (563,'ç±³å†…ç½—ç«æŠ€','ç±³å†…ç½—ç«æŠ€','2014-11-30 01:36:49')
ERR: 1062:Duplicate entry '564' for key 'PRIMARY'
 [ SQLè¯­å¥ ] : INSERT INTO `m_team` (`tid`,`tname`,`oname`,`uptime`) VALUES (564,'å·´æ‹‰çº³ç«æŠ€','å·´æ‹‰çº³ç«æŠ€','2014-11-30 01:36:49')
ERR: 1062:Duplicate entry '446' for key 'PRIMARY'
 [ SQLè¯­å¥ ] : INSERT INTO `m_team` (`tid`,`tname`,`oname`,`uptime`) VALUES (446,'åšå¡é’å¹´','åšå¡é’å¹´','2014-11-30 01:36:49')
ERR: 1062:Duplicate entry '909' for key 'PRIMARY'
 [ SQLè¯­å¥ ] : INSERT INTO `m_team` (`tid`,`tname`,`oname`,`uptime`) VALUES (909,'æ´›æ‰çŸ¶é“¶æ²\³','æ´›æ‰çŸ¶é“¶æ²\³','2014-11-30 01:36:49')
ERR: 1062:Duplicate entry '959' for key 'PRIMARY'
 [ SQLè¯­å¥ ] : INSERT INTO `m_team` (`tid`,`tname`,`oname`,`uptime`) VALUES (959,'é˜¿å°”æ¢…é‡Œäº\š','é˜¿å°”æ¢…é‡Œäº\š','2014-11-30 01:36:49')
ERR: 1062:Duplicate entry '959' for key 'PRIMARY'
 [ SQLè¯­å¥ ] : INSERT INTO `m_team` (`tid`,`tname`,`oname`,`uptime`) VALUES (959,'é˜¿å°”æ¢…é‡Œäº\š','é˜¿å°”æ¢…é‡Œäº\š','2014-11-30 01:36:49')
ERR: 1062:Duplicate entry '849' for key 'PRIMARY'
 [ SQLè¯­å¥ ] : INSERT INTO `m_team` (`tid`,`tname`,`oname`,`uptime`) VALUES (849,'å·´åˆ—å¡è¯º','å·´åˆ—å¡è¯º','2014-11-30 01:36:49')
ERR: 1062:Duplicate entry '133' for key 'PRIMARY'
 [ SQLè¯­å¥ ] : INSERT INTO `m_team` (`tid`,`tname`,`oname`,`uptime`) VALUES (133,'æ¡‘æ™®å¤šåˆ©äº\š','æ¡‘æ™®å¤šåˆ©äº\š','2014-11-30 01:36:49')
ERR: 1062:Duplicate entry '1575' for key 'PRIMARY'
 [ SQLè¯­å¥ ] : INSERT INTO `m_team` (`tid`,`tname`,`oname`,`uptime`) VALUES (1575,'è´å°”æ ¼æ‹‰è¯\º','è´å°”æ ¼æ‹‰è¯\º','2014-11-30 01:36:49')

[ 2014-11-30T01:38:24+08:00 ] 127.0.0.1 /Home/Match/teamUpAll.html
ERR: 1062:Duplicate entry '60' for key 'PRIMARY'
 [ SQLè¯­å¥ ] : INSERT INTO `m_team` (`tid`,`tname`,`oname`,`uptime`) VALUES (60,'æ¡‘å¾·å…\°','æ¡‘å¾·å…\°','2014-11-30 01:38:24')
ERR: 1062:Duplicate entry '7' for key 'PRIMARY'
 [ SQLè¯­å¥ ] : INSERT INTO `m_team` (`tid`,`tname`,`oname`,`uptime`) VALUES (7,'åˆ‡å°”è¥\¿','åˆ‡å°”è¥\¿','2014-11-30 01:38:24')
ERR: 1062:Duplicate entry '60' for key 'PRIMARY'
 [ SQLè¯­å¥ ] : INSERT INTO `m_team` (`tid`,`tname`,`oname`,`uptime`) VALUES (60,'æ¡‘å¾·å…\°','æ¡‘å¾·å…\°','2014-11-30 01:38:24')
ERR: 1062:Duplicate entry '60' for key 'PRIMARY'
 [ SQLè¯­å¥ ] : INSERT INTO `m_team` (`tid`,`tname`,`oname`,`uptime`) VALUES (60,'æ¡‘å¾·å…\°','æ¡‘å¾·å…\°','2014-11-30 01:38:24')
ERR: 1062:Duplicate entry '7' for key 'PRIMARY'
 [ SQLè¯­å¥ ] : INSERT INTO `m_team` (`tid`,`tname`,`oname`,`uptime`) VALUES (7,'åˆ‡å°”è¥\¿','åˆ‡å°”è¥\¿','2014-11-30 01:38:24')
ERR: 1062:Duplicate entry '158' for key 'PRIMARY'
 [ SQLè¯­å¥ ] : INSERT INTO `m_team` (`tid`,`tname`,`oname`,`uptime`) VALUES (158,'éœèŠ¬æµ·å§†','éœèŠ¬æµ·å§†','2014-11-30 01:38:24')
ERR: 1062:Duplicate entry '158' for key 'PRIMARY'
 [ SQLè¯­å¥ ] : INSERT INTO `m_team` (`tid`,`tname`,`oname`,`uptime`) VALUES (158,'éœèŠ¬æµ·å§†','éœèŠ¬æµ·å§†','2014-11-30 01:38:24')
ERR: 1062:Duplicate entry '269' for key 'PRIMARY'
 [ SQLè¯­å¥ ] : INSERT INTO `m_team` (`tid`,`tname`,`oname`,`uptime`) VALUES (269,'å¸ƒæ‹‰åŠ\ ','å¸ƒæ‹‰åŠ\ ','2014-11-30 01:38:24')
ERR: 1062:Duplicate entry '255' for key 'PRIMARY'
 [ SQLè¯­å¥ ] : INSERT INTO `m_team` (`tid`,`tname`,`oname`,`uptime`) VALUES (255,'ä¹Œå¾·å‹’æ”¯','ä¹Œå¾·å‹’æ”¯','2014-11-30 01:38:24')
ERR: 1062:Duplicate entry '256' for key 'PRIMARY'
 [ SQLè¯­å¥ ] : INSERT INTO `m_team` (`tid`,`tname`,`oname`,`uptime`) VALUES (256,'ç»´è¿ªæ–\¯','ç»´è¿ªæ–\¯','2014-11-30 01:38:24')
ERR: 1062:Duplicate entry '512' for key 'PRIMARY'
 [ SQLè¯­å¥ ] : INSERT INTO `m_team` (`tid`,`tname`,`oname`,`uptime`) VALUES (512,'é©¬æ‹‰åŠ\ ','é©¬æ‹‰åŠ\ ','2014-11-30 01:38:24')
ERR: 1062:Duplicate entry '664' for key 'PRIMARY'
 [ SQLè¯­å¥ ] : INSERT INTO `m_team` (`tid`,`tname`,`oname`,`uptime`) VALUES (664,'çš‡å®¶é©¬å¾·é‡\Œ','çš‡å®¶é©¬å¾·é‡\Œ','2014-11-30 01:38:24')
ERR: 1062:Duplicate entry '512' for key 'PRIMARY'
 [ SQLè¯­å¥ ] : INSERT INTO `m_team` (`tid`,`tname`,`oname`,`uptime`) VALUES (512,'é©¬æ‹‰åŠ\ ','é©¬æ‹‰åŠ\ ','2014-11-30 01:38:24')
ERR: 1062:Duplicate entry '664' for key 'PRIMARY'
 [ SQLè¯­å¥ ] : INSERT INTO `m_team` (`tid`,`tname`,`oname`,`uptime`) VALUES (664,'çš‡å®¶é©¬å¾·é‡\Œ','çš‡å®¶é©¬å¾·é‡\Œ','2014-11-30 01:38:24')
ERR: 1062:Duplicate entry '188' for key 'PRIMARY'
 [ SQLè¯­å¥ ] : INSERT INTO `m_team` (`tid`,`tname`,`oname`,`uptime`) VALUES (188,'é›·æ©','é›·æ©','2014-11-30 01:38:24')
ERR: 1062:Duplicate entry '184' for key 'PRIMARY'
 [ SQLè¯­å¥ ] : INSERT INTO `m_team` (`tid`,`tname`,`oname`,`uptime`) VALUES (184,'æ‘©çº³å“\¥','æ‘©çº³å“\¥','2014-11-30 01:38:24')
ERR: 1062:Duplicate entry '750' for key 'PRIMARY'
 [ SQLè¯­å¥ ] : INSERT INTO `m_team` (`tid`,`tname`,`oname`,`uptime`) VALUES (750,'æ´›é‡Œæ˜\‚','æ´›é‡Œæ˜\‚','2014-11-30 01:38:24')
ERR: 1062:Duplicate entry '179' for key 'PRIMARY'
 [ SQLè¯­å¥ ] : INSERT INTO `m_team` (`tid`,`tname`,`oname`,`uptime`) VALUES (179,'æœ—æ–¯','æœ—æ–¯','2014-11-30 01:38:24')
ERR: 1062:Duplicate entry '183' for key 'PRIMARY'
 [ SQLè¯­å¥ ] : INSERT INTO `m_team` (`tid`,`tname`,`oname`,`uptime`) VALUES (183,'æ¢…æ–¯','æ¢…æ–¯','2014-11-30 01:38:24')
ERR: 1062:Duplicate entry '177' for key 'PRIMARY'
 [ SQLè¯­å¥ ] : INSERT INTO `m_team` (`tid`,`tname`,`oname`,`uptime`) VALUES (177,'å¡æ˜‚','å¡æ˜‚','2014-11-30 01:38:24')
ERR: 1062:Duplicate entry '197' for key 'PRIMARY'
 [ SQLè¯­å¥ ] : INSERT INTO `m_team` (`tid`,`tname`,`oname`,`uptime`) VALUES (197,'è’™å½¼åˆ©åŸƒ','è’™å½¼åˆ©åŸƒ','2014-11-30 01:38:24')
ERR: 1062:Duplicate entry '175' for key 'PRIMARY'
 [ SQLè¯­å¥ ] : INSERT INTO `m_team` (`tid`,`tname`,`oname`,`uptime`) VALUES (175,'å·´æ–¯è’‚äºš','å·´æ–¯è’‚äºš','2014-11-30 01:38:24')
ERR: 1062:Duplicate entry '121' for key 'PRIMARY'
 [ SQLè¯­å¥ ] : INSERT INTO `m_team` (`tid`,`tname`,`oname`,`uptime`) VALUES (121,'åˆ‡æ²ƒ','åˆ‡æ²ƒ','2014-11-30 01:38:24')
ERR: 1062:Duplicate entry '125' for key 'PRIMARY'
 [ SQLè¯­å¥ ] : INSERT INTO `m_team` (`tid`,`tname`,`oname`,`uptime`) VALUES (125,'æ‹‰é½å¥\¥','æ‹‰é½å¥\¥','2014-11-30 01:38:24')
ERR: 1062:Duplicate entry '125' for key 'PRIMARY'
 [ SQLè¯­å¥ ] : INSERT INTO `m_team` (`tid`,`tname`,`oname`,`uptime`) VALUES (125,'æ‹‰é½å¥\¥','æ‹‰é½å¥\¥','2014-11-30 01:38:24')
ERR: 1062:Duplicate entry '121' for key 'PRIMARY'
 [ SQLè¯­å¥ ] : INSERT INTO `m_team` (`tid`,`tname`,`oname`,`uptime`) VALUES (121,'åˆ‡æ²ƒ','åˆ‡æ²ƒ','2014-11-30 01:38:24')
ERR: 1062:Duplicate entry '125' for key 'PRIMARY'
 [ SQLè¯­å¥ ] : INSERT INTO `m_team` (`tid`,`tname`,`oname`,`uptime`) VALUES (125,'æ‹‰é½å¥\¥','æ‹‰é½å¥\¥','2014-11-30 01:38:24')
ERR: 1062:Duplicate entry '912' for key 'PRIMARY'
 [ SQLè¯­å¥ ] : INSERT INTO `m_team` (`tid`,`tname`,`oname`,`uptime`) VALUES (912,'çº½çº¦çº¢ç‰›','çº½çº¦çº¢ç‰›','2014-11-30 01:38:24')
ERR: 1062:Duplicate entry '1060' for key 'PRIMARY'
 [ SQLè¯­å¥ ] : INSERT INTO `m_team` (`tid`,`tname`,`oname`,`uptime`) VALUES (1060,'é‡Œæ–¯æœ¬ç«æŠ€','é‡Œæ–¯æœ¬ç«æŠ€','2014-11-30 01:38:24')
ERR: 1062:Duplicate entry '1059' for key 'PRIMARY'
 [ SQLè¯­å¥ ] : INSERT INTO `m_team` (`tid`,`tname`,`oname`,`uptime`) VALUES (1059,'å¡å›¾å·´å°”','å¡å›¾å·´å°”','2014-11-30 01:38:24')
ERR: 1062:Duplicate entry '577' for key 'PRIMARY'
 [ SQLè¯­å¥ ] : INSERT INTO `m_team` (`tid`,`tname`,`oname`,`uptime`) VALUES (577,'å¸•å°”æ¢…æ‹‰æ–\¯','å¸•å°”æ¢…æ‹‰æ–\¯','2014-11-30 01:38:24')
ERR: 1062:Duplicate entry '1097' for key 'PRIMARY'
 [ SQLè¯­å¥ ] : INSERT INTO `m_team` (`tid`,`tname`,`oname`,`uptime`) VALUES (1097,'ç»´å¤šåˆ©äºš','ç»´å¤šåˆ©äºš','2014-11-30 01:38:24')
ERR: 1062:Duplicate entry '1136' for key 'PRIMARY'
 [ SQLè¯­å¥ ] : INSERT INTO `m_team` (`tid`,`tname`,`oname`,`uptime`) VALUES (1136,'çº½å¡æ–¯å°”å–·æ°”æœ\º','çº½å¡æ–¯å°”å–·æ°”æœ\º','2014-11-30 01:38:24')
ERR: 1062:Duplicate entry '1136' for key 'PRIMARY'
 [ SQLè¯­å¥ ] : INSERT INTO `m_team` (`tid`,`tname`,`oname`,`uptime`) VALUES (1136,'çº½å¡æ–¯å°”å–·æ°”æœ\º','çº½å¡æ–¯å°”å–·æ°”æœ\º','2014-11-30 01:38:24')
ERR: 1062:Duplicate entry '244' for key 'PRIMARY'
 [ SQLè¯­å¥ ] : INSERT INTO `m_team` (`tid`,`tname`,`oname`,`uptime`) VALUES (244,'æµ·ç‰™','æµ·ç‰™','2014-11-30 01:38:24')
ERR: 1062:Duplicate entry '240' for key 'PRIMARY'
 [ SQLè¯­å¥ ] : INSERT INTO `m_team` (`tid`,`tname`,`oname`,`uptime`) VALUES (240,'é˜¿è´¾å…‹æ–¯','é˜¿è´¾å…‹æ–¯','2014-11-30 01:38:24')
ERR: 1062:Duplicate entry '715' for key 'PRIMARY'
 [ SQLè¯­å¥ ] : INSERT INTO `m_team` (`tid`,`tname`,`oname`,`uptime`) VALUES (715,'åœ£ä¿åˆ\©','åœ£ä¿åˆ\©','2014-11-30 01:38:24')
ERR: 1062:Duplicate entry '145' for key 'PRIMARY'
 [ SQLè¯­å¥ ] : INSERT INTO `m_team` (`tid`,`tname`,`oname`,`uptime`) VALUES (145,'å‡¯æ³½æ–¯åŠ³æ»\•','å‡¯æ³½æ–¯åŠ³æ»\•','2014-11-30 01:38:24')
ERR: 1062:Duplicate entry '715' for key 'PRIMARY'
 [ SQLè¯­å¥ ] : INSERT INTO `m_team` (`tid`,`tname`,`oname`,`uptime`) VALUES (715,'åœ£ä¿åˆ\©','åœ£ä¿åˆ\©','2014-11-30 01:38:24')
ERR: 1062:Duplicate entry '145' for key 'PRIMARY'
 [ SQLè¯­å¥ ] : INSERT INTO `m_team` (`tid`,`tname`,`oname`,`uptime`) VALUES (145,'å‡¯æ³½æ–¯åŠ³æ»\•','å‡¯æ³½æ–¯åŠ³æ»\•','2014-11-30 01:38:24')
ERR: 1062:Duplicate entry '839' for key 'PRIMARY'
 [ SQLè¯­å¥ ] : INSERT INTO `m_team` (`tid`,`tname`,`oname`,`uptime`) VALUES (839,'æ¡‘å¾·è±ªæ£®','æ¡‘å¾·è±ªæ£®','2014-11-30 01:38:24')
ERR: 1062:Duplicate entry '839' for key 'PRIMARY'
 [ SQLè¯­å¥ ] : INSERT INTO `m_team` (`tid`,`tname`,`oname`,`uptime`) VALUES (839,'æ¡‘å¾·è±ªæ£®','æ¡‘å¾·è±ªæ£®','2014-11-30 01:38:24')
ERR: 1062:Duplicate entry '521' for key 'PRIMARY'
 [ SQLè¯­å¥ ] : INSERT INTO `m_team` (`tid`,`tname`,`oname`,`uptime`) VALUES (521,'æ…•å°¼é»\‘1860','æ…•å°¼é»\‘1860','2014-11-30 01:38:24')
ERR: 1062:Duplicate entry '1142' for key 'PRIMARY'
 [ SQLè¯­å¥ ] : INSERT INTO `m_team` (`tid`,`tname`,`oname`,`uptime`) VALUES (1142,'FSVæ³•å…°å…‹ç¦','FSVæ³•å…°å…‹ç¦','2014-11-30 01:38:24')
ERR: 1062:Duplicate entry '521' for key 'PRIMARY'
 [ SQLè¯­å¥ ] : INSERT INTO `m_team` (`tid`,`tname`,`oname`,`uptime`) VALUES (521,'æ…•å°¼é»\‘1860','æ…•å°¼é»\‘1860','2014-11-30 01:38:24')
ERR: 1062:Duplicate entry '1142' for key 'PRIMARY'
 [ SQLè¯­å¥ ] : INSERT INTO `m_team` (`tid`,`tname`,`oname`,`uptime`) VALUES (1142,'FSVæ³•å…°å…‹ç¦','FSVæ³•å…°å…‹ç¦','2014-11-30 01:38:24')
ERR: 1062:Duplicate entry '220' for key 'PRIMARY'
 [ SQLè¯­å¥ ] : INSERT INTO `m_team` (`tid`,`tname`,`oname`,`uptime`) VALUES (220,'æ ¼æ‹‰æ–¯å“¥æµæµªè€\…','æ ¼æ‹‰æ–¯å“¥æµæµªè€\…','2014-11-30 01:38:24')
ERR: 1062:Duplicate entry '176' for key 'PRIMARY'
 [ SQLè¯­å¥ ] : INSERT INTO `m_team` (`tid`,`tname`,`oname`,`uptime`) VALUES (176,'æ³¢å°”å¤\š','æ³¢å°”å¤\š','2014-11-30 01:38:24')
ERR: 1062:Duplicate entry '180' for key 'PRIMARY'
 [ SQLè¯­å¥ ] : INSERT INTO `m_team` (`tid`,`tname`,`oname`,`uptime`) VALUES (180,'é‡Œå°”','é‡Œå°”','2014-11-30 01:38:24')
ERR: 1062:Duplicate entry '816' for key 'PRIMARY'
 [ SQLè¯­å¥ ] : INSERT INTO `m_team` (`tid`,`tname`,`oname`,`uptime`) VALUES (816,'SBVç²¾è‹±','SBVç²¾è‹±','2014-11-30 01:38:24')
ERR: 1062:Duplicate entry '26' for key 'PRIMARY'
 [ SQLè¯­å¥ ] : INSERT INTO `m_team` (`tid`,`tname`,`oname`,`uptime`) VALUES (26,'çƒ­é‚£äº\š','çƒ­é‚£äº\š','2014-11-30 01:38:24')
ERR: 1062:Duplicate entry '26' for key 'PRIMARY'
 [ SQLè¯­å¥ ] : INSERT INTO `m_team` (`tid`,`tname`,`oname`,`uptime`) VALUES (26,'çƒ­é‚£äº\š','çƒ­é‚£äº\š','2014-11-30 01:38:24')
ERR: 1062:Duplicate entry '26' for key 'PRIMARY'
 [ SQLè¯­å¥ ] : INSERT INTO `m_team` (`tid`,`tname`,`oname`,`uptime`) VALUES (26,'çƒ­é‚£äº\š','çƒ­é‚£äº\š','2014-11-30 01:38:24')
ERR: 1062:Duplicate entry '116' for key 'PRIMARY'
 [ SQLè¯­å¥ ] : INSERT INTO `m_team` (`tid`,`tname`,`oname`,`uptime`) VALUES (116,'ACç±³å…°','ACç±³å…°','2014-11-30 01:38:24')
ERR: 1062:Duplicate entry '135' for key 'PRIMARY'
 [ SQLè¯­å¥ ] : INSERT INTO `m_team` (`tid`,`tname`,`oname`,`uptime`) VALUES (135,'ä¹Œè¿ªå†…æ–¯','ä¹Œè¿ªå†…æ–¯','2014-11-30 01:38:24')
ERR: 1062:Duplicate entry '135' for key 'PRIMARY'
 [ SQLè¯­å¥ ] : INSERT INTO `m_team` (`tid`,`tname`,`oname`,`uptime`) VALUES (135,'ä¹Œè¿ªå†…æ–¯','ä¹Œè¿ªå†…æ–¯','2014-11-30 01:38:24')
ERR: 1062:Duplicate entry '116' for key 'PRIMARY'
 [ SQLè¯­å¥ ] : INSERT INTO `m_team` (`tid`,`tname`,`oname`,`uptime`) VALUES (116,'ACç±³å…°','ACç±³å…°','2014-11-30 01:38:24')
ERR: 1062:Duplicate entry '135' for key 'PRIMARY'
 [ SQLè¯­å¥ ] : INSERT INTO `m_team` (`tid`,`tname`,`oname`,`uptime`) VALUES (135,'ä¹Œè¿ªå†…æ–¯','ä¹Œè¿ªå†…æ–¯','2014-11-30 01:38:24')
ERR: 1062:Duplicate entry '117' for key 'PRIMARY'
 [ SQLè¯­å¥ ] : INSERT INTO `m_team` (`tid`,`tname`,`oname`,`uptime`) VALUES (117,'äºšç‰¹å…°å¤§','äºšç‰¹å…°å¤§','2014-11-30 01:38:24')
ERR: 1062:Duplicate entry '530' for key 'PRIMARY'
 [ SQLè¯­å¥ ] : INSERT INTO `m_team` (`tid`,`tname`,`oname`,`uptime`) VALUES (530,'æ©æ³¢åˆ\©','æ©æ³¢åˆ\©','2014-11-30 01:38:24')
ERR: 1062:Duplicate entry '117' for key 'PRIMARY'
 [ SQLè¯­å¥ ] : INSERT INTO `m_team` (`tid`,`tname`,`oname`,`uptime`) VALUES (117,'äºšç‰¹å…°å¤§','äºšç‰¹å…°å¤§','2014-11-30 01:38:24')
ERR: 1062:Duplicate entry '129' for key 'PRIMARY'
 [ SQLè¯­å¥ ] : INSERT INTO `m_team` (`tid`,`tname`,`oname`,`uptime`) VALUES (129,'å·´å‹’è\«','å·´å‹’è\«','2014-11-30 01:38:24')
ERR: 1062:Duplicate entry '130' for key 'PRIMARY'
 [ SQLè¯­å¥ ] : INSERT INTO `m_team` (`tid`,`tname`,`oname`,`uptime`) VALUES (130,'å¸•å°”é©\¬','å¸•å°”é©\¬','2014-11-30 01:38:24')
ERR: 1062:Duplicate entry '129' for key 'PRIMARY'
 [ SQLè¯­å¥ ] : INSERT INTO `m_team` (`tid`,`tname`,`oname`,`uptime`) VALUES (129,'å·´å‹’è\«','å·´å‹’è\«','2014-11-30 01:38:24')
ERR: 1062:Duplicate entry '130' for key 'PRIMARY'
 [ SQLè¯­å¥ ] : INSERT INTO `m_team` (`tid`,`tname`,`oname`,`uptime`) VALUES (130,'å¸•å°”é©\¬','å¸•å°”é©\¬','2014-11-30 01:38:24')
ERR: 1062:Duplicate entry '120' for key 'PRIMARY'
 [ SQLè¯­å¥ ] : INSERT INTO `m_team` (`tid`,`tname`,`oname`,`uptime`) VALUES (120,'å¡åˆ©äºšé‡Œ','å¡åˆ©äºšé‡Œ','2014-11-30 01:38:24')
ERR: 1062:Duplicate entry '122' for key 'PRIMARY'
 [ SQLè¯­å¥ ] : INSERT INTO `m_team` (`tid`,`tname`,`oname`,`uptime`) VALUES (122,'ä½›ç½—ä¼¦è¨','ä½›ç½—ä¼¦è¨','2014-11-30 01:38:24')
ERR: 1062:Duplicate entry '120' for key 'PRIMARY'
 [ SQLè¯­å¥ ] : INSERT INTO `m_team` (`tid`,`tname`,`oname`,`uptime`) VALUES (120,'å¡åˆ©äºšé‡Œ','å¡åˆ©äºšé‡Œ','2014-11-30 01:38:24')
ERR: 1062:Duplicate entry '120' for key 'PRIMARY'
 [ SQLè¯­å¥ ] : INSERT INTO `m_team` (`tid`,`tname`,`oname`,`uptime`) VALUES (120,'å¡åˆ©äºšé‡Œ','å¡åˆ©äºšé‡Œ','2014-11-30 01:38:24')
ERR: 1062:Duplicate entry '122' for key 'PRIMARY'
 [ SQLè¯­å¥ ] : INSERT INTO `m_team` (`tid`,`tname`,`oname`,`uptime`) VALUES (122,'ä½›ç½—ä¼¦è¨','ä½›ç½—ä¼¦è¨','2014-11-30 01:38:24')
ERR: 1062:Duplicate entry '120' for key 'PRIMARY'
 [ SQLè¯­å¥ ] : INSERT INTO `m_team` (`tid`,`tname`,`oname`,`uptime`) VALUES (120,'å¡åˆ©äºšé‡Œ','å¡åˆ©äºšé‡Œ','2014-11-30 01:38:24')
ERR: 1062:Duplicate entry '154' for key 'PRIMARY'
 [ SQLè¯­å¥ ] : INSERT INTO `m_team` (`tid`,`tname`,`oname`,`uptime`) VALUES (154,'æ²ƒå°”å¤«æ–¯å \¡','æ²ƒå°”å¤«æ–¯å \¡','2014-11-30 01:38:24')
ERR: 1062:Duplicate entry '148' for key 'PRIMARY'
 [ SQLè¯­å¥ ] : INSERT INTO `m_team` (`tid`,`tname`,`oname`,`uptime`) VALUES (148,'é—¨å…´æ ¼æ‹‰å¾·å·´èµ\«','é—¨å…´æ ¼æ‹‰å¾·å·´èµ\«','2014-11-30 01:38:24')
ERR: 1062:Duplicate entry '154' for key 'PRIMARY'
 [ SQLè¯­å¥ ] : INSERT INTO `m_team` (`tid`,`tname`,`oname`,`uptime`) VALUES (154,'æ²ƒå°”å¤«æ–¯å \¡','æ²ƒå°”å¤«æ–¯å \¡','2014-11-30 01:38:24')
ERR: 1062:Duplicate entry '148' for key 'PRIMARY'
 [ SQLè¯­å¥ ] : INSERT INTO `m_team` (`tid`,`tname`,`oname`,`uptime`) VALUES (148,'é—¨å…´æ ¼æ‹‰å¾·å·´èµ\«','é—¨å…´æ ¼æ‹‰å¾·å·´èµ\«','2014-11-30 01:38:24')
ERR: 1062:Duplicate entry '211' for key 'PRIMARY'
 [ SQLè¯­å¥ ] : INSERT INTO `m_team` (`tid`,`tname`,`oname`,`uptime`) VALUES (211,'å‡¯å°”ç‰¹äºº','å‡¯å°”ç‰¹äºº','2014-11-30 01:38:24')
ERR: 1062:Duplicate entry '211' for key 'PRIMARY'
 [ SQLè¯­å¥ ] : INSERT INTO `m_team` (`tid`,`tname`,`oname`,`uptime`) VALUES (211,'å‡¯å°”ç‰¹äºº','å‡¯å°”ç‰¹äºº','2014-11-30 01:38:24')
ERR: 1062:Duplicate entry '19' for key 'PRIMARY'
 [ SQLè¯­å¥ ] : INSERT INTO `m_team` (`tid`,`tname`,`oname`,`uptime`) VALUES (19,'æ‰˜ç‰¹çº³å§†çƒ­åˆº','æ‰˜ç‰¹çº³å§†çƒ­åˆº','2014-11-30 01:38:24')
ERR: 1062:Duplicate entry '9' for key 'PRIMARY'
 [ SQLè¯­å¥ ] : INSERT INTO `m_team` (`tid`,`tname`,`oname`,`uptime`) VALUES (9,'åŸƒå¼—é¡\¿','åŸƒå¼—é¡\¿','2014-11-30 01:38:24')
ERR: 1062:Duplicate entry '19' for key 'PRIMARY'
 [ SQLè¯­å¥ ] : INSERT INTO `m_team` (`tid`,`tname`,`oname`,`uptime`) VALUES (19,'æ‰˜ç‰¹çº³å§†çƒ­åˆº','æ‰˜ç‰¹çº³å§†çƒ­åˆº','2014-11-30 01:38:24')
ERR: 1062:Duplicate entry '9' for key 'PRIMARY'
 [ SQLè¯­å¥ ] : INSERT INTO `m_team` (`tid`,`tname`,`oname`,`uptime`) VALUES (9,'åŸƒå¼—é¡\¿','åŸƒå¼—é¡\¿','2014-11-30 01:38:24')
ERR: 1062:Duplicate entry '677' for key 'PRIMARY'
 [ SQLè¯­å¥ ] : INSERT INTO `m_team` (`tid`,`tname`,`oname`,`uptime`) VALUES (677,'å¡ç»´åˆ©äºš','å¡ç»´åˆ©äºš','2014-11-30 01:38:24')
ERR: 1062:Duplicate entry '677' for key 'PRIMARY'
 [ SQLè¯­å¥ ] : INSERT INTO `m_team` (`tid`,`tname`,`oname`,`uptime`) VALUES (677,'å¡ç»´åˆ©äºš','å¡ç»´åˆ©äºš','2014-11-30 01:38:24')
ERR: 1062:Duplicate entry '677' for key 'PRIMARY'
 [ SQLè¯­å¥ ] : INSERT INTO `m_team` (`tid`,`tname`,`oname`,`uptime`) VALUES (677,'å¡ç»´åˆ©äºš','å¡ç»´åˆ©äºš','2014-11-30 01:38:24')
ERR: 1062:Duplicate entry '1317' for key 'PRIMARY'
 [ SQLè¯­å¥ ] : INSERT INTO `m_team` (`tid`,`tname`,`oname`,`uptime`) VALUES (1317,'ä¼Šç»´æ\©','ä¼Šç»´æ\©','2014-11-30 01:38:24')
ERR: 1062:Duplicate entry '200' for key 'PRIMARY'
 [ SQLè¯­å¥ ] : INSERT INTO `m_team` (`tid`,`tname`,`oname`,`uptime`) VALUES (200,'ç”˜å†ˆ','ç”˜å†ˆ','2014-11-30 01:38:24')
ERR: 1062:Duplicate entry '200' for key 'PRIMARY'
 [ SQLè¯­å¥ ] : INSERT INTO `m_team` (`tid`,`tname`,`oname`,`uptime`) VALUES (200,'ç”˜å†ˆ','ç”˜å†ˆ','2014-11-30 01:38:24')
ERR: 1062:Duplicate entry '873' for key 'PRIMARY'
 [ SQLè¯­å¥ ] : INSERT INTO `m_team` (`tid`,`tname`,`oname`,`uptime`) VALUES (873,'é©¬é‡Œè¿ªè«','é©¬é‡Œè¿ªè«','2014-11-30 01:38:24')
ERR: 1062:Duplicate entry '170' for key 'PRIMARY'
 [ SQLè¯­å¥ ] : INSERT INTO `m_team` (`tid`,`tname`,`oname`,`uptime`) VALUES (170,'æ³•å…°å…‹ç¦','æ³•å…°å…‹ç¦','2014-11-30 01:38:24')
ERR: 1062:Duplicate entry '140' for key 'PRIMARY'
 [ SQLè¯­å¥ ] : INSERT INTO `m_team` (`tid`,`tname`,`oname`,`uptime`) VALUES (140,'å¤šç‰¹è’™å¾·','å¤šç‰¹è’™å¾·','2014-11-30 01:38:24')
ERR: 1062:Duplicate entry '170' for key 'PRIMARY'
 [ SQLè¯­å¥ ] : INSERT INTO `m_team` (`tid`,`tname`,`oname`,`uptime`) VALUES (170,'æ³•å…°å…‹ç¦','æ³•å…°å…‹ç¦','2014-11-30 01:38:24')
ERR: 1062:Duplicate entry '170' for key 'PRIMARY'
 [ SQLè¯­å¥ ] : INSERT INTO `m_team` (`tid`,`tname`,`oname`,`uptime`) VALUES (170,'æ³•å…°å…‹ç¦','æ³•å…°å…‹ç¦','2014-11-30 01:38:24')
ERR: 1062:Duplicate entry '140' for key 'PRIMARY'
 [ SQLè¯­å¥ ] : INSERT INTO `m_team` (`tid`,`tname`,`oname`,`uptime`) VALUES (140,'å¤šç‰¹è’™å¾·','å¤šç‰¹è’™å¾·','2014-11-30 01:38:24')
ERR: 1062:Duplicate entry '124' for key 'PRIMARY'
 [ SQLè¯­å¥ ] : INSERT INTO `m_team` (`tid`,`tname`,`oname`,`uptime`) VALUES (124,'å°¤æ–‡å›¾æ–¯','å°¤æ–‡å›¾æ–¯','2014-11-30 01:38:24')
ERR: 1062:Duplicate entry '136' for key 'PRIMARY'
 [ SQLè¯­å¥ ] : INSERT INTO `m_team` (`tid`,`tname`,`oname`,`uptime`) VALUES (136,'éƒ½çµ','éƒ½çµ','2014-11-30 01:38:24')
ERR: 1062:Duplicate entry '124' for key 'PRIMARY'
 [ SQLè¯­å¥ ] : INSERT INTO `m_team` (`tid`,`tname`,`oname`,`uptime`) VALUES (124,'å°¤æ–‡å›¾æ–¯','å°¤æ–‡å›¾æ–¯','2014-11-30 01:38:24')
ERR: 1062:Duplicate entry '136' for key 'PRIMARY'
 [ SQLè¯­å¥ ] : INSERT INTO `m_team` (`tid`,`tname`,`oname`,`uptime`) VALUES (136,'éƒ½çµ','éƒ½çµ','2014-11-30 01:38:24')
ERR: 1062:Duplicate entry '124' for key 'PRIMARY'
 [ SQLè¯­å¥ ] : INSERT INTO `m_team` (`tid`,`tname`,`oname`,`uptime`) VALUES (124,'å°¤æ–‡å›¾æ–¯','å°¤æ–‡å›¾æ–¯','2014-11-30 01:38:24')
ERR: 1062:Duplicate entry '136' for key 'PRIMARY'
 [ SQLè¯­å¥ ] : INSERT INTO `m_team` (`tid`,`tname`,`oname`,`uptime`) VALUES (136,'éƒ½çµ','éƒ½çµ','2014-11-30 01:38:24')
ERR: 1062:Duplicate entry '679' for key 'PRIMARY'
 [ SQLè¯­å¥ ] : INSERT INTO `m_team` (`tid`,`tname`,`oname`,`uptime`) VALUES (679,'æ¯”åˆ©äºšé›·äºšå°”','æ¯”åˆ©äºšé›·äºšå°”','2014-11-30 01:38:24')
ERR: 1062:Duplicate entry '679' for key 'PRIMARY'
 [ SQLè¯­å¥ ] : INSERT INTO `m_team` (`tid`,`tname`,`oname`,`uptime`) VALUES (679,'æ¯”åˆ©äºšé›·äºšå°”','æ¯”åˆ©äºšé›·äºšå°”','2014-11-30 01:38:24')
ERR: 1062:Duplicate entry '679' for key 'PRIMARY'
 [ SQLè¯­å¥ ] : INSERT INTO `m_team` (`tid`,`tname`,`oname`,`uptime`) VALUES (679,'æ¯”åˆ©äºšé›·äºšå°”','æ¯”åˆ©äºšé›·äºšå°”','2014-11-30 01:38:24')
ERR: 1062:Duplicate entry '679' for key 'PRIMARY'
 [ SQLè¯­å¥ ] : INSERT INTO `m_team` (`tid`,`tname`,`oname`,`uptime`) VALUES (679,'æ¯”åˆ©äºšé›·äºšå°”','æ¯”åˆ©äºšé›·äºšå°”','2014-11-30 01:38:24')
ERR: 1062:Duplicate entry '259' for key 'PRIMARY'
 [ SQLè¯­å¥ ] : INSERT INTO `m_team` (`tid`,`tname`,`oname`,`uptime`) VALUES (259,'ç§‘è‹±å¸ƒæ‹‰å¤§å­¦','ç§‘è‹±å¸ƒæ‹‰å¤§å­¦','2014-11-30 01:38:24')
ERR: 1062:Duplicate entry '267' for key 'PRIMARY'
 [ SQLè¯­å¥ ] : INSERT INTO `m_team` (`tid`,`tname`,`oname`,`uptime`) VALUES (267,'æœ¬è²å\¡','æœ¬è²å\¡','2014-11-30 01:38:24')
ERR: 1062:Duplicate entry '567' for key 'PRIMARY'
 [ SQLè¯­å¥ ] : INSERT INTO `m_team` (`tid`,`tname`,`oname`,`uptime`) VALUES (567,'ç§‘æ—è’‚å®‰','ç§‘æ—è’‚å®‰','2014-11-30 01:38:24')
ERR: 1062:Duplicate entry '569' for key 'PRIMARY'
 [ SQLè¯­å¥ ] : INSERT INTO `m_team` (`tid`,`tname`,`oname`,`uptime`) VALUES (569,'å…‹é²å¡ç½—','å…‹é²å¡ç½—','2014-11-30 01:38:24')
ERR: 1062:Duplicate entry '581' for key 'PRIMARY'
 [ SQLè¯­å¥ ] : INSERT INTO `m_team` (`tid`,`tname`,`oname`,`uptime`) VALUES (581,'æ¡‘æ‰˜æ–\¯','æ¡‘æ‰˜æ–\¯','2014-11-30 01:38:24')
ERR: 1062:Duplicate entry '566' for key 'PRIMARY'
 [ SQLè¯­å¥ ] : INSERT INTO `m_team` (`tid`,`tname`,`oname`,`uptime`) VALUES (566,'åšå¡”å¼—æˆˆ','åšå¡”å¼—æˆˆ','2014-11-30 01:38:24')
ERR: 1062:Duplicate entry '583' for key 'PRIMARY'
 [ SQLè¯­å¥ ] : INSERT INTO `m_team` (`tid`,`tname`,`oname`,`uptime`) VALUES (583,'åœ£ä¿ç½\—','åœ£ä¿ç½\—','2014-11-30 01:38:24')
ERR: 1062:Duplicate entry '570' for key 'PRIMARY'
 [ SQLè¯­å¥ ] : INSERT INTO `m_team` (`tid`,`tname`,`oname`,`uptime`) VALUES (570,'è´¹å¤åŸƒä¼¦æ–\¯','è´¹å¤åŸƒä¼¦æ–\¯','2014-11-30 01:38:24')
ERR: 1062:Duplicate entry '132' for key 'PRIMARY'
 [ SQLè¯­å¥ ] : INSERT INTO `m_team` (`tid`,`tname`,`oname`,`uptime`) VALUES (132,'ç½—é©¬','ç½—é©¬','2014-11-30 01:38:24')
ERR: 1062:Duplicate entry '123' for key 'PRIMARY'
 [ SQLè¯­å¥ ] : INSERT INTO `m_team` (`tid`,`tname`,`oname`,`uptime`) VALUES (123,'å›½é™…ç±³å…°','å›½é™…ç±³å…°','2014-11-30 01:38:24')
ERR: 1062:Duplicate entry '132' for key 'PRIMARY'
 [ SQLè¯­å¥ ] : INSERT INTO `m_team` (`tid`,`tname`,`oname`,`uptime`) VALUES (132,'ç½—é©¬','ç½—é©¬','2014-11-30 01:38:24')
ERR: 1062:Duplicate entry '132' for key 'PRIMARY'
 [ SQLè¯­å¥ ] : INSERT INTO `m_team` (`tid`,`tname`,`oname`,`uptime`) VALUES (132,'ç½—é©¬','ç½—é©¬','2014-11-30 01:38:24')
ERR: 1062:Duplicate entry '123' for key 'PRIMARY'
 [ SQLè¯­å¥ ] : INSERT INTO `m_team` (`tid`,`tname`,`oname`,`uptime`) VALUES (123,'å›½é™…ç±³å…°','å›½é™…ç±³å…°','2014-11-30 01:38:24')
ERR: 1062:Duplicate entry '132' for key 'PRIMARY'
 [ SQLè¯­å¥ ] : INSERT INTO `m_team` (`tid`,`tname`,`oname`,`uptime`) VALUES (132,'ç½—é©¬','ç½—é©¬','2014-11-30 01:38:24')
ERR: 1062:Duplicate entry '123' for key 'PRIMARY'
 [ SQLè¯­å¥ ] : INSERT INTO `m_team` (`tid`,`tname`,`oname`,`uptime`) VALUES (123,'å›½é™…ç±³å…°','å›½é™…ç±³å…°','2014-11-30 01:38:24')
ERR: 1062:Duplicate entry '401' for key 'PRIMARY'
 [ SQLè¯­å¥ ] : INSERT INTO `m_team` (`tid`,`tname`,`oname`,`uptime`) VALUES (401,'å·´å¡ç½—é‚£','å·´å¡ç½—é‚£','2014-11-30 01:38:24')
ERR: 1062:Duplicate entry '401' for key 'PRIMARY'
 [ SQLè¯­å¥ ] : INSERT INTO `m_team` (`tid`,`tname`,`oname`,`uptime`) VALUES (401,'å·´å¡ç½—é‚£','å·´å¡ç½—é‚£','2014-11-30 01:38:24')
ERR: 1062:Duplicate entry '190' for key 'PRIMARY'
 [ SQLè¯­å¥ ] : INSERT INTO `m_team` (`tid`,`tname`,`oname`,`uptime`) VALUES (190,'åœ£åŸƒè’‚å®‰','åœ£åŸƒè’‚å®‰','2014-11-30 01:38:24')
ERR: 1062:Duplicate entry '181' for key 'PRIMARY'
 [ SQLè¯­å¥ ] : INSERT INTO `m_team` (`tid`,`tname`,`oname`,`uptime`) VALUES (181,'é‡Œæ˜‚','é‡Œæ˜‚','2014-11-30 01:38:24')
ERR: 1062:Duplicate entry '937' for key 'PRIMARY'
 [ SQLè¯­å¥ ] : INSERT INTO `m_team` (`tid`,`tname`,`oname`,`uptime`) VALUES (937,'æ³¢å°”å›\¾','æ³¢å°”å›\¾','2014-11-30 01:38:24')
ERR: 1062:Duplicate entry '1047' for key 'PRIMARY'
 [ SQLè¯­å¥ ] : INSERT INTO `m_team` (`tid`,`tname`,`oname`,`uptime`) VALUES (1047,'é‡Œå¥¥é˜¿ç»´','é‡Œå¥¥é˜¿ç»´','2014-11-30 01:38:24')
ERR: 1062:Duplicate entry '937' for key 'PRIMARY'
 [ SQLè¯­å¥ ] : INSERT INTO `m_team` (`tid`,`tname`,`oname`,`uptime`) VALUES (937,'æ³¢å°”å›\¾','æ³¢å°”å›\¾','2014-11-30 01:38:24')
ERR: 1062:Duplicate entry '635' for key 'PRIMARY'
 [ SQLè¯­å¥ ] : INSERT INTO `m_team` (`tid`,`tname`,`oname`,`uptime`) VALUES (635,'æ²³åºŠ','æ²³åºŠ','2014-11-30 01:38:24')
ERR: 1062:Duplicate entry '563' for key 'PRIMARY'
 [ SQLè¯­å¥ ] : INSERT INTO `m_team` (`tid`,`tname`,`oname`,`uptime`) VALUES (563,'ç±³å†…ç½—ç«æŠ€','ç±³å†…ç½—ç«æŠ€','2014-11-30 01:38:24')
ERR: 1062:Duplicate entry '564' for key 'PRIMARY'
 [ SQLè¯­å¥ ] : INSERT INTO `m_team` (`tid`,`tname`,`oname`,`uptime`) VALUES (564,'å·´æ‹‰çº³ç«æŠ€','å·´æ‹‰çº³ç«æŠ€','2014-11-30 01:38:24')
ERR: 1062:Duplicate entry '1092' for key 'PRIMARY'
 [ SQLè¯­å¥ ] : INSERT INTO `m_team` (`tid`,`tname`,`oname`,`uptime`) VALUES (1092,'æ‹‰åŠªæ–\¯','æ‹‰åŠªæ–\¯','2014-11-30 01:38:24')
ERR: 1062:Duplicate entry '446' for key 'PRIMARY'
 [ SQLè¯­å¥ ] : INSERT INTO `m_team` (`tid`,`tname`,`oname`,`uptime`) VALUES (446,'åšå¡é’å¹´','åšå¡é’å¹´','2014-11-30 01:38:24')
ERR: 1062:Duplicate entry '909' for key 'PRIMARY'
 [ SQLè¯­å¥ ] : INSERT INTO `m_team` (`tid`,`tname`,`oname`,`uptime`) VALUES (909,'æ´›æ‰çŸ¶é“¶æ²\³','æ´›æ‰çŸ¶é“¶æ²\³','2014-11-30 01:38:24')
ERR: 1062:Duplicate entry '149' for key 'PRIMARY'
 [ SQLè¯­å¥ ] : INSERT INTO `m_team` (`tid`,`tname`,`oname`,`uptime`) VALUES (149,'çº½ä¼¦å \¡','çº½ä¼¦å \¡','2014-11-30 01:38:24')
ERR: 1062:Duplicate entry '450' for key 'PRIMARY'
 [ SQLè¯­å¥ ] : INSERT INTO `m_team` (`tid`,`tname`,`oname`,`uptime`) VALUES (450,'å—é”¡','å—é”¡','2014-11-30 01:38:24')
ERR: 1062:Duplicate entry '959' for key 'PRIMARY'
 [ SQLè¯­å¥ ] : INSERT INTO `m_team` (`tid`,`tname`,`oname`,`uptime`) VALUES (959,'é˜¿å°”æ¢…é‡Œäº\š','é˜¿å°”æ¢…é‡Œäº\š','2014-11-30 01:38:24')
ERR: 1062:Duplicate entry '849' for key 'PRIMARY'
 [ SQLè¯­å¥ ] : INSERT INTO `m_team` (`tid`,`tname`,`oname`,`uptime`) VALUES (849,'å·´åˆ—å¡è¯º','å·´åˆ—å¡è¯º','2014-11-30 01:38:24')
ERR: 1062:Duplicate entry '959' for key 'PRIMARY'
 [ SQLè¯­å¥ ] : INSERT INTO `m_team` (`tid`,`tname`,`oname`,`uptime`) VALUES (959,'é˜¿å°”æ¢…é‡Œäº\š','é˜¿å°”æ¢…é‡Œäº\š','2014-11-30 01:38:24')
ERR: 1062:Duplicate entry '849' for key 'PRIMARY'
 [ SQLè¯­å¥ ] : INSERT INTO `m_team` (`tid`,`tname`,`oname`,`uptime`) VALUES (849,'å·´åˆ—å¡è¯º','å·´åˆ—å¡è¯º','2014-11-30 01:38:24')
ERR: 1062:Duplicate entry '133' for key 'PRIMARY'
 [ SQLè¯­å¥ ] : INSERT INTO `m_team` (`tid`,`tname`,`oname`,`uptime`) VALUES (133,'æ¡‘æ™®å¤šåˆ©äº\š','æ¡‘æ™®å¤šåˆ©äº\š','2014-11-30 01:38:24')
ERR: 1062:Duplicate entry '744' for key 'PRIMARY'
 [ SQLè¯­å¥ ] : INSERT INTO `m_team` (`tid`,`tname`,`oname`,`uptime`) VALUES (744,'é‚£ä¸å‹’æ–¯','é‚£ä¸å‹’æ–¯','2014-11-30 01:38:24')
ERR: 1062:Duplicate entry '133' for key 'PRIMARY'
 [ SQLè¯­å¥ ] : INSERT INTO `m_team` (`tid`,`tname`,`oname`,`uptime`) VALUES (133,'æ¡‘æ™®å¤šåˆ©äº\š','æ¡‘æ™®å¤šåˆ©äº\š','2014-11-30 01:38:24')
ERR: 1062:Duplicate entry '1575' for key 'PRIMARY'
 [ SQLè¯­å¥ ] : INSERT INTO `m_team` (`tid`,`tname`,`oname`,`uptime`) VALUES (1575,'è´å°”æ ¼æ‹‰è¯\º','è´å°”æ ¼æ‹‰è¯\º','2014-11-30 01:38:24')

[ 2014-11-30T16:08:05+08:00 ] 127.0.0.1 /Home/Match/teamUpAll.html
ERR: 1062:Duplicate entry '60' for key 'PRIMARY'
 [ SQLè¯­å¥ ] : INSERT INTO `m_team` (`tid`,`tname`,`oname`,`uptime`) VALUES (60,'æ¡‘å¾·å…\°','æ¡‘å¾·å…\°','2014-11-30 16:08:05')
ERR: 1062:Duplicate entry '7' for key 'PRIMARY'
 [ SQLè¯­å¥ ] : INSERT INTO `m_team` (`tid`,`tname`,`oname`,`uptime`) VALUES (7,'åˆ‡å°”è¥\¿','åˆ‡å°”è¥\¿','2014-11-30 16:08:05')
ERR: 1062:Duplicate entry '60' for key 'PRIMARY'
 [ SQLè¯­å¥ ] : INSERT INTO `m_team` (`tid`,`tname`,`oname`,`uptime`) VALUES (60,'æ¡‘å¾·å…\°','æ¡‘å¾·å…\°','2014-11-30 16:08:05')
ERR: 1062:Duplicate entry '60' for key 'PRIMARY'
 [ SQLè¯­å¥ ] : INSERT INTO `m_team` (`tid`,`tname`,`oname`,`uptime`) VALUES (60,'æ¡‘å¾·å…\°','æ¡‘å¾·å…\°','2014-11-30 16:08:05')
ERR: 1062:Duplicate entry '7' for key 'PRIMARY'
 [ SQLè¯­å¥ ] : INSERT INTO `m_team` (`tid`,`tname`,`oname`,`uptime`) VALUES (7,'åˆ‡å°”è¥\¿','åˆ‡å°”è¥\¿','2014-11-30 16:08:05')
ERR: 1062:Duplicate entry '158' for key 'PRIMARY'
 [ SQLè¯­å¥ ] : INSERT INTO `m_team` (`tid`,`tname`,`oname`,`uptime`) VALUES (158,'éœèŠ¬æµ·å§†','éœèŠ¬æµ·å§†','2014-11-30 16:08:05')
ERR: 1062:Duplicate entry '158' for key 'PRIMARY'
 [ SQLè¯­å¥ ] : INSERT INTO `m_team` (`tid`,`tname`,`oname`,`uptime`) VALUES (158,'éœèŠ¬æµ·å§†','éœèŠ¬æµ·å§†','2014-11-30 16:08:05')
ERR: 1062:Duplicate entry '269' for key 'PRIMARY'
 [ SQLè¯­å¥ ] : INSERT INTO `m_team` (`tid`,`tname`,`oname`,`uptime`) VALUES (269,'å¸ƒæ‹‰åŠ\ ','å¸ƒæ‹‰åŠ\ ','2014-11-30 16:08:05')
ERR: 1062:Duplicate entry '255' for key 'PRIMARY'
 [ SQLè¯­å¥ ] : INSERT INTO `m_team` (`tid`,`tname`,`oname`,`uptime`) VALUES (255,'ä¹Œå¾·å‹’æ”¯','ä¹Œå¾·å‹’æ”¯','2014-11-30 16:08:05')
ERR: 1062:Duplicate entry '256' for key 'PRIMARY'
 [ SQLè¯­å¥ ] : INSERT INTO `m_team` (`tid`,`tname`,`oname`,`uptime`) VALUES (256,'ç»´è¿ªæ–\¯','ç»´è¿ªæ–\¯','2014-11-30 16:08:05')
ERR: 1062:Duplicate entry '512' for key 'PRIMARY'
 [ SQLè¯­å¥ ] : INSERT INTO `m_team` (`tid`,`tname`,`oname`,`uptime`) VALUES (512,'é©¬æ‹‰åŠ\ ','é©¬æ‹‰åŠ\ ','2014-11-30 16:08:05')
ERR: 1062:Duplicate entry '664' for key 'PRIMARY'
 [ SQLè¯­å¥ ] : INSERT INTO `m_team` (`tid`,`tname`,`oname`,`uptime`) VALUES (664,'çš‡å®¶é©¬å¾·é‡\Œ','çš‡å®¶é©¬å¾·é‡\Œ','2014-11-30 16:08:05')
ERR: 1062:Duplicate entry '512' for key 'PRIMARY'
 [ SQLè¯­å¥ ] : INSERT INTO `m_team` (`tid`,`tname`,`oname`,`uptime`) VALUES (512,'é©¬æ‹‰åŠ\ ','é©¬æ‹‰åŠ\ ','2014-11-30 16:08:05')
ERR: 1062:Duplicate entry '664' for key 'PRIMARY'
 [ SQLè¯­å¥ ] : INSERT INTO `m_team` (`tid`,`tname`,`oname`,`uptime`) VALUES (664,'çš‡å®¶é©¬å¾·é‡\Œ','çš‡å®¶é©¬å¾·é‡\Œ','2014-11-30 16:08:05')
ERR: 1062:Duplicate entry '188' for key 'PRIMARY'
 [ SQLè¯­å¥ ] : INSERT INTO `m_team` (`tid`,`tname`,`oname`,`uptime`) VALUES (188,'é›·æ©','é›·æ©','2014-11-30 16:08:05')
ERR: 1062:Duplicate entry '184' for key 'PRIMARY'
 [ SQLè¯­å¥ ] : INSERT INTO `m_team` (`tid`,`tname`,`oname`,`uptime`) VALUES (184,'æ‘©çº³å“\¥','æ‘©çº³å“\¥','2014-11-30 16:08:05')
ERR: 1062:Duplicate entry '750' for key 'PRIMARY'
 [ SQLè¯­å¥ ] : INSERT INTO `m_team` (`tid`,`tname`,`oname`,`uptime`) VALUES (750,'æ´›é‡Œæ˜\‚','æ´›é‡Œæ˜\‚','2014-11-30 16:08:05')
ERR: 1062:Duplicate entry '179' for key 'PRIMARY'
 [ SQLè¯­å¥ ] : INSERT INTO `m_team` (`tid`,`tname`,`oname`,`uptime`) VALUES (179,'æœ—æ–¯','æœ—æ–¯','2014-11-30 16:08:05')
ERR: 1062:Duplicate entry '183' for key 'PRIMARY'
 [ SQLè¯­å¥ ] : INSERT INTO `m_team` (`tid`,`tname`,`oname`,`uptime`) VALUES (183,'æ¢…æ–¯','æ¢…æ–¯','2014-11-30 16:08:05')
ERR: 1062:Duplicate entry '177' for key 'PRIMARY'
 [ SQLè¯­å¥ ] : INSERT INTO `m_team` (`tid`,`tname`,`oname`,`uptime`) VALUES (177,'å¡æ˜‚','å¡æ˜‚','2014-11-30 16:08:05')
ERR: 1062:Duplicate entry '197' for key 'PRIMARY'
 [ SQLè¯­å¥ ] : INSERT INTO `m_team` (`tid`,`tname`,`oname`,`uptime`) VALUES (197,'è’™å½¼åˆ©åŸƒ','è’™å½¼åˆ©åŸƒ','2014-11-30 16:08:05')
ERR: 1062:Duplicate entry '175' for key 'PRIMARY'
 [ SQLè¯­å¥ ] : INSERT INTO `m_team` (`tid`,`tname`,`oname`,`uptime`) VALUES (175,'å·´æ–¯è’‚äºš','å·´æ–¯è’‚äºš','2014-11-30 16:08:05')
ERR: 1062:Duplicate entry '121' for key 'PRIMARY'
 [ SQLè¯­å¥ ] : INSERT INTO `m_team` (`tid`,`tname`,`oname`,`uptime`) VALUES (121,'åˆ‡æ²ƒ','åˆ‡æ²ƒ','2014-11-30 16:08:05')
ERR: 1062:Duplicate entry '125' for key 'PRIMARY'
 [ SQLè¯­å¥ ] : INSERT INTO `m_team` (`tid`,`tname`,`oname`,`uptime`) VALUES (125,'æ‹‰é½å¥\¥','æ‹‰é½å¥\¥','2014-11-30 16:08:05')
ERR: 1062:Duplicate entry '125' for key 'PRIMARY'
 [ SQLè¯­å¥ ] : INSERT INTO `m_team` (`tid`,`tname`,`oname`,`uptime`) VALUES (125,'æ‹‰é½å¥\¥','æ‹‰é½å¥\¥','2014-11-30 16:08:05')
ERR: 1062:Duplicate entry '121' for key 'PRIMARY'
 [ SQLè¯­å¥ ] : INSERT INTO `m_team` (`tid`,`tname`,`oname`,`uptime`) VALUES (121,'åˆ‡æ²ƒ','åˆ‡æ²ƒ','2014-11-30 16:08:05')
ERR: 1062:Duplicate entry '125' for key 'PRIMARY'
 [ SQLè¯­å¥ ] : INSERT INTO `m_team` (`tid`,`tname`,`oname`,`uptime`) VALUES (125,'æ‹‰é½å¥\¥','æ‹‰é½å¥\¥','2014-11-30 16:08:05')
ERR: 1062:Duplicate entry '912' for key 'PRIMARY'
 [ SQLè¯­å¥ ] : INSERT INTO `m_team` (`tid`,`tname`,`oname`,`uptime`) VALUES (912,'çº½çº¦çº¢ç‰›','çº½çº¦çº¢ç‰›','2014-11-30 16:08:05')
ERR: 1062:Duplicate entry '1060' for key 'PRIMARY'
 [ SQLè¯­å¥ ] : INSERT INTO `m_team` (`tid`,`tname`,`oname`,`uptime`) VALUES (1060,'é‡Œæ–¯æœ¬ç«æŠ€','é‡Œæ–¯æœ¬ç«æŠ€','2014-11-30 16:08:05')
ERR: 1062:Duplicate entry '1059' for key 'PRIMARY'
 [ SQLè¯­å¥ ] : INSERT INTO `m_team` (`tid`,`tname`,`oname`,`uptime`) VALUES (1059,'å¡å›¾å·´å°”','å¡å›¾å·´å°”','2014-11-30 16:08:05')
ERR: 1062:Duplicate entry '577' for key 'PRIMARY'
 [ SQLè¯­å¥ ] : INSERT INTO `m_team` (`tid`,`tname`,`oname`,`uptime`) VALUES (577,'å¸•å°”æ¢…æ‹‰æ–\¯','å¸•å°”æ¢…æ‹‰æ–\¯','2014-11-30 16:08:05')
ERR: 1062:Duplicate entry '1097' for key 'PRIMARY'
 [ SQLè¯­å¥ ] : INSERT INTO `m_team` (`tid`,`tname`,`oname`,`uptime`) VALUES (1097,'ç»´å¤šåˆ©äºš','ç»´å¤šåˆ©äºš','2014-11-30 16:08:05')
ERR: 1062:Duplicate entry '1136' for key 'PRIMARY'
 [ SQLè¯­å¥ ] : INSERT INTO `m_team` (`tid`,`tname`,`oname`,`uptime`) VALUES (1136,'çº½å¡æ–¯å°”å–·æ°”æœ\º','çº½å¡æ–¯å°”å–·æ°”æœ\º','2014-11-30 16:08:05')
ERR: 1062:Duplicate entry '1136' for key 'PRIMARY'
 [ SQLè¯­å¥ ] : INSERT INTO `m_team` (`tid`,`tname`,`oname`,`uptime`) VALUES (1136,'çº½å¡æ–¯å°”å–·æ°”æœ\º','çº½å¡æ–¯å°”å–·æ°”æœ\º','2014-11-30 16:08:05')
ERR: 1062:Duplicate entry '244' for key 'PRIMARY'
 [ SQLè¯­å¥ ] : INSERT INTO `m_team` (`tid`,`tname`,`oname`,`uptime`) VALUES (244,'æµ·ç‰™','æµ·ç‰™','2014-11-30 16:08:05')
ERR: 1062:Duplicate entry '240' for key 'PRIMARY'
 [ SQLè¯­å¥ ] : INSERT INTO `m_team` (`tid`,`tname`,`oname`,`uptime`) VALUES (240,'é˜¿è´¾å…‹æ–¯','é˜¿è´¾å…‹æ–¯','2014-11-30 16:08:05')
ERR: 1062:Duplicate entry '715' for key 'PRIMARY'
 [ SQLè¯­å¥ ] : INSERT INTO `m_team` (`tid`,`tname`,`oname`,`uptime`) VALUES (715,'åœ£ä¿åˆ\©','åœ£ä¿åˆ\©','2014-11-30 16:08:05')
ERR: 1062:Duplicate entry '145' for key 'PRIMARY'
 [ SQLè¯­å¥ ] : INSERT INTO `m_team` (`tid`,`tname`,`oname`,`uptime`) VALUES (145,'å‡¯æ³½æ–¯åŠ³æ»\•','å‡¯æ³½æ–¯åŠ³æ»\•','2014-11-30 16:08:05')
ERR: 1062:Duplicate entry '715' for key 'PRIMARY'
 [ SQLè¯­å¥ ] : INSERT INTO `m_team` (`tid`,`tname`,`oname`,`uptime`) VALUES (715,'åœ£ä¿åˆ\©','åœ£ä¿åˆ\©','2014-11-30 16:08:05')
ERR: 1062:Duplicate entry '145' for key 'PRIMARY'
 [ SQLè¯­å¥ ] : INSERT INTO `m_team` (`tid`,`tname`,`oname`,`uptime`) VALUES (145,'å‡¯æ³½æ–¯åŠ³æ»\•','å‡¯æ³½æ–¯åŠ³æ»\•','2014-11-30 16:08:05')
ERR: 1062:Duplicate entry '839' for key 'PRIMARY'
 [ SQLè¯­å¥ ] : INSERT INTO `m_team` (`tid`,`tname`,`oname`,`uptime`) VALUES (839,'æ¡‘å¾·è±ªæ£®','æ¡‘å¾·è±ªæ£®','2014-11-30 16:08:05')
ERR: 1062:Duplicate entry '839' for key 'PRIMARY'
 [ SQLè¯­å¥ ] : INSERT INTO `m_team` (`tid`,`tname`,`oname`,`uptime`) VALUES (839,'æ¡‘å¾·è±ªæ£®','æ¡‘å¾·è±ªæ£®','2014-11-30 16:08:05')
ERR: 1062:Duplicate entry '521' for key 'PRIMARY'
 [ SQLè¯­å¥ ] : INSERT INTO `m_team` (`tid`,`tname`,`oname`,`uptime`) VALUES (521,'æ…•å°¼é»\‘1860','æ…•å°¼é»\‘1860','2014-11-30 16:08:05')
ERR: 1062:Duplicate entry '1142' for key 'PRIMARY'
 [ SQLè¯­å¥ ] : INSERT INTO `m_team` (`tid`,`tname`,`oname`,`uptime`) VALUES (1142,'FSVæ³•å…°å…‹ç¦','FSVæ³•å…°å…‹ç¦','2014-11-30 16:08:05')
ERR: 1062:Duplicate entry '521' for key 'PRIMARY'
 [ SQLè¯­å¥ ] : INSERT INTO `m_team` (`tid`,`tname`,`oname`,`uptime`) VALUES (521,'æ…•å°¼é»\‘1860','æ…•å°¼é»\‘1860','2014-11-30 16:08:05')
ERR: 1062:Duplicate entry '1142' for key 'PRIMARY'
 [ SQLè¯­å¥ ] : INSERT INTO `m_team` (`tid`,`tname`,`oname`,`uptime`) VALUES (1142,'FSVæ³•å…°å…‹ç¦','FSVæ³•å…°å…‹ç¦','2014-11-30 16:08:05')
ERR: 1062:Duplicate entry '220' for key 'PRIMARY'
 [ SQLè¯­å¥ ] : INSERT INTO `m_team` (`tid`,`tname`,`oname`,`uptime`) VALUES (220,'æ ¼æ‹‰æ–¯å“¥æµæµªè€\…','æ ¼æ‹‰æ–¯å“¥æµæµªè€\…','2014-11-30 16:08:05')
ERR: 1062:Duplicate entry '176' for key 'PRIMARY'
 [ SQLè¯­å¥ ] : INSERT INTO `m_team` (`tid`,`tname`,`oname`,`uptime`) VALUES (176,'æ³¢å°”å¤\š','æ³¢å°”å¤\š','2014-11-30 16:08:05')
ERR: 1062:Duplicate entry '180' for key 'PRIMARY'
 [ SQLè¯­å¥ ] : INSERT INTO `m_team` (`tid`,`tname`,`oname`,`uptime`) VALUES (180,'é‡Œå°”','é‡Œå°”','2014-11-30 16:08:05')
ERR: 1062:Duplicate entry '816' for key 'PRIMARY'
 [ SQLè¯­å¥ ] : INSERT INTO `m_team` (`tid`,`tname`,`oname`,`uptime`) VALUES (816,'SBVç²¾è‹±','SBVç²¾è‹±','2014-11-30 16:08:05')
ERR: 1062:Duplicate entry '26' for key 'PRIMARY'
 [ SQLè¯­å¥ ] : INSERT INTO `m_team` (`tid`,`tname`,`oname`,`uptime`) VALUES (26,'çƒ­é‚£äº\š','çƒ­é‚£äº\š','2014-11-30 16:08:05')
ERR: 1062:Duplicate entry '26' for key 'PRIMARY'
 [ SQLè¯­å¥ ] : INSERT INTO `m_team` (`tid`,`tname`,`oname`,`uptime`) VALUES (26,'çƒ­é‚£äº\š','çƒ­é‚£äº\š','2014-11-30 16:08:05')
ERR: 1062:Duplicate entry '26' for key 'PRIMARY'
 [ SQLè¯­å¥ ] : INSERT INTO `m_team` (`tid`,`tname`,`oname`,`uptime`) VALUES (26,'çƒ­é‚£äº\š','çƒ­é‚£äº\š','2014-11-30 16:08:05')
ERR: 1062:Duplicate entry '116' for key 'PRIMARY'
 [ SQLè¯­å¥ ] : INSERT INTO `m_team` (`tid`,`tname`,`oname`,`uptime`) VALUES (116,'ACç±³å…°','ACç±³å…°','2014-11-30 16:08:05')
ERR: 1062:Duplicate entry '135' for key 'PRIMARY'
 [ SQLè¯­å¥ ] : INSERT INTO `m_team` (`tid`,`tname`,`oname`,`uptime`) VALUES (135,'ä¹Œè¿ªå†…æ–¯','ä¹Œè¿ªå†…æ–¯','2014-11-30 16:08:05')
ERR: 1062:Duplicate entry '135' for key 'PRIMARY'
 [ SQLè¯­å¥ ] : INSERT INTO `m_team` (`tid`,`tname`,`oname`,`uptime`) VALUES (135,'ä¹Œè¿ªå†…æ–¯','ä¹Œè¿ªå†…æ–¯','2014-11-30 16:08:05')
ERR: 1062:Duplicate entry '116' for key 'PRIMARY'
 [ SQLè¯­å¥ ] : INSERT INTO `m_team` (`tid`,`tname`,`oname`,`uptime`) VALUES (116,'ACç±³å…°','ACç±³å…°','2014-11-30 16:08:05')
ERR: 1062:Duplicate entry '135' for key 'PRIMARY'
 [ SQLè¯­å¥ ] : INSERT INTO `m_team` (`tid`,`tname`,`oname`,`uptime`) VALUES (135,'ä¹Œè¿ªå†…æ–¯','ä¹Œè¿ªå†…æ–¯','2014-11-30 16:08:05')
ERR: 1062:Duplicate entry '117' for key 'PRIMARY'
 [ SQLè¯­å¥ ] : INSERT INTO `m_team` (`tid`,`tname`,`oname`,`uptime`) VALUES (117,'äºšç‰¹å…°å¤§','äºšç‰¹å…°å¤§','2014-11-30 16:08:05')
ERR: 1062:Duplicate entry '530' for key 'PRIMARY'
 [ SQLè¯­å¥ ] : INSERT INTO `m_team` (`tid`,`tname`,`oname`,`uptime`) VALUES (530,'æ©æ³¢åˆ\©','æ©æ³¢åˆ\©','2014-11-30 16:08:05')
ERR: 1062:Duplicate entry '117' for key 'PRIMARY'
 [ SQLè¯­å¥ ] : INSERT INTO `m_team` (`tid`,`tname`,`oname`,`uptime`) VALUES (117,'äºšç‰¹å…°å¤§','äºšç‰¹å…°å¤§','2014-11-30 16:08:05')
ERR: 1062:Duplicate entry '129' for key 'PRIMARY'
 [ SQLè¯­å¥ ] : INSERT INTO `m_team` (`tid`,`tname`,`oname`,`uptime`) VALUES (129,'å·´å‹’è\«','å·´å‹’è\«','2014-11-30 16:08:05')
ERR: 1062:Duplicate entry '130' for key 'PRIMARY'
 [ SQLè¯­å¥ ] : INSERT INTO `m_team` (`tid`,`tname`,`oname`,`uptime`) VALUES (130,'å¸•å°”é©\¬','å¸•å°”é©\¬','2014-11-30 16:08:05')
ERR: 1062:Duplicate entry '129' for key 'PRIMARY'
 [ SQLè¯­å¥ ] : INSERT INTO `m_team` (`tid`,`tname`,`oname`,`uptime`) VALUES (129,'å·´å‹’è\«','å·´å‹’è\«','2014-11-30 16:08:05')
ERR: 1062:Duplicate entry '130' for key 'PRIMARY'
 [ SQLè¯­å¥ ] : INSERT INTO `m_team` (`tid`,`tname`,`oname`,`uptime`) VALUES (130,'å¸•å°”é©\¬','å¸•å°”é©\¬','2014-11-30 16:08:05')
ERR: 1062:Duplicate entry '120' for key 'PRIMARY'
 [ SQLè¯­å¥ ] : INSERT INTO `m_team` (`tid`,`tname`,`oname`,`uptime`) VALUES (120,'å¡åˆ©äºšé‡Œ','å¡åˆ©äºšé‡Œ','2014-11-30 16:08:05')
ERR: 1062:Duplicate entry '122' for key 'PRIMARY'
 [ SQLè¯­å¥ ] : INSERT INTO `m_team` (`tid`,`tname`,`oname`,`uptime`) VALUES (122,'ä½›ç½—ä¼¦è¨','ä½›ç½—ä¼¦è¨','2014-11-30 16:08:05')
ERR: 1062:Duplicate entry '120' for key 'PRIMARY'
 [ SQLè¯­å¥ ] : INSERT INTO `m_team` (`tid`,`tname`,`oname`,`uptime`) VALUES (120,'å¡åˆ©äºšé‡Œ','å¡åˆ©äºšé‡Œ','2014-11-30 16:08:05')
ERR: 1062:Duplicate entry '120' for key 'PRIMARY'
 [ SQLè¯­å¥ ] : INSERT INTO `m_team` (`tid`,`tname`,`oname`,`uptime`) VALUES (120,'å¡åˆ©äºšé‡Œ','å¡åˆ©äºšé‡Œ','2014-11-30 16:08:05')
ERR: 1062:Duplicate entry '122' for key 'PRIMARY'
 [ SQLè¯­å¥ ] : INSERT INTO `m_team` (`tid`,`tname`,`oname`,`uptime`) VALUES (122,'ä½›ç½—ä¼¦è¨','ä½›ç½—ä¼¦è¨','2014-11-30 16:08:05')
ERR: 1062:Duplicate entry '120' for key 'PRIMARY'
 [ SQLè¯­å¥ ] : INSERT INTO `m_team` (`tid`,`tname`,`oname`,`uptime`) VALUES (120,'å¡åˆ©äºšé‡Œ','å¡åˆ©äºšé‡Œ','2014-11-30 16:08:05')
ERR: 1062:Duplicate entry '154' for key 'PRIMARY'
 [ SQLè¯­å¥ ] : INSERT INTO `m_team` (`tid`,`tname`,`oname`,`uptime`) VALUES (154,'æ²ƒå°”å¤«æ–¯å \¡','æ²ƒå°”å¤«æ–¯å \¡','2014-11-30 16:08:05')
ERR: 1062:Duplicate entry '148' for key 'PRIMARY'
 [ SQLè¯­å¥ ] : INSERT INTO `m_team` (`tid`,`tname`,`oname`,`uptime`) VALUES (148,'é—¨å…´æ ¼æ‹‰å¾·å·´èµ\«','é—¨å…´æ ¼æ‹‰å¾·å·´èµ\«','2014-11-30 16:08:05')
ERR: 1062:Duplicate entry '154' for key 'PRIMARY'
 [ SQLè¯­å¥ ] : INSERT INTO `m_team` (`tid`,`tname`,`oname`,`uptime`) VALUES (154,'æ²ƒå°”å¤«æ–¯å \¡','æ²ƒå°”å¤«æ–¯å \¡','2014-11-30 16:08:05')
ERR: 1062:Duplicate entry '148' for key 'PRIMARY'
 [ SQLè¯­å¥ ] : INSERT INTO `m_team` (`tid`,`tname`,`oname`,`uptime`) VALUES (148,'é—¨å…´æ ¼æ‹‰å¾·å·´èµ\«','é—¨å…´æ ¼æ‹‰å¾·å·´èµ\«','2014-11-30 16:08:05')
ERR: 1062:Duplicate entry '211' for key 'PRIMARY'
 [ SQLè¯­å¥ ] : INSERT INTO `m_team` (`tid`,`tname`,`oname`,`uptime`) VALUES (211,'å‡¯å°”ç‰¹äºº','å‡¯å°”ç‰¹äºº','2014-11-30 16:08:05')
ERR: 1062:Duplicate entry '211' for key 'PRIMARY'
 [ SQLè¯­å¥ ] : INSERT INTO `m_team` (`tid`,`tname`,`oname`,`uptime`) VALUES (211,'å‡¯å°”ç‰¹äºº','å‡¯å°”ç‰¹äºº','2014-11-30 16:08:05')
ERR: 1062:Duplicate entry '19' for key 'PRIMARY'
 [ SQLè¯­å¥ ] : INSERT INTO `m_team` (`tid`,`tname`,`oname`,`uptime`) VALUES (19,'æ‰˜ç‰¹çº³å§†çƒ­åˆº','æ‰˜ç‰¹çº³å§†çƒ­åˆº','2014-11-30 16:08:05')
ERR: 1062:Duplicate entry '9' for key 'PRIMARY'
 [ SQLè¯­å¥ ] : INSERT INTO `m_team` (`tid`,`tname`,`oname`,`uptime`) VALUES (9,'åŸƒå¼—é¡\¿','åŸƒå¼—é¡\¿','2014-11-30 16:08:05')
ERR: 1062:Duplicate entry '19' for key 'PRIMARY'
 [ SQLè¯­å¥ ] : INSERT INTO `m_team` (`tid`,`tname`,`oname`,`uptime`) VALUES (19,'æ‰˜ç‰¹çº³å§†çƒ­åˆº','æ‰˜ç‰¹çº³å§†çƒ­åˆº','2014-11-30 16:08:05')
ERR: 1062:Duplicate entry '9' for key 'PRIMARY'
 [ SQLè¯­å¥ ] : INSERT INTO `m_team` (`tid`,`tname`,`oname`,`uptime`) VALUES (9,'åŸƒå¼—é¡\¿','åŸƒå¼—é¡\¿','2014-11-30 16:08:05')
ERR: 1062:Duplicate entry '677' for key 'PRIMARY'
 [ SQLè¯­å¥ ] : INSERT INTO `m_team` (`tid`,`tname`,`oname`,`uptime`) VALUES (677,'å¡ç»´åˆ©äºš','å¡ç»´åˆ©äºš','2014-11-30 16:08:05')
ERR: 1062:Duplicate entry '677' for key 'PRIMARY'
 [ SQLè¯­å¥ ] : INSERT INTO `m_team` (`tid`,`tname`,`oname`,`uptime`) VALUES (677,'å¡ç»´åˆ©äºš','å¡ç»´åˆ©äºš','2014-11-30 16:08:05')
ERR: 1062:Duplicate entry '677' for key 'PRIMARY'
 [ SQLè¯­å¥ ] : INSERT INTO `m_team` (`tid`,`tname`,`oname`,`uptime`) VALUES (677,'å¡ç»´åˆ©äºš','å¡ç»´åˆ©äºš','2014-11-30 16:08:05')
ERR: 1062:Duplicate entry '1317' for key 'PRIMARY'
 [ SQLè¯­å¥ ] : INSERT INTO `m_team` (`tid`,`tname`,`oname`,`uptime`) VALUES (1317,'ä¼Šç»´æ\©','ä¼Šç»´æ\©','2014-11-30 16:08:05')
ERR: 1062:Duplicate entry '200' for key 'PRIMARY'
 [ SQLè¯­å¥ ] : INSERT INTO `m_team` (`tid`,`tname`,`oname`,`uptime`) VALUES (200,'ç”˜å†ˆ','ç”˜å†ˆ','2014-11-30 16:08:05')
ERR: 1062:Duplicate entry '200' for key 'PRIMARY'
 [ SQLè¯­å¥ ] : INSERT INTO `m_team` (`tid`,`tname`,`oname`,`uptime`) VALUES (200,'ç”˜å†ˆ','ç”˜å†ˆ','2014-11-30 16:08:05')
ERR: 1062:Duplicate entry '873' for key 'PRIMARY'
 [ SQLè¯­å¥ ] : INSERT INTO `m_team` (`tid`,`tname`,`oname`,`uptime`) VALUES (873,'é©¬é‡Œè¿ªè«','é©¬é‡Œè¿ªè«','2014-11-30 16:08:05')
ERR: 1062:Duplicate entry '170' for key 'PRIMARY'
 [ SQLè¯­å¥ ] : INSERT INTO `m_team` (`tid`,`tname`,`oname`,`uptime`) VALUES (170,'æ³•å…°å…‹ç¦','æ³•å…°å…‹ç¦','2014-11-30 16:08:05')
ERR: 1062:Duplicate entry '140' for key 'PRIMARY'
 [ SQLè¯­å¥ ] : INSERT INTO `m_team` (`tid`,`tname`,`oname`,`uptime`) VALUES (140,'å¤šç‰¹è’™å¾·','å¤šç‰¹è’™å¾·','2014-11-30 16:08:05')
ERR: 1062:Duplicate entry '170' for key 'PRIMARY'
 [ SQLè¯­å¥ ] : INSERT INTO `m_team` (`tid`,`tname`,`oname`,`uptime`) VALUES (170,'æ³•å…°å…‹ç¦','æ³•å…°å…‹ç¦','2014-11-30 16:08:05')
ERR: 1062:Duplicate entry '170' for key 'PRIMARY'
 [ SQLè¯­å¥ ] : INSERT INTO `m_team` (`tid`,`tname`,`oname`,`uptime`) VALUES (170,'æ³•å…°å…‹ç¦','æ³•å…°å…‹ç¦','2014-11-30 16:08:05')
ERR: 1062:Duplicate entry '140' for key 'PRIMARY'
 [ SQLè¯­å¥ ] : INSERT INTO `m_team` (`tid`,`tname`,`oname`,`uptime`) VALUES (140,'å¤šç‰¹è’™å¾·','å¤šç‰¹è’™å¾·','2014-11-30 16:08:05')
ERR: 1062:Duplicate entry '124' for key 'PRIMARY'
 [ SQLè¯­å¥ ] : INSERT INTO `m_team` (`tid`,`tname`,`oname`,`uptime`) VALUES (124,'å°¤æ–‡å›¾æ–¯','å°¤æ–‡å›¾æ–¯','2014-11-30 16:08:05')
ERR: 1062:Duplicate entry '136' for key 'PRIMARY'
 [ SQLè¯­å¥ ] : INSERT INTO `m_team` (`tid`,`tname`,`oname`,`uptime`) VALUES (136,'éƒ½çµ','éƒ½çµ','2014-11-30 16:08:05')
ERR: 1062:Duplicate entry '124' for key 'PRIMARY'
 [ SQLè¯­å¥ ] : INSERT INTO `m_team` (`tid`,`tname`,`oname`,`uptime`) VALUES (124,'å°¤æ–‡å›¾æ–¯','å°¤æ–‡å›¾æ–¯','2014-11-30 16:08:05')
ERR: 1062:Duplicate entry '136' for key 'PRIMARY'
 [ SQLè¯­å¥ ] : INSERT INTO `m_team` (`tid`,`tname`,`oname`,`uptime`) VALUES (136,'éƒ½çµ','éƒ½çµ','2014-11-30 16:08:05')
ERR: 1062:Duplicate entry '124' for key 'PRIMARY'
 [ SQLè¯­å¥ ] : INSERT INTO `m_team` (`tid`,`tname`,`oname`,`uptime`) VALUES (124,'å°¤æ–‡å›¾æ–¯','å°¤æ–‡å›¾æ–¯','2014-11-30 16:08:05')
ERR: 1062:Duplicate entry '136' for key 'PRIMARY'
 [ SQLè¯­å¥ ] : INSERT INTO `m_team` (`tid`,`tname`,`oname`,`uptime`) VALUES (136,'éƒ½çµ','éƒ½çµ','2014-11-30 16:08:05')
ERR: 1062:Duplicate entry '679' for key 'PRIMARY'
 [ SQLè¯­å¥ ] : INSERT INTO `m_team` (`tid`,`tname`,`oname`,`uptime`) VALUES (679,'æ¯”åˆ©äºšé›·äºšå°”','æ¯”åˆ©äºšé›·äºšå°”','2014-11-30 16:08:05')
ERR: 1062:Duplicate entry '679' for key 'PRIMARY'
 [ SQLè¯­å¥ ] : INSERT INTO `m_team` (`tid`,`tname`,`oname`,`uptime`) VALUES (679,'æ¯”åˆ©äºšé›·äºšå°”','æ¯”åˆ©äºšé›·äºšå°”','2014-11-30 16:08:05')
ERR: 1062:Duplicate entry '679' for key 'PRIMARY'
 [ SQLè¯­å¥ ] : INSERT INTO `m_team` (`tid`,`tname`,`oname`,`uptime`) VALUES (679,'æ¯”åˆ©äºšé›·äºšå°”','æ¯”åˆ©äºšé›·äºšå°”','2014-11-30 16:08:05')
ERR: 1062:Duplicate entry '679' for key 'PRIMARY'
 [ SQLè¯­å¥ ] : INSERT INTO `m_team` (`tid`,`tname`,`oname`,`uptime`) VALUES (679,'æ¯”åˆ©äºšé›·äºšå°”','æ¯”åˆ©äºšé›·äºšå°”','2014-11-30 16:08:05')
ERR: 1062:Duplicate entry '259' for key 'PRIMARY'
 [ SQLè¯­å¥ ] : INSERT INTO `m_team` (`tid`,`tname`,`oname`,`uptime`) VALUES (259,'ç§‘è‹±å¸ƒæ‹‰å¤§å­¦','ç§‘è‹±å¸ƒæ‹‰å¤§å­¦','2014-11-30 16:08:05')
ERR: 1062:Duplicate entry '267' for key 'PRIMARY'
 [ SQLè¯­å¥ ] : INSERT INTO `m_team` (`tid`,`tname`,`oname`,`uptime`) VALUES (267,'æœ¬è²å\¡','æœ¬è²å\¡','2014-11-30 16:08:05')
ERR: 1062:Duplicate entry '567' for key 'PRIMARY'
 [ SQLè¯­å¥ ] : INSERT INTO `m_team` (`tid`,`tname`,`oname`,`uptime`) VALUES (567,'ç§‘æ—è’‚å®‰','ç§‘æ—è’‚å®‰','2014-11-30 16:08:05')
ERR: 1062:Duplicate entry '569' for key 'PRIMARY'
 [ SQLè¯­å¥ ] : INSERT INTO `m_team` (`tid`,`tname`,`oname`,`uptime`) VALUES (569,'å…‹é²å¡ç½—','å…‹é²å¡ç½—','2014-11-30 16:08:05')
ERR: 1062:Duplicate entry '581' for key 'PRIMARY'
 [ SQLè¯­å¥ ] : INSERT INTO `m_team` (`tid`,`tname`,`oname`,`uptime`) VALUES (581,'æ¡‘æ‰˜æ–\¯','æ¡‘æ‰˜æ–\¯','2014-11-30 16:08:05')
ERR: 1062:Duplicate entry '566' for key 'PRIMARY'
 [ SQLè¯­å¥ ] : INSERT INTO `m_team` (`tid`,`tname`,`oname`,`uptime`) VALUES (566,'åšå¡”å¼—æˆˆ','åšå¡”å¼—æˆˆ','2014-11-30 16:08:05')
ERR: 1062:Duplicate entry '583' for key 'PRIMARY'
 [ SQLè¯­å¥ ] : INSERT INTO `m_team` (`tid`,`tname`,`oname`,`uptime`) VALUES (583,'åœ£ä¿ç½\—','åœ£ä¿ç½\—','2014-11-30 16:08:05')
ERR: 1062:Duplicate entry '570' for key 'PRIMARY'
 [ SQLè¯­å¥ ] : INSERT INTO `m_team` (`tid`,`tname`,`oname`,`uptime`) VALUES (570,'è´¹å¤åŸƒä¼¦æ–\¯','è´¹å¤åŸƒä¼¦æ–\¯','2014-11-30 16:08:05')
ERR: 1062:Duplicate entry '132' for key 'PRIMARY'
 [ SQLè¯­å¥ ] : INSERT INTO `m_team` (`tid`,`tname`,`oname`,`uptime`) VALUES (132,'ç½—é©¬','ç½—é©¬','2014-11-30 16:08:05')
ERR: 1062:Duplicate entry '123' for key 'PRIMARY'
 [ SQLè¯­å¥ ] : INSERT INTO `m_team` (`tid`,`tname`,`oname`,`uptime`) VALUES (123,'å›½é™…ç±³å…°','å›½é™…ç±³å…°','2014-11-30 16:08:05')
ERR: 1062:Duplicate entry '132' for key 'PRIMARY'
 [ SQLè¯­å¥ ] : INSERT INTO `m_team` (`tid`,`tname`,`oname`,`uptime`) VALUES (132,'ç½—é©¬','ç½—é©¬','2014-11-30 16:08:05')
ERR: 1062:Duplicate entry '132' for key 'PRIMARY'
 [ SQLè¯­å¥ ] : INSERT INTO `m_team` (`tid`,`tname`,`oname`,`uptime`) VALUES (132,'ç½—é©¬','ç½—é©¬','2014-11-30 16:08:05')
ERR: 1062:Duplicate entry '123' for key 'PRIMARY'
 [ SQLè¯­å¥ ] : INSERT INTO `m_team` (`tid`,`tname`,`oname`,`uptime`) VALUES (123,'å›½é™…ç±³å…°','å›½é™…ç±³å…°','2014-11-30 16:08:05')
ERR: 1062:Duplicate entry '132' for key 'PRIMARY'
 [ SQLè¯­å¥ ] : INSERT INTO `m_team` (`tid`,`tname`,`oname`,`uptime`) VALUES (132,'ç½—é©¬','ç½—é©¬','2014-11-30 16:08:05')
ERR: 1062:Duplicate entry '123' for key 'PRIMARY'
 [ SQLè¯­å¥ ] : INSERT INTO `m_team` (`tid`,`tname`,`oname`,`uptime`) VALUES (123,'å›½é™…ç±³å…°','å›½é™…ç±³å…°','2014-11-30 16:08:05')
ERR: 1062:Duplicate entry '401' for key 'PRIMARY'
 [ SQLè¯­å¥ ] : INSERT INTO `m_team` (`tid`,`tname`,`oname`,`uptime`) VALUES (401,'å·´å¡ç½—é‚£','å·´å¡ç½—é‚£','2014-11-30 16:08:05')
ERR: 1062:Duplicate entry '401' for key 'PRIMARY'
 [ SQLè¯­å¥ ] : INSERT INTO `m_team` (`tid`,`tname`,`oname`,`uptime`) VALUES (401,'å·´å¡ç½—é‚£','å·´å¡ç½—é‚£','2014-11-30 16:08:05')
ERR: 1062:Duplicate entry '190' for key 'PRIMARY'
 [ SQLè¯­å¥ ] : INSERT INTO `m_team` (`tid`,`tname`,`oname`,`uptime`) VALUES (190,'åœ£åŸƒè’‚å®‰','åœ£åŸƒè’‚å®‰','2014-11-30 16:08:05')
ERR: 1062:Duplicate entry '181' for key 'PRIMARY'
 [ SQLè¯­å¥ ] : INSERT INTO `m_team` (`tid`,`tname`,`oname`,`uptime`) VALUES (181,'é‡Œæ˜‚','é‡Œæ˜‚','2014-11-30 16:08:05')
ERR: 1062:Duplicate entry '937' for key 'PRIMARY'
 [ SQLè¯­å¥ ] : INSERT INTO `m_team` (`tid`,`tname`,`oname`,`uptime`) VALUES (937,'æ³¢å°”å›\¾','æ³¢å°”å›\¾','2014-11-30 16:08:05')
ERR: 1062:Duplicate entry '1047' for key 'PRIMARY'
 [ SQLè¯­å¥ ] : INSERT INTO `m_team` (`tid`,`tname`,`oname`,`uptime`) VALUES (1047,'é‡Œå¥¥é˜¿ç»´','é‡Œå¥¥é˜¿ç»´','2014-11-30 16:08:05')
ERR: 1062:Duplicate entry '937' for key 'PRIMARY'
 [ SQLè¯­å¥ ] : INSERT INTO `m_team` (`tid`,`tname`,`oname`,`uptime`) VALUES (937,'æ³¢å°”å›\¾','æ³¢å°”å›\¾','2014-11-30 16:08:05')
ERR: 1062:Duplicate entry '635' for key 'PRIMARY'
 [ SQLè¯­å¥ ] : INSERT INTO `m_team` (`tid`,`tname`,`oname`,`uptime`) VALUES (635,'æ²³åºŠ','æ²³åºŠ','2014-11-30 16:08:05')
ERR: 1062:Duplicate entry '563' for key 'PRIMARY'
 [ SQLè¯­å¥ ] : INSERT INTO `m_team` (`tid`,`tname`,`oname`,`uptime`) VALUES (563,'ç±³å†…ç½—ç«æŠ€','ç±³å†…ç½—ç«æŠ€','2014-11-30 16:08:05')
ERR: 1062:Duplicate entry '564' for key 'PRIMARY'
 [ SQLè¯­å¥ ] : INSERT INTO `m_team` (`tid`,`tname`,`oname`,`uptime`) VALUES (564,'å·´æ‹‰çº³ç«æŠ€','å·´æ‹‰çº³ç«æŠ€','2014-11-30 16:08:05')
ERR: 1062:Duplicate entry '1092' for key 'PRIMARY'
 [ SQLè¯­å¥ ] : INSERT INTO `m_team` (`tid`,`tname`,`oname`,`uptime`) VALUES (1092,'æ‹‰åŠªæ–\¯','æ‹‰åŠªæ–\¯','2014-11-30 16:08:05')
ERR: 1062:Duplicate entry '446' for key 'PRIMARY'
 [ SQLè¯­å¥ ] : INSERT INTO `m_team` (`tid`,`tname`,`oname`,`uptime`) VALUES (446,'åšå¡é’å¹´','åšå¡é’å¹´','2014-11-30 16:08:05')
ERR: 1062:Duplicate entry '909' for key 'PRIMARY'
 [ SQLè¯­å¥ ] : INSERT INTO `m_team` (`tid`,`tname`,`oname`,`uptime`) VALUES (909,'æ´›æ‰çŸ¶é“¶æ²\³','æ´›æ‰çŸ¶é“¶æ²\³','2014-11-30 16:08:05')
ERR: 1062:Duplicate entry '149' for key 'PRIMARY'
 [ SQLè¯­å¥ ] : INSERT INTO `m_team` (`tid`,`tname`,`oname`,`uptime`) VALUES (149,'çº½ä¼¦å \¡','çº½ä¼¦å \¡','2014-11-30 16:08:05')
ERR: 1062:Duplicate entry '450' for key 'PRIMARY'
 [ SQLè¯­å¥ ] : INSERT INTO `m_team` (`tid`,`tname`,`oname`,`uptime`) VALUES (450,'å—é”¡','å—é”¡','2014-11-30 16:08:05')
ERR: 1062:Duplicate entry '959' for key 'PRIMARY'
 [ SQLè¯­å¥ ] : INSERT INTO `m_team` (`tid`,`tname`,`oname`,`uptime`) VALUES (959,'é˜¿å°”æ¢…é‡Œäº\š','é˜¿å°”æ¢…é‡Œäº\š','2014-11-30 16:08:05')
ERR: 1062:Duplicate entry '849' for key 'PRIMARY'
 [ SQLè¯­å¥ ] : INSERT INTO `m_team` (`tid`,`tname`,`oname`,`uptime`) VALUES (849,'å·´åˆ—å¡è¯º','å·´åˆ—å¡è¯º','2014-11-30 16:08:05')
ERR: 1062:Duplicate entry '959' for key 'PRIMARY'
 [ SQLè¯­å¥ ] : INSERT INTO `m_team` (`tid`,`tname`,`oname`,`uptime`) VALUES (959,'é˜¿å°”æ¢…é‡Œäº\š','é˜¿å°”æ¢…é‡Œäº\š','2014-11-30 16:08:05')
ERR: 1062:Duplicate entry '849' for key 'PRIMARY'
 [ SQLè¯­å¥ ] : INSERT INTO `m_team` (`tid`,`tname`,`oname`,`uptime`) VALUES (849,'å·´åˆ—å¡è¯º','å·´åˆ—å¡è¯º','2014-11-30 16:08:05')
ERR: 1062:Duplicate entry '133' for key 'PRIMARY'
 [ SQLè¯­å¥ ] : INSERT INTO `m_team` (`tid`,`tname`,`oname`,`uptime`) VALUES (133,'æ¡‘æ™®å¤šåˆ©äº\š','æ¡‘æ™®å¤šåˆ©äº\š','2014-11-30 16:08:05')
ERR: 1062:Duplicate entry '744' for key 'PRIMARY'
 [ SQLè¯­å¥ ] : INSERT INTO `m_team` (`tid`,`tname`,`oname`,`uptime`) VALUES (744,'é‚£ä¸å‹’æ–¯','é‚£ä¸å‹’æ–¯','2014-11-30 16:08:05')
ERR: 1062:Duplicate entry '133' for key 'PRIMARY'
 [ SQLè¯­å¥ ] : INSERT INTO `m_team` (`tid`,`tname`,`oname`,`uptime`) VALUES (133,'æ¡‘æ™®å¤šåˆ©äº\š','æ¡‘æ™®å¤šåˆ©äº\š','2014-11-30 16:08:05')
ERR: 1062:Duplicate entry '1575' for key 'PRIMARY'
 [ SQLè¯­å¥ ] : INSERT INTO `m_team` (`tid`,`tname`,`oname`,`uptime`) VALUES (1575,'è´å°”æ ¼æ‹‰è¯\º','è´å°”æ ¼æ‹‰è¯\º','2014-11-30 16:08:05')

